[0.502s] DEBUG:colcon:Command line arguments: ['/usr/bin/colcon', 'build']
[0.502s] DEBUG:colcon:Parsed command line arguments: Namespace(log_base=None, log_level=None, verb_name='build', build_base='build', install_base='install', merge_install=False, symlink_install=False, test_result_base=None, continue_on_error=False, executor='parallel', parallel_workers=12, event_handlers=None, ignore_user_meta=False, metas=['./colcon.meta'], base_paths=['.'], packages_ignore=None, packages_ignore_regex=None, paths=None, packages_up_to=None, packages_up_to_regex=None, packages_above=None, packages_above_and_dependencies=None, packages_above_depth=None, packages_select_by_dep=None, packages_skip_by_dep=None, packages_skip_up_to=None, packages_select_build_failed=False, packages_skip_build_finished=False, packages_select_test_failures=False, packages_skip_test_passed=False, packages_select=None, packages_skip=None, packages_select_regex=None, packages_skip_regex=None, packages_start=None, packages_end=None, allow_overriding=[], cmake_args=None, cmake_target=None, cmake_target_skip_unavailable=False, cmake_clean_cache=False, cmake_clean_first=False, cmake_force_configure=False, ament_cmake_args=None, catkin_cmake_args=None, catkin_skip_building_tests=False, verb_parser=<colcon_defaults.argument_parser.defaults.DefaultArgumentsDecorator object at 0x7fa1629a6290>, verb_extension=<colcon_core.verb.build.BuildVerb object at 0x7fa1629a6a40>, main=<bound method BuildVerb.main of <colcon_core.verb.build.BuildVerb object at 0x7fa1629a6a40>>)
[0.528s] Level 1:colcon.colcon_core.package_discovery:discover_packages(colcon_meta) check parameters
[0.528s] Level 1:colcon.colcon_core.package_discovery:discover_packages(recursive) check parameters
[0.528s] Level 1:colcon.colcon_core.package_discovery:discover_packages(ignore) check parameters
[0.528s] Level 1:colcon.colcon_core.package_discovery:discover_packages(path) check parameters
[0.528s] Level 1:colcon.colcon_core.package_discovery:discover_packages(colcon_meta) discover
[0.528s] Level 1:colcon.colcon_core.package_discovery:discover_packages(recursive) discover
[0.528s] INFO:colcon.colcon_core.package_discovery:Crawling recursively for packages in '/home/matteo/ros2_ws_git/src'
[0.528s] Level 1:colcon.colcon_core.package_identification:_identify(.) by extensions ['ignore', 'ignore_ament_install']
[0.528s] Level 1:colcon.colcon_core.package_identification:_identify(.) by extension 'ignore'
[0.528s] Level 1:colcon.colcon_core.package_identification:_identify(.) by extension 'ignore_ament_install'
[0.528s] Level 1:colcon.colcon_core.package_identification:_identify(.) by extensions ['colcon_pkg']
[0.528s] Level 1:colcon.colcon_core.package_identification:_identify(.) by extension 'colcon_pkg'
[0.528s] Level 1:colcon.colcon_core.package_identification:_identify(.) by extensions ['colcon_meta']
[0.528s] Level 1:colcon.colcon_core.package_identification:_identify(.) by extension 'colcon_meta'
[0.528s] Level 1:colcon.colcon_core.package_identification:_identify(.) by extensions ['ros']
[0.528s] Level 1:colcon.colcon_core.package_identification:_identify(.) by extension 'ros'
[0.535s] Level 1:colcon.colcon_core.package_identification:_identify(.) by extensions ['cmake', 'python']
[0.535s] Level 1:colcon.colcon_core.package_identification:_identify(.) by extension 'cmake'
[0.535s] Level 1:colcon.colcon_core.package_identification:_identify(.) by extension 'python'
[0.535s] Level 1:colcon.colcon_core.package_identification:_identify(.) by extensions ['python_setup_py']
[0.535s] Level 1:colcon.colcon_core.package_identification:_identify(.) by extension 'python_setup_py'
[0.535s] Level 1:colcon.colcon_core.package_identification:_identify(build) by extensions ['ignore', 'ignore_ament_install']
[0.535s] Level 1:colcon.colcon_core.package_identification:_identify(build) by extension 'ignore'
[0.535s] Level 1:colcon.colcon_core.package_identification:_identify(build) ignored
[0.535s] Level 1:colcon.colcon_core.package_identification:_identify(computing_point_cloud) by extensions ['ignore', 'ignore_ament_install']
[0.535s] Level 1:colcon.colcon_core.package_identification:_identify(computing_point_cloud) by extension 'ignore'
[0.535s] Level 1:colcon.colcon_core.package_identification:_identify(computing_point_cloud) by extension 'ignore_ament_install'
[0.535s] Level 1:colcon.colcon_core.package_identification:_identify(computing_point_cloud) by extensions ['colcon_pkg']
[0.535s] Level 1:colcon.colcon_core.package_identification:_identify(computing_point_cloud) by extension 'colcon_pkg'
[0.535s] Level 1:colcon.colcon_core.package_identification:_identify(computing_point_cloud) by extensions ['colcon_meta']
[0.535s] Level 1:colcon.colcon_core.package_identification:_identify(computing_point_cloud) by extension 'colcon_meta'
[0.535s] Level 1:colcon.colcon_core.package_identification:_identify(computing_point_cloud) by extensions ['ros']
[0.535s] Level 1:colcon.colcon_core.package_identification:_identify(computing_point_cloud) by extension 'ros'
[0.537s] DEBUG:colcon.colcon_core.package_identification:Package 'computing_point_cloud' with type 'ros.ament_cmake' and name 'computing_point_cloud'
[0.537s] Level 1:colcon.colcon_core.package_identification:_identify(display_with_rviz2) by extensions ['ignore', 'ignore_ament_install']
[0.537s] Level 1:colcon.colcon_core.package_identification:_identify(display_with_rviz2) by extension 'ignore'
[0.537s] Level 1:colcon.colcon_core.package_identification:_identify(display_with_rviz2) by extension 'ignore_ament_install'
[0.537s] Level 1:colcon.colcon_core.package_identification:_identify(display_with_rviz2) by extensions ['colcon_pkg']
[0.537s] Level 1:colcon.colcon_core.package_identification:_identify(display_with_rviz2) by extension 'colcon_pkg'
[0.537s] Level 1:colcon.colcon_core.package_identification:_identify(display_with_rviz2) by extensions ['colcon_meta']
[0.537s] Level 1:colcon.colcon_core.package_identification:_identify(display_with_rviz2) by extension 'colcon_meta'
[0.537s] Level 1:colcon.colcon_core.package_identification:_identify(display_with_rviz2) by extensions ['ros']
[0.537s] Level 1:colcon.colcon_core.package_identification:_identify(display_with_rviz2) by extension 'ros'
[0.538s] DEBUG:colcon.colcon_core.package_identification:Package 'display_with_rviz2' with type 'ros.ament_cmake' and name 'display_with_rviz2'
[0.538s] Level 1:colcon.colcon_core.package_identification:_identify(install) by extensions ['ignore', 'ignore_ament_install']
[0.538s] Level 1:colcon.colcon_core.package_identification:_identify(install) by extension 'ignore'
[0.538s] Level 1:colcon.colcon_core.package_identification:_identify(install) ignored
[0.538s] Level 1:colcon.colcon_core.package_identification:_identify(log) by extensions ['ignore', 'ignore_ament_install']
[0.538s] Level 1:colcon.colcon_core.package_identification:_identify(log) by extension 'ignore'
[0.538s] Level 1:colcon.colcon_core.package_identification:_identify(log) ignored
[0.538s] Level 1:colcon.colcon_core.package_identification:_identify(optitrack2rviz) by extensions ['ignore', 'ignore_ament_install']
[0.538s] Level 1:colcon.colcon_core.package_identification:_identify(optitrack2rviz) by extension 'ignore'
[0.538s] Level 1:colcon.colcon_core.package_identification:_identify(optitrack2rviz) by extension 'ignore_ament_install'
[0.538s] Level 1:colcon.colcon_core.package_identification:_identify(optitrack2rviz) by extensions ['colcon_pkg']
[0.538s] Level 1:colcon.colcon_core.package_identification:_identify(optitrack2rviz) by extension 'colcon_pkg'
[0.538s] Level 1:colcon.colcon_core.package_identification:_identify(optitrack2rviz) by extensions ['colcon_meta']
[0.538s] Level 1:colcon.colcon_core.package_identification:_identify(optitrack2rviz) by extension 'colcon_meta'
[0.538s] Level 1:colcon.colcon_core.package_identification:_identify(optitrack2rviz) by extensions ['ros']
[0.538s] Level 1:colcon.colcon_core.package_identification:_identify(optitrack2rviz) by extension 'ros'
[0.539s] DEBUG:colcon.colcon_core.package_identification:Package 'optitrack2rviz' with type 'ros.ament_cmake' and name 'optitrack2rviz'
[0.539s] Level 1:colcon.colcon_core.package_identification:_identify(optitrack_interface) by extensions ['ignore', 'ignore_ament_install']
[0.539s] Level 1:colcon.colcon_core.package_identification:_identify(optitrack_interface) by extension 'ignore'
[0.539s] Level 1:colcon.colcon_core.package_identification:_identify(optitrack_interface) by extension 'ignore_ament_install'
[0.539s] Level 1:colcon.colcon_core.package_identification:_identify(optitrack_interface) by extensions ['colcon_pkg']
[0.539s] Level 1:colcon.colcon_core.package_identification:_identify(optitrack_interface) by extension 'colcon_pkg'
[0.539s] Level 1:colcon.colcon_core.package_identification:_identify(optitrack_interface) by extensions ['colcon_meta']
[0.539s] Level 1:colcon.colcon_core.package_identification:_identify(optitrack_interface) by extension 'colcon_meta'
[0.539s] Level 1:colcon.colcon_core.package_identification:_identify(optitrack_interface) by extensions ['ros']
[0.539s] Level 1:colcon.colcon_core.package_identification:_identify(optitrack_interface) by extension 'ros'
[0.539s] DEBUG:colcon.colcon_core.package_identification:Package 'optitrack_interface' with type 'ros.ament_python' and name 'optitrack_interface'
[0.539s] Level 1:colcon.colcon_core.package_identification:_identify(realsense-ros) by extensions ['ignore', 'ignore_ament_install']
[0.539s] Level 1:colcon.colcon_core.package_identification:_identify(realsense-ros) by extension 'ignore'
[0.539s] Level 1:colcon.colcon_core.package_identification:_identify(realsense-ros) by extension 'ignore_ament_install'
[0.539s] Level 1:colcon.colcon_core.package_identification:_identify(realsense-ros) by extensions ['colcon_pkg']
[0.539s] Level 1:colcon.colcon_core.package_identification:_identify(realsense-ros) by extension 'colcon_pkg'
[0.539s] Level 1:colcon.colcon_core.package_identification:_identify(realsense-ros) by extensions ['colcon_meta']
[0.539s] Level 1:colcon.colcon_core.package_identification:_identify(realsense-ros) by extension 'colcon_meta'
[0.539s] Level 1:colcon.colcon_core.package_identification:_identify(realsense-ros) by extensions ['ros']
[0.539s] Level 1:colcon.colcon_core.package_identification:_identify(realsense-ros) by extension 'ros'
[0.539s] Level 1:colcon.colcon_core.package_identification:_identify(realsense-ros) by extensions ['cmake', 'python']
[0.539s] Level 1:colcon.colcon_core.package_identification:_identify(realsense-ros) by extension 'cmake'
[0.539s] Level 1:colcon.colcon_core.package_identification:_identify(realsense-ros) by extension 'python'
[0.539s] Level 1:colcon.colcon_core.package_identification:_identify(realsense-ros) by extensions ['python_setup_py']
[0.539s] Level 1:colcon.colcon_core.package_identification:_identify(realsense-ros) by extension 'python_setup_py'
[0.539s] Level 1:colcon.colcon_core.package_identification:_identify(realsense-ros/realsense2_camera) by extensions ['ignore', 'ignore_ament_install']
[0.539s] Level 1:colcon.colcon_core.package_identification:_identify(realsense-ros/realsense2_camera) by extension 'ignore'
[0.540s] Level 1:colcon.colcon_core.package_identification:_identify(realsense-ros/realsense2_camera) by extension 'ignore_ament_install'
[0.540s] Level 1:colcon.colcon_core.package_identification:_identify(realsense-ros/realsense2_camera) by extensions ['colcon_pkg']
[0.540s] Level 1:colcon.colcon_core.package_identification:_identify(realsense-ros/realsense2_camera) by extension 'colcon_pkg'
[0.540s] Level 1:colcon.colcon_core.package_identification:_identify(realsense-ros/realsense2_camera) by extensions ['colcon_meta']
[0.540s] Level 1:colcon.colcon_core.package_identification:_identify(realsense-ros/realsense2_camera) by extension 'colcon_meta'
[0.540s] Level 1:colcon.colcon_core.package_identification:_identify(realsense-ros/realsense2_camera) by extensions ['ros']
[0.540s] Level 1:colcon.colcon_core.package_identification:_identify(realsense-ros/realsense2_camera) by extension 'ros'
[0.541s] DEBUG:colcon.colcon_core.package_identification:Package 'realsense-ros/realsense2_camera' with type 'ros.ament_cmake' and name 'realsense2_camera'
[0.541s] Level 1:colcon.colcon_core.package_identification:_identify(realsense-ros/realsense2_camera_msgs) by extensions ['ignore', 'ignore_ament_install']
[0.541s] Level 1:colcon.colcon_core.package_identification:_identify(realsense-ros/realsense2_camera_msgs) by extension 'ignore'
[0.541s] Level 1:colcon.colcon_core.package_identification:_identify(realsense-ros/realsense2_camera_msgs) by extension 'ignore_ament_install'
[0.541s] Level 1:colcon.colcon_core.package_identification:_identify(realsense-ros/realsense2_camera_msgs) by extensions ['colcon_pkg']
[0.541s] Level 1:colcon.colcon_core.package_identification:_identify(realsense-ros/realsense2_camera_msgs) by extension 'colcon_pkg'
[0.541s] Level 1:colcon.colcon_core.package_identification:_identify(realsense-ros/realsense2_camera_msgs) by extensions ['colcon_meta']
[0.541s] Level 1:colcon.colcon_core.package_identification:_identify(realsense-ros/realsense2_camera_msgs) by extension 'colcon_meta'
[0.541s] Level 1:colcon.colcon_core.package_identification:_identify(realsense-ros/realsense2_camera_msgs) by extensions ['ros']
[0.541s] Level 1:colcon.colcon_core.package_identification:_identify(realsense-ros/realsense2_camera_msgs) by extension 'ros'
[0.541s] DEBUG:colcon.colcon_core.package_identification:Package 'realsense-ros/realsense2_camera_msgs' with type 'ros.ament_cmake' and name 'realsense2_camera_msgs'
[0.541s] Level 1:colcon.colcon_core.package_identification:_identify(realsense-ros/realsense2_description) by extensions ['ignore', 'ignore_ament_install']
[0.541s] Level 1:colcon.colcon_core.package_identification:_identify(realsense-ros/realsense2_description) by extension 'ignore'
[0.541s] Level 1:colcon.colcon_core.package_identification:_identify(realsense-ros/realsense2_description) by extension 'ignore_ament_install'
[0.541s] Level 1:colcon.colcon_core.package_identification:_identify(realsense-ros/realsense2_description) by extensions ['colcon_pkg']
[0.542s] Level 1:colcon.colcon_core.package_identification:_identify(realsense-ros/realsense2_description) by extension 'colcon_pkg'
[0.542s] Level 1:colcon.colcon_core.package_identification:_identify(realsense-ros/realsense2_description) by extensions ['colcon_meta']
[0.542s] Level 1:colcon.colcon_core.package_identification:_identify(realsense-ros/realsense2_description) by extension 'colcon_meta'
[0.542s] Level 1:colcon.colcon_core.package_identification:_identify(realsense-ros/realsense2_description) by extensions ['ros']
[0.542s] Level 1:colcon.colcon_core.package_identification:_identify(realsense-ros/realsense2_description) by extension 'ros'
[0.542s] DEBUG:colcon.colcon_core.package_identification:Package 'realsense-ros/realsense2_description' with type 'ros.ament_cmake' and name 'realsense2_description'
[0.542s] Level 1:colcon.colcon_core.package_identification:_identify(realsense-ros/scripts) by extensions ['ignore', 'ignore_ament_install']
[0.542s] Level 1:colcon.colcon_core.package_identification:_identify(realsense-ros/scripts) by extension 'ignore'
[0.542s] Level 1:colcon.colcon_core.package_identification:_identify(realsense-ros/scripts) by extension 'ignore_ament_install'
[0.542s] Level 1:colcon.colcon_core.package_identification:_identify(realsense-ros/scripts) by extensions ['colcon_pkg']
[0.542s] Level 1:colcon.colcon_core.package_identification:_identify(realsense-ros/scripts) by extension 'colcon_pkg'
[0.542s] Level 1:colcon.colcon_core.package_identification:_identify(realsense-ros/scripts) by extensions ['colcon_meta']
[0.542s] Level 1:colcon.colcon_core.package_identification:_identify(realsense-ros/scripts) by extension 'colcon_meta'
[0.542s] Level 1:colcon.colcon_core.package_identification:_identify(realsense-ros/scripts) by extensions ['ros']
[0.542s] Level 1:colcon.colcon_core.package_identification:_identify(realsense-ros/scripts) by extension 'ros'
[0.542s] Level 1:colcon.colcon_core.package_identification:_identify(realsense-ros/scripts) by extensions ['cmake', 'python']
[0.542s] Level 1:colcon.colcon_core.package_identification:_identify(realsense-ros/scripts) by extension 'cmake'
[0.542s] Level 1:colcon.colcon_core.package_identification:_identify(realsense-ros/scripts) by extension 'python'
[0.542s] Level 1:colcon.colcon_core.package_identification:_identify(realsense-ros/scripts) by extensions ['python_setup_py']
[0.542s] Level 1:colcon.colcon_core.package_identification:_identify(realsense-ros/scripts) by extension 'python_setup_py'
[0.542s] Level 1:colcon.colcon_core.package_identification:_identify(zed-ros2-wrapper) by extensions ['ignore', 'ignore_ament_install']
[0.542s] Level 1:colcon.colcon_core.package_identification:_identify(zed-ros2-wrapper) by extension 'ignore'
[0.542s] Level 1:colcon.colcon_core.package_identification:_identify(zed-ros2-wrapper) by extension 'ignore_ament_install'
[0.542s] Level 1:colcon.colcon_core.package_identification:_identify(zed-ros2-wrapper) by extensions ['colcon_pkg']
[0.542s] Level 1:colcon.colcon_core.package_identification:_identify(zed-ros2-wrapper) by extension 'colcon_pkg'
[0.543s] Level 1:colcon.colcon_core.package_identification:_identify(zed-ros2-wrapper) by extensions ['colcon_meta']
[0.543s] Level 1:colcon.colcon_core.package_identification:_identify(zed-ros2-wrapper) by extension 'colcon_meta'
[0.543s] Level 1:colcon.colcon_core.package_identification:_identify(zed-ros2-wrapper) by extensions ['ros']
[0.543s] Level 1:colcon.colcon_core.package_identification:_identify(zed-ros2-wrapper) by extension 'ros'
[0.543s] Level 1:colcon.colcon_core.package_identification:_identify(zed-ros2-wrapper) by extensions ['cmake', 'python']
[0.543s] Level 1:colcon.colcon_core.package_identification:_identify(zed-ros2-wrapper) by extension 'cmake'
[0.543s] Level 1:colcon.colcon_core.package_identification:_identify(zed-ros2-wrapper) by extension 'python'
[0.543s] Level 1:colcon.colcon_core.package_identification:_identify(zed-ros2-wrapper) by extensions ['python_setup_py']
[0.543s] Level 1:colcon.colcon_core.package_identification:_identify(zed-ros2-wrapper) by extension 'python_setup_py'
[0.543s] Level 1:colcon.colcon_core.package_discovery:discover_packages(recursive) using defaults
[0.543s] Level 1:colcon.colcon_core.package_discovery:discover_packages(ignore) discover
[0.543s] Level 1:colcon.colcon_core.package_discovery:discover_packages(ignore) using defaults
[0.543s] Level 1:colcon.colcon_core.package_discovery:discover_packages(path) discover
[0.543s] Level 1:colcon.colcon_core.package_discovery:discover_packages(path) using defaults
[0.596s] Level 1:colcon.colcon_core.package_discovery:discover_packages(prefix_path) check parameters
[0.596s] Level 1:colcon.colcon_core.package_discovery:discover_packages(prefix_path) discover
[0.614s] DEBUG:colcon.colcon_installed_package_information.package_discovery:Found 7 installed packages in /home/matteo/ros2_ws_git/install
[0.624s] DEBUG:colcon.colcon_installed_package_information.package_discovery:Found 335 installed packages in /opt/ros/humble
[0.625s] Level 1:colcon.colcon_core.package_discovery:discover_packages(prefix_path) using defaults
[0.685s] Level 5:colcon.colcon_core.verb:set package 'computing_point_cloud' build argument 'cmake_args' from command line to 'None'
[0.685s] Level 5:colcon.colcon_core.verb:set package 'computing_point_cloud' build argument 'cmake_target' from command line to 'None'
[0.685s] Level 5:colcon.colcon_core.verb:set package 'computing_point_cloud' build argument 'cmake_target_skip_unavailable' from command line to 'False'
[0.685s] Level 5:colcon.colcon_core.verb:set package 'computing_point_cloud' build argument 'cmake_clean_cache' from command line to 'False'
[0.685s] Level 5:colcon.colcon_core.verb:set package 'computing_point_cloud' build argument 'cmake_clean_first' from command line to 'False'
[0.685s] Level 5:colcon.colcon_core.verb:set package 'computing_point_cloud' build argument 'cmake_force_configure' from command line to 'False'
[0.685s] Level 5:colcon.colcon_core.verb:set package 'computing_point_cloud' build argument 'ament_cmake_args' from command line to 'None'
[0.685s] Level 5:colcon.colcon_core.verb:set package 'computing_point_cloud' build argument 'catkin_cmake_args' from command line to 'None'
[0.685s] Level 5:colcon.colcon_core.verb:set package 'computing_point_cloud' build argument 'catkin_skip_building_tests' from command line to 'False'
[0.685s] DEBUG:colcon.colcon_core.verb:Building package 'computing_point_cloud' with the following arguments: {'ament_cmake_args': None, 'build_base': '/home/matteo/ros2_ws_git/src/build/computing_point_cloud', 'catkin_cmake_args': None, 'catkin_skip_building_tests': False, 'cmake_args': None, 'cmake_clean_cache': False, 'cmake_clean_first': False, 'cmake_force_configure': False, 'cmake_target': None, 'cmake_target_skip_unavailable': False, 'install_base': '/home/matteo/ros2_ws_git/src/install/computing_point_cloud', 'merge_install': False, 'path': '/home/matteo/ros2_ws_git/src/computing_point_cloud', 'symlink_install': False, 'test_result_base': None}
[0.694s] Level 5:colcon.colcon_core.verb:set package 'display_with_rviz2' build argument 'cmake_args' from command line to 'None'
[0.694s] Level 5:colcon.colcon_core.verb:set package 'display_with_rviz2' build argument 'cmake_target' from command line to 'None'
[0.694s] Level 5:colcon.colcon_core.verb:set package 'display_with_rviz2' build argument 'cmake_target_skip_unavailable' from command line to 'False'
[0.694s] Level 5:colcon.colcon_core.verb:set package 'display_with_rviz2' build argument 'cmake_clean_cache' from command line to 'False'
[0.694s] Level 5:colcon.colcon_core.verb:set package 'display_with_rviz2' build argument 'cmake_clean_first' from command line to 'False'
[0.694s] Level 5:colcon.colcon_core.verb:set package 'display_with_rviz2' build argument 'cmake_force_configure' from command line to 'False'
[0.694s] Level 5:colcon.colcon_core.verb:set package 'display_with_rviz2' build argument 'ament_cmake_args' from command line to 'None'
[0.694s] Level 5:colcon.colcon_core.verb:set package 'display_with_rviz2' build argument 'catkin_cmake_args' from command line to 'None'
[0.694s] Level 5:colcon.colcon_core.verb:set package 'display_with_rviz2' build argument 'catkin_skip_building_tests' from command line to 'False'
[0.694s] DEBUG:colcon.colcon_core.verb:Building package 'display_with_rviz2' with the following arguments: {'ament_cmake_args': None, 'build_base': '/home/matteo/ros2_ws_git/src/build/display_with_rviz2', 'catkin_cmake_args': None, 'catkin_skip_building_tests': False, 'cmake_args': None, 'cmake_clean_cache': False, 'cmake_clean_first': False, 'cmake_force_configure': False, 'cmake_target': None, 'cmake_target_skip_unavailable': False, 'install_base': '/home/matteo/ros2_ws_git/src/install/display_with_rviz2', 'merge_install': False, 'path': '/home/matteo/ros2_ws_git/src/display_with_rviz2', 'symlink_install': False, 'test_result_base': None}
[0.702s] Level 5:colcon.colcon_core.verb:set package 'optitrack2rviz' build argument 'cmake_args' from command line to 'None'
[0.702s] Level 5:colcon.colcon_core.verb:set package 'optitrack2rviz' build argument 'cmake_target' from command line to 'None'
[0.702s] Level 5:colcon.colcon_core.verb:set package 'optitrack2rviz' build argument 'cmake_target_skip_unavailable' from command line to 'False'
[0.702s] Level 5:colcon.colcon_core.verb:set package 'optitrack2rviz' build argument 'cmake_clean_cache' from command line to 'False'
[0.702s] Level 5:colcon.colcon_core.verb:set package 'optitrack2rviz' build argument 'cmake_clean_first' from command line to 'False'
[0.702s] Level 5:colcon.colcon_core.verb:set package 'optitrack2rviz' build argument 'cmake_force_configure' from command line to 'False'
[0.702s] Level 5:colcon.colcon_core.verb:set package 'optitrack2rviz' build argument 'ament_cmake_args' from command line to 'None'
[0.702s] Level 5:colcon.colcon_core.verb:set package 'optitrack2rviz' build argument 'catkin_cmake_args' from command line to 'None'
[0.702s] Level 5:colcon.colcon_core.verb:set package 'optitrack2rviz' build argument 'catkin_skip_building_tests' from command line to 'False'
[0.702s] DEBUG:colcon.colcon_core.verb:Building package 'optitrack2rviz' with the following arguments: {'ament_cmake_args': None, 'build_base': '/home/matteo/ros2_ws_git/src/build/optitrack2rviz', 'catkin_cmake_args': None, 'catkin_skip_building_tests': False, 'cmake_args': None, 'cmake_clean_cache': False, 'cmake_clean_first': False, 'cmake_force_configure': False, 'cmake_target': None, 'cmake_target_skip_unavailable': False, 'install_base': '/home/matteo/ros2_ws_git/src/install/optitrack2rviz', 'merge_install': False, 'path': '/home/matteo/ros2_ws_git/src/optitrack2rviz', 'symlink_install': False, 'test_result_base': None}
[0.709s] Level 5:colcon.colcon_core.verb:set package 'optitrack_interface' build argument 'cmake_args' from command line to 'None'
[0.709s] Level 5:colcon.colcon_core.verb:set package 'optitrack_interface' build argument 'cmake_target' from command line to 'None'
[0.709s] Level 5:colcon.colcon_core.verb:set package 'optitrack_interface' build argument 'cmake_target_skip_unavailable' from command line to 'False'
[0.709s] Level 5:colcon.colcon_core.verb:set package 'optitrack_interface' build argument 'cmake_clean_cache' from command line to 'False'
[0.709s] Level 5:colcon.colcon_core.verb:set package 'optitrack_interface' build argument 'cmake_clean_first' from command line to 'False'
[0.709s] Level 5:colcon.colcon_core.verb:set package 'optitrack_interface' build argument 'cmake_force_configure' from command line to 'False'
[0.709s] Level 5:colcon.colcon_core.verb:set package 'optitrack_interface' build argument 'ament_cmake_args' from command line to 'None'
[0.709s] Level 5:colcon.colcon_core.verb:set package 'optitrack_interface' build argument 'catkin_cmake_args' from command line to 'None'
[0.709s] Level 5:colcon.colcon_core.verb:set package 'optitrack_interface' build argument 'catkin_skip_building_tests' from command line to 'False'
[0.709s] DEBUG:colcon.colcon_core.verb:Building package 'optitrack_interface' with the following arguments: {'ament_cmake_args': None, 'build_base': '/home/matteo/ros2_ws_git/src/build/optitrack_interface', 'catkin_cmake_args': None, 'catkin_skip_building_tests': False, 'cmake_args': None, 'cmake_clean_cache': False, 'cmake_clean_first': False, 'cmake_force_configure': False, 'cmake_target': None, 'cmake_target_skip_unavailable': False, 'install_base': '/home/matteo/ros2_ws_git/src/install/optitrack_interface', 'merge_install': False, 'path': '/home/matteo/ros2_ws_git/src/optitrack_interface', 'symlink_install': False, 'test_result_base': None}
[0.716s] Level 5:colcon.colcon_core.verb:set package 'realsense2_camera_msgs' build argument 'cmake_args' from command line to 'None'
[0.716s] Level 5:colcon.colcon_core.verb:set package 'realsense2_camera_msgs' build argument 'cmake_target' from command line to 'None'
[0.716s] Level 5:colcon.colcon_core.verb:set package 'realsense2_camera_msgs' build argument 'cmake_target_skip_unavailable' from command line to 'False'
[0.716s] Level 5:colcon.colcon_core.verb:set package 'realsense2_camera_msgs' build argument 'cmake_clean_cache' from command line to 'False'
[0.716s] Level 5:colcon.colcon_core.verb:set package 'realsense2_camera_msgs' build argument 'cmake_clean_first' from command line to 'False'
[0.716s] Level 5:colcon.colcon_core.verb:set package 'realsense2_camera_msgs' build argument 'cmake_force_configure' from command line to 'False'
[0.716s] Level 5:colcon.colcon_core.verb:set package 'realsense2_camera_msgs' build argument 'ament_cmake_args' from command line to 'None'
[0.716s] Level 5:colcon.colcon_core.verb:set package 'realsense2_camera_msgs' build argument 'catkin_cmake_args' from command line to 'None'
[0.716s] Level 5:colcon.colcon_core.verb:set package 'realsense2_camera_msgs' build argument 'catkin_skip_building_tests' from command line to 'False'
[0.716s] DEBUG:colcon.colcon_core.verb:Building package 'realsense2_camera_msgs' with the following arguments: {'ament_cmake_args': None, 'build_base': '/home/matteo/ros2_ws_git/src/build/realsense2_camera_msgs', 'catkin_cmake_args': None, 'catkin_skip_building_tests': False, 'cmake_args': None, 'cmake_clean_cache': False, 'cmake_clean_first': False, 'cmake_force_configure': False, 'cmake_target': None, 'cmake_target_skip_unavailable': False, 'install_base': '/home/matteo/ros2_ws_git/src/install/realsense2_camera_msgs', 'merge_install': False, 'path': '/home/matteo/ros2_ws_git/src/realsense-ros/realsense2_camera_msgs', 'symlink_install': False, 'test_result_base': None}
[0.724s] Level 5:colcon.colcon_core.verb:set package 'realsense2_camera' build argument 'cmake_args' from command line to 'None'
[0.725s] Level 5:colcon.colcon_core.verb:set package 'realsense2_camera' build argument 'cmake_target' from command line to 'None'
[0.725s] Level 5:colcon.colcon_core.verb:set package 'realsense2_camera' build argument 'cmake_target_skip_unavailable' from command line to 'False'
[0.725s] Level 5:colcon.colcon_core.verb:set package 'realsense2_camera' build argument 'cmake_clean_cache' from command line to 'False'
[0.725s] Level 5:colcon.colcon_core.verb:set package 'realsense2_camera' build argument 'cmake_clean_first' from command line to 'False'
[0.725s] Level 5:colcon.colcon_core.verb:set package 'realsense2_camera' build argument 'cmake_force_configure' from command line to 'False'
[0.725s] Level 5:colcon.colcon_core.verb:set package 'realsense2_camera' build argument 'ament_cmake_args' from command line to 'None'
[0.725s] Level 5:colcon.colcon_core.verb:set package 'realsense2_camera' build argument 'catkin_cmake_args' from command line to 'None'
[0.725s] Level 5:colcon.colcon_core.verb:set package 'realsense2_camera' build argument 'catkin_skip_building_tests' from command line to 'False'
[0.725s] DEBUG:colcon.colcon_core.verb:Building package 'realsense2_camera' with the following arguments: {'ament_cmake_args': None, 'build_base': '/home/matteo/ros2_ws_git/src/build/realsense2_camera', 'catkin_cmake_args': None, 'catkin_skip_building_tests': False, 'cmake_args': None, 'cmake_clean_cache': False, 'cmake_clean_first': False, 'cmake_force_configure': False, 'cmake_target': None, 'cmake_target_skip_unavailable': False, 'install_base': '/home/matteo/ros2_ws_git/src/install/realsense2_camera', 'merge_install': False, 'path': '/home/matteo/ros2_ws_git/src/realsense-ros/realsense2_camera', 'symlink_install': False, 'test_result_base': None}
[0.731s] Level 5:colcon.colcon_core.verb:set package 'realsense2_description' build argument 'cmake_args' from command line to 'None'
[0.731s] Level 5:colcon.colcon_core.verb:set package 'realsense2_description' build argument 'cmake_target' from command line to 'None'
[0.731s] Level 5:colcon.colcon_core.verb:set package 'realsense2_description' build argument 'cmake_target_skip_unavailable' from command line to 'False'
[0.731s] Level 5:colcon.colcon_core.verb:set package 'realsense2_description' build argument 'cmake_clean_cache' from command line to 'False'
[0.731s] Level 5:colcon.colcon_core.verb:set package 'realsense2_description' build argument 'cmake_clean_first' from command line to 'False'
[0.731s] Level 5:colcon.colcon_core.verb:set package 'realsense2_description' build argument 'cmake_force_configure' from command line to 'False'
[0.731s] Level 5:colcon.colcon_core.verb:set package 'realsense2_description' build argument 'ament_cmake_args' from command line to 'None'
[0.731s] Level 5:colcon.colcon_core.verb:set package 'realsense2_description' build argument 'catkin_cmake_args' from command line to 'None'
[0.731s] Level 5:colcon.colcon_core.verb:set package 'realsense2_description' build argument 'catkin_skip_building_tests' from command line to 'False'
[0.731s] DEBUG:colcon.colcon_core.verb:Building package 'realsense2_description' with the following arguments: {'ament_cmake_args': None, 'build_base': '/home/matteo/ros2_ws_git/src/build/realsense2_description', 'catkin_cmake_args': None, 'catkin_skip_building_tests': False, 'cmake_args': None, 'cmake_clean_cache': False, 'cmake_clean_first': False, 'cmake_force_configure': False, 'cmake_target': None, 'cmake_target_skip_unavailable': False, 'install_base': '/home/matteo/ros2_ws_git/src/install/realsense2_description', 'merge_install': False, 'path': '/home/matteo/ros2_ws_git/src/realsense-ros/realsense2_description', 'symlink_install': False, 'test_result_base': None}
[0.738s] INFO:colcon.colcon_core.executor:Executing jobs using 'parallel' executor
[0.746s] DEBUG:colcon.colcon_parallel_executor.executor.parallel:run_until_complete
[0.746s] INFO:colcon.colcon_ros.task.ament_cmake.build:Building ROS package in '/home/matteo/ros2_ws_git/src/realsense-ros/realsense2_camera_msgs' with build type 'ament_cmake'
[0.746s] INFO:colcon.colcon_cmake.task.cmake.build:Building CMake package in '/home/matteo/ros2_ws_git/src/realsense-ros/realsense2_camera_msgs'
[0.756s] INFO:colcon.colcon_core.plugin_system:Skipping extension 'colcon_core.shell.bat': Not used on non-Windows systems
[0.756s] INFO:colcon.colcon_core.shell:Skip shell extension 'powershell' for command environment: Not usable outside of PowerShell
[0.756s] DEBUG:colcon.colcon_core.shell:Skip shell extension 'dsv' for command environment
[0.788s] INFO:colcon.colcon_ros.task.ament_cmake.build:Building ROS package in '/home/matteo/ros2_ws_git/src/computing_point_cloud' with build type 'ament_cmake'
[0.788s] INFO:colcon.colcon_cmake.task.cmake.build:Building CMake package in '/home/matteo/ros2_ws_git/src/computing_point_cloud'
[0.796s] INFO:colcon.colcon_core.shell:Skip shell extension 'powershell' for command environment: Not usable outside of PowerShell
[0.796s] DEBUG:colcon.colcon_core.shell:Skip shell extension 'dsv' for command environment
[0.824s] INFO:colcon.colcon_ros.task.ament_cmake.build:Building ROS package in '/home/matteo/ros2_ws_git/src/display_with_rviz2' with build type 'ament_cmake'
[0.825s] INFO:colcon.colcon_cmake.task.cmake.build:Building CMake package in '/home/matteo/ros2_ws_git/src/display_with_rviz2'
[0.832s] INFO:colcon.colcon_core.shell:Skip shell extension 'powershell' for command environment: Not usable outside of PowerShell
[0.832s] DEBUG:colcon.colcon_core.shell:Skip shell extension 'dsv' for command environment
[0.867s] INFO:colcon.colcon_ros.task.ament_cmake.build:Building ROS package in '/home/matteo/ros2_ws_git/src/optitrack2rviz' with build type 'ament_cmake'
[0.867s] INFO:colcon.colcon_cmake.task.cmake.build:Building CMake package in '/home/matteo/ros2_ws_git/src/optitrack2rviz'
[0.882s] INFO:colcon.colcon_core.shell:Skip shell extension 'powershell' for command environment: Not usable outside of PowerShell
[0.882s] DEBUG:colcon.colcon_core.shell:Skip shell extension 'dsv' for command environment
[0.916s] INFO:colcon.colcon_ros.task.ament_python.build:Building ROS package in '/home/matteo/ros2_ws_git/src/optitrack_interface' with build type 'ament_python'
[0.917s] Level 1:colcon.colcon_core.shell:create_environment_hook('optitrack_interface', 'ament_prefix_path')
[0.926s] INFO:colcon.colcon_core.shell:Creating environment hook '/home/matteo/ros2_ws_git/src/install/optitrack_interface/share/optitrack_interface/hook/ament_prefix_path.ps1'
[0.926s] INFO:colcon.colcon_core.shell:Creating environment descriptor '/home/matteo/ros2_ws_git/src/install/optitrack_interface/share/optitrack_interface/hook/ament_prefix_path.dsv'
[0.926s] INFO:colcon.colcon_core.shell:Creating environment hook '/home/matteo/ros2_ws_git/src/install/optitrack_interface/share/optitrack_interface/hook/ament_prefix_path.sh'
[0.936s] INFO:colcon.colcon_core.shell:Skip shell extension 'powershell' for command environment: Not usable outside of PowerShell
[0.937s] DEBUG:colcon.colcon_core.shell:Skip shell extension 'dsv' for command environment
[0.970s] DEBUG:colcon.colcon_core.event_handler.log_command:Invoking command in '/home/matteo/ros2_ws_git/src/build/realsense2_camera_msgs': CMAKE_PREFIX_PATH=${CMAKE_PREFIX_PATH}:/home/matteo/ros2_ws_git/install/optitrack_interface:/opt/ros/humble /usr/bin/cmake --build /home/matteo/ros2_ws_git/src/build/realsense2_camera_msgs -- -j12 -l12
[0.973s] DEBUG:colcon.colcon_core.event_handler.log_command:Invoking command in '/home/matteo/ros2_ws_git/src/build/computing_point_cloud': CMAKE_PREFIX_PATH=${CMAKE_PREFIX_PATH}:/home/matteo/ros2_ws_git/install/optitrack_interface:/opt/ros/humble /usr/bin/cmake --build /home/matteo/ros2_ws_git/src/build/computing_point_cloud -- -j12 -l12
[0.977s] DEBUG:colcon.colcon_core.event_handler.log_command:Invoking command in '/home/matteo/ros2_ws_git/src/build/display_with_rviz2': CMAKE_PREFIX_PATH=${CMAKE_PREFIX_PATH}:/home/matteo/ros2_ws_git/install/optitrack_interface:/opt/ros/humble /usr/bin/cmake --build /home/matteo/ros2_ws_git/src/build/display_with_rviz2 -- -j12 -l12
[0.981s] DEBUG:colcon.colcon_core.event_handler.log_command:Invoking command in '/home/matteo/ros2_ws_git/src/build/optitrack2rviz': CMAKE_PREFIX_PATH=${CMAKE_PREFIX_PATH}:/home/matteo/ros2_ws_git/install/optitrack_interface:/opt/ros/humble /usr/bin/cmake --build /home/matteo/ros2_ws_git/src/build/optitrack2rviz -- -j12 -l12
[1.308s] INFO:colcon.colcon_core.task.python.build:Building Python package in '/home/matteo/ros2_ws_git/src/optitrack_interface'
[1.330s] INFO:colcon.colcon_core.shell:Skip shell extension 'powershell' for command environment: Not usable outside of PowerShell
[1.330s] DEBUG:colcon.colcon_core.shell:Skip shell extension 'dsv' for command environment
[1.362s] DEBUG:colcon.colcon_core.event_handler.log_command:Invoked command in '/home/matteo/ros2_ws_git/src/build/realsense2_camera_msgs' returned '0': CMAKE_PREFIX_PATH=${CMAKE_PREFIX_PATH}:/home/matteo/ros2_ws_git/install/optitrack_interface:/opt/ros/humble /usr/bin/cmake --build /home/matteo/ros2_ws_git/src/build/realsense2_camera_msgs -- -j12 -l12
[1.364s] DEBUG:colcon.colcon_core.event_handler.log_command:Invoked command in '/home/matteo/ros2_ws_git/src/build/display_with_rviz2' returned '0': CMAKE_PREFIX_PATH=${CMAKE_PREFIX_PATH}:/home/matteo/ros2_ws_git/install/optitrack_interface:/opt/ros/humble /usr/bin/cmake --build /home/matteo/ros2_ws_git/src/build/display_with_rviz2 -- -j12 -l12
[1.366s] DEBUG:colcon.colcon_core.event_handler.log_command:Invoked command in '/home/matteo/ros2_ws_git/src/build/optitrack2rviz' returned '0': CMAKE_PREFIX_PATH=${CMAKE_PREFIX_PATH}:/home/matteo/ros2_ws_git/install/optitrack_interface:/opt/ros/humble /usr/bin/cmake --build /home/matteo/ros2_ws_git/src/build/optitrack2rviz -- -j12 -l12
[1.367s] DEBUG:colcon.colcon_core.event_handler.log_command:Invoked command in '/home/matteo/ros2_ws_git/src/build/computing_point_cloud' returned '0': CMAKE_PREFIX_PATH=${CMAKE_PREFIX_PATH}:/home/matteo/ros2_ws_git/install/optitrack_interface:/opt/ros/humble /usr/bin/cmake --build /home/matteo/ros2_ws_git/src/build/computing_point_cloud -- -j12 -l12
[1.401s] DEBUG:colcon.colcon_core.event_handler.log_command:Invoking command in '/home/matteo/ros2_ws_git/src/build/display_with_rviz2': CMAKE_PREFIX_PATH=${CMAKE_PREFIX_PATH}:/home/matteo/ros2_ws_git/install/optitrack_interface:/opt/ros/humble /usr/bin/cmake --install /home/matteo/ros2_ws_git/src/build/display_with_rviz2
[1.415s] Level 1:colcon.colcon_core.environment:create_environment_scripts_only(display_with_rviz2)
[1.420s] DEBUG:colcon.colcon_core.event_handler.log_command:Invoking command in '/home/matteo/ros2_ws_git/src/build/computing_point_cloud': CMAKE_PREFIX_PATH=${CMAKE_PREFIX_PATH}:/home/matteo/ros2_ws_git/install/optitrack_interface:/opt/ros/humble /usr/bin/cmake --install /home/matteo/ros2_ws_git/src/build/computing_point_cloud
[1.421s] DEBUG:colcon.colcon_core.event_handler.log_command:Invoking command in '/home/matteo/ros2_ws_git/src/build/optitrack2rviz': CMAKE_PREFIX_PATH=${CMAKE_PREFIX_PATH}:/home/matteo/ros2_ws_git/install/optitrack_interface:/opt/ros/humble /usr/bin/cmake --install /home/matteo/ros2_ws_git/src/build/optitrack2rviz
[1.422s] DEBUG:colcon.colcon_core.event_handler.log_command:Invoked command in '/home/matteo/ros2_ws_git/src/build/display_with_rviz2' returned '0': CMAKE_PREFIX_PATH=${CMAKE_PREFIX_PATH}:/home/matteo/ros2_ws_git/install/optitrack_interface:/opt/ros/humble /usr/bin/cmake --install /home/matteo/ros2_ws_git/src/build/display_with_rviz2
[1.446s] Level 1:colcon.colcon_core.environment:checking '/home/matteo/ros2_ws_git/src/install/display_with_rviz2' for CMake module files
[1.446s] Level 1:colcon.colcon_core.environment:checking '/home/matteo/ros2_ws_git/src/install/display_with_rviz2' for CMake config files
[1.446s] Level 1:colcon.colcon_core.shell:create_environment_hook('display_with_rviz2', 'cmake_prefix_path')
[1.459s] INFO:colcon.colcon_core.shell:Creating environment hook '/home/matteo/ros2_ws_git/src/install/display_with_rviz2/share/display_with_rviz2/hook/cmake_prefix_path.ps1'
[1.459s] INFO:colcon.colcon_core.shell:Creating environment descriptor '/home/matteo/ros2_ws_git/src/install/display_with_rviz2/share/display_with_rviz2/hook/cmake_prefix_path.dsv'
[1.459s] INFO:colcon.colcon_core.shell:Creating environment hook '/home/matteo/ros2_ws_git/src/install/display_with_rviz2/share/display_with_rviz2/hook/cmake_prefix_path.sh'
[1.460s] Level 1:colcon.colcon_core.environment:checking '/home/matteo/ros2_ws_git/src/install/display_with_rviz2/bin'
[1.460s] Level 1:colcon.colcon_core.environment:checking '/home/matteo/ros2_ws_git/src/install/display_with_rviz2/lib/pkgconfig/display_with_rviz2.pc'
[1.460s] Level 1:colcon.colcon_core.environment:checking '/home/matteo/ros2_ws_git/src/install/display_with_rviz2/lib/python3.10/site-packages'
[1.460s] Level 1:colcon.colcon_core.environment:checking '/home/matteo/ros2_ws_git/src/install/display_with_rviz2/bin'
[1.470s] INFO:colcon.colcon_core.shell:Creating package script '/home/matteo/ros2_ws_git/src/install/display_with_rviz2/share/display_with_rviz2/package.ps1'
[1.471s] INFO:colcon.colcon_core.shell:Creating package descriptor '/home/matteo/ros2_ws_git/src/install/display_with_rviz2/share/display_with_rviz2/package.dsv'
[1.471s] INFO:colcon.colcon_core.shell:Creating package script '/home/matteo/ros2_ws_git/src/install/display_with_rviz2/share/display_with_rviz2/package.sh'
[1.472s] INFO:colcon.colcon_core.shell:Creating package script '/home/matteo/ros2_ws_git/src/install/display_with_rviz2/share/display_with_rviz2/package.bash'
[1.472s] INFO:colcon.colcon_core.shell:Creating package script '/home/matteo/ros2_ws_git/src/install/display_with_rviz2/share/display_with_rviz2/package.zsh'
[1.473s] Level 1:colcon.colcon_core.environment:create_file_with_runtime_dependencies(/home/matteo/ros2_ws_git/src/install/display_with_rviz2/share/colcon-core/packages/display_with_rviz2)
[1.475s] Level 1:colcon.colcon_core.environment:create_environment_scripts_only(optitrack2rviz)
[1.476s] DEBUG:colcon.colcon_core.event_handler.log_command:Invoked command in '/home/matteo/ros2_ws_git/src/build/optitrack2rviz' returned '0': CMAKE_PREFIX_PATH=${CMAKE_PREFIX_PATH}:/home/matteo/ros2_ws_git/install/optitrack_interface:/opt/ros/humble /usr/bin/cmake --install /home/matteo/ros2_ws_git/src/build/optitrack2rviz
[1.502s] Level 1:colcon.colcon_core.environment:checking '/home/matteo/ros2_ws_git/src/install/optitrack2rviz' for CMake module files
[1.503s] Level 1:colcon.colcon_core.environment:checking '/home/matteo/ros2_ws_git/src/install/optitrack2rviz' for CMake config files
[1.503s] Level 1:colcon.colcon_core.shell:create_environment_hook('optitrack2rviz', 'cmake_prefix_path')
[1.512s] INFO:colcon.colcon_core.shell:Creating environment hook '/home/matteo/ros2_ws_git/src/install/optitrack2rviz/share/optitrack2rviz/hook/cmake_prefix_path.ps1'
[1.513s] INFO:colcon.colcon_core.shell:Creating environment descriptor '/home/matteo/ros2_ws_git/src/install/optitrack2rviz/share/optitrack2rviz/hook/cmake_prefix_path.dsv'
[1.513s] INFO:colcon.colcon_core.shell:Creating environment hook '/home/matteo/ros2_ws_git/src/install/optitrack2rviz/share/optitrack2rviz/hook/cmake_prefix_path.sh'
[1.514s] Level 1:colcon.colcon_core.environment:checking '/home/matteo/ros2_ws_git/src/install/optitrack2rviz/lib'
[1.514s] Level 1:colcon.colcon_core.environment:checking '/home/matteo/ros2_ws_git/src/install/optitrack2rviz/bin'
[1.514s] Level 1:colcon.colcon_core.environment:checking '/home/matteo/ros2_ws_git/src/install/optitrack2rviz/lib/pkgconfig/optitrack2rviz.pc'
[1.514s] Level 1:colcon.colcon_core.environment:checking '/home/matteo/ros2_ws_git/src/install/optitrack2rviz/lib/python3.10/site-packages'
[1.514s] Level 1:colcon.colcon_core.environment:checking '/home/matteo/ros2_ws_git/src/install/optitrack2rviz/bin'
[1.525s] INFO:colcon.colcon_core.shell:Creating package script '/home/matteo/ros2_ws_git/src/install/optitrack2rviz/share/optitrack2rviz/package.ps1'
[1.526s] INFO:colcon.colcon_core.shell:Creating package descriptor '/home/matteo/ros2_ws_git/src/install/optitrack2rviz/share/optitrack2rviz/package.dsv'
[1.526s] INFO:colcon.colcon_core.shell:Creating package script '/home/matteo/ros2_ws_git/src/install/optitrack2rviz/share/optitrack2rviz/package.sh'
[1.526s] INFO:colcon.colcon_core.shell:Creating package script '/home/matteo/ros2_ws_git/src/install/optitrack2rviz/share/optitrack2rviz/package.bash'
[1.526s] INFO:colcon.colcon_core.shell:Creating package script '/home/matteo/ros2_ws_git/src/install/optitrack2rviz/share/optitrack2rviz/package.zsh'
[1.526s] Level 1:colcon.colcon_core.environment:create_file_with_runtime_dependencies(/home/matteo/ros2_ws_git/src/install/optitrack2rviz/share/colcon-core/packages/optitrack2rviz)
[1.527s] Level 1:colcon.colcon_core.environment:create_environment_scripts_only(computing_point_cloud)
[1.528s] DEBUG:colcon.colcon_core.event_handler.log_command:Invoked command in '/home/matteo/ros2_ws_git/src/build/computing_point_cloud' returned '0': CMAKE_PREFIX_PATH=${CMAKE_PREFIX_PATH}:/home/matteo/ros2_ws_git/install/optitrack_interface:/opt/ros/humble /usr/bin/cmake --install /home/matteo/ros2_ws_git/src/build/computing_point_cloud
[1.539s] Level 1:colcon.colcon_core.environment:checking '/home/matteo/ros2_ws_git/src/install/computing_point_cloud' for CMake module files
[1.540s] Level 1:colcon.colcon_core.environment:checking '/home/matteo/ros2_ws_git/src/install/computing_point_cloud' for CMake config files
[1.540s] Level 1:colcon.colcon_core.shell:create_environment_hook('computing_point_cloud', 'cmake_prefix_path')
[1.553s] INFO:colcon.colcon_core.shell:Creating environment hook '/home/matteo/ros2_ws_git/src/install/computing_point_cloud/share/computing_point_cloud/hook/cmake_prefix_path.ps1'
[1.554s] INFO:colcon.colcon_core.shell:Creating environment descriptor '/home/matteo/ros2_ws_git/src/install/computing_point_cloud/share/computing_point_cloud/hook/cmake_prefix_path.dsv'
[1.554s] INFO:colcon.colcon_core.shell:Creating environment hook '/home/matteo/ros2_ws_git/src/install/computing_point_cloud/share/computing_point_cloud/hook/cmake_prefix_path.sh'
[1.554s] Level 1:colcon.colcon_core.environment:checking '/home/matteo/ros2_ws_git/src/install/computing_point_cloud/lib'
[1.554s] Level 1:colcon.colcon_core.environment:checking '/home/matteo/ros2_ws_git/src/install/computing_point_cloud/bin'
[1.554s] Level 1:colcon.colcon_core.environment:checking '/home/matteo/ros2_ws_git/src/install/computing_point_cloud/lib/pkgconfig/computing_point_cloud.pc'
[1.555s] Level 1:colcon.colcon_core.environment:checking '/home/matteo/ros2_ws_git/src/install/computing_point_cloud/lib/python3.10/site-packages'
[1.555s] Level 1:colcon.colcon_core.environment:checking '/home/matteo/ros2_ws_git/src/install/computing_point_cloud/bin'
[1.566s] INFO:colcon.colcon_core.shell:Creating package script '/home/matteo/ros2_ws_git/src/install/computing_point_cloud/share/computing_point_cloud/package.ps1'
[1.567s] INFO:colcon.colcon_core.shell:Creating package descriptor '/home/matteo/ros2_ws_git/src/install/computing_point_cloud/share/computing_point_cloud/package.dsv'
[1.567s] INFO:colcon.colcon_core.shell:Creating package script '/home/matteo/ros2_ws_git/src/install/computing_point_cloud/share/computing_point_cloud/package.sh'
[1.567s] INFO:colcon.colcon_core.shell:Creating package script '/home/matteo/ros2_ws_git/src/install/computing_point_cloud/share/computing_point_cloud/package.bash'
[1.567s] INFO:colcon.colcon_core.shell:Creating package script '/home/matteo/ros2_ws_git/src/install/computing_point_cloud/share/computing_point_cloud/package.zsh'
[1.568s] Level 1:colcon.colcon_core.environment:create_file_with_runtime_dependencies(/home/matteo/ros2_ws_git/src/install/computing_point_cloud/share/colcon-core/packages/computing_point_cloud)
[1.572s] DEBUG:colcon.colcon_core.event_handler.log_command:Invoking command in '/home/matteo/ros2_ws_git/src/build/realsense2_camera_msgs': CMAKE_PREFIX_PATH=${CMAKE_PREFIX_PATH}:/home/matteo/ros2_ws_git/install/optitrack_interface:/opt/ros/humble /usr/bin/cmake --install /home/matteo/ros2_ws_git/src/build/realsense2_camera_msgs
[1.588s] Level 1:colcon.colcon_core.environment:create_environment_scripts_only(display_with_rviz2)
[1.599s] Level 1:colcon.colcon_core.environment:checking '/home/matteo/ros2_ws_git/src/install/display_with_rviz2' for CMake module files
[1.600s] Level 1:colcon.colcon_core.environment:checking '/home/matteo/ros2_ws_git/src/install/display_with_rviz2' for CMake config files
[1.600s] Level 1:colcon.colcon_core.shell:create_environment_hook('display_with_rviz2', 'cmake_prefix_path')
[1.611s] INFO:colcon.colcon_core.shell:Creating environment hook '/home/matteo/ros2_ws_git/src/install/display_with_rviz2/share/display_with_rviz2/hook/cmake_prefix_path.ps1'
[1.611s] INFO:colcon.colcon_core.shell:Creating environment descriptor '/home/matteo/ros2_ws_git/src/install/display_with_rviz2/share/display_with_rviz2/hook/cmake_prefix_path.dsv'
[1.611s] INFO:colcon.colcon_core.shell:Creating environment hook '/home/matteo/ros2_ws_git/src/install/display_with_rviz2/share/display_with_rviz2/hook/cmake_prefix_path.sh'
[1.612s] Level 1:colcon.colcon_core.environment:checking '/home/matteo/ros2_ws_git/src/install/display_with_rviz2/bin'
[1.612s] Level 1:colcon.colcon_core.environment:checking '/home/matteo/ros2_ws_git/src/install/display_with_rviz2/lib/pkgconfig/display_with_rviz2.pc'
[1.612s] Level 1:colcon.colcon_core.environment:checking '/home/matteo/ros2_ws_git/src/install/display_with_rviz2/lib/python3.10/site-packages'
[1.612s] Level 1:colcon.colcon_core.environment:checking '/home/matteo/ros2_ws_git/src/install/display_with_rviz2/bin'
[1.623s] INFO:colcon.colcon_core.shell:Creating package script '/home/matteo/ros2_ws_git/src/install/display_with_rviz2/share/display_with_rviz2/package.ps1'
[1.624s] INFO:colcon.colcon_core.shell:Creating package descriptor '/home/matteo/ros2_ws_git/src/install/display_with_rviz2/share/display_with_rviz2/package.dsv'
[1.624s] INFO:colcon.colcon_core.shell:Creating package script '/home/matteo/ros2_ws_git/src/install/display_with_rviz2/share/display_with_rviz2/package.sh'
[1.624s] INFO:colcon.colcon_core.shell:Creating package script '/home/matteo/ros2_ws_git/src/install/display_with_rviz2/share/display_with_rviz2/package.bash'
[1.625s] INFO:colcon.colcon_core.shell:Creating package script '/home/matteo/ros2_ws_git/src/install/display_with_rviz2/share/display_with_rviz2/package.zsh'
[1.625s] Level 1:colcon.colcon_core.environment:create_file_with_runtime_dependencies(/home/matteo/ros2_ws_git/src/install/display_with_rviz2/share/colcon-core/packages/display_with_rviz2)
[1.681s] Level 1:colcon.colcon_core.environment:create_environment_scripts_only(optitrack2rviz)
[1.695s] Level 1:colcon.colcon_core.environment:checking '/home/matteo/ros2_ws_git/src/install/optitrack2rviz' for CMake module files
[1.696s] Level 1:colcon.colcon_core.environment:checking '/home/matteo/ros2_ws_git/src/install/optitrack2rviz' for CMake config files
[1.697s] Level 1:colcon.colcon_core.shell:create_environment_hook('optitrack2rviz', 'cmake_prefix_path')
[1.716s] INFO:colcon.colcon_core.shell:Creating environment hook '/home/matteo/ros2_ws_git/src/install/optitrack2rviz/share/optitrack2rviz/hook/cmake_prefix_path.ps1'
[1.716s] INFO:colcon.colcon_core.shell:Creating environment descriptor '/home/matteo/ros2_ws_git/src/install/optitrack2rviz/share/optitrack2rviz/hook/cmake_prefix_path.dsv'
[1.717s] INFO:colcon.colcon_core.shell:Creating environment hook '/home/matteo/ros2_ws_git/src/install/optitrack2rviz/share/optitrack2rviz/hook/cmake_prefix_path.sh'
[1.717s] Level 1:colcon.colcon_core.environment:checking '/home/matteo/ros2_ws_git/src/install/optitrack2rviz/lib'
[1.717s] Level 1:colcon.colcon_core.environment:checking '/home/matteo/ros2_ws_git/src/install/optitrack2rviz/bin'
[1.717s] Level 1:colcon.colcon_core.environment:checking '/home/matteo/ros2_ws_git/src/install/optitrack2rviz/lib/pkgconfig/optitrack2rviz.pc'
[1.717s] Level 1:colcon.colcon_core.environment:checking '/home/matteo/ros2_ws_git/src/install/optitrack2rviz/lib/python3.10/site-packages'
[1.717s] Level 1:colcon.colcon_core.environment:checking '/home/matteo/ros2_ws_git/src/install/optitrack2rviz/bin'
[1.726s] INFO:colcon.colcon_core.shell:Creating package script '/home/matteo/ros2_ws_git/src/install/optitrack2rviz/share/optitrack2rviz/package.ps1'
[1.727s] INFO:colcon.colcon_core.shell:Creating package descriptor '/home/matteo/ros2_ws_git/src/install/optitrack2rviz/share/optitrack2rviz/package.dsv'
[1.727s] INFO:colcon.colcon_core.shell:Creating package script '/home/matteo/ros2_ws_git/src/install/optitrack2rviz/share/optitrack2rviz/package.sh'
[1.728s] INFO:colcon.colcon_core.shell:Creating package script '/home/matteo/ros2_ws_git/src/install/optitrack2rviz/share/optitrack2rviz/package.bash'
[1.728s] INFO:colcon.colcon_core.shell:Creating package script '/home/matteo/ros2_ws_git/src/install/optitrack2rviz/share/optitrack2rviz/package.zsh'
[1.728s] Level 1:colcon.colcon_core.environment:create_file_with_runtime_dependencies(/home/matteo/ros2_ws_git/src/install/optitrack2rviz/share/colcon-core/packages/optitrack2rviz)
[1.738s] Level 1:colcon.colcon_core.environment:create_environment_scripts_only(computing_point_cloud)
[1.755s] Level 1:colcon.colcon_core.environment:checking '/home/matteo/ros2_ws_git/src/install/computing_point_cloud' for CMake module files
[1.755s] Level 1:colcon.colcon_core.environment:checking '/home/matteo/ros2_ws_git/src/install/computing_point_cloud' for CMake config files
[1.755s] Level 1:colcon.colcon_core.shell:create_environment_hook('computing_point_cloud', 'cmake_prefix_path')
[1.766s] INFO:colcon.colcon_core.shell:Creating environment hook '/home/matteo/ros2_ws_git/src/install/computing_point_cloud/share/computing_point_cloud/hook/cmake_prefix_path.ps1'
[1.767s] INFO:colcon.colcon_core.shell:Creating environment descriptor '/home/matteo/ros2_ws_git/src/install/computing_point_cloud/share/computing_point_cloud/hook/cmake_prefix_path.dsv'
[1.767s] INFO:colcon.colcon_core.shell:Creating environment hook '/home/matteo/ros2_ws_git/src/install/computing_point_cloud/share/computing_point_cloud/hook/cmake_prefix_path.sh'
[1.767s] Level 1:colcon.colcon_core.environment:checking '/home/matteo/ros2_ws_git/src/install/computing_point_cloud/lib'
[1.767s] Level 1:colcon.colcon_core.environment:checking '/home/matteo/ros2_ws_git/src/install/computing_point_cloud/bin'
[1.767s] Level 1:colcon.colcon_core.environment:checking '/home/matteo/ros2_ws_git/src/install/computing_point_cloud/lib/pkgconfig/computing_point_cloud.pc'
[1.768s] Level 1:colcon.colcon_core.environment:checking '/home/matteo/ros2_ws_git/src/install/computing_point_cloud/lib/python3.10/site-packages'
[1.768s] Level 1:colcon.colcon_core.environment:checking '/home/matteo/ros2_ws_git/src/install/computing_point_cloud/bin'
[1.778s] INFO:colcon.colcon_core.shell:Creating package script '/home/matteo/ros2_ws_git/src/install/computing_point_cloud/share/computing_point_cloud/package.ps1'
[1.779s] INFO:colcon.colcon_core.shell:Creating package descriptor '/home/matteo/ros2_ws_git/src/install/computing_point_cloud/share/computing_point_cloud/package.dsv'
[1.779s] INFO:colcon.colcon_core.shell:Creating package script '/home/matteo/ros2_ws_git/src/install/computing_point_cloud/share/computing_point_cloud/package.sh'
[1.779s] INFO:colcon.colcon_core.shell:Creating package script '/home/matteo/ros2_ws_git/src/install/computing_point_cloud/share/computing_point_cloud/package.bash'
[1.780s] INFO:colcon.colcon_core.shell:Creating package script '/home/matteo/ros2_ws_git/src/install/computing_point_cloud/share/computing_point_cloud/package.zsh'
[1.780s] Level 1:colcon.colcon_core.environment:create_file_with_runtime_dependencies(/home/matteo/ros2_ws_git/src/install/computing_point_cloud/share/colcon-core/packages/computing_point_cloud)
[1.780s] Level 1:colcon.colcon_core.environment:create_environment_scripts_only(realsense2_camera_msgs)
[1.782s] DEBUG:colcon.colcon_core.event_handler.log_command:Invoked command in '/home/matteo/ros2_ws_git/src/build/realsense2_camera_msgs' returned '0': CMAKE_PREFIX_PATH=${CMAKE_PREFIX_PATH}:/home/matteo/ros2_ws_git/install/optitrack_interface:/opt/ros/humble /usr/bin/cmake --install /home/matteo/ros2_ws_git/src/build/realsense2_camera_msgs
[1.790s] Level 1:colcon.colcon_core.environment:checking '/home/matteo/ros2_ws_git/src/install/realsense2_camera_msgs' for CMake module files
[1.790s] Level 1:colcon.colcon_core.environment:checking '/home/matteo/ros2_ws_git/src/install/realsense2_camera_msgs' for CMake config files
[1.791s] Level 1:colcon.colcon_core.shell:create_environment_hook('realsense2_camera_msgs', 'cmake_prefix_path')
[1.800s] INFO:colcon.colcon_core.shell:Creating environment hook '/home/matteo/ros2_ws_git/src/install/realsense2_camera_msgs/share/realsense2_camera_msgs/hook/cmake_prefix_path.ps1'
[1.800s] INFO:colcon.colcon_core.shell:Creating environment descriptor '/home/matteo/ros2_ws_git/src/install/realsense2_camera_msgs/share/realsense2_camera_msgs/hook/cmake_prefix_path.dsv'
[1.800s] INFO:colcon.colcon_core.shell:Creating environment hook '/home/matteo/ros2_ws_git/src/install/realsense2_camera_msgs/share/realsense2_camera_msgs/hook/cmake_prefix_path.sh'
[1.801s] Level 1:colcon.colcon_core.environment:checking '/home/matteo/ros2_ws_git/src/install/realsense2_camera_msgs/lib'
[1.801s] Level 1:colcon.colcon_core.shell:create_environment_hook('realsense2_camera_msgs', 'ld_library_path_lib')
[1.810s] INFO:colcon.colcon_core.shell:Creating environment hook '/home/matteo/ros2_ws_git/src/install/realsense2_camera_msgs/share/realsense2_camera_msgs/hook/ld_library_path_lib.ps1'
[1.811s] INFO:colcon.colcon_core.shell:Creating environment descriptor '/home/matteo/ros2_ws_git/src/install/realsense2_camera_msgs/share/realsense2_camera_msgs/hook/ld_library_path_lib.dsv'
[1.811s] INFO:colcon.colcon_core.shell:Creating environment hook '/home/matteo/ros2_ws_git/src/install/realsense2_camera_msgs/share/realsense2_camera_msgs/hook/ld_library_path_lib.sh'
[1.811s] Level 1:colcon.colcon_core.environment:checking '/home/matteo/ros2_ws_git/src/install/realsense2_camera_msgs/bin'
[1.811s] Level 1:colcon.colcon_core.environment:checking '/home/matteo/ros2_ws_git/src/install/realsense2_camera_msgs/lib/pkgconfig/realsense2_camera_msgs.pc'
[1.811s] Level 1:colcon.colcon_core.environment:checking '/home/matteo/ros2_ws_git/src/install/realsense2_camera_msgs/lib/python3.10/site-packages'
[1.812s] Level 1:colcon.colcon_core.environment:checking '/home/matteo/ros2_ws_git/src/install/realsense2_camera_msgs/bin'
[1.819s] INFO:colcon.colcon_core.shell:Creating package script '/home/matteo/ros2_ws_git/src/install/realsense2_camera_msgs/share/realsense2_camera_msgs/package.ps1'
[1.819s] INFO:colcon.colcon_core.shell:Creating package descriptor '/home/matteo/ros2_ws_git/src/install/realsense2_camera_msgs/share/realsense2_camera_msgs/package.dsv'
[1.819s] INFO:colcon.colcon_core.shell:Creating package script '/home/matteo/ros2_ws_git/src/install/realsense2_camera_msgs/share/realsense2_camera_msgs/package.sh'
[1.820s] INFO:colcon.colcon_core.shell:Creating package script '/home/matteo/ros2_ws_git/src/install/realsense2_camera_msgs/share/realsense2_camera_msgs/package.bash'
[1.820s] INFO:colcon.colcon_core.shell:Creating package script '/home/matteo/ros2_ws_git/src/install/realsense2_camera_msgs/share/realsense2_camera_msgs/package.zsh'
[1.820s] Level 1:colcon.colcon_core.environment:create_file_with_runtime_dependencies(/home/matteo/ros2_ws_git/src/install/realsense2_camera_msgs/share/colcon-core/packages/realsense2_camera_msgs)
[1.823s] DEBUG:colcon.colcon_core.event_handler.log_command:Invoking command in '/home/matteo/ros2_ws_git/src/optitrack_interface': PYTHONPATH=/home/matteo/ros2_ws_git/src/build/optitrack_interface/prefix_override:/home/matteo/ros2_ws_git/src/install/optitrack_interface/lib/python3.10/site-packages:${PYTHONPATH} /usr/bin/python3 setup.py egg_info --egg-base ../build/optitrack_interface build --build-base /home/matteo/ros2_ws_git/src/build/optitrack_interface/build install --record /home/matteo/ros2_ws_git/src/build/optitrack_interface/install.log --single-version-externally-managed
[1.950s] Level 1:colcon.colcon_core.environment:create_environment_scripts_only(realsense2_camera_msgs)
[1.972s] Level 1:colcon.colcon_core.environment:checking '/home/matteo/ros2_ws_git/src/install/realsense2_camera_msgs' for CMake module files
[1.972s] Level 1:colcon.colcon_core.environment:checking '/home/matteo/ros2_ws_git/src/install/realsense2_camera_msgs' for CMake config files
[1.973s] Level 1:colcon.colcon_core.shell:create_environment_hook('realsense2_camera_msgs', 'cmake_prefix_path')
[1.983s] INFO:colcon.colcon_core.shell:Creating environment hook '/home/matteo/ros2_ws_git/src/install/realsense2_camera_msgs/share/realsense2_camera_msgs/hook/cmake_prefix_path.ps1'
[1.984s] INFO:colcon.colcon_core.shell:Creating environment descriptor '/home/matteo/ros2_ws_git/src/install/realsense2_camera_msgs/share/realsense2_camera_msgs/hook/cmake_prefix_path.dsv'
[1.984s] INFO:colcon.colcon_core.shell:Creating environment hook '/home/matteo/ros2_ws_git/src/install/realsense2_camera_msgs/share/realsense2_camera_msgs/hook/cmake_prefix_path.sh'
[1.985s] Level 1:colcon.colcon_core.environment:checking '/home/matteo/ros2_ws_git/src/install/realsense2_camera_msgs/lib'
[1.985s] Level 1:colcon.colcon_core.shell:create_environment_hook('realsense2_camera_msgs', 'ld_library_path_lib')
[1.995s] INFO:colcon.colcon_core.shell:Creating environment hook '/home/matteo/ros2_ws_git/src/install/realsense2_camera_msgs/share/realsense2_camera_msgs/hook/ld_library_path_lib.ps1'
[1.996s] INFO:colcon.colcon_core.shell:Creating environment descriptor '/home/matteo/ros2_ws_git/src/install/realsense2_camera_msgs/share/realsense2_camera_msgs/hook/ld_library_path_lib.dsv'
[1.996s] INFO:colcon.colcon_core.shell:Creating environment hook '/home/matteo/ros2_ws_git/src/install/realsense2_camera_msgs/share/realsense2_camera_msgs/hook/ld_library_path_lib.sh'
[1.996s] Level 1:colcon.colcon_core.environment:checking '/home/matteo/ros2_ws_git/src/install/realsense2_camera_msgs/bin'
[1.996s] Level 1:colcon.colcon_core.environment:checking '/home/matteo/ros2_ws_git/src/install/realsense2_camera_msgs/lib/pkgconfig/realsense2_camera_msgs.pc'
[1.996s] Level 1:colcon.colcon_core.environment:checking '/home/matteo/ros2_ws_git/src/install/realsense2_camera_msgs/lib/python3.10/site-packages'
[1.997s] Level 1:colcon.colcon_core.environment:checking '/home/matteo/ros2_ws_git/src/install/realsense2_camera_msgs/bin'
[2.008s] INFO:colcon.colcon_core.shell:Creating package script '/home/matteo/ros2_ws_git/src/install/realsense2_camera_msgs/share/realsense2_camera_msgs/package.ps1'
[2.009s] INFO:colcon.colcon_core.shell:Creating package descriptor '/home/matteo/ros2_ws_git/src/install/realsense2_camera_msgs/share/realsense2_camera_msgs/package.dsv'
[2.009s] INFO:colcon.colcon_core.shell:Creating package script '/home/matteo/ros2_ws_git/src/install/realsense2_camera_msgs/share/realsense2_camera_msgs/package.sh'
[2.010s] INFO:colcon.colcon_core.shell:Creating package script '/home/matteo/ros2_ws_git/src/install/realsense2_camera_msgs/share/realsense2_camera_msgs/package.bash'
[2.010s] INFO:colcon.colcon_core.shell:Creating package script '/home/matteo/ros2_ws_git/src/install/realsense2_camera_msgs/share/realsense2_camera_msgs/package.zsh'
[2.010s] Level 1:colcon.colcon_core.environment:create_file_with_runtime_dependencies(/home/matteo/ros2_ws_git/src/install/realsense2_camera_msgs/share/colcon-core/packages/realsense2_camera_msgs)
[2.011s] INFO:colcon.colcon_ros.task.ament_cmake.build:Building ROS package in '/home/matteo/ros2_ws_git/src/realsense-ros/realsense2_camera' with build type 'ament_cmake'
[2.011s] INFO:colcon.colcon_cmake.task.cmake.build:Building CMake package in '/home/matteo/ros2_ws_git/src/realsense-ros/realsense2_camera'
[2.037s] INFO:colcon.colcon_core.shell:Skip shell extension 'powershell' for command environment: Not usable outside of PowerShell
[2.037s] DEBUG:colcon.colcon_core.shell:Skip shell extension 'dsv' for command environment
[2.072s] INFO:colcon.colcon_ros.task.ament_cmake.build:Building ROS package in '/home/matteo/ros2_ws_git/src/realsense-ros/realsense2_description' with build type 'ament_cmake'
[2.072s] INFO:colcon.colcon_cmake.task.cmake.build:Building CMake package in '/home/matteo/ros2_ws_git/src/realsense-ros/realsense2_description'
[2.082s] INFO:colcon.colcon_core.shell:Skip shell extension 'powershell' for command environment: Not usable outside of PowerShell
[2.082s] DEBUG:colcon.colcon_core.shell:Skip shell extension 'dsv' for command environment
[2.118s] DEBUG:colcon.colcon_core.event_handler.log_command:Invoking command in '/home/matteo/ros2_ws_git/src/build/realsense2_camera': AMENT_PREFIX_PATH=/home/matteo/ros2_ws_git/src/install/realsense2_camera_msgs:${AMENT_PREFIX_PATH} CMAKE_PREFIX_PATH=/home/matteo/ros2_ws_git/src/install/realsense2_camera_msgs:/home/matteo/ros2_ws_git/install/realsense2_description:/home/matteo/ros2_ws_git/install/realsense2_camera:/home/matteo/ros2_ws_git/install/realsense2_camera_msgs:/home/matteo/ros2_ws_git/install/optitrack2rviz:/home/matteo/ros2_ws_git/install/display_with_rviz2:/home/matteo/ros2_ws_git/install/computing_point_cloud:/home/matteo/ros2_ws_git/install/optitrack_interface:/opt/ros/humble LD_LIBRARY_PATH=/home/matteo/ros2_ws_git/src/install/realsense2_camera_msgs/lib:${LD_LIBRARY_PATH} PYTHONPATH=/home/matteo/ros2_ws_git/src/install/realsense2_camera_msgs/local/lib/python3.10/dist-packages:${PYTHONPATH} /usr/bin/cmake --build /home/matteo/ros2_ws_git/src/build/realsense2_camera -- -j12 -l12
[2.121s] DEBUG:colcon.colcon_core.event_handler.log_command:Invoked command in '/home/matteo/ros2_ws_git/src/optitrack_interface' returned '0': PYTHONPATH=/home/matteo/ros2_ws_git/src/build/optitrack_interface/prefix_override:/home/matteo/ros2_ws_git/src/install/optitrack_interface/lib/python3.10/site-packages:${PYTHONPATH} /usr/bin/python3 setup.py egg_info --egg-base ../build/optitrack_interface build --build-base /home/matteo/ros2_ws_git/src/build/optitrack_interface/build install --record /home/matteo/ros2_ws_git/src/build/optitrack_interface/install.log --single-version-externally-managed
[2.134s] Level 1:colcon.colcon_core.environment:checking '/home/matteo/ros2_ws_git/src/install/optitrack_interface' for CMake module files
[2.134s] Level 1:colcon.colcon_core.environment:checking '/home/matteo/ros2_ws_git/src/install/optitrack_interface' for CMake config files
[2.134s] Level 1:colcon.colcon_core.environment:checking '/home/matteo/ros2_ws_git/src/install/optitrack_interface/lib'
[2.134s] Level 1:colcon.colcon_core.environment:checking '/home/matteo/ros2_ws_git/src/install/optitrack_interface/bin'
[2.134s] Level 1:colcon.colcon_core.environment:checking '/home/matteo/ros2_ws_git/src/install/optitrack_interface/lib/pkgconfig/optitrack_interface.pc'
[2.135s] Level 1:colcon.colcon_core.environment:checking '/home/matteo/ros2_ws_git/src/install/optitrack_interface/lib/python3.10/site-packages'
[2.135s] Level 1:colcon.colcon_core.shell:create_environment_hook('optitrack_interface', 'pythonpath')
[2.143s] INFO:colcon.colcon_core.shell:Creating environment hook '/home/matteo/ros2_ws_git/src/install/optitrack_interface/share/optitrack_interface/hook/pythonpath.ps1'
[2.144s] INFO:colcon.colcon_core.shell:Creating environment descriptor '/home/matteo/ros2_ws_git/src/install/optitrack_interface/share/optitrack_interface/hook/pythonpath.dsv'
[2.144s] INFO:colcon.colcon_core.shell:Creating environment hook '/home/matteo/ros2_ws_git/src/install/optitrack_interface/share/optitrack_interface/hook/pythonpath.sh'
[2.145s] Level 1:colcon.colcon_core.environment:checking '/home/matteo/ros2_ws_git/src/install/optitrack_interface/bin'
[2.145s] Level 1:colcon.colcon_core.environment:create_environment_scripts_only(optitrack_interface)
[2.158s] INFO:colcon.colcon_core.shell:Creating package script '/home/matteo/ros2_ws_git/src/install/optitrack_interface/share/optitrack_interface/package.ps1'
[2.158s] INFO:colcon.colcon_core.shell:Creating package descriptor '/home/matteo/ros2_ws_git/src/install/optitrack_interface/share/optitrack_interface/package.dsv'
[2.159s] INFO:colcon.colcon_core.shell:Creating package script '/home/matteo/ros2_ws_git/src/install/optitrack_interface/share/optitrack_interface/package.sh'
[2.159s] INFO:colcon.colcon_core.shell:Creating package script '/home/matteo/ros2_ws_git/src/install/optitrack_interface/share/optitrack_interface/package.bash'
[2.160s] INFO:colcon.colcon_core.shell:Creating package script '/home/matteo/ros2_ws_git/src/install/optitrack_interface/share/optitrack_interface/package.zsh'
[2.160s] Level 1:colcon.colcon_core.environment:create_file_with_runtime_dependencies(/home/matteo/ros2_ws_git/src/install/optitrack_interface/share/colcon-core/packages/optitrack_interface)
[2.164s] DEBUG:colcon.colcon_core.event_handler.log_command:Invoking command in '/home/matteo/ros2_ws_git/src/build/realsense2_description': AMENT_PREFIX_PATH=/home/matteo/ros2_ws_git/src/install/realsense2_camera_msgs:${AMENT_PREFIX_PATH} CMAKE_PREFIX_PATH=/home/matteo/ros2_ws_git/src/install/realsense2_camera_msgs:/home/matteo/ros2_ws_git/install/realsense2_description:/home/matteo/ros2_ws_git/install/realsense2_camera:/home/matteo/ros2_ws_git/install/realsense2_camera_msgs:/home/matteo/ros2_ws_git/install/optitrack2rviz:/home/matteo/ros2_ws_git/install/display_with_rviz2:/home/matteo/ros2_ws_git/install/computing_point_cloud:/home/matteo/ros2_ws_git/install/optitrack_interface:/opt/ros/humble LD_LIBRARY_PATH=/home/matteo/ros2_ws_git/src/install/realsense2_camera_msgs/lib:${LD_LIBRARY_PATH} PYTHONPATH=/home/matteo/ros2_ws_git/src/install/realsense2_camera_msgs/local/lib/python3.10/dist-packages:${PYTHONPATH} /usr/bin/cmake --build /home/matteo/ros2_ws_git/src/build/realsense2_description -- -j12 -l12
[2.198s] DEBUG:colcon.colcon_core.event_handler.log_command:Invoked command in '/home/matteo/ros2_ws_git/src/build/realsense2_description' returned '0': AMENT_PREFIX_PATH=/home/matteo/ros2_ws_git/src/install/realsense2_camera_msgs:${AMENT_PREFIX_PATH} CMAKE_PREFIX_PATH=/home/matteo/ros2_ws_git/src/install/realsense2_camera_msgs:/home/matteo/ros2_ws_git/install/realsense2_description:/home/matteo/ros2_ws_git/install/realsense2_camera:/home/matteo/ros2_ws_git/install/realsense2_camera_msgs:/home/matteo/ros2_ws_git/install/optitrack2rviz:/home/matteo/ros2_ws_git/install/display_with_rviz2:/home/matteo/ros2_ws_git/install/computing_point_cloud:/home/matteo/ros2_ws_git/install/optitrack_interface:/opt/ros/humble LD_LIBRARY_PATH=/home/matteo/ros2_ws_git/src/install/realsense2_camera_msgs/lib:${LD_LIBRARY_PATH} PYTHONPATH=/home/matteo/ros2_ws_git/src/install/realsense2_camera_msgs/local/lib/python3.10/dist-packages:${PYTHONPATH} /usr/bin/cmake --build /home/matteo/ros2_ws_git/src/build/realsense2_description -- -j12 -l12
[2.210s] DEBUG:colcon.colcon_core.event_handler.log_command:Invoked command in '/home/matteo/ros2_ws_git/src/build/realsense2_camera' returned '0': AMENT_PREFIX_PATH=/home/matteo/ros2_ws_git/src/install/realsense2_camera_msgs:${AMENT_PREFIX_PATH} CMAKE_PREFIX_PATH=/home/matteo/ros2_ws_git/src/install/realsense2_camera_msgs:/home/matteo/ros2_ws_git/install/realsense2_description:/home/matteo/ros2_ws_git/install/realsense2_camera:/home/matteo/ros2_ws_git/install/realsense2_camera_msgs:/home/matteo/ros2_ws_git/install/optitrack2rviz:/home/matteo/ros2_ws_git/install/display_with_rviz2:/home/matteo/ros2_ws_git/install/computing_point_cloud:/home/matteo/ros2_ws_git/install/optitrack_interface:/opt/ros/humble LD_LIBRARY_PATH=/home/matteo/ros2_ws_git/src/install/realsense2_camera_msgs/lib:${LD_LIBRARY_PATH} PYTHONPATH=/home/matteo/ros2_ws_git/src/install/realsense2_camera_msgs/local/lib/python3.10/dist-packages:${PYTHONPATH} /usr/bin/cmake --build /home/matteo/ros2_ws_git/src/build/realsense2_camera -- -j12 -l12
[2.215s] DEBUG:colcon.colcon_core.event_handler.log_command:Invoking command in '/home/matteo/ros2_ws_git/src/build/realsense2_description': AMENT_PREFIX_PATH=/home/matteo/ros2_ws_git/src/install/realsense2_camera_msgs:${AMENT_PREFIX_PATH} CMAKE_PREFIX_PATH=/home/matteo/ros2_ws_git/src/install/realsense2_camera_msgs:/home/matteo/ros2_ws_git/install/realsense2_description:/home/matteo/ros2_ws_git/install/realsense2_camera:/home/matteo/ros2_ws_git/install/realsense2_camera_msgs:/home/matteo/ros2_ws_git/install/optitrack2rviz:/home/matteo/ros2_ws_git/install/display_with_rviz2:/home/matteo/ros2_ws_git/install/computing_point_cloud:/home/matteo/ros2_ws_git/install/optitrack_interface:/opt/ros/humble LD_LIBRARY_PATH=/home/matteo/ros2_ws_git/src/install/realsense2_camera_msgs/lib:${LD_LIBRARY_PATH} PYTHONPATH=/home/matteo/ros2_ws_git/src/install/realsense2_camera_msgs/local/lib/python3.10/dist-packages:${PYTHONPATH} /usr/bin/cmake --install /home/matteo/ros2_ws_git/src/build/realsense2_description
[2.224s] Level 1:colcon.colcon_core.environment:create_environment_scripts_only(realsense2_description)
[2.226s] DEBUG:colcon.colcon_core.event_handler.log_command:Invoked command in '/home/matteo/ros2_ws_git/src/build/realsense2_description' returned '0': AMENT_PREFIX_PATH=/home/matteo/ros2_ws_git/src/install/realsense2_camera_msgs:${AMENT_PREFIX_PATH} CMAKE_PREFIX_PATH=/home/matteo/ros2_ws_git/src/install/realsense2_camera_msgs:/home/matteo/ros2_ws_git/install/realsense2_description:/home/matteo/ros2_ws_git/install/realsense2_camera:/home/matteo/ros2_ws_git/install/realsense2_camera_msgs:/home/matteo/ros2_ws_git/install/optitrack2rviz:/home/matteo/ros2_ws_git/install/display_with_rviz2:/home/matteo/ros2_ws_git/install/computing_point_cloud:/home/matteo/ros2_ws_git/install/optitrack_interface:/opt/ros/humble LD_LIBRARY_PATH=/home/matteo/ros2_ws_git/src/install/realsense2_camera_msgs/lib:${LD_LIBRARY_PATH} PYTHONPATH=/home/matteo/ros2_ws_git/src/install/realsense2_camera_msgs/local/lib/python3.10/dist-packages:${PYTHONPATH} /usr/bin/cmake --install /home/matteo/ros2_ws_git/src/build/realsense2_description
[2.239s] Level 1:colcon.colcon_core.environment:checking '/home/matteo/ros2_ws_git/src/install/realsense2_description' for CMake module files
[2.240s] Level 1:colcon.colcon_core.environment:checking '/home/matteo/ros2_ws_git/src/install/realsense2_description' for CMake config files
[2.240s] Level 1:colcon.colcon_core.shell:create_environment_hook('realsense2_description', 'cmake_prefix_path')
[2.251s] INFO:colcon.colcon_core.shell:Creating environment hook '/home/matteo/ros2_ws_git/src/install/realsense2_description/share/realsense2_description/hook/cmake_prefix_path.ps1'
[2.251s] INFO:colcon.colcon_core.shell:Creating environment descriptor '/home/matteo/ros2_ws_git/src/install/realsense2_description/share/realsense2_description/hook/cmake_prefix_path.dsv'
[2.252s] INFO:colcon.colcon_core.shell:Creating environment hook '/home/matteo/ros2_ws_git/src/install/realsense2_description/share/realsense2_description/hook/cmake_prefix_path.sh'
[2.252s] Level 1:colcon.colcon_core.environment:checking '/home/matteo/ros2_ws_git/src/install/realsense2_description/bin'
[2.252s] Level 1:colcon.colcon_core.environment:checking '/home/matteo/ros2_ws_git/src/install/realsense2_description/lib/pkgconfig/realsense2_description.pc'
[2.253s] Level 1:colcon.colcon_core.environment:checking '/home/matteo/ros2_ws_git/src/install/realsense2_description/lib/python3.10/site-packages'
[2.253s] Level 1:colcon.colcon_core.environment:checking '/home/matteo/ros2_ws_git/src/install/realsense2_description/bin'
[2.265s] INFO:colcon.colcon_core.shell:Creating package script '/home/matteo/ros2_ws_git/src/install/realsense2_description/share/realsense2_description/package.ps1'
[2.266s] INFO:colcon.colcon_core.shell:Creating package descriptor '/home/matteo/ros2_ws_git/src/install/realsense2_description/share/realsense2_description/package.dsv'
[2.266s] INFO:colcon.colcon_core.shell:Creating package script '/home/matteo/ros2_ws_git/src/install/realsense2_description/share/realsense2_description/package.sh'
[2.266s] INFO:colcon.colcon_core.shell:Creating package script '/home/matteo/ros2_ws_git/src/install/realsense2_description/share/realsense2_description/package.bash'
[2.267s] INFO:colcon.colcon_core.shell:Creating package script '/home/matteo/ros2_ws_git/src/install/realsense2_description/share/realsense2_description/package.zsh'
[2.267s] Level 1:colcon.colcon_core.environment:create_file_with_runtime_dependencies(/home/matteo/ros2_ws_git/src/install/realsense2_description/share/colcon-core/packages/realsense2_description)
[2.270s] DEBUG:colcon.colcon_core.event_handler.log_command:Invoking command in '/home/matteo/ros2_ws_git/src/build/realsense2_camera': AMENT_PREFIX_PATH=/home/matteo/ros2_ws_git/src/install/realsense2_camera_msgs:${AMENT_PREFIX_PATH} CMAKE_PREFIX_PATH=/home/matteo/ros2_ws_git/src/install/realsense2_camera_msgs:/home/matteo/ros2_ws_git/install/realsense2_description:/home/matteo/ros2_ws_git/install/realsense2_camera:/home/matteo/ros2_ws_git/install/realsense2_camera_msgs:/home/matteo/ros2_ws_git/install/optitrack2rviz:/home/matteo/ros2_ws_git/install/display_with_rviz2:/home/matteo/ros2_ws_git/install/computing_point_cloud:/home/matteo/ros2_ws_git/install/optitrack_interface:/opt/ros/humble LD_LIBRARY_PATH=/home/matteo/ros2_ws_git/src/install/realsense2_camera_msgs/lib:${LD_LIBRARY_PATH} PYTHONPATH=/home/matteo/ros2_ws_git/src/install/realsense2_camera_msgs/local/lib/python3.10/dist-packages:${PYTHONPATH} /usr/bin/cmake --install /home/matteo/ros2_ws_git/src/build/realsense2_camera
[2.281s] Level 1:colcon.colcon_core.environment:create_environment_scripts_only(realsense2_camera)
[2.295s] DEBUG:colcon.colcon_core.event_handler.log_command:Invoked command in '/home/matteo/ros2_ws_git/src/build/realsense2_camera' returned '0': AMENT_PREFIX_PATH=/home/matteo/ros2_ws_git/src/install/realsense2_camera_msgs:${AMENT_PREFIX_PATH} CMAKE_PREFIX_PATH=/home/matteo/ros2_ws_git/src/install/realsense2_camera_msgs:/home/matteo/ros2_ws_git/install/realsense2_description:/home/matteo/ros2_ws_git/install/realsense2_camera:/home/matteo/ros2_ws_git/install/realsense2_camera_msgs:/home/matteo/ros2_ws_git/install/optitrack2rviz:/home/matteo/ros2_ws_git/install/display_with_rviz2:/home/matteo/ros2_ws_git/install/computing_point_cloud:/home/matteo/ros2_ws_git/install/optitrack_interface:/opt/ros/humble LD_LIBRARY_PATH=/home/matteo/ros2_ws_git/src/install/realsense2_camera_msgs/lib:${LD_LIBRARY_PATH} PYTHONPATH=/home/matteo/ros2_ws_git/src/install/realsense2_camera_msgs/local/lib/python3.10/dist-packages:${PYTHONPATH} /usr/bin/cmake --install /home/matteo/ros2_ws_git/src/build/realsense2_camera
[2.311s] Level 1:colcon.colcon_core.environment:checking '/home/matteo/ros2_ws_git/src/install/realsense2_camera' for CMake module files
[2.312s] Level 1:colcon.colcon_core.environment:checking '/home/matteo/ros2_ws_git/src/install/realsense2_camera' for CMake config files
[2.312s] Level 1:colcon.colcon_core.shell:create_environment_hook('realsense2_camera', 'cmake_prefix_path')
[2.322s] INFO:colcon.colcon_core.shell:Creating environment hook '/home/matteo/ros2_ws_git/src/install/realsense2_camera/share/realsense2_camera/hook/cmake_prefix_path.ps1'
[2.322s] INFO:colcon.colcon_core.shell:Creating environment descriptor '/home/matteo/ros2_ws_git/src/install/realsense2_camera/share/realsense2_camera/hook/cmake_prefix_path.dsv'
[2.322s] INFO:colcon.colcon_core.shell:Creating environment hook '/home/matteo/ros2_ws_git/src/install/realsense2_camera/share/realsense2_camera/hook/cmake_prefix_path.sh'
[2.323s] Level 1:colcon.colcon_core.environment:checking '/home/matteo/ros2_ws_git/src/install/realsense2_camera/lib'
[2.323s] Level 1:colcon.colcon_core.shell:create_environment_hook('realsense2_camera', 'ld_library_path_lib')
[2.330s] INFO:colcon.colcon_core.shell:Creating environment hook '/home/matteo/ros2_ws_git/src/install/realsense2_camera/share/realsense2_camera/hook/ld_library_path_lib.ps1'
[2.330s] INFO:colcon.colcon_core.shell:Creating environment descriptor '/home/matteo/ros2_ws_git/src/install/realsense2_camera/share/realsense2_camera/hook/ld_library_path_lib.dsv'
[2.330s] INFO:colcon.colcon_core.shell:Creating environment hook '/home/matteo/ros2_ws_git/src/install/realsense2_camera/share/realsense2_camera/hook/ld_library_path_lib.sh'
[2.330s] Level 1:colcon.colcon_core.environment:checking '/home/matteo/ros2_ws_git/src/install/realsense2_camera/bin'
[2.330s] Level 1:colcon.colcon_core.environment:checking '/home/matteo/ros2_ws_git/src/install/realsense2_camera/lib/pkgconfig/realsense2_camera.pc'
[2.331s] Level 1:colcon.colcon_core.environment:checking '/home/matteo/ros2_ws_git/src/install/realsense2_camera/lib/python3.10/site-packages'
[2.331s] Level 1:colcon.colcon_core.environment:checking '/home/matteo/ros2_ws_git/src/install/realsense2_camera/bin'
[2.338s] INFO:colcon.colcon_core.shell:Creating package script '/home/matteo/ros2_ws_git/src/install/realsense2_camera/share/realsense2_camera/package.ps1'
[2.338s] INFO:colcon.colcon_core.shell:Creating package descriptor '/home/matteo/ros2_ws_git/src/install/realsense2_camera/share/realsense2_camera/package.dsv'
[2.338s] INFO:colcon.colcon_core.shell:Creating package script '/home/matteo/ros2_ws_git/src/install/realsense2_camera/share/realsense2_camera/package.sh'
[2.339s] INFO:colcon.colcon_core.shell:Creating package script '/home/matteo/ros2_ws_git/src/install/realsense2_camera/share/realsense2_camera/package.bash'
[2.339s] INFO:colcon.colcon_core.shell:Creating package script '/home/matteo/ros2_ws_git/src/install/realsense2_camera/share/realsense2_camera/package.zsh'
[2.339s] Level 1:colcon.colcon_core.environment:create_file_with_runtime_dependencies(/home/matteo/ros2_ws_git/src/install/realsense2_camera/share/colcon-core/packages/realsense2_camera)
[2.349s] Level 1:colcon.colcon_core.environment:create_environment_scripts_only(realsense2_description)
[2.359s] Level 1:colcon.colcon_core.environment:checking '/home/matteo/ros2_ws_git/src/install/realsense2_description' for CMake module files
[2.359s] Level 1:colcon.colcon_core.environment:checking '/home/matteo/ros2_ws_git/src/install/realsense2_description' for CMake config files
[2.359s] Level 1:colcon.colcon_core.shell:create_environment_hook('realsense2_description', 'cmake_prefix_path')
[2.368s] INFO:colcon.colcon_core.shell:Creating environment hook '/home/matteo/ros2_ws_git/src/install/realsense2_description/share/realsense2_description/hook/cmake_prefix_path.ps1'
[2.369s] INFO:colcon.colcon_core.shell:Creating environment descriptor '/home/matteo/ros2_ws_git/src/install/realsense2_description/share/realsense2_description/hook/cmake_prefix_path.dsv'
[2.369s] INFO:colcon.colcon_core.shell:Creating environment hook '/home/matteo/ros2_ws_git/src/install/realsense2_description/share/realsense2_description/hook/cmake_prefix_path.sh'
[2.369s] Level 1:colcon.colcon_core.environment:checking '/home/matteo/ros2_ws_git/src/install/realsense2_description/bin'
[2.370s] Level 1:colcon.colcon_core.environment:checking '/home/matteo/ros2_ws_git/src/install/realsense2_description/lib/pkgconfig/realsense2_description.pc'
[2.370s] Level 1:colcon.colcon_core.environment:checking '/home/matteo/ros2_ws_git/src/install/realsense2_description/lib/python3.10/site-packages'
[2.370s] Level 1:colcon.colcon_core.environment:checking '/home/matteo/ros2_ws_git/src/install/realsense2_description/bin'
[2.380s] INFO:colcon.colcon_core.shell:Creating package script '/home/matteo/ros2_ws_git/src/install/realsense2_description/share/realsense2_description/package.ps1'
[2.381s] INFO:colcon.colcon_core.shell:Creating package descriptor '/home/matteo/ros2_ws_git/src/install/realsense2_description/share/realsense2_description/package.dsv'
[2.381s] INFO:colcon.colcon_core.shell:Creating package script '/home/matteo/ros2_ws_git/src/install/realsense2_description/share/realsense2_description/package.sh'
[2.381s] INFO:colcon.colcon_core.shell:Creating package script '/home/matteo/ros2_ws_git/src/install/realsense2_description/share/realsense2_description/package.bash'
[2.382s] INFO:colcon.colcon_core.shell:Creating package script '/home/matteo/ros2_ws_git/src/install/realsense2_description/share/realsense2_description/package.zsh'
[2.382s] Level 1:colcon.colcon_core.environment:create_file_with_runtime_dependencies(/home/matteo/ros2_ws_git/src/install/realsense2_description/share/colcon-core/packages/realsense2_description)
[2.392s] Level 1:colcon.colcon_core.environment:create_environment_scripts_only(realsense2_camera)
[2.399s] Level 1:colcon.colcon_core.environment:checking '/home/matteo/ros2_ws_git/src/install/realsense2_camera' for CMake module files
[2.399s] Level 1:colcon.colcon_core.environment:checking '/home/matteo/ros2_ws_git/src/install/realsense2_camera' for CMake config files
[2.400s] Level 1:colcon.colcon_core.shell:create_environment_hook('realsense2_camera', 'cmake_prefix_path')
[2.408s] INFO:colcon.colcon_core.shell:Creating environment hook '/home/matteo/ros2_ws_git/src/install/realsense2_camera/share/realsense2_camera/hook/cmake_prefix_path.ps1'
[2.408s] INFO:colcon.colcon_core.shell:Creating environment descriptor '/home/matteo/ros2_ws_git/src/install/realsense2_camera/share/realsense2_camera/hook/cmake_prefix_path.dsv'
[2.409s] INFO:colcon.colcon_core.shell:Creating environment hook '/home/matteo/ros2_ws_git/src/install/realsense2_camera/share/realsense2_camera/hook/cmake_prefix_path.sh'
[2.409s] Level 1:colcon.colcon_core.environment:checking '/home/matteo/ros2_ws_git/src/install/realsense2_camera/lib'
[2.409s] Level 1:colcon.colcon_core.shell:create_environment_hook('realsense2_camera', 'ld_library_path_lib')
[2.421s] INFO:colcon.colcon_core.shell:Creating environment hook '/home/matteo/ros2_ws_git/src/install/realsense2_camera/share/realsense2_camera/hook/ld_library_path_lib.ps1'
[2.422s] INFO:colcon.colcon_core.shell:Creating environment descriptor '/home/matteo/ros2_ws_git/src/install/realsense2_camera/share/realsense2_camera/hook/ld_library_path_lib.dsv'
[2.422s] INFO:colcon.colcon_core.shell:Creating environment hook '/home/matteo/ros2_ws_git/src/install/realsense2_camera/share/realsense2_camera/hook/ld_library_path_lib.sh'
[2.422s] Level 1:colcon.colcon_core.environment:checking '/home/matteo/ros2_ws_git/src/install/realsense2_camera/bin'
[2.422s] Level 1:colcon.colcon_core.environment:checking '/home/matteo/ros2_ws_git/src/install/realsense2_camera/lib/pkgconfig/realsense2_camera.pc'
[2.423s] Level 1:colcon.colcon_core.environment:checking '/home/matteo/ros2_ws_git/src/install/realsense2_camera/lib/python3.10/site-packages'
[2.423s] Level 1:colcon.colcon_core.environment:checking '/home/matteo/ros2_ws_git/src/install/realsense2_camera/bin'
[2.430s] INFO:colcon.colcon_core.shell:Creating package script '/home/matteo/ros2_ws_git/src/install/realsense2_camera/share/realsense2_camera/package.ps1'
[2.430s] INFO:colcon.colcon_core.shell:Creating package descriptor '/home/matteo/ros2_ws_git/src/install/realsense2_camera/share/realsense2_camera/package.dsv'
[2.430s] INFO:colcon.colcon_core.shell:Creating package script '/home/matteo/ros2_ws_git/src/install/realsense2_camera/share/realsense2_camera/package.sh'
[2.431s] INFO:colcon.colcon_core.shell:Creating package script '/home/matteo/ros2_ws_git/src/install/realsense2_camera/share/realsense2_camera/package.bash'
[2.431s] INFO:colcon.colcon_core.shell:Creating package script '/home/matteo/ros2_ws_git/src/install/realsense2_camera/share/realsense2_camera/package.zsh'
[2.431s] Level 1:colcon.colcon_core.environment:create_file_with_runtime_dependencies(/home/matteo/ros2_ws_git/src/install/realsense2_camera/share/colcon-core/packages/realsense2_camera)
[2.431s] DEBUG:colcon.colcon_parallel_executor.executor.parallel:closing loop
[2.431s] DEBUG:colcon.colcon_parallel_executor.executor.parallel:loop closed
[2.431s] DEBUG:colcon.colcon_parallel_executor.executor.parallel:run_until_complete finished with '0'
[2.432s] DEBUG:colcon.colcon_core.event_reactor:joining thread
[2.445s] INFO:colcon.colcon_core.plugin_system:Skipping extension 'colcon_notification.desktop_notification.terminal_notifier': Not used on non-Darwin systems
[2.445s] INFO:colcon.colcon_core.plugin_system:Skipping extension 'colcon_notification.desktop_notification.win32': Not used on non-Windows systems
[2.445s] INFO:colcon.colcon_notification.desktop_notification:Sending desktop notification using 'notify2'
[2.456s] DEBUG:colcon.colcon_core.event_reactor:joined thread
[2.465s] INFO:colcon.colcon_core.shell:Creating prefix script '/home/matteo/ros2_ws_git/src/install/local_setup.ps1'
[2.466s] INFO:colcon.colcon_core.shell:Creating prefix util module '/home/matteo/ros2_ws_git/src/install/_local_setup_util_ps1.py'
[2.466s] INFO:colcon.colcon_core.shell:Creating prefix chain script '/home/matteo/ros2_ws_git/src/install/setup.ps1'
[2.477s] INFO:colcon.colcon_core.shell:Creating prefix script '/home/matteo/ros2_ws_git/src/install/local_setup.sh'
[2.478s] INFO:colcon.colcon_core.shell:Creating prefix util module '/home/matteo/ros2_ws_git/src/install/_local_setup_util_sh.py'
[2.478s] INFO:colcon.colcon_core.shell:Creating prefix chain script '/home/matteo/ros2_ws_git/src/install/setup.sh'
[2.488s] INFO:colcon.colcon_core.shell:Creating prefix script '/home/matteo/ros2_ws_git/src/install/local_setup.bash'
[2.489s] INFO:colcon.colcon_core.shell:Creating prefix chain script '/home/matteo/ros2_ws_git/src/install/setup.bash'
[2.500s] INFO:colcon.colcon_core.shell:Creating prefix script '/home/matteo/ros2_ws_git/src/install/local_setup.zsh'
[2.501s] INFO:colcon.colcon_core.shell:Creating prefix chain script '/home/matteo/ros2_ws_git/src/install/setup.zsh'
