-- The C compiler identification is GNU 11.4.0
-- The CXX compiler identification is GNU 11.4.0
-- Detecting C compiler ABI info
-- Detecting C compiler ABI info - done
-- Check for working C compiler: /usr/bin/cc - skipped
-- Detecting C compile features
-- Detecting C compile features - done
-- Detecting CXX compiler ABI info
-- Detecting CXX compiler ABI info - done
-- Check for working CXX compiler: /usr/bin/c++ - skipped
-- Detecting CXX compile features
-- Detecting CXX compile features - done
-- Found ament_cmake: 1.3.6 (/opt/ros/humble/share/ament_cmake/cmake)
-- Found Python3: /usr/bin/python3.10 (found version "3.10.12") found components: Interpreter 
-- Found std_msgs: 4.2.3 (/opt/ros/humble/share/std_msgs/cmake)
-- Found rosidl_generator_c: 3.1.5 (/opt/ros/humble/share/rosidl_generator_c/cmake)
-- Found rosidl_adapter: 3.1.5 (/opt/ros/humble/share/rosidl_adapter/cmake)
-- Found rosidl_generator_cpp: 3.1.5 (/opt/ros/humble/share/rosidl_generator_cpp/cmake)
-- Using all available rosidl_typesupport_c: rosidl_typesupport_fastrtps_c;rosidl_typesupport_introspection_c
-- Using all available rosidl_typesupport_cpp: rosidl_typesupport_fastrtps_cpp;rosidl_typesupport_introspection_cpp
-- Found rclcpp: 16.0.7 (/opt/ros/humble/share/rclcpp/cmake)
-- Found rmw_implementation_cmake: 6.1.1 (/opt/ros/humble/share/rmw_implementation_cmake/cmake)
-- Found rmw_fastrtps_cpp: 6.2.5 (/opt/ros/humble/share/rmw_fastrtps_cpp/cmake)
-- Found OpenSSL: /usr/lib/x86_64-linux-gnu/libcrypto.so (found version "3.0.2")  
-- Found FastRTPS: /opt/ros/humble/include  
-- Using RMW implementation 'rmw_fastrtps_cpp' as default
-- Looking for pthread.h
-- Looking for pthread.h - found
-- Performing Test CMAKE_HAVE_LIBC_PTHREAD
-- Performing Test CMAKE_HAVE_LIBC_PTHREAD - Success
-- Found Threads: TRUE  
-- Found ament_lint_auto: 0.12.9 (/opt/ros/humble/share/ament_lint_auto/cmake)
-- Added test 'flake8' to check Python code syntax and style conventions
-- Added test 'lint_cmake' to check CMake code style
-- Added test 'pep257' to check Python code against some of the docstring style conventions in PEP 257
-- Added test 'xmllint' to check XML markup files
-- Configuring done
-- Generating done
-- Build files have been written to: /home/matteo/ros2_ws_git/src/build/display_with_rviz2
-- Install configuration: ""
-- Installing: /home/matteo/ros2_ws_git/src/install/display_with_rviz2/share/display_with_rviz2/launch
-- Installing: /home/matteo/ros2_ws_git/src/install/display_with_rviz2/share/display_with_rviz2/launch/launch_with_rosbag.py
-- Installing: /home/matteo/ros2_ws_git/src/install/display_with_rviz2/share/display_with_rviz2/launch/launch_average_q.py
-- Installing: /home/matteo/ros2_ws_git/src/install/display_with_rviz2/share/display_with_rviz2/launch/launch.py
-- Installing: /home/matteo/ros2_ws_git/src/install/display_with_rviz2/share/display_with_rviz2/launch/launch_without_kalman.py
-- Installing: /home/matteo/ros2_ws_git/src/install/display_with_rviz2/share/ament_index/resource_index/package_run_dependencies/display_with_rviz2
-- Installing: /home/matteo/ros2_ws_git/src/install/display_with_rviz2/share/ament_index/resource_index/parent_prefix_path/display_with_rviz2
-- Installing: /home/matteo/ros2_ws_git/src/install/display_with_rviz2/share/display_with_rviz2/environment/ament_prefix_path.sh
-- Installing: /home/matteo/ros2_ws_git/src/install/display_with_rviz2/share/display_with_rviz2/environment/ament_prefix_path.dsv
-- Installing: /home/matteo/ros2_ws_git/src/install/display_with_rviz2/share/display_with_rviz2/environment/path.sh
-- Installing: /home/matteo/ros2_ws_git/src/install/display_with_rviz2/share/display_with_rviz2/environment/path.dsv
-- Installing: /home/matteo/ros2_ws_git/src/install/display_with_rviz2/share/display_with_rviz2/local_setup.bash
-- Installing: /home/matteo/ros2_ws_git/src/install/display_with_rviz2/share/display_with_rviz2/local_setup.sh
-- Installing: /home/matteo/ros2_ws_git/src/install/display_with_rviz2/share/display_with_rviz2/local_setup.zsh
-- Installing: /home/matteo/ros2_ws_git/src/install/display_with_rviz2/share/display_with_rviz2/local_setup.dsv
-- Installing: /home/matteo/ros2_ws_git/src/install/display_with_rviz2/share/display_with_rviz2/package.dsv
-- Installing: /home/matteo/ros2_ws_git/src/install/display_with_rviz2/share/ament_index/resource_index/packages/display_with_rviz2
-- Installing: /home/matteo/ros2_ws_git/src/install/display_with_rviz2/share/display_with_rviz2/cmake/display_with_rviz2Config.cmake
-- Installing: /home/matteo/ros2_ws_git/src/install/display_with_rviz2/share/display_with_rviz2/cmake/display_with_rviz2Config-version.cmake
-- Installing: /home/matteo/ros2_ws_git/src/install/display_with_rviz2/share/display_with_rviz2/package.xml
