[0.129s] Invoking command in '/home/matteo/ros2_ws_git/src/build/display_with_rviz2': CMAKE_PREFIX_PATH=${CMAKE_PREFIX_PATH}:/home/matteo/ros2_ws_git/install/optitrack_interface:/opt/ros/humble /usr/bin/cmake /home/matteo/ros2_ws_git/src/display_with_rviz2 -DCMAKE_INSTALL_PREFIX=/home/matteo/ros2_ws_git/src/install/display_with_rviz2
[0.309s] -- The C compiler identification is GNU 11.4.0
[0.426s] -- The CXX compiler identification is GNU 11.4.0
[0.446s] -- Detecting C compiler ABI info
[0.542s] -- Detecting C compiler ABI info - done
[0.557s] -- Check for working C compiler: /usr/bin/cc - skipped
[0.557s] -- Detecting C compile features
[0.558s] -- Detecting C compile features - done
[0.564s] -- Detecting CXX compiler ABI info
[0.673s] -- Detecting CXX compiler ABI info - done
[0.684s] -- Check for working CXX compiler: /usr/bin/c++ - skipped
[0.685s] -- Detecting CXX compile features
[0.685s] -- Detecting CXX compile features - done
[0.687s] -- Found ament_cmake: 1.3.6 (/opt/ros/humble/share/ament_cmake/cmake)
[0.946s] -- Found Python3: /usr/bin/python3.10 (found version "3.10.12") found components: Interpreter 
[1.119s] -- Found std_msgs: 4.2.3 (/opt/ros/humble/share/std_msgs/cmake)
[1.205s] -- Found rosidl_generator_c: 3.1.5 (/opt/ros/humble/share/rosidl_generator_c/cmake)
[1.216s] -- Found rosidl_adapter: 3.1.5 (/opt/ros/humble/share/rosidl_adapter/cmake)
[1.225s] -- Found rosidl_generator_cpp: 3.1.5 (/opt/ros/humble/share/rosidl_generator_cpp/cmake)
[1.254s] -- Using all available rosidl_typesupport_c: rosidl_typesupport_fastrtps_c;rosidl_typesupport_introspection_c
[1.283s] -- Using all available rosidl_typesupport_cpp: rosidl_typesupport_fastrtps_cpp;rosidl_typesupport_introspection_cpp
[1.390s] -- Found rclcpp: 16.0.7 (/opt/ros/humble/share/rclcpp/cmake)
[1.461s] -- Found rmw_implementation_cmake: 6.1.1 (/opt/ros/humble/share/rmw_implementation_cmake/cmake)
[1.465s] -- Found rmw_fastrtps_cpp: 6.2.5 (/opt/ros/humble/share/rmw_fastrtps_cpp/cmake)
[1.621s] -- Found OpenSSL: /usr/lib/x86_64-linux-gnu/libcrypto.so (found version "3.0.2")  
[1.664s] -- Found FastRTPS: /opt/ros/humble/include  
[1.713s] -- Using RMW implementation 'rmw_fastrtps_cpp' as default
[1.737s] -- Looking for pthread.h
[1.836s] -- Looking for pthread.h - found
[1.836s] -- Performing Test CMAKE_HAVE_LIBC_PTHREAD
[1.929s] -- Performing Test CMAKE_HAVE_LIBC_PTHREAD - Success
[1.931s] -- Found Threads: TRUE  
[2.135s] -- Found ament_lint_auto: 0.12.9 (/opt/ros/humble/share/ament_lint_auto/cmake)
[2.241s] -- Added test 'flake8' to check Python code syntax and style conventions
[2.242s] -- Added test 'lint_cmake' to check CMake code style
[2.244s] -- Added test 'pep257' to check Python code against some of the docstring style conventions in PEP 257
[2.246s] -- Added test 'xmllint' to check XML markup files
[2.248s] -- Configuring done
[2.255s] -- Generating done
[2.257s] -- Build files have been written to: /home/matteo/ros2_ws_git/src/build/display_with_rviz2
[2.273s] Invoked command in '/home/matteo/ros2_ws_git/src/build/display_with_rviz2' returned '0': CMAKE_PREFIX_PATH=${CMAKE_PREFIX_PATH}:/home/matteo/ros2_ws_git/install/optitrack_interface:/opt/ros/humble /usr/bin/cmake /home/matteo/ros2_ws_git/src/display_with_rviz2 -DCMAKE_INSTALL_PREFIX=/home/matteo/ros2_ws_git/src/install/display_with_rviz2
[2.274s] Invoking command in '/home/matteo/ros2_ws_git/src/build/display_with_rviz2': CMAKE_PREFIX_PATH=${CMAKE_PREFIX_PATH}:/home/matteo/ros2_ws_git/install/optitrack_interface:/opt/ros/humble /usr/bin/cmake --build /home/matteo/ros2_ws_git/src/build/display_with_rviz2 -- -j12 -l12
[2.326s] Invoked command in '/home/matteo/ros2_ws_git/src/build/display_with_rviz2' returned '0': CMAKE_PREFIX_PATH=${CMAKE_PREFIX_PATH}:/home/matteo/ros2_ws_git/install/optitrack_interface:/opt/ros/humble /usr/bin/cmake --build /home/matteo/ros2_ws_git/src/build/display_with_rviz2 -- -j12 -l12
[2.355s] Invoking command in '/home/matteo/ros2_ws_git/src/build/display_with_rviz2': CMAKE_PREFIX_PATH=${CMAKE_PREFIX_PATH}:/home/matteo/ros2_ws_git/install/optitrack_interface:/opt/ros/humble /usr/bin/cmake --install /home/matteo/ros2_ws_git/src/build/display_with_rviz2
[2.364s] -- Install configuration: ""
[2.364s] -- Installing: /home/matteo/ros2_ws_git/src/install/display_with_rviz2/share/display_with_rviz2/launch
[2.364s] -- Installing: /home/matteo/ros2_ws_git/src/install/display_with_rviz2/share/display_with_rviz2/launch/launch_with_rosbag.py
[2.365s] -- Installing: /home/matteo/ros2_ws_git/src/install/display_with_rviz2/share/display_with_rviz2/launch/launch_average_q.py
[2.365s] -- Installing: /home/matteo/ros2_ws_git/src/install/display_with_rviz2/share/display_with_rviz2/launch/launch.py
[2.365s] -- Installing: /home/matteo/ros2_ws_git/src/install/display_with_rviz2/share/display_with_rviz2/launch/launch_without_kalman.py
[2.365s] -- Installing: /home/matteo/ros2_ws_git/src/install/display_with_rviz2/share/ament_index/resource_index/package_run_dependencies/display_with_rviz2
[2.365s] -- Installing: /home/matteo/ros2_ws_git/src/install/display_with_rviz2/share/ament_index/resource_index/parent_prefix_path/display_with_rviz2
[2.366s] -- Installing: /home/matteo/ros2_ws_git/src/install/display_with_rviz2/share/display_with_rviz2/environment/ament_prefix_path.sh
[2.366s] -- Installing: /home/matteo/ros2_ws_git/src/install/display_with_rviz2/share/display_with_rviz2/environment/ament_prefix_path.dsv
[2.366s] -- Installing: /home/matteo/ros2_ws_git/src/install/display_with_rviz2/share/display_with_rviz2/environment/path.sh
[2.366s] -- Installing: /home/matteo/ros2_ws_git/src/install/display_with_rviz2/share/display_with_rviz2/environment/path.dsv
[2.366s] -- Installing: /home/matteo/ros2_ws_git/src/install/display_with_rviz2/share/display_with_rviz2/local_setup.bash
[2.366s] -- Installing: /home/matteo/ros2_ws_git/src/install/display_with_rviz2/share/display_with_rviz2/local_setup.sh
[2.366s] -- Installing: /home/matteo/ros2_ws_git/src/install/display_with_rviz2/share/display_with_rviz2/local_setup.zsh
[2.367s] -- Installing: /home/matteo/ros2_ws_git/src/install/display_with_rviz2/share/display_with_rviz2/local_setup.dsv
[2.367s] -- Installing: /home/matteo/ros2_ws_git/src/install/display_with_rviz2/share/display_with_rviz2/package.dsv
[2.367s] -- Installing: /home/matteo/ros2_ws_git/src/install/display_with_rviz2/share/ament_index/resource_index/packages/display_with_rviz2
[2.367s] -- Installing: /home/matteo/ros2_ws_git/src/install/display_with_rviz2/share/display_with_rviz2/cmake/display_with_rviz2Config.cmake
[2.367s] -- Installing: /home/matteo/ros2_ws_git/src/install/display_with_rviz2/share/display_with_rviz2/cmake/display_with_rviz2Config-version.cmake
[2.367s] -- Installing: /home/matteo/ros2_ws_git/src/install/display_with_rviz2/share/display_with_rviz2/package.xml
[2.369s] Invoked command in '/home/matteo/ros2_ws_git/src/build/display_with_rviz2' returned '0': CMAKE_PREFIX_PATH=${CMAKE_PREFIX_PATH}:/home/matteo/ros2_ws_git/install/optitrack_interface:/opt/ros/humble /usr/bin/cmake --install /home/matteo/ros2_ws_git/src/build/display_with_rviz2
