[0.125s] Invoking command in '/home/matteo/ros2_ws_git/src/build/realsense2_camera': AMENT_PREFIX_PATH=/home/matteo/ros2_ws_git/src/install/realsense2_camera_msgs:${AMENT_PREFIX_PATH} CMAKE_PREFIX_PATH=/home/matteo/ros2_ws_git/src/install/realsense2_camera_msgs:/home/matteo/ros2_ws_git/install/realsense2_description:/home/matteo/ros2_ws_git/install/realsense2_camera:/home/matteo/ros2_ws_git/install/realsense2_camera_msgs:/home/matteo/ros2_ws_git/install/optitrack2rviz:/home/matteo/ros2_ws_git/install/display_with_rviz2:/home/matteo/ros2_ws_git/install/computing_point_cloud:/home/matteo/ros2_ws_git/install/optitrack_interface:/opt/ros/humble LD_LIBRARY_PATH=/home/matteo/ros2_ws_git/src/install/realsense2_camera_msgs/lib:${LD_LIBRARY_PATH} PYTHONPATH=/home/matteo/ros2_ws_git/src/install/realsense2_camera_msgs/local/lib/python3.10/dist-packages:${PYTHONPATH} /usr/bin/cmake --build /home/matteo/ros2_ws_git/src/build/realsense2_camera -- -j12 -l12
[0.186s] [35m[1mConsolidate compiler generated dependencies of target gtest[0m
[0.186s] [35m[1mConsolidate compiler generated dependencies of target gtest_main[0m
[0.186s] [35m[1mConsolidate compiler generated dependencies of target realsense2_camera_node[0m
[0.205s] [35m[1mConsolidate compiler generated dependencies of target realsense2_camera[0m
[0.210s] [ 18%] Built target gtest
[0.210s] [ 18%] Built target gtest_main
[0.219s] [ 27%] Built target realsense2_camera_node
[0.226s] [35m[1mConsolidate compiler generated dependencies of target gtest_template[0m
[0.244s] [ 36%] Built target gtest_template
[0.287s] [100%] Built target realsense2_camera
[0.334s] Invoked command in '/home/matteo/ros2_ws_git/src/build/realsense2_camera' returned '0': AMENT_PREFIX_PATH=/home/matteo/ros2_ws_git/src/install/realsense2_camera_msgs:${AMENT_PREFIX_PATH} CMAKE_PREFIX_PATH=/home/matteo/ros2_ws_git/src/install/realsense2_camera_msgs:/home/matteo/ros2_ws_git/install/realsense2_description:/home/matteo/ros2_ws_git/install/realsense2_camera:/home/matteo/ros2_ws_git/install/realsense2_camera_msgs:/home/matteo/ros2_ws_git/install/optitrack2rviz:/home/matteo/ros2_ws_git/install/display_with_rviz2:/home/matteo/ros2_ws_git/install/computing_point_cloud:/home/matteo/ros2_ws_git/install/optitrack_interface:/opt/ros/humble LD_LIBRARY_PATH=/home/matteo/ros2_ws_git/src/install/realsense2_camera_msgs/lib:${LD_LIBRARY_PATH} PYTHONPATH=/home/matteo/ros2_ws_git/src/install/realsense2_camera_msgs/local/lib/python3.10/dist-packages:${PYTHONPATH} /usr/bin/cmake --build /home/matteo/ros2_ws_git/src/build/realsense2_camera -- -j12 -l12
[0.473s] Invoking command in '/home/matteo/ros2_ws_git/src/build/realsense2_camera': AMENT_PREFIX_PATH=/home/matteo/ros2_ws_git/src/install/realsense2_camera_msgs:${AMENT_PREFIX_PATH} CMAKE_PREFIX_PATH=/home/matteo/ros2_ws_git/src/install/realsense2_camera_msgs:/home/matteo/ros2_ws_git/install/realsense2_description:/home/matteo/ros2_ws_git/install/realsense2_camera:/home/matteo/ros2_ws_git/install/realsense2_camera_msgs:/home/matteo/ros2_ws_git/install/optitrack2rviz:/home/matteo/ros2_ws_git/install/display_with_rviz2:/home/matteo/ros2_ws_git/install/computing_point_cloud:/home/matteo/ros2_ws_git/install/optitrack_interface:/opt/ros/humble LD_LIBRARY_PATH=/home/matteo/ros2_ws_git/src/install/realsense2_camera_msgs/lib:${LD_LIBRARY_PATH} PYTHONPATH=/home/matteo/ros2_ws_git/src/install/realsense2_camera_msgs/local/lib/python3.10/dist-packages:${PYTHONPATH} /usr/bin/cmake --install /home/matteo/ros2_ws_git/src/build/realsense2_camera
[0.480s] -- Install configuration: "Release"
[0.480s] -- Installing: /home/matteo/ros2_ws_git/src/install/realsense2_camera/lib/realsense2_camera/realsense2_camera_node
[0.481s] -- Set runtime path of "/home/matteo/ros2_ws_git/src/install/realsense2_camera/lib/realsense2_camera/realsense2_camera_node" to ""
[0.481s] -- Installing: /home/matteo/ros2_ws_git/src/install/realsense2_camera/lib/librealsense2_camera.so
[0.485s] -- Set runtime path of "/home/matteo/ros2_ws_git/src/install/realsense2_camera/lib/librealsense2_camera.so" to ""
[0.485s] -- Installing: /home/matteo/ros2_ws_git/src/install/realsense2_camera/include
[0.486s] -- Installing: /home/matteo/ros2_ws_git/src/install/realsense2_camera/include/sensor_params.h
[0.486s] -- Installing: /home/matteo/ros2_ws_git/src/install/realsense2_camera/include/ros_param_backend.h
[0.487s] -- Installing: /home/matteo/ros2_ws_git/src/install/realsense2_camera/include/base_realsense_node.h
[0.487s] -- Installing: /home/matteo/ros2_ws_git/src/install/realsense2_camera/include/profile_manager.h
[0.488s] -- Installing: /home/matteo/ros2_ws_git/src/install/realsense2_camera/include/dynamic_params.h
[0.488s] -- Installing: /home/matteo/ros2_ws_git/src/install/realsense2_camera/include/constants.h
[0.489s] -- Installing: /home/matteo/ros2_ws_git/src/install/realsense2_camera/include/realsense_node_factory.h
[0.489s] -- Installing: /home/matteo/ros2_ws_git/src/install/realsense2_camera/include/named_filter.h
[0.490s] -- Installing: /home/matteo/ros2_ws_git/src/install/realsense2_camera/include/ros_utils.h
[0.490s] -- Installing: /home/matteo/ros2_ws_git/src/install/realsense2_camera/include/image_publisher.h
[0.490s] -- Installing: /home/matteo/ros2_ws_git/src/install/realsense2_camera/include/ros_sensor.h
[0.490s] -- Installing: /home/matteo/ros2_ws_git/src/install/realsense2_camera/share/realsense2_camera/launch
[0.491s] -- Installing: /home/matteo/ros2_ws_git/src/install/realsense2_camera/share/realsense2_camera/launch/rs_intra_process_demo_launch.py
[0.491s] -- Installing: /home/matteo/ros2_ws_git/src/install/realsense2_camera/share/realsense2_camera/launch/default.rviz
[0.491s] -- Installing: /home/matteo/ros2_ws_git/src/install/realsense2_camera/share/realsense2_camera/launch/rs_multi_camera_launch.py
[0.491s] -- Installing: /home/matteo/ros2_ws_git/src/install/realsense2_camera/share/realsense2_camera/launch/rs_launch.py
[0.492s] -- Installing: /home/matteo/ros2_ws_git/src/install/realsense2_camera/share/realsense2_camera/examples
[0.492s] -- Installing: /home/matteo/ros2_ws_git/src/install/realsense2_camera/share/realsense2_camera/examples/align_depth
[0.492s] -- Installing: /home/matteo/ros2_ws_git/src/install/realsense2_camera/share/realsense2_camera/examples/align_depth/rs_align_depth_launch.py
[0.492s] -- Installing: /home/matteo/ros2_ws_git/src/install/realsense2_camera/share/realsense2_camera/examples/align_depth/README.md
[0.493s] -- Installing: /home/matteo/ros2_ws_git/src/install/realsense2_camera/share/realsense2_camera/examples/launch_params_from_file
[0.493s] -- Installing: /home/matteo/ros2_ws_git/src/install/realsense2_camera/share/realsense2_camera/examples/launch_params_from_file/rs_launch_get_params_from_yaml.py
[0.493s] -- Installing: /home/matteo/ros2_ws_git/src/install/realsense2_camera/share/realsense2_camera/examples/launch_params_from_file/README.md
[0.493s] -- Installing: /home/matteo/ros2_ws_git/src/install/realsense2_camera/share/realsense2_camera/examples/launch_params_from_file/config
[0.493s] -- Installing: /home/matteo/ros2_ws_git/src/install/realsense2_camera/share/realsense2_camera/examples/launch_params_from_file/config/config.yaml
[0.494s] -- Installing: /home/matteo/ros2_ws_git/src/install/realsense2_camera/share/realsense2_camera/examples/launch_from_rosbag
[0.494s] -- Installing: /home/matteo/ros2_ws_git/src/install/realsense2_camera/share/realsense2_camera/examples/launch_from_rosbag/README.md
[0.494s] -- Installing: /home/matteo/ros2_ws_git/src/install/realsense2_camera/share/realsense2_camera/examples/launch_from_rosbag/rs_launch_from_rosbag.py
[0.494s] -- Installing: /home/matteo/ros2_ws_git/src/install/realsense2_camera/share/realsense2_camera/examples/pointcloud
[0.495s] -- Installing: /home/matteo/ros2_ws_git/src/install/realsense2_camera/share/realsense2_camera/examples/pointcloud/rviz
[0.495s] -- Installing: /home/matteo/ros2_ws_git/src/install/realsense2_camera/share/realsense2_camera/examples/pointcloud/rviz/pointcloud.rviz
[0.495s] -- Installing: /home/matteo/ros2_ws_git/src/install/realsense2_camera/share/realsense2_camera/examples/pointcloud/rviz/urdf_pointcloud.rviz
[0.495s] -- Installing: /home/matteo/ros2_ws_git/src/install/realsense2_camera/share/realsense2_camera/examples/pointcloud/rs_pointcloud_launch.py
[0.495s] -- Installing: /home/matteo/ros2_ws_git/src/install/realsense2_camera/share/realsense2_camera/examples/pointcloud/README.md
[0.495s] -- Installing: /home/matteo/ros2_ws_git/src/install/realsense2_camera/share/realsense2_camera/examples/pointcloud/rs_d455_pointcloud_launch.py
[0.496s] -- Installing: /home/matteo/ros2_ws_git/src/install/realsense2_camera/share/realsense2_camera/examples/dual_camera
[0.496s] -- Installing: /home/matteo/ros2_ws_git/src/install/realsense2_camera/share/realsense2_camera/examples/dual_camera/rviz
[0.496s] -- Installing: /home/matteo/ros2_ws_git/src/install/realsense2_camera/share/realsense2_camera/examples/dual_camera/rviz/dual_camera_pointcloud.rviz
[0.496s] -- Installing: /home/matteo/ros2_ws_git/src/install/realsense2_camera/share/realsense2_camera/examples/dual_camera/rs_dual_camera_launch.py
[0.496s] -- Installing: /home/matteo/ros2_ws_git/src/install/realsense2_camera/share/realsense2_camera/examples/dual_camera/README.md
[0.496s] -- Installing: /home/matteo/ros2_ws_git/src/install/realsense2_camera/share/realsense2_camera/environment/library_path.sh
[0.496s] -- Installing: /home/matteo/ros2_ws_git/src/install/realsense2_camera/share/realsense2_camera/environment/library_path.dsv
[0.497s] -- Installing: /home/matteo/ros2_ws_git/src/install/realsense2_camera/share/ament_index/resource_index/package_run_dependencies/realsense2_camera
[0.497s] -- Installing: /home/matteo/ros2_ws_git/src/install/realsense2_camera/share/ament_index/resource_index/parent_prefix_path/realsense2_camera
[0.499s] -- Installing: /home/matteo/ros2_ws_git/src/install/realsense2_camera/share/realsense2_camera/environment/ament_prefix_path.sh
[0.500s] -- Installing: /home/matteo/ros2_ws_git/src/install/realsense2_camera/share/realsense2_camera/environment/ament_prefix_path.dsv
[0.500s] -- Installing: /home/matteo/ros2_ws_git/src/install/realsense2_camera/share/realsense2_camera/environment/path.sh
[0.500s] -- Installing: /home/matteo/ros2_ws_git/src/install/realsense2_camera/share/realsense2_camera/environment/path.dsv
[0.500s] -- Installing: /home/matteo/ros2_ws_git/src/install/realsense2_camera/share/realsense2_camera/local_setup.bash
[0.500s] -- Installing: /home/matteo/ros2_ws_git/src/install/realsense2_camera/share/realsense2_camera/local_setup.sh
[0.501s] -- Installing: /home/matteo/ros2_ws_git/src/install/realsense2_camera/share/realsense2_camera/local_setup.zsh
[0.501s] -- Installing: /home/matteo/ros2_ws_git/src/install/realsense2_camera/share/realsense2_camera/local_setup.dsv
[0.501s] -- Installing: /home/matteo/ros2_ws_git/src/install/realsense2_camera/share/realsense2_camera/package.dsv
[0.501s] -- Installing: /home/matteo/ros2_ws_git/src/install/realsense2_camera/share/ament_index/resource_index/packages/realsense2_camera
[0.501s] -- Installing: /home/matteo/ros2_ws_git/src/install/realsense2_camera/share/ament_index/resource_index/rclcpp_components/realsense2_camera
[0.502s] -- Installing: /home/matteo/ros2_ws_git/src/install/realsense2_camera/share/realsense2_camera/cmake/ament_cmake_export_include_directories-extras.cmake
[0.502s] -- Installing: /home/matteo/ros2_ws_git/src/install/realsense2_camera/share/realsense2_camera/cmake/ament_cmake_export_libraries-extras.cmake
[0.503s] -- Installing: /home/matteo/ros2_ws_git/src/install/realsense2_camera/share/realsense2_camera/cmake/ament_cmake_export_dependencies-extras.cmake
[0.503s] -- Installing: /home/matteo/ros2_ws_git/src/install/realsense2_camera/share/realsense2_camera/cmake/realsense2_cameraConfig.cmake
[0.504s] -- Installing: /home/matteo/ros2_ws_git/src/install/realsense2_camera/share/realsense2_camera/cmake/realsense2_cameraConfig-version.cmake
[0.504s] -- Installing: /home/matteo/ros2_ws_git/src/install/realsense2_camera/share/realsense2_camera/package.xml
[0.556s] Invoked command in '/home/matteo/ros2_ws_git/src/build/realsense2_camera' returned '0': AMENT_PREFIX_PATH=/home/matteo/ros2_ws_git/src/install/realsense2_camera_msgs:${AMENT_PREFIX_PATH} CMAKE_PREFIX_PATH=/home/matteo/ros2_ws_git/src/install/realsense2_camera_msgs:/home/matteo/ros2_ws_git/install/realsense2_description:/home/matteo/ros2_ws_git/install/realsense2_camera:/home/matteo/ros2_ws_git/install/realsense2_camera_msgs:/home/matteo/ros2_ws_git/install/optitrack2rviz:/home/matteo/ros2_ws_git/install/display_with_rviz2:/home/matteo/ros2_ws_git/install/computing_point_cloud:/home/matteo/ros2_ws_git/install/optitrack_interface:/opt/ros/humble LD_LIBRARY_PATH=/home/matteo/ros2_ws_git/src/install/realsense2_camera_msgs/lib:${LD_LIBRARY_PATH} PYTHONPATH=/home/matteo/ros2_ws_git/src/install/realsense2_camera_msgs/local/lib/python3.10/dist-packages:${PYTHONPATH} /usr/bin/cmake --install /home/matteo/ros2_ws_git/src/build/realsense2_camera
