[0.211s] Invoking command in '/home/matteo/ros2_ws_git/src/build/computing_point_cloud': CMAKE_PREFIX_PATH=${CMAKE_PREFIX_PATH}:/home/matteo/ros2_ws_git/install/optitrack_interface:/opt/ros/humble /usr/bin/cmake --build /home/matteo/ros2_ws_git/src/build/computing_point_cloud -- -j12 -l12
[0.326s] [35m[1mConsolidate compiler generated dependencies of target stl_point_cloud[0m
[0.332s] [35m[1mConsolidate compiler generated dependencies of target point_cloud_sub[0m
[0.335s] [35m[1mConsolidate compiler generated dependencies of target pc_stl_relationship[0m
[0.392s] [ 33%] Built target pc_stl_relationship
[0.405s] [ 66%] Built target point_cloud_sub
[0.411s] [ 83%] [32mBuilding CXX object CMakeFiles/stl_point_cloud.dir/src/stl_point_cloud.cpp.o[0m
[12.367s] [100%] [32m[1mLinking CXX executable stl_point_cloud[0m
[13.060s] [100%] Built target stl_point_cloud
[13.069s] Invoked command in '/home/matteo/ros2_ws_git/src/build/computing_point_cloud' returned '0': CMAKE_PREFIX_PATH=${CMAKE_PREFIX_PATH}:/home/matteo/ros2_ws_git/install/optitrack_interface:/opt/ros/humble /usr/bin/cmake --build /home/matteo/ros2_ws_git/src/build/computing_point_cloud -- -j12 -l12
[13.093s] Invoking command in '/home/matteo/ros2_ws_git/src/build/computing_point_cloud': CMAKE_PREFIX_PATH=${CMAKE_PREFIX_PATH}:/home/matteo/ros2_ws_git/install/optitrack_interface:/opt/ros/humble /usr/bin/cmake --install /home/matteo/ros2_ws_git/src/build/computing_point_cloud
[13.098s] -- Install configuration: ""
[13.098s] -- Installing: /home/matteo/ros2_ws_git/src/install/computing_point_cloud/lib/computing_point_cloud/point_cloud_sub
[13.101s] -- Set runtime path of "/home/matteo/ros2_ws_git/src/install/computing_point_cloud/lib/computing_point_cloud/point_cloud_sub" to ""
[13.101s] -- Installing: /home/matteo/ros2_ws_git/src/install/computing_point_cloud/lib/computing_point_cloud/pc_stl_relationship
[13.104s] -- Set runtime path of "/home/matteo/ros2_ws_git/src/install/computing_point_cloud/lib/computing_point_cloud/pc_stl_relationship" to ""
[13.104s] -- Installing: /home/matteo/ros2_ws_git/src/install/computing_point_cloud/lib/computing_point_cloud/stl_point_cloud
[13.107s] -- Set runtime path of "/home/matteo/ros2_ws_git/src/install/computing_point_cloud/lib/computing_point_cloud/stl_point_cloud" to ""
[13.108s] -- Installing: /home/matteo/ros2_ws_git/src/install/computing_point_cloud/share/ament_index/resource_index/package_run_dependencies/computing_point_cloud
[13.108s] -- Installing: /home/matteo/ros2_ws_git/src/install/computing_point_cloud/share/ament_index/resource_index/parent_prefix_path/computing_point_cloud
[13.108s] -- Installing: /home/matteo/ros2_ws_git/src/install/computing_point_cloud/share/computing_point_cloud/environment/ament_prefix_path.sh
[13.109s] -- Installing: /home/matteo/ros2_ws_git/src/install/computing_point_cloud/share/computing_point_cloud/environment/ament_prefix_path.dsv
[13.109s] -- Installing: /home/matteo/ros2_ws_git/src/install/computing_point_cloud/share/computing_point_cloud/environment/path.sh
[13.109s] -- Installing: /home/matteo/ros2_ws_git/src/install/computing_point_cloud/share/computing_point_cloud/environment/path.dsv
[13.109s] -- Installing: /home/matteo/ros2_ws_git/src/install/computing_point_cloud/share/computing_point_cloud/local_setup.bash
[13.109s] -- Installing: /home/matteo/ros2_ws_git/src/install/computing_point_cloud/share/computing_point_cloud/local_setup.sh
[13.109s] -- Installing: /home/matteo/ros2_ws_git/src/install/computing_point_cloud/share/computing_point_cloud/local_setup.zsh
[13.109s] -- Installing: /home/matteo/ros2_ws_git/src/install/computing_point_cloud/share/computing_point_cloud/local_setup.dsv
[13.110s] -- Installing: /home/matteo/ros2_ws_git/src/install/computing_point_cloud/share/computing_point_cloud/package.dsv
[13.110s] -- Installing: /home/matteo/ros2_ws_git/src/install/computing_point_cloud/share/ament_index/resource_index/packages/computing_point_cloud
[13.110s] -- Installing: /home/matteo/ros2_ws_git/src/install/computing_point_cloud/share/computing_point_cloud/cmake/computing_point_cloudConfig.cmake
[13.110s] -- Installing: /home/matteo/ros2_ws_git/src/install/computing_point_cloud/share/computing_point_cloud/cmake/computing_point_cloudConfig-version.cmake
[13.110s] -- Installing: /home/matteo/ros2_ws_git/src/install/computing_point_cloud/share/computing_point_cloud/package.xml
[13.113s] Invoked command in '/home/matteo/ros2_ws_git/src/build/computing_point_cloud' returned '0': CMAKE_PREFIX_PATH=${CMAKE_PREFIX_PATH}:/home/matteo/ros2_ws_git/install/optitrack_interface:/opt/ros/humble /usr/bin/cmake --install /home/matteo/ros2_ws_git/src/build/computing_point_cloud
