running egg_info
creating ../build/optitrack_interface/optitrack_interface.egg-info
writing ../build/optitrack_interface/optitrack_interface.egg-info/PKG-INFO
writing dependency_links to ../build/optitrack_interface/optitrack_interface.egg-info/dependency_links.txt
writing entry points to ../build/optitrack_interface/optitrack_interface.egg-info/entry_points.txt
writing requirements to ../build/optitrack_interface/optitrack_interface.egg-info/requires.txt
writing top-level names to ../build/optitrack_interface/optitrack_interface.egg-info/top_level.txt
writing manifest file '../build/optitrack_interface/optitrack_interface.egg-info/SOURCES.txt'
reading manifest file '../build/optitrack_interface/optitrack_interface.egg-info/SOURCES.txt'
writing manifest file '../build/optitrack_interface/optitrack_interface.egg-info/SOURCES.txt'
running build
running build_py
creating /home/matteo/ros2_ws_git/src/build/optitrack_interface/build
creating /home/matteo/ros2_ws_git/src/build/optitrack_interface/build/lib
creating /home/matteo/ros2_ws_git/src/build/optitrack_interface/build/lib/optitrack_interface
copying optitrack_interface/__init__.py -> /home/matteo/ros2_ws_git/src/build/optitrack_interface/build/lib/optitrack_interface
copying optitrack_interface/nat_net_client.py -> /home/matteo/ros2_ws_git/src/build/optitrack_interface/build/lib/optitrack_interface
copying optitrack_interface/optitrack.py -> /home/matteo/ros2_ws_git/src/build/optitrack_interface/build/lib/optitrack_interface
running install
/usr/lib/python3/dist-packages/setuptools/command/install.py:34: SetuptoolsDeprecationWarning: setup.py install is deprecated. Use build and pip and other standards-based tools.
  warnings.warn(
running install_lib
creating /home/matteo/ros2_ws_git/src/install/optitrack_interface/lib/python3.10/site-packages/optitrack_interface
copying /home/matteo/ros2_ws_git/src/build/optitrack_interface/build/lib/optitrack_interface/__init__.py -> /home/matteo/ros2_ws_git/src/install/optitrack_interface/lib/python3.10/site-packages/optitrack_interface
copying /home/matteo/ros2_ws_git/src/build/optitrack_interface/build/lib/optitrack_interface/nat_net_client.py -> /home/matteo/ros2_ws_git/src/install/optitrack_interface/lib/python3.10/site-packages/optitrack_interface
copying /home/matteo/ros2_ws_git/src/build/optitrack_interface/build/lib/optitrack_interface/optitrack.py -> /home/matteo/ros2_ws_git/src/install/optitrack_interface/lib/python3.10/site-packages/optitrack_interface
byte-compiling /home/matteo/ros2_ws_git/src/install/optitrack_interface/lib/python3.10/site-packages/optitrack_interface/__init__.py to __init__.cpython-310.pyc
byte-compiling /home/matteo/ros2_ws_git/src/install/optitrack_interface/lib/python3.10/site-packages/optitrack_interface/nat_net_client.py to nat_net_client.cpython-310.pyc
byte-compiling /home/matteo/ros2_ws_git/src/install/optitrack_interface/lib/python3.10/site-packages/optitrack_interface/optitrack.py to optitrack.cpython-310.pyc
running install_data
creating /home/matteo/ros2_ws_git/src/install/optitrack_interface/share/ament_index
creating /home/matteo/ros2_ws_git/src/install/optitrack_interface/share/ament_index/resource_index
creating /home/matteo/ros2_ws_git/src/install/optitrack_interface/share/ament_index/resource_index/packages
copying resource/optitrack_interface -> /home/matteo/ros2_ws_git/src/install/optitrack_interface/share/ament_index/resource_index/packages
copying package.xml -> /home/matteo/ros2_ws_git/src/install/optitrack_interface/share/optitrack_interface
running install_egg_info
Copying ../build/optitrack_interface/optitrack_interface.egg-info to /home/matteo/ros2_ws_git/src/install/optitrack_interface/lib/python3.10/site-packages/optitrack_interface-0.0.0-py3.10.egg-info
running install_scripts
Installing optitrack script to /home/matteo/ros2_ws_git/src/install/optitrack_interface/lib/optitrack_interface
writing list of installed files to '/home/matteo/ros2_ws_git/src/build/optitrack_interface/install.log'
