[1.209s] Invoking command in '/home/matteo/ros2_ws_git/src/optitrack_interface': PYTHONPATH=/home/matteo/ros2_ws_git/src/build/optitrack_interface/prefix_override:/home/matteo/ros2_ws_git/src/install/optitrack_interface/lib/python3.10/site-packages:${PYTHONPATH} /usr/bin/python3 setup.py egg_info --egg-base ../build/optitrack_interface build --build-base /home/matteo/ros2_ws_git/src/build/optitrack_interface/build install --record /home/matteo/ros2_ws_git/src/build/optitrack_interface/install.log --single-version-externally-managed
[1.530s] running egg_info
[1.530s] creating ../build/optitrack_interface/optitrack_interface.egg-info
[1.531s] writing ../build/optitrack_interface/optitrack_interface.egg-info/PKG-INFO
[1.531s] writing dependency_links to ../build/optitrack_interface/optitrack_interface.egg-info/dependency_links.txt
[1.531s] writing entry points to ../build/optitrack_interface/optitrack_interface.egg-info/entry_points.txt
[1.532s] writing requirements to ../build/optitrack_interface/optitrack_interface.egg-info/requires.txt
[1.532s] writing top-level names to ../build/optitrack_interface/optitrack_interface.egg-info/top_level.txt
[1.532s] writing manifest file '../build/optitrack_interface/optitrack_interface.egg-info/SOURCES.txt'
[1.533s] reading manifest file '../build/optitrack_interface/optitrack_interface.egg-info/SOURCES.txt'
[1.533s] writing manifest file '../build/optitrack_interface/optitrack_interface.egg-info/SOURCES.txt'
[1.533s] running build
[1.534s] running build_py
[1.534s] creating /home/matteo/ros2_ws_git/src/build/optitrack_interface/build
[1.534s] creating /home/matteo/ros2_ws_git/src/build/optitrack_interface/build/lib
[1.534s] creating /home/matteo/ros2_ws_git/src/build/optitrack_interface/build/lib/optitrack_interface
[1.534s] copying optitrack_interface/__init__.py -> /home/matteo/ros2_ws_git/src/build/optitrack_interface/build/lib/optitrack_interface
[1.534s] copying optitrack_interface/nat_net_client.py -> /home/matteo/ros2_ws_git/src/build/optitrack_interface/build/lib/optitrack_interface
[1.535s] copying optitrack_interface/optitrack.py -> /home/matteo/ros2_ws_git/src/build/optitrack_interface/build/lib/optitrack_interface
[1.536s] running install
[1.537s] /usr/lib/python3/dist-packages/setuptools/command/install.py:34: SetuptoolsDeprecationWarning: setup.py install is deprecated. Use build and pip and other standards-based tools.
[1.537s]   warnings.warn(
[1.538s] running install_lib
[1.539s] creating /home/matteo/ros2_ws_git/src/install/optitrack_interface/lib/python3.10/site-packages/optitrack_interface
[1.539s] copying /home/matteo/ros2_ws_git/src/build/optitrack_interface/build/lib/optitrack_interface/__init__.py -> /home/matteo/ros2_ws_git/src/install/optitrack_interface/lib/python3.10/site-packages/optitrack_interface
[1.539s] copying /home/matteo/ros2_ws_git/src/build/optitrack_interface/build/lib/optitrack_interface/nat_net_client.py -> /home/matteo/ros2_ws_git/src/install/optitrack_interface/lib/python3.10/site-packages/optitrack_interface
[1.540s] copying /home/matteo/ros2_ws_git/src/build/optitrack_interface/build/lib/optitrack_interface/optitrack.py -> /home/matteo/ros2_ws_git/src/install/optitrack_interface/lib/python3.10/site-packages/optitrack_interface
[1.540s] byte-compiling /home/matteo/ros2_ws_git/src/install/optitrack_interface/lib/python3.10/site-packages/optitrack_interface/__init__.py to __init__.cpython-310.pyc
[1.541s] byte-compiling /home/matteo/ros2_ws_git/src/install/optitrack_interface/lib/python3.10/site-packages/optitrack_interface/nat_net_client.py to nat_net_client.cpython-310.pyc
[1.545s] byte-compiling /home/matteo/ros2_ws_git/src/install/optitrack_interface/lib/python3.10/site-packages/optitrack_interface/optitrack.py to optitrack.cpython-310.pyc
[1.546s] running install_data
[1.547s] creating /home/matteo/ros2_ws_git/src/install/optitrack_interface/share/ament_index
[1.547s] creating /home/matteo/ros2_ws_git/src/install/optitrack_interface/share/ament_index/resource_index
[1.547s] creating /home/matteo/ros2_ws_git/src/install/optitrack_interface/share/ament_index/resource_index/packages
[1.547s] copying resource/optitrack_interface -> /home/matteo/ros2_ws_git/src/install/optitrack_interface/share/ament_index/resource_index/packages
[1.547s] copying package.xml -> /home/matteo/ros2_ws_git/src/install/optitrack_interface/share/optitrack_interface
[1.547s] running install_egg_info
[1.550s] Copying ../build/optitrack_interface/optitrack_interface.egg-info to /home/matteo/ros2_ws_git/src/install/optitrack_interface/lib/python3.10/site-packages/optitrack_interface-0.0.0-py3.10.egg-info
[1.552s] running install_scripts
[1.585s] Installing optitrack script to /home/matteo/ros2_ws_git/src/install/optitrack_interface/lib/optitrack_interface
[1.586s] writing list of installed files to '/home/matteo/ros2_ws_git/src/build/optitrack_interface/install.log'
[1.621s] Invoked command in '/home/matteo/ros2_ws_git/src/optitrack_interface' returned '0': PYTHONPATH=/home/matteo/ros2_ws_git/src/build/optitrack_interface/prefix_override:/home/matteo/ros2_ws_git/src/install/optitrack_interface/lib/python3.10/site-packages:${PYTHONPATH} /usr/bin/python3 setup.py egg_info --egg-base ../build/optitrack_interface build --build-base /home/matteo/ros2_ws_git/src/build/optitrack_interface/build install --record /home/matteo/ros2_ws_git/src/build/optitrack_interface/install.log --single-version-externally-managed
