[0.868s] DEBUG:colcon:Command line arguments: ['/usr/bin/colcon', 'build']
[0.868s] DEBUG:colcon:Parsed command line arguments: Namespace(log_base=None, log_level=None, verb_name='build', build_base='build', install_base='install', merge_install=False, symlink_install=False, test_result_base=None, continue_on_error=False, executor='parallel', parallel_workers=12, event_handlers=None, ignore_user_meta=False, metas=['./colcon.meta'], base_paths=['.'], packages_ignore=None, packages_ignore_regex=None, paths=None, packages_up_to=None, packages_up_to_regex=None, packages_above=None, packages_above_and_dependencies=None, packages_above_depth=None, packages_select_by_dep=None, packages_skip_by_dep=None, packages_skip_up_to=None, packages_select_build_failed=False, packages_skip_build_finished=False, packages_select_test_failures=False, packages_skip_test_passed=False, packages_select=None, packages_skip=None, packages_select_regex=None, packages_skip_regex=None, packages_start=None, packages_end=None, allow_overriding=[], cmake_args=None, cmake_target=None, cmake_target_skip_unavailable=False, cmake_clean_cache=False, cmake_clean_first=False, cmake_force_configure=False, ament_cmake_args=None, catkin_cmake_args=None, catkin_skip_building_tests=False, verb_parser=<colcon_defaults.argument_parser.defaults.DefaultArgumentsDecorator object at 0x7f2dab9b9ff0>, verb_extension=<colcon_core.verb.build.BuildVerb object at 0x7f2dab9ba920>, main=<bound method BuildVerb.main of <colcon_core.verb.build.BuildVerb object at 0x7f2dab9ba920>>)
[0.929s] Level 1:colcon.colcon_core.package_discovery:discover_packages(colcon_meta) check parameters
[0.929s] Level 1:colcon.colcon_core.package_discovery:discover_packages(recursive) check parameters
[0.929s] Level 1:colcon.colcon_core.package_discovery:discover_packages(ignore) check parameters
[0.929s] Level 1:colcon.colcon_core.package_discovery:discover_packages(path) check parameters
[0.929s] Level 1:colcon.colcon_core.package_discovery:discover_packages(colcon_meta) discover
[0.929s] Level 1:colcon.colcon_core.package_discovery:discover_packages(recursive) discover
[0.930s] INFO:colcon.colcon_core.package_discovery:Crawling recursively for packages in '/home/matteo/ros2_ws_git/src'
[0.930s] Level 1:colcon.colcon_core.package_identification:_identify(.) by extensions ['ignore', 'ignore_ament_install']
[0.930s] Level 1:colcon.colcon_core.package_identification:_identify(.) by extension 'ignore'
[0.930s] Level 1:colcon.colcon_core.package_identification:_identify(.) by extension 'ignore_ament_install'
[0.930s] Level 1:colcon.colcon_core.package_identification:_identify(.) by extensions ['colcon_pkg']
[0.930s] Level 1:colcon.colcon_core.package_identification:_identify(.) by extension 'colcon_pkg'
[0.930s] Level 1:colcon.colcon_core.package_identification:_identify(.) by extensions ['colcon_meta']
[0.930s] Level 1:colcon.colcon_core.package_identification:_identify(.) by extension 'colcon_meta'
[0.930s] Level 1:colcon.colcon_core.package_identification:_identify(.) by extensions ['ros']
[0.930s] Level 1:colcon.colcon_core.package_identification:_identify(.) by extension 'ros'
[0.939s] Level 1:colcon.colcon_core.package_identification:_identify(.) by extensions ['cmake', 'python']
[0.940s] Level 1:colcon.colcon_core.package_identification:_identify(.) by extension 'cmake'
[0.940s] Level 1:colcon.colcon_core.package_identification:_identify(.) by extension 'python'
[0.940s] Level 1:colcon.colcon_core.package_identification:_identify(.) by extensions ['python_setup_py']
[0.940s] Level 1:colcon.colcon_core.package_identification:_identify(.) by extension 'python_setup_py'
[0.940s] Level 1:colcon.colcon_core.package_identification:_identify(build) by extensions ['ignore', 'ignore_ament_install']
[0.940s] Level 1:colcon.colcon_core.package_identification:_identify(build) by extension 'ignore'
[0.940s] Level 1:colcon.colcon_core.package_identification:_identify(build) ignored
[0.940s] Level 1:colcon.colcon_core.package_identification:_identify(computing_point_cloud) by extensions ['ignore', 'ignore_ament_install']
[0.940s] Level 1:colcon.colcon_core.package_identification:_identify(computing_point_cloud) by extension 'ignore'
[0.940s] Level 1:colcon.colcon_core.package_identification:_identify(computing_point_cloud) by extension 'ignore_ament_install'
[0.940s] Level 1:colcon.colcon_core.package_identification:_identify(computing_point_cloud) by extensions ['colcon_pkg']
[0.940s] Level 1:colcon.colcon_core.package_identification:_identify(computing_point_cloud) by extension 'colcon_pkg'
[0.940s] Level 1:colcon.colcon_core.package_identification:_identify(computing_point_cloud) by extensions ['colcon_meta']
[0.940s] Level 1:colcon.colcon_core.package_identification:_identify(computing_point_cloud) by extension 'colcon_meta'
[0.940s] Level 1:colcon.colcon_core.package_identification:_identify(computing_point_cloud) by extensions ['ros']
[0.940s] Level 1:colcon.colcon_core.package_identification:_identify(computing_point_cloud) by extension 'ros'
[0.942s] DEBUG:colcon.colcon_core.package_identification:Package 'computing_point_cloud' with type 'ros.ament_cmake' and name 'computing_point_cloud'
[0.942s] Level 1:colcon.colcon_core.package_identification:_identify(display_with_rviz2) by extensions ['ignore', 'ignore_ament_install']
[0.942s] Level 1:colcon.colcon_core.package_identification:_identify(display_with_rviz2) by extension 'ignore'
[0.943s] Level 1:colcon.colcon_core.package_identification:_identify(display_with_rviz2) by extension 'ignore_ament_install'
[0.943s] Level 1:colcon.colcon_core.package_identification:_identify(display_with_rviz2) by extensions ['colcon_pkg']
[0.943s] Level 1:colcon.colcon_core.package_identification:_identify(display_with_rviz2) by extension 'colcon_pkg'
[0.943s] Level 1:colcon.colcon_core.package_identification:_identify(display_with_rviz2) by extensions ['colcon_meta']
[0.943s] Level 1:colcon.colcon_core.package_identification:_identify(display_with_rviz2) by extension 'colcon_meta'
[0.943s] Level 1:colcon.colcon_core.package_identification:_identify(display_with_rviz2) by extensions ['ros']
[0.943s] Level 1:colcon.colcon_core.package_identification:_identify(display_with_rviz2) by extension 'ros'
[0.943s] DEBUG:colcon.colcon_core.package_identification:Package 'display_with_rviz2' with type 'ros.ament_cmake' and name 'display_with_rviz2'
[0.944s] Level 1:colcon.colcon_core.package_identification:_identify(install) by extensions ['ignore', 'ignore_ament_install']
[0.944s] Level 1:colcon.colcon_core.package_identification:_identify(install) by extension 'ignore'
[0.944s] Level 1:colcon.colcon_core.package_identification:_identify(install) ignored
[0.944s] Level 1:colcon.colcon_core.package_identification:_identify(log) by extensions ['ignore', 'ignore_ament_install']
[0.944s] Level 1:colcon.colcon_core.package_identification:_identify(log) by extension 'ignore'
[0.944s] Level 1:colcon.colcon_core.package_identification:_identify(log) ignored
[0.944s] Level 1:colcon.colcon_core.package_identification:_identify(optitrack2rviz) by extensions ['ignore', 'ignore_ament_install']
[0.944s] Level 1:colcon.colcon_core.package_identification:_identify(optitrack2rviz) by extension 'ignore'
[0.944s] Level 1:colcon.colcon_core.package_identification:_identify(optitrack2rviz) by extension 'ignore_ament_install'
[0.944s] Level 1:colcon.colcon_core.package_identification:_identify(optitrack2rviz) by extensions ['colcon_pkg']
[0.944s] Level 1:colcon.colcon_core.package_identification:_identify(optitrack2rviz) by extension 'colcon_pkg'
[0.944s] Level 1:colcon.colcon_core.package_identification:_identify(optitrack2rviz) by extensions ['colcon_meta']
[0.944s] Level 1:colcon.colcon_core.package_identification:_identify(optitrack2rviz) by extension 'colcon_meta'
[0.944s] Level 1:colcon.colcon_core.package_identification:_identify(optitrack2rviz) by extensions ['ros']
[0.944s] Level 1:colcon.colcon_core.package_identification:_identify(optitrack2rviz) by extension 'ros'
[0.945s] DEBUG:colcon.colcon_core.package_identification:Package 'optitrack2rviz' with type 'ros.ament_cmake' and name 'optitrack2rviz'
[0.945s] Level 1:colcon.colcon_core.package_identification:_identify(optitrack_interface) by extensions ['ignore', 'ignore_ament_install']
[0.945s] Level 1:colcon.colcon_core.package_identification:_identify(optitrack_interface) by extension 'ignore'
[0.945s] Level 1:colcon.colcon_core.package_identification:_identify(optitrack_interface) by extension 'ignore_ament_install'
[0.945s] Level 1:colcon.colcon_core.package_identification:_identify(optitrack_interface) by extensions ['colcon_pkg']
[0.945s] Level 1:colcon.colcon_core.package_identification:_identify(optitrack_interface) by extension 'colcon_pkg'
[0.945s] Level 1:colcon.colcon_core.package_identification:_identify(optitrack_interface) by extensions ['colcon_meta']
[0.945s] Level 1:colcon.colcon_core.package_identification:_identify(optitrack_interface) by extension 'colcon_meta'
[0.945s] Level 1:colcon.colcon_core.package_identification:_identify(optitrack_interface) by extensions ['ros']
[0.945s] Level 1:colcon.colcon_core.package_identification:_identify(optitrack_interface) by extension 'ros'
[0.946s] DEBUG:colcon.colcon_core.package_identification:Package 'optitrack_interface' with type 'ros.ament_python' and name 'optitrack_interface'
[0.946s] Level 1:colcon.colcon_core.package_identification:_identify(realsense-ros) by extensions ['ignore', 'ignore_ament_install']
[0.946s] Level 1:colcon.colcon_core.package_identification:_identify(realsense-ros) by extension 'ignore'
[0.946s] Level 1:colcon.colcon_core.package_identification:_identify(realsense-ros) by extension 'ignore_ament_install'
[0.946s] Level 1:colcon.colcon_core.package_identification:_identify(realsense-ros) by extensions ['colcon_pkg']
[0.946s] Level 1:colcon.colcon_core.package_identification:_identify(realsense-ros) by extension 'colcon_pkg'
[0.946s] Level 1:colcon.colcon_core.package_identification:_identify(realsense-ros) by extensions ['colcon_meta']
[0.946s] Level 1:colcon.colcon_core.package_identification:_identify(realsense-ros) by extension 'colcon_meta'
[0.946s] Level 1:colcon.colcon_core.package_identification:_identify(realsense-ros) by extensions ['ros']
[0.946s] Level 1:colcon.colcon_core.package_identification:_identify(realsense-ros) by extension 'ros'
[0.946s] Level 1:colcon.colcon_core.package_identification:_identify(realsense-ros) by extensions ['cmake', 'python']
[0.946s] Level 1:colcon.colcon_core.package_identification:_identify(realsense-ros) by extension 'cmake'
[0.946s] Level 1:colcon.colcon_core.package_identification:_identify(realsense-ros) by extension 'python'
[0.946s] Level 1:colcon.colcon_core.package_identification:_identify(realsense-ros) by extensions ['python_setup_py']
[0.946s] Level 1:colcon.colcon_core.package_identification:_identify(realsense-ros) by extension 'python_setup_py'
[0.947s] Level 1:colcon.colcon_core.package_identification:_identify(realsense-ros/realsense2_camera) by extensions ['ignore', 'ignore_ament_install']
[0.947s] Level 1:colcon.colcon_core.package_identification:_identify(realsense-ros/realsense2_camera) by extension 'ignore'
[0.947s] Level 1:colcon.colcon_core.package_identification:_identify(realsense-ros/realsense2_camera) by extension 'ignore_ament_install'
[0.947s] Level 1:colcon.colcon_core.package_identification:_identify(realsense-ros/realsense2_camera) by extensions ['colcon_pkg']
[0.947s] Level 1:colcon.colcon_core.package_identification:_identify(realsense-ros/realsense2_camera) by extension 'colcon_pkg'
[0.947s] Level 1:colcon.colcon_core.package_identification:_identify(realsense-ros/realsense2_camera) by extensions ['colcon_meta']
[0.947s] Level 1:colcon.colcon_core.package_identification:_identify(realsense-ros/realsense2_camera) by extension 'colcon_meta'
[0.947s] Level 1:colcon.colcon_core.package_identification:_identify(realsense-ros/realsense2_camera) by extensions ['ros']
[0.947s] Level 1:colcon.colcon_core.package_identification:_identify(realsense-ros/realsense2_camera) by extension 'ros'
[0.948s] DEBUG:colcon.colcon_core.package_identification:Package 'realsense-ros/realsense2_camera' with type 'ros.ament_cmake' and name 'realsense2_camera'
[0.948s] Level 1:colcon.colcon_core.package_identification:_identify(realsense-ros/realsense2_camera_msgs) by extensions ['ignore', 'ignore_ament_install']
[0.948s] Level 1:colcon.colcon_core.package_identification:_identify(realsense-ros/realsense2_camera_msgs) by extension 'ignore'
[0.948s] Level 1:colcon.colcon_core.package_identification:_identify(realsense-ros/realsense2_camera_msgs) by extension 'ignore_ament_install'
[0.949s] Level 1:colcon.colcon_core.package_identification:_identify(realsense-ros/realsense2_camera_msgs) by extensions ['colcon_pkg']
[0.949s] Level 1:colcon.colcon_core.package_identification:_identify(realsense-ros/realsense2_camera_msgs) by extension 'colcon_pkg'
[0.949s] Level 1:colcon.colcon_core.package_identification:_identify(realsense-ros/realsense2_camera_msgs) by extensions ['colcon_meta']
[0.949s] Level 1:colcon.colcon_core.package_identification:_identify(realsense-ros/realsense2_camera_msgs) by extension 'colcon_meta'
[0.949s] Level 1:colcon.colcon_core.package_identification:_identify(realsense-ros/realsense2_camera_msgs) by extensions ['ros']
[0.949s] Level 1:colcon.colcon_core.package_identification:_identify(realsense-ros/realsense2_camera_msgs) by extension 'ros'
[0.950s] DEBUG:colcon.colcon_core.package_identification:Package 'realsense-ros/realsense2_camera_msgs' with type 'ros.ament_cmake' and name 'realsense2_camera_msgs'
[0.950s] Level 1:colcon.colcon_core.package_identification:_identify(realsense-ros/realsense2_description) by extensions ['ignore', 'ignore_ament_install']
[0.950s] Level 1:colcon.colcon_core.package_identification:_identify(realsense-ros/realsense2_description) by extension 'ignore'
[0.950s] Level 1:colcon.colcon_core.package_identification:_identify(realsense-ros/realsense2_description) by extension 'ignore_ament_install'
[0.950s] Level 1:colcon.colcon_core.package_identification:_identify(realsense-ros/realsense2_description) by extensions ['colcon_pkg']
[0.950s] Level 1:colcon.colcon_core.package_identification:_identify(realsense-ros/realsense2_description) by extension 'colcon_pkg'
[0.950s] Level 1:colcon.colcon_core.package_identification:_identify(realsense-ros/realsense2_description) by extensions ['colcon_meta']
[0.951s] Level 1:colcon.colcon_core.package_identification:_identify(realsense-ros/realsense2_description) by extension 'colcon_meta'
[0.951s] Level 1:colcon.colcon_core.package_identification:_identify(realsense-ros/realsense2_description) by extensions ['ros']
[0.951s] Level 1:colcon.colcon_core.package_identification:_identify(realsense-ros/realsense2_description) by extension 'ros'
[0.953s] DEBUG:colcon.colcon_core.package_identification:Package 'realsense-ros/realsense2_description' with type 'ros.ament_cmake' and name 'realsense2_description'
[0.954s] Level 1:colcon.colcon_core.package_identification:_identify(realsense-ros/scripts) by extensions ['ignore', 'ignore_ament_install']
[0.954s] Level 1:colcon.colcon_core.package_identification:_identify(realsense-ros/scripts) by extension 'ignore'
[0.954s] Level 1:colcon.colcon_core.package_identification:_identify(realsense-ros/scripts) by extension 'ignore_ament_install'
[0.954s] Level 1:colcon.colcon_core.package_identification:_identify(realsense-ros/scripts) by extensions ['colcon_pkg']
[0.954s] Level 1:colcon.colcon_core.package_identification:_identify(realsense-ros/scripts) by extension 'colcon_pkg'
[0.954s] Level 1:colcon.colcon_core.package_identification:_identify(realsense-ros/scripts) by extensions ['colcon_meta']
[0.954s] Level 1:colcon.colcon_core.package_identification:_identify(realsense-ros/scripts) by extension 'colcon_meta'
[0.954s] Level 1:colcon.colcon_core.package_identification:_identify(realsense-ros/scripts) by extensions ['ros']
[0.954s] Level 1:colcon.colcon_core.package_identification:_identify(realsense-ros/scripts) by extension 'ros'
[0.954s] Level 1:colcon.colcon_core.package_identification:_identify(realsense-ros/scripts) by extensions ['cmake', 'python']
[0.954s] Level 1:colcon.colcon_core.package_identification:_identify(realsense-ros/scripts) by extension 'cmake'
[0.955s] Level 1:colcon.colcon_core.package_identification:_identify(realsense-ros/scripts) by extension 'python'
[0.955s] Level 1:colcon.colcon_core.package_identification:_identify(realsense-ros/scripts) by extensions ['python_setup_py']
[0.955s] Level 1:colcon.colcon_core.package_identification:_identify(realsense-ros/scripts) by extension 'python_setup_py'
[0.955s] Level 1:colcon.colcon_core.package_identification:_identify(zed-ros2-wrapper) by extensions ['ignore', 'ignore_ament_install']
[0.955s] Level 1:colcon.colcon_core.package_identification:_identify(zed-ros2-wrapper) by extension 'ignore'
[0.955s] Level 1:colcon.colcon_core.package_identification:_identify(zed-ros2-wrapper) by extension 'ignore_ament_install'
[0.955s] Level 1:colcon.colcon_core.package_identification:_identify(zed-ros2-wrapper) by extensions ['colcon_pkg']
[0.955s] Level 1:colcon.colcon_core.package_identification:_identify(zed-ros2-wrapper) by extension 'colcon_pkg'
[0.955s] Level 1:colcon.colcon_core.package_identification:_identify(zed-ros2-wrapper) by extensions ['colcon_meta']
[0.955s] Level 1:colcon.colcon_core.package_identification:_identify(zed-ros2-wrapper) by extension 'colcon_meta'
[0.955s] Level 1:colcon.colcon_core.package_identification:_identify(zed-ros2-wrapper) by extensions ['ros']
[0.955s] Level 1:colcon.colcon_core.package_identification:_identify(zed-ros2-wrapper) by extension 'ros'
[0.956s] Level 1:colcon.colcon_core.package_identification:_identify(zed-ros2-wrapper) by extensions ['cmake', 'python']
[0.956s] Level 1:colcon.colcon_core.package_identification:_identify(zed-ros2-wrapper) by extension 'cmake'
[0.956s] Level 1:colcon.colcon_core.package_identification:_identify(zed-ros2-wrapper) by extension 'python'
[0.956s] Level 1:colcon.colcon_core.package_identification:_identify(zed-ros2-wrapper) by extensions ['python_setup_py']
[0.956s] Level 1:colcon.colcon_core.package_identification:_identify(zed-ros2-wrapper) by extension 'python_setup_py'
[0.956s] Level 1:colcon.colcon_core.package_discovery:discover_packages(recursive) using defaults
[0.956s] Level 1:colcon.colcon_core.package_discovery:discover_packages(ignore) discover
[0.956s] Level 1:colcon.colcon_core.package_discovery:discover_packages(ignore) using defaults
[0.956s] Level 1:colcon.colcon_core.package_discovery:discover_packages(path) discover
[0.956s] Level 1:colcon.colcon_core.package_discovery:discover_packages(path) using defaults
[1.032s] Level 1:colcon.colcon_core.package_discovery:discover_packages(prefix_path) check parameters
[1.032s] Level 1:colcon.colcon_core.package_discovery:discover_packages(prefix_path) discover
[1.053s] DEBUG:colcon.colcon_installed_package_information.package_discovery:Found 7 installed packages in /home/matteo/ros2_ws_git/install
[1.061s] DEBUG:colcon.colcon_installed_package_information.package_discovery:Found 335 installed packages in /opt/ros/humble
[1.062s] Level 1:colcon.colcon_core.package_discovery:discover_packages(prefix_path) using defaults
[1.269s] Level 5:colcon.colcon_core.verb:set package 'computing_point_cloud' build argument 'cmake_args' from command line to 'None'
[1.269s] Level 5:colcon.colcon_core.verb:set package 'computing_point_cloud' build argument 'cmake_target' from command line to 'None'
[1.269s] Level 5:colcon.colcon_core.verb:set package 'computing_point_cloud' build argument 'cmake_target_skip_unavailable' from command line to 'False'
[1.269s] Level 5:colcon.colcon_core.verb:set package 'computing_point_cloud' build argument 'cmake_clean_cache' from command line to 'False'
[1.269s] Level 5:colcon.colcon_core.verb:set package 'computing_point_cloud' build argument 'cmake_clean_first' from command line to 'False'
[1.269s] Level 5:colcon.colcon_core.verb:set package 'computing_point_cloud' build argument 'cmake_force_configure' from command line to 'False'
[1.269s] Level 5:colcon.colcon_core.verb:set package 'computing_point_cloud' build argument 'ament_cmake_args' from command line to 'None'
[1.269s] Level 5:colcon.colcon_core.verb:set package 'computing_point_cloud' build argument 'catkin_cmake_args' from command line to 'None'
[1.269s] Level 5:colcon.colcon_core.verb:set package 'computing_point_cloud' build argument 'catkin_skip_building_tests' from command line to 'False'
[1.269s] DEBUG:colcon.colcon_core.verb:Building package 'computing_point_cloud' with the following arguments: {'ament_cmake_args': None, 'build_base': '/home/matteo/ros2_ws_git/src/build/computing_point_cloud', 'catkin_cmake_args': None, 'catkin_skip_building_tests': False, 'cmake_args': None, 'cmake_clean_cache': False, 'cmake_clean_first': False, 'cmake_force_configure': False, 'cmake_target': None, 'cmake_target_skip_unavailable': False, 'install_base': '/home/matteo/ros2_ws_git/src/install/computing_point_cloud', 'merge_install': False, 'path': '/home/matteo/ros2_ws_git/src/computing_point_cloud', 'symlink_install': False, 'test_result_base': None}
[1.281s] Level 5:colcon.colcon_core.verb:set package 'display_with_rviz2' build argument 'cmake_args' from command line to 'None'
[1.281s] Level 5:colcon.colcon_core.verb:set package 'display_with_rviz2' build argument 'cmake_target' from command line to 'None'
[1.281s] Level 5:colcon.colcon_core.verb:set package 'display_with_rviz2' build argument 'cmake_target_skip_unavailable' from command line to 'False'
[1.281s] Level 5:colcon.colcon_core.verb:set package 'display_with_rviz2' build argument 'cmake_clean_cache' from command line to 'False'
[1.281s] Level 5:colcon.colcon_core.verb:set package 'display_with_rviz2' build argument 'cmake_clean_first' from command line to 'False'
[1.281s] Level 5:colcon.colcon_core.verb:set package 'display_with_rviz2' build argument 'cmake_force_configure' from command line to 'False'
[1.281s] Level 5:colcon.colcon_core.verb:set package 'display_with_rviz2' build argument 'ament_cmake_args' from command line to 'None'
[1.281s] Level 5:colcon.colcon_core.verb:set package 'display_with_rviz2' build argument 'catkin_cmake_args' from command line to 'None'
[1.281s] Level 5:colcon.colcon_core.verb:set package 'display_with_rviz2' build argument 'catkin_skip_building_tests' from command line to 'False'
[1.281s] DEBUG:colcon.colcon_core.verb:Building package 'display_with_rviz2' with the following arguments: {'ament_cmake_args': None, 'build_base': '/home/matteo/ros2_ws_git/src/build/display_with_rviz2', 'catkin_cmake_args': None, 'catkin_skip_building_tests': False, 'cmake_args': None, 'cmake_clean_cache': False, 'cmake_clean_first': False, 'cmake_force_configure': False, 'cmake_target': None, 'cmake_target_skip_unavailable': False, 'install_base': '/home/matteo/ros2_ws_git/src/install/display_with_rviz2', 'merge_install': False, 'path': '/home/matteo/ros2_ws_git/src/display_with_rviz2', 'symlink_install': False, 'test_result_base': None}
[1.293s] Level 5:colcon.colcon_core.verb:set package 'optitrack2rviz' build argument 'cmake_args' from command line to 'None'
[1.293s] Level 5:colcon.colcon_core.verb:set package 'optitrack2rviz' build argument 'cmake_target' from command line to 'None'
[1.293s] Level 5:colcon.colcon_core.verb:set package 'optitrack2rviz' build argument 'cmake_target_skip_unavailable' from command line to 'False'
[1.293s] Level 5:colcon.colcon_core.verb:set package 'optitrack2rviz' build argument 'cmake_clean_cache' from command line to 'False'
[1.293s] Level 5:colcon.colcon_core.verb:set package 'optitrack2rviz' build argument 'cmake_clean_first' from command line to 'False'
[1.293s] Level 5:colcon.colcon_core.verb:set package 'optitrack2rviz' build argument 'cmake_force_configure' from command line to 'False'
[1.293s] Level 5:colcon.colcon_core.verb:set package 'optitrack2rviz' build argument 'ament_cmake_args' from command line to 'None'
[1.293s] Level 5:colcon.colcon_core.verb:set package 'optitrack2rviz' build argument 'catkin_cmake_args' from command line to 'None'
[1.293s] Level 5:colcon.colcon_core.verb:set package 'optitrack2rviz' build argument 'catkin_skip_building_tests' from command line to 'False'
[1.293s] DEBUG:colcon.colcon_core.verb:Building package 'optitrack2rviz' with the following arguments: {'ament_cmake_args': None, 'build_base': '/home/matteo/ros2_ws_git/src/build/optitrack2rviz', 'catkin_cmake_args': None, 'catkin_skip_building_tests': False, 'cmake_args': None, 'cmake_clean_cache': False, 'cmake_clean_first': False, 'cmake_force_configure': False, 'cmake_target': None, 'cmake_target_skip_unavailable': False, 'install_base': '/home/matteo/ros2_ws_git/src/install/optitrack2rviz', 'merge_install': False, 'path': '/home/matteo/ros2_ws_git/src/optitrack2rviz', 'symlink_install': False, 'test_result_base': None}
[1.305s] Level 5:colcon.colcon_core.verb:set package 'optitrack_interface' build argument 'cmake_args' from command line to 'None'
[1.306s] Level 5:colcon.colcon_core.verb:set package 'optitrack_interface' build argument 'cmake_target' from command line to 'None'
[1.306s] Level 5:colcon.colcon_core.verb:set package 'optitrack_interface' build argument 'cmake_target_skip_unavailable' from command line to 'False'
[1.306s] Level 5:colcon.colcon_core.verb:set package 'optitrack_interface' build argument 'cmake_clean_cache' from command line to 'False'
[1.306s] Level 5:colcon.colcon_core.verb:set package 'optitrack_interface' build argument 'cmake_clean_first' from command line to 'False'
[1.306s] Level 5:colcon.colcon_core.verb:set package 'optitrack_interface' build argument 'cmake_force_configure' from command line to 'False'
[1.306s] Level 5:colcon.colcon_core.verb:set package 'optitrack_interface' build argument 'ament_cmake_args' from command line to 'None'
[1.306s] Level 5:colcon.colcon_core.verb:set package 'optitrack_interface' build argument 'catkin_cmake_args' from command line to 'None'
[1.306s] Level 5:colcon.colcon_core.verb:set package 'optitrack_interface' build argument 'catkin_skip_building_tests' from command line to 'False'
[1.306s] DEBUG:colcon.colcon_core.verb:Building package 'optitrack_interface' with the following arguments: {'ament_cmake_args': None, 'build_base': '/home/matteo/ros2_ws_git/src/build/optitrack_interface', 'catkin_cmake_args': None, 'catkin_skip_building_tests': False, 'cmake_args': None, 'cmake_clean_cache': False, 'cmake_clean_first': False, 'cmake_force_configure': False, 'cmake_target': None, 'cmake_target_skip_unavailable': False, 'install_base': '/home/matteo/ros2_ws_git/src/install/optitrack_interface', 'merge_install': False, 'path': '/home/matteo/ros2_ws_git/src/optitrack_interface', 'symlink_install': False, 'test_result_base': None}
[1.315s] Level 5:colcon.colcon_core.verb:set package 'realsense2_camera_msgs' build argument 'cmake_args' from command line to 'None'
[1.315s] Level 5:colcon.colcon_core.verb:set package 'realsense2_camera_msgs' build argument 'cmake_target' from command line to 'None'
[1.315s] Level 5:colcon.colcon_core.verb:set package 'realsense2_camera_msgs' build argument 'cmake_target_skip_unavailable' from command line to 'False'
[1.315s] Level 5:colcon.colcon_core.verb:set package 'realsense2_camera_msgs' build argument 'cmake_clean_cache' from command line to 'False'
[1.315s] Level 5:colcon.colcon_core.verb:set package 'realsense2_camera_msgs' build argument 'cmake_clean_first' from command line to 'False'
[1.315s] Level 5:colcon.colcon_core.verb:set package 'realsense2_camera_msgs' build argument 'cmake_force_configure' from command line to 'False'
[1.315s] Level 5:colcon.colcon_core.verb:set package 'realsense2_camera_msgs' build argument 'ament_cmake_args' from command line to 'None'
[1.315s] Level 5:colcon.colcon_core.verb:set package 'realsense2_camera_msgs' build argument 'catkin_cmake_args' from command line to 'None'
[1.315s] Level 5:colcon.colcon_core.verb:set package 'realsense2_camera_msgs' build argument 'catkin_skip_building_tests' from command line to 'False'
[1.315s] DEBUG:colcon.colcon_core.verb:Building package 'realsense2_camera_msgs' with the following arguments: {'ament_cmake_args': None, 'build_base': '/home/matteo/ros2_ws_git/src/build/realsense2_camera_msgs', 'catkin_cmake_args': None, 'catkin_skip_building_tests': False, 'cmake_args': None, 'cmake_clean_cache': False, 'cmake_clean_first': False, 'cmake_force_configure': False, 'cmake_target': None, 'cmake_target_skip_unavailable': False, 'install_base': '/home/matteo/ros2_ws_git/src/install/realsense2_camera_msgs', 'merge_install': False, 'path': '/home/matteo/ros2_ws_git/src/realsense-ros/realsense2_camera_msgs', 'symlink_install': False, 'test_result_base': None}
[1.324s] Level 5:colcon.colcon_core.verb:set package 'realsense2_camera' build argument 'cmake_args' from command line to 'None'
[1.324s] Level 5:colcon.colcon_core.verb:set package 'realsense2_camera' build argument 'cmake_target' from command line to 'None'
[1.324s] Level 5:colcon.colcon_core.verb:set package 'realsense2_camera' build argument 'cmake_target_skip_unavailable' from command line to 'False'
[1.324s] Level 5:colcon.colcon_core.verb:set package 'realsense2_camera' build argument 'cmake_clean_cache' from command line to 'False'
[1.324s] Level 5:colcon.colcon_core.verb:set package 'realsense2_camera' build argument 'cmake_clean_first' from command line to 'False'
[1.324s] Level 5:colcon.colcon_core.verb:set package 'realsense2_camera' build argument 'cmake_force_configure' from command line to 'False'
[1.324s] Level 5:colcon.colcon_core.verb:set package 'realsense2_camera' build argument 'ament_cmake_args' from command line to 'None'
[1.324s] Level 5:colcon.colcon_core.verb:set package 'realsense2_camera' build argument 'catkin_cmake_args' from command line to 'None'
[1.324s] Level 5:colcon.colcon_core.verb:set package 'realsense2_camera' build argument 'catkin_skip_building_tests' from command line to 'False'
[1.324s] DEBUG:colcon.colcon_core.verb:Building package 'realsense2_camera' with the following arguments: {'ament_cmake_args': None, 'build_base': '/home/matteo/ros2_ws_git/src/build/realsense2_camera', 'catkin_cmake_args': None, 'catkin_skip_building_tests': False, 'cmake_args': None, 'cmake_clean_cache': False, 'cmake_clean_first': False, 'cmake_force_configure': False, 'cmake_target': None, 'cmake_target_skip_unavailable': False, 'install_base': '/home/matteo/ros2_ws_git/src/install/realsense2_camera', 'merge_install': False, 'path': '/home/matteo/ros2_ws_git/src/realsense-ros/realsense2_camera', 'symlink_install': False, 'test_result_base': None}
[1.332s] Level 5:colcon.colcon_core.verb:set package 'realsense2_description' build argument 'cmake_args' from command line to 'None'
[1.332s] Level 5:colcon.colcon_core.verb:set package 'realsense2_description' build argument 'cmake_target' from command line to 'None'
[1.332s] Level 5:colcon.colcon_core.verb:set package 'realsense2_description' build argument 'cmake_target_skip_unavailable' from command line to 'False'
[1.332s] Level 5:colcon.colcon_core.verb:set package 'realsense2_description' build argument 'cmake_clean_cache' from command line to 'False'
[1.332s] Level 5:colcon.colcon_core.verb:set package 'realsense2_description' build argument 'cmake_clean_first' from command line to 'False'
[1.332s] Level 5:colcon.colcon_core.verb:set package 'realsense2_description' build argument 'cmake_force_configure' from command line to 'False'
[1.332s] Level 5:colcon.colcon_core.verb:set package 'realsense2_description' build argument 'ament_cmake_args' from command line to 'None'
[1.332s] Level 5:colcon.colcon_core.verb:set package 'realsense2_description' build argument 'catkin_cmake_args' from command line to 'None'
[1.332s] Level 5:colcon.colcon_core.verb:set package 'realsense2_description' build argument 'catkin_skip_building_tests' from command line to 'False'
[1.332s] DEBUG:colcon.colcon_core.verb:Building package 'realsense2_description' with the following arguments: {'ament_cmake_args': None, 'build_base': '/home/matteo/ros2_ws_git/src/build/realsense2_description', 'catkin_cmake_args': None, 'catkin_skip_building_tests': False, 'cmake_args': None, 'cmake_clean_cache': False, 'cmake_clean_first': False, 'cmake_force_configure': False, 'cmake_target': None, 'cmake_target_skip_unavailable': False, 'install_base': '/home/matteo/ros2_ws_git/src/install/realsense2_description', 'merge_install': False, 'path': '/home/matteo/ros2_ws_git/src/realsense-ros/realsense2_description', 'symlink_install': False, 'test_result_base': None}
[1.343s] INFO:colcon.colcon_core.executor:Executing jobs using 'parallel' executor
[1.351s] DEBUG:colcon.colcon_parallel_executor.executor.parallel:run_until_complete
[1.351s] INFO:colcon.colcon_ros.task.ament_cmake.build:Building ROS package in '/home/matteo/ros2_ws_git/src/realsense-ros/realsense2_camera_msgs' with build type 'ament_cmake'
[1.351s] INFO:colcon.colcon_cmake.task.cmake.build:Building CMake package in '/home/matteo/ros2_ws_git/src/realsense-ros/realsense2_camera_msgs'
[1.368s] INFO:colcon.colcon_core.plugin_system:Skipping extension 'colcon_core.shell.bat': Not used on non-Windows systems
[1.369s] INFO:colcon.colcon_core.shell:Skip shell extension 'powershell' for command environment: Not usable outside of PowerShell
[1.369s] DEBUG:colcon.colcon_core.shell:Skip shell extension 'dsv' for command environment
[1.400s] INFO:colcon.colcon_ros.task.ament_cmake.build:Building ROS package in '/home/matteo/ros2_ws_git/src/computing_point_cloud' with build type 'ament_cmake'
[1.400s] INFO:colcon.colcon_cmake.task.cmake.build:Building CMake package in '/home/matteo/ros2_ws_git/src/computing_point_cloud'
[1.414s] INFO:colcon.colcon_core.shell:Skip shell extension 'powershell' for command environment: Not usable outside of PowerShell
[1.414s] DEBUG:colcon.colcon_core.shell:Skip shell extension 'dsv' for command environment
[1.446s] INFO:colcon.colcon_ros.task.ament_cmake.build:Building ROS package in '/home/matteo/ros2_ws_git/src/display_with_rviz2' with build type 'ament_cmake'
[1.446s] INFO:colcon.colcon_cmake.task.cmake.build:Building CMake package in '/home/matteo/ros2_ws_git/src/display_with_rviz2'
[1.458s] INFO:colcon.colcon_core.shell:Skip shell extension 'powershell' for command environment: Not usable outside of PowerShell
[1.458s] DEBUG:colcon.colcon_core.shell:Skip shell extension 'dsv' for command environment
[1.497s] INFO:colcon.colcon_ros.task.ament_cmake.build:Building ROS package in '/home/matteo/ros2_ws_git/src/optitrack2rviz' with build type 'ament_cmake'
[1.497s] INFO:colcon.colcon_cmake.task.cmake.build:Building CMake package in '/home/matteo/ros2_ws_git/src/optitrack2rviz'
[1.512s] INFO:colcon.colcon_core.shell:Skip shell extension 'powershell' for command environment: Not usable outside of PowerShell
[1.512s] DEBUG:colcon.colcon_core.shell:Skip shell extension 'dsv' for command environment
[1.544s] INFO:colcon.colcon_ros.task.ament_python.build:Building ROS package in '/home/matteo/ros2_ws_git/src/optitrack_interface' with build type 'ament_python'
[1.545s] Level 1:colcon.colcon_core.shell:create_environment_hook('optitrack_interface', 'ament_prefix_path')
[1.552s] INFO:colcon.colcon_core.shell:Creating environment hook '/home/matteo/ros2_ws_git/src/install/optitrack_interface/share/optitrack_interface/hook/ament_prefix_path.ps1'
[1.553s] INFO:colcon.colcon_core.shell:Creating environment descriptor '/home/matteo/ros2_ws_git/src/install/optitrack_interface/share/optitrack_interface/hook/ament_prefix_path.dsv'
[1.554s] INFO:colcon.colcon_core.shell:Creating environment hook '/home/matteo/ros2_ws_git/src/install/optitrack_interface/share/optitrack_interface/hook/ament_prefix_path.sh'
[1.567s] INFO:colcon.colcon_core.shell:Skip shell extension 'powershell' for command environment: Not usable outside of PowerShell
[1.567s] DEBUG:colcon.colcon_core.shell:Skip shell extension 'dsv' for command environment
[1.607s] DEBUG:colcon.colcon_core.event_handler.log_command:Invoking command in '/home/matteo/ros2_ws_git/src/build/realsense2_camera_msgs': CMAKE_PREFIX_PATH=${CMAKE_PREFIX_PATH}:/home/matteo/ros2_ws_git/install/optitrack_interface:/opt/ros/humble /usr/bin/cmake --build /home/matteo/ros2_ws_git/src/build/realsense2_camera_msgs -- -j12 -l12
[1.612s] DEBUG:colcon.colcon_core.event_handler.log_command:Invoking command in '/home/matteo/ros2_ws_git/src/build/computing_point_cloud': CMAKE_PREFIX_PATH=${CMAKE_PREFIX_PATH}:/home/matteo/ros2_ws_git/install/optitrack_interface:/opt/ros/humble /usr/bin/cmake --build /home/matteo/ros2_ws_git/src/build/computing_point_cloud -- -j12 -l12
[1.617s] DEBUG:colcon.colcon_core.event_handler.log_command:Invoking command in '/home/matteo/ros2_ws_git/src/build/display_with_rviz2': CMAKE_PREFIX_PATH=${CMAKE_PREFIX_PATH}:/home/matteo/ros2_ws_git/install/optitrack_interface:/opt/ros/humble /usr/bin/cmake --build /home/matteo/ros2_ws_git/src/build/display_with_rviz2 -- -j12 -l12
[1.626s] DEBUG:colcon.colcon_core.event_handler.log_command:Invoking command in '/home/matteo/ros2_ws_git/src/build/optitrack2rviz': CMAKE_PREFIX_PATH=${CMAKE_PREFIX_PATH}:/home/matteo/ros2_ws_git/install/optitrack_interface:/opt/ros/humble /usr/bin/cmake --build /home/matteo/ros2_ws_git/src/build/optitrack2rviz -- -j12 -l12
[1.965s] INFO:colcon.colcon_core.task.python.build:Building Python package in '/home/matteo/ros2_ws_git/src/optitrack_interface'
[1.993s] INFO:colcon.colcon_core.shell:Skip shell extension 'powershell' for command environment: Not usable outside of PowerShell
[1.993s] DEBUG:colcon.colcon_core.shell:Skip shell extension 'dsv' for command environment
[2.065s] DEBUG:colcon.colcon_core.event_handler.log_command:Invoked command in '/home/matteo/ros2_ws_git/src/build/display_with_rviz2' returned '0': CMAKE_PREFIX_PATH=${CMAKE_PREFIX_PATH}:/home/matteo/ros2_ws_git/install/optitrack_interface:/opt/ros/humble /usr/bin/cmake --build /home/matteo/ros2_ws_git/src/build/display_with_rviz2 -- -j12 -l12
[2.067s] DEBUG:colcon.colcon_core.event_handler.log_command:Invoked command in '/home/matteo/ros2_ws_git/src/build/optitrack2rviz' returned '0': CMAKE_PREFIX_PATH=${CMAKE_PREFIX_PATH}:/home/matteo/ros2_ws_git/install/optitrack_interface:/opt/ros/humble /usr/bin/cmake --build /home/matteo/ros2_ws_git/src/build/optitrack2rviz -- -j12 -l12
[2.103s] DEBUG:colcon.colcon_core.event_handler.log_command:Invoking command in '/home/matteo/ros2_ws_git/src/build/display_with_rviz2': CMAKE_PREFIX_PATH=${CMAKE_PREFIX_PATH}:/home/matteo/ros2_ws_git/install/optitrack_interface:/opt/ros/humble /usr/bin/cmake --install /home/matteo/ros2_ws_git/src/build/display_with_rviz2
[2.116s] Level 1:colcon.colcon_core.environment:create_environment_scripts_only(display_with_rviz2)
[2.118s] DEBUG:colcon.colcon_core.event_handler.log_command:Invoked command in '/home/matteo/ros2_ws_git/src/build/display_with_rviz2' returned '0': CMAKE_PREFIX_PATH=${CMAKE_PREFIX_PATH}:/home/matteo/ros2_ws_git/install/optitrack_interface:/opt/ros/humble /usr/bin/cmake --install /home/matteo/ros2_ws_git/src/build/display_with_rviz2
[2.151s] Level 1:colcon.colcon_core.environment:checking '/home/matteo/ros2_ws_git/src/install/display_with_rviz2' for CMake module files
[2.153s] Level 1:colcon.colcon_core.environment:checking '/home/matteo/ros2_ws_git/src/install/display_with_rviz2' for CMake config files
[2.154s] Level 1:colcon.colcon_core.shell:create_environment_hook('display_with_rviz2', 'cmake_prefix_path')
[2.176s] INFO:colcon.colcon_core.shell:Creating environment hook '/home/matteo/ros2_ws_git/src/install/display_with_rviz2/share/display_with_rviz2/hook/cmake_prefix_path.ps1'
[2.177s] INFO:colcon.colcon_core.shell:Creating environment descriptor '/home/matteo/ros2_ws_git/src/install/display_with_rviz2/share/display_with_rviz2/hook/cmake_prefix_path.dsv'
[2.177s] INFO:colcon.colcon_core.shell:Creating environment hook '/home/matteo/ros2_ws_git/src/install/display_with_rviz2/share/display_with_rviz2/hook/cmake_prefix_path.sh'
[2.178s] Level 1:colcon.colcon_core.environment:checking '/home/matteo/ros2_ws_git/src/install/display_with_rviz2/bin'
[2.178s] Level 1:colcon.colcon_core.environment:checking '/home/matteo/ros2_ws_git/src/install/display_with_rviz2/lib/pkgconfig/display_with_rviz2.pc'
[2.178s] Level 1:colcon.colcon_core.environment:checking '/home/matteo/ros2_ws_git/src/install/display_with_rviz2/lib/python3.10/site-packages'
[2.179s] Level 1:colcon.colcon_core.environment:checking '/home/matteo/ros2_ws_git/src/install/display_with_rviz2/bin'
[2.205s] INFO:colcon.colcon_core.shell:Creating package script '/home/matteo/ros2_ws_git/src/install/display_with_rviz2/share/display_with_rviz2/package.ps1'
[2.206s] INFO:colcon.colcon_core.shell:Creating package descriptor '/home/matteo/ros2_ws_git/src/install/display_with_rviz2/share/display_with_rviz2/package.dsv'
[2.207s] INFO:colcon.colcon_core.shell:Creating package script '/home/matteo/ros2_ws_git/src/install/display_with_rviz2/share/display_with_rviz2/package.sh'
[2.208s] INFO:colcon.colcon_core.shell:Creating package script '/home/matteo/ros2_ws_git/src/install/display_with_rviz2/share/display_with_rviz2/package.bash'
[2.209s] INFO:colcon.colcon_core.shell:Creating package script '/home/matteo/ros2_ws_git/src/install/display_with_rviz2/share/display_with_rviz2/package.zsh'
[2.209s] Level 1:colcon.colcon_core.environment:create_file_with_runtime_dependencies(/home/matteo/ros2_ws_git/src/install/display_with_rviz2/share/colcon-core/packages/display_with_rviz2)
[2.214s] DEBUG:colcon.colcon_core.event_handler.log_command:Invoking command in '/home/matteo/ros2_ws_git/src/build/optitrack2rviz': CMAKE_PREFIX_PATH=${CMAKE_PREFIX_PATH}:/home/matteo/ros2_ws_git/install/optitrack_interface:/opt/ros/humble /usr/bin/cmake --install /home/matteo/ros2_ws_git/src/build/optitrack2rviz
[2.216s] DEBUG:colcon.colcon_core.event_handler.log_command:Invoked command in '/home/matteo/ros2_ws_git/src/build/realsense2_camera_msgs' returned '0': CMAKE_PREFIX_PATH=${CMAKE_PREFIX_PATH}:/home/matteo/ros2_ws_git/install/optitrack_interface:/opt/ros/humble /usr/bin/cmake --build /home/matteo/ros2_ws_git/src/build/realsense2_camera_msgs -- -j12 -l12
[2.229s] Level 1:colcon.colcon_core.environment:create_environment_scripts_only(optitrack2rviz)
[2.230s] DEBUG:colcon.colcon_core.event_handler.log_command:Invoked command in '/home/matteo/ros2_ws_git/src/build/optitrack2rviz' returned '0': CMAKE_PREFIX_PATH=${CMAKE_PREFIX_PATH}:/home/matteo/ros2_ws_git/install/optitrack_interface:/opt/ros/humble /usr/bin/cmake --install /home/matteo/ros2_ws_git/src/build/optitrack2rviz
[2.258s] Level 1:colcon.colcon_core.environment:checking '/home/matteo/ros2_ws_git/src/install/optitrack2rviz' for CMake module files
[2.259s] Level 1:colcon.colcon_core.environment:checking '/home/matteo/ros2_ws_git/src/install/optitrack2rviz' for CMake config files
[2.259s] Level 1:colcon.colcon_core.shell:create_environment_hook('optitrack2rviz', 'cmake_prefix_path')
[2.283s] INFO:colcon.colcon_core.shell:Creating environment hook '/home/matteo/ros2_ws_git/src/install/optitrack2rviz/share/optitrack2rviz/hook/cmake_prefix_path.ps1'
[2.283s] INFO:colcon.colcon_core.shell:Creating environment descriptor '/home/matteo/ros2_ws_git/src/install/optitrack2rviz/share/optitrack2rviz/hook/cmake_prefix_path.dsv'
[2.284s] INFO:colcon.colcon_core.shell:Creating environment hook '/home/matteo/ros2_ws_git/src/install/optitrack2rviz/share/optitrack2rviz/hook/cmake_prefix_path.sh'
[2.285s] Level 1:colcon.colcon_core.environment:checking '/home/matteo/ros2_ws_git/src/install/optitrack2rviz/lib'
[2.285s] Level 1:colcon.colcon_core.environment:checking '/home/matteo/ros2_ws_git/src/install/optitrack2rviz/bin'
[2.285s] Level 1:colcon.colcon_core.environment:checking '/home/matteo/ros2_ws_git/src/install/optitrack2rviz/lib/pkgconfig/optitrack2rviz.pc'
[2.286s] Level 1:colcon.colcon_core.environment:checking '/home/matteo/ros2_ws_git/src/install/optitrack2rviz/lib/python3.10/site-packages'
[2.286s] Level 1:colcon.colcon_core.environment:checking '/home/matteo/ros2_ws_git/src/install/optitrack2rviz/bin'
[2.300s] INFO:colcon.colcon_core.shell:Creating package script '/home/matteo/ros2_ws_git/src/install/optitrack2rviz/share/optitrack2rviz/package.ps1'
[2.301s] INFO:colcon.colcon_core.shell:Creating package descriptor '/home/matteo/ros2_ws_git/src/install/optitrack2rviz/share/optitrack2rviz/package.dsv'
[2.301s] INFO:colcon.colcon_core.shell:Creating package script '/home/matteo/ros2_ws_git/src/install/optitrack2rviz/share/optitrack2rviz/package.sh'
[2.302s] INFO:colcon.colcon_core.shell:Creating package script '/home/matteo/ros2_ws_git/src/install/optitrack2rviz/share/optitrack2rviz/package.bash'
[2.303s] INFO:colcon.colcon_core.shell:Creating package script '/home/matteo/ros2_ws_git/src/install/optitrack2rviz/share/optitrack2rviz/package.zsh'
[2.303s] Level 1:colcon.colcon_core.environment:create_file_with_runtime_dependencies(/home/matteo/ros2_ws_git/src/install/optitrack2rviz/share/colcon-core/packages/optitrack2rviz)
[2.321s] Level 1:colcon.colcon_core.environment:create_environment_scripts_only(display_with_rviz2)
[2.336s] Level 1:colcon.colcon_core.environment:checking '/home/matteo/ros2_ws_git/src/install/display_with_rviz2' for CMake module files
[2.337s] Level 1:colcon.colcon_core.environment:checking '/home/matteo/ros2_ws_git/src/install/display_with_rviz2' for CMake config files
[2.337s] Level 1:colcon.colcon_core.shell:create_environment_hook('display_with_rviz2', 'cmake_prefix_path')
[2.350s] INFO:colcon.colcon_core.shell:Creating environment hook '/home/matteo/ros2_ws_git/src/install/display_with_rviz2/share/display_with_rviz2/hook/cmake_prefix_path.ps1'
[2.351s] INFO:colcon.colcon_core.shell:Creating environment descriptor '/home/matteo/ros2_ws_git/src/install/display_with_rviz2/share/display_with_rviz2/hook/cmake_prefix_path.dsv'
[2.352s] INFO:colcon.colcon_core.shell:Creating environment hook '/home/matteo/ros2_ws_git/src/install/display_with_rviz2/share/display_with_rviz2/hook/cmake_prefix_path.sh'
[2.353s] Level 1:colcon.colcon_core.environment:checking '/home/matteo/ros2_ws_git/src/install/display_with_rviz2/bin'
[2.353s] Level 1:colcon.colcon_core.environment:checking '/home/matteo/ros2_ws_git/src/install/display_with_rviz2/lib/pkgconfig/display_with_rviz2.pc'
[2.353s] Level 1:colcon.colcon_core.environment:checking '/home/matteo/ros2_ws_git/src/install/display_with_rviz2/lib/python3.10/site-packages'
[2.353s] Level 1:colcon.colcon_core.environment:checking '/home/matteo/ros2_ws_git/src/install/display_with_rviz2/bin'
[2.380s] INFO:colcon.colcon_core.shell:Creating package script '/home/matteo/ros2_ws_git/src/install/display_with_rviz2/share/display_with_rviz2/package.ps1'
[2.381s] INFO:colcon.colcon_core.shell:Creating package descriptor '/home/matteo/ros2_ws_git/src/install/display_with_rviz2/share/display_with_rviz2/package.dsv'
[2.382s] INFO:colcon.colcon_core.shell:Creating package script '/home/matteo/ros2_ws_git/src/install/display_with_rviz2/share/display_with_rviz2/package.sh'
[2.383s] INFO:colcon.colcon_core.shell:Creating package script '/home/matteo/ros2_ws_git/src/install/display_with_rviz2/share/display_with_rviz2/package.bash'
[2.384s] INFO:colcon.colcon_core.shell:Creating package script '/home/matteo/ros2_ws_git/src/install/display_with_rviz2/share/display_with_rviz2/package.zsh'
[2.385s] Level 1:colcon.colcon_core.environment:create_file_with_runtime_dependencies(/home/matteo/ros2_ws_git/src/install/display_with_rviz2/share/colcon-core/packages/display_with_rviz2)
[2.390s] DEBUG:colcon.colcon_core.event_handler.log_command:Invoking command in '/home/matteo/ros2_ws_git/src/build/realsense2_camera_msgs': CMAKE_PREFIX_PATH=${CMAKE_PREFIX_PATH}:/home/matteo/ros2_ws_git/install/optitrack_interface:/opt/ros/humble /usr/bin/cmake --install /home/matteo/ros2_ws_git/src/build/realsense2_camera_msgs
[2.404s] Level 1:colcon.colcon_core.environment:create_environment_scripts_only(optitrack2rviz)
[2.417s] Level 1:colcon.colcon_core.environment:checking '/home/matteo/ros2_ws_git/src/install/optitrack2rviz' for CMake module files
[2.417s] Level 1:colcon.colcon_core.environment:checking '/home/matteo/ros2_ws_git/src/install/optitrack2rviz' for CMake config files
[2.418s] Level 1:colcon.colcon_core.shell:create_environment_hook('optitrack2rviz', 'cmake_prefix_path')
[2.432s] INFO:colcon.colcon_core.shell:Creating environment hook '/home/matteo/ros2_ws_git/src/install/optitrack2rviz/share/optitrack2rviz/hook/cmake_prefix_path.ps1'
[2.432s] INFO:colcon.colcon_core.shell:Creating environment descriptor '/home/matteo/ros2_ws_git/src/install/optitrack2rviz/share/optitrack2rviz/hook/cmake_prefix_path.dsv'
[2.432s] INFO:colcon.colcon_core.shell:Creating environment hook '/home/matteo/ros2_ws_git/src/install/optitrack2rviz/share/optitrack2rviz/hook/cmake_prefix_path.sh'
[2.433s] Level 1:colcon.colcon_core.environment:checking '/home/matteo/ros2_ws_git/src/install/optitrack2rviz/lib'
[2.433s] Level 1:colcon.colcon_core.environment:checking '/home/matteo/ros2_ws_git/src/install/optitrack2rviz/bin'
[2.433s] Level 1:colcon.colcon_core.environment:checking '/home/matteo/ros2_ws_git/src/install/optitrack2rviz/lib/pkgconfig/optitrack2rviz.pc'
[2.433s] Level 1:colcon.colcon_core.environment:checking '/home/matteo/ros2_ws_git/src/install/optitrack2rviz/lib/python3.10/site-packages'
[2.433s] Level 1:colcon.colcon_core.environment:checking '/home/matteo/ros2_ws_git/src/install/optitrack2rviz/bin'
[2.451s] INFO:colcon.colcon_core.shell:Creating package script '/home/matteo/ros2_ws_git/src/install/optitrack2rviz/share/optitrack2rviz/package.ps1'
[2.452s] INFO:colcon.colcon_core.shell:Creating package descriptor '/home/matteo/ros2_ws_git/src/install/optitrack2rviz/share/optitrack2rviz/package.dsv'
[2.452s] INFO:colcon.colcon_core.shell:Creating package script '/home/matteo/ros2_ws_git/src/install/optitrack2rviz/share/optitrack2rviz/package.sh'
[2.453s] INFO:colcon.colcon_core.shell:Creating package script '/home/matteo/ros2_ws_git/src/install/optitrack2rviz/share/optitrack2rviz/package.bash'
[2.453s] INFO:colcon.colcon_core.shell:Creating package script '/home/matteo/ros2_ws_git/src/install/optitrack2rviz/share/optitrack2rviz/package.zsh'
[2.453s] Level 1:colcon.colcon_core.environment:create_file_with_runtime_dependencies(/home/matteo/ros2_ws_git/src/install/optitrack2rviz/share/colcon-core/packages/optitrack2rviz)
[2.518s] Level 1:colcon.colcon_core.environment:create_environment_scripts_only(realsense2_camera_msgs)
[2.519s] DEBUG:colcon.colcon_core.event_handler.log_command:Invoked command in '/home/matteo/ros2_ws_git/src/build/realsense2_camera_msgs' returned '0': CMAKE_PREFIX_PATH=${CMAKE_PREFIX_PATH}:/home/matteo/ros2_ws_git/install/optitrack_interface:/opt/ros/humble /usr/bin/cmake --install /home/matteo/ros2_ws_git/src/build/realsense2_camera_msgs
[2.546s] Level 1:colcon.colcon_core.environment:checking '/home/matteo/ros2_ws_git/src/install/realsense2_camera_msgs' for CMake module files
[2.546s] Level 1:colcon.colcon_core.environment:checking '/home/matteo/ros2_ws_git/src/install/realsense2_camera_msgs' for CMake config files
[2.547s] Level 1:colcon.colcon_core.shell:create_environment_hook('realsense2_camera_msgs', 'cmake_prefix_path')
[2.575s] INFO:colcon.colcon_core.shell:Creating environment hook '/home/matteo/ros2_ws_git/src/install/realsense2_camera_msgs/share/realsense2_camera_msgs/hook/cmake_prefix_path.ps1'
[2.576s] INFO:colcon.colcon_core.shell:Creating environment descriptor '/home/matteo/ros2_ws_git/src/install/realsense2_camera_msgs/share/realsense2_camera_msgs/hook/cmake_prefix_path.dsv'
[2.577s] INFO:colcon.colcon_core.shell:Creating environment hook '/home/matteo/ros2_ws_git/src/install/realsense2_camera_msgs/share/realsense2_camera_msgs/hook/cmake_prefix_path.sh'
[2.577s] Level 1:colcon.colcon_core.environment:checking '/home/matteo/ros2_ws_git/src/install/realsense2_camera_msgs/lib'
[2.578s] Level 1:colcon.colcon_core.shell:create_environment_hook('realsense2_camera_msgs', 'ld_library_path_lib')
[2.603s] INFO:colcon.colcon_core.shell:Creating environment hook '/home/matteo/ros2_ws_git/src/install/realsense2_camera_msgs/share/realsense2_camera_msgs/hook/ld_library_path_lib.ps1'
[2.604s] INFO:colcon.colcon_core.shell:Creating environment descriptor '/home/matteo/ros2_ws_git/src/install/realsense2_camera_msgs/share/realsense2_camera_msgs/hook/ld_library_path_lib.dsv'
[2.605s] INFO:colcon.colcon_core.shell:Creating environment hook '/home/matteo/ros2_ws_git/src/install/realsense2_camera_msgs/share/realsense2_camera_msgs/hook/ld_library_path_lib.sh'
[2.605s] Level 1:colcon.colcon_core.environment:checking '/home/matteo/ros2_ws_git/src/install/realsense2_camera_msgs/bin'
[2.605s] Level 1:colcon.colcon_core.environment:checking '/home/matteo/ros2_ws_git/src/install/realsense2_camera_msgs/lib/pkgconfig/realsense2_camera_msgs.pc'
[2.606s] Level 1:colcon.colcon_core.environment:checking '/home/matteo/ros2_ws_git/src/install/realsense2_camera_msgs/lib/python3.10/site-packages'
[2.607s] Level 1:colcon.colcon_core.environment:checking '/home/matteo/ros2_ws_git/src/install/realsense2_camera_msgs/bin'
[2.639s] INFO:colcon.colcon_core.shell:Creating package script '/home/matteo/ros2_ws_git/src/install/realsense2_camera_msgs/share/realsense2_camera_msgs/package.ps1'
[2.639s] INFO:colcon.colcon_core.shell:Creating package descriptor '/home/matteo/ros2_ws_git/src/install/realsense2_camera_msgs/share/realsense2_camera_msgs/package.dsv'
[2.640s] INFO:colcon.colcon_core.shell:Creating package script '/home/matteo/ros2_ws_git/src/install/realsense2_camera_msgs/share/realsense2_camera_msgs/package.sh'
[2.640s] INFO:colcon.colcon_core.shell:Creating package script '/home/matteo/ros2_ws_git/src/install/realsense2_camera_msgs/share/realsense2_camera_msgs/package.bash'
[2.641s] INFO:colcon.colcon_core.shell:Creating package script '/home/matteo/ros2_ws_git/src/install/realsense2_camera_msgs/share/realsense2_camera_msgs/package.zsh'
[2.641s] Level 1:colcon.colcon_core.environment:create_file_with_runtime_dependencies(/home/matteo/ros2_ws_git/src/install/realsense2_camera_msgs/share/colcon-core/packages/realsense2_camera_msgs)
[2.802s] Level 1:colcon.colcon_core.environment:create_environment_scripts_only(realsense2_camera_msgs)
[2.820s] Level 1:colcon.colcon_core.environment:checking '/home/matteo/ros2_ws_git/src/install/realsense2_camera_msgs' for CMake module files
[2.821s] Level 1:colcon.colcon_core.environment:checking '/home/matteo/ros2_ws_git/src/install/realsense2_camera_msgs' for CMake config files
[2.822s] Level 1:colcon.colcon_core.shell:create_environment_hook('realsense2_camera_msgs', 'cmake_prefix_path')
[2.833s] INFO:colcon.colcon_core.shell:Creating environment hook '/home/matteo/ros2_ws_git/src/install/realsense2_camera_msgs/share/realsense2_camera_msgs/hook/cmake_prefix_path.ps1'
[2.833s] INFO:colcon.colcon_core.shell:Creating environment descriptor '/home/matteo/ros2_ws_git/src/install/realsense2_camera_msgs/share/realsense2_camera_msgs/hook/cmake_prefix_path.dsv'
[2.834s] INFO:colcon.colcon_core.shell:Creating environment hook '/home/matteo/ros2_ws_git/src/install/realsense2_camera_msgs/share/realsense2_camera_msgs/hook/cmake_prefix_path.sh'
[2.835s] Level 1:colcon.colcon_core.environment:checking '/home/matteo/ros2_ws_git/src/install/realsense2_camera_msgs/lib'
[2.835s] Level 1:colcon.colcon_core.shell:create_environment_hook('realsense2_camera_msgs', 'ld_library_path_lib')
[2.848s] INFO:colcon.colcon_core.shell:Creating environment hook '/home/matteo/ros2_ws_git/src/install/realsense2_camera_msgs/share/realsense2_camera_msgs/hook/ld_library_path_lib.ps1'
[2.848s] INFO:colcon.colcon_core.shell:Creating environment descriptor '/home/matteo/ros2_ws_git/src/install/realsense2_camera_msgs/share/realsense2_camera_msgs/hook/ld_library_path_lib.dsv'
[2.848s] INFO:colcon.colcon_core.shell:Creating environment hook '/home/matteo/ros2_ws_git/src/install/realsense2_camera_msgs/share/realsense2_camera_msgs/hook/ld_library_path_lib.sh'
[2.849s] Level 1:colcon.colcon_core.environment:checking '/home/matteo/ros2_ws_git/src/install/realsense2_camera_msgs/bin'
[2.849s] Level 1:colcon.colcon_core.environment:checking '/home/matteo/ros2_ws_git/src/install/realsense2_camera_msgs/lib/pkgconfig/realsense2_camera_msgs.pc'
[2.849s] Level 1:colcon.colcon_core.environment:checking '/home/matteo/ros2_ws_git/src/install/realsense2_camera_msgs/lib/python3.10/site-packages'
[2.849s] Level 1:colcon.colcon_core.environment:checking '/home/matteo/ros2_ws_git/src/install/realsense2_camera_msgs/bin'
[2.862s] INFO:colcon.colcon_core.shell:Creating package script '/home/matteo/ros2_ws_git/src/install/realsense2_camera_msgs/share/realsense2_camera_msgs/package.ps1'
[2.863s] INFO:colcon.colcon_core.shell:Creating package descriptor '/home/matteo/ros2_ws_git/src/install/realsense2_camera_msgs/share/realsense2_camera_msgs/package.dsv'
[2.863s] INFO:colcon.colcon_core.shell:Creating package script '/home/matteo/ros2_ws_git/src/install/realsense2_camera_msgs/share/realsense2_camera_msgs/package.sh'
[2.863s] INFO:colcon.colcon_core.shell:Creating package script '/home/matteo/ros2_ws_git/src/install/realsense2_camera_msgs/share/realsense2_camera_msgs/package.bash'
[2.864s] INFO:colcon.colcon_core.shell:Creating package script '/home/matteo/ros2_ws_git/src/install/realsense2_camera_msgs/share/realsense2_camera_msgs/package.zsh'
[2.864s] Level 1:colcon.colcon_core.environment:create_file_with_runtime_dependencies(/home/matteo/ros2_ws_git/src/install/realsense2_camera_msgs/share/colcon-core/packages/realsense2_camera_msgs)
[2.864s] INFO:colcon.colcon_ros.task.ament_cmake.build:Building ROS package in '/home/matteo/ros2_ws_git/src/realsense-ros/realsense2_camera' with build type 'ament_cmake'
[2.864s] INFO:colcon.colcon_cmake.task.cmake.build:Building CMake package in '/home/matteo/ros2_ws_git/src/realsense-ros/realsense2_camera'
[2.881s] INFO:colcon.colcon_core.shell:Skip shell extension 'powershell' for command environment: Not usable outside of PowerShell
[2.881s] DEBUG:colcon.colcon_core.shell:Skip shell extension 'dsv' for command environment
[2.923s] INFO:colcon.colcon_ros.task.ament_cmake.build:Building ROS package in '/home/matteo/ros2_ws_git/src/realsense-ros/realsense2_description' with build type 'ament_cmake'
[2.923s] INFO:colcon.colcon_cmake.task.cmake.build:Building CMake package in '/home/matteo/ros2_ws_git/src/realsense-ros/realsense2_description'
[2.938s] INFO:colcon.colcon_core.shell:Skip shell extension 'powershell' for command environment: Not usable outside of PowerShell
[2.938s] DEBUG:colcon.colcon_core.shell:Skip shell extension 'dsv' for command environment
[2.983s] DEBUG:colcon.colcon_core.event_handler.log_command:Invoking command in '/home/matteo/ros2_ws_git/src/optitrack_interface': PYTHONPATH=/home/matteo/ros2_ws_git/src/build/optitrack_interface/prefix_override:/home/matteo/ros2_ws_git/src/install/optitrack_interface/lib/python3.10/site-packages:${PYTHONPATH} /usr/bin/python3 setup.py egg_info --egg-base ../build/optitrack_interface build --build-base /home/matteo/ros2_ws_git/src/build/optitrack_interface/build install --record /home/matteo/ros2_ws_git/src/build/optitrack_interface/install.log --single-version-externally-managed
[2.991s] DEBUG:colcon.colcon_core.event_handler.log_command:Invoking command in '/home/matteo/ros2_ws_git/src/build/realsense2_camera': AMENT_PREFIX_PATH=/home/matteo/ros2_ws_git/src/install/realsense2_camera_msgs:${AMENT_PREFIX_PATH} CMAKE_PREFIX_PATH=/home/matteo/ros2_ws_git/src/install/realsense2_camera_msgs:/home/matteo/ros2_ws_git/install/realsense2_description:/home/matteo/ros2_ws_git/install/realsense2_camera:/home/matteo/ros2_ws_git/install/realsense2_camera_msgs:/home/matteo/ros2_ws_git/install/optitrack2rviz:/home/matteo/ros2_ws_git/install/display_with_rviz2:/home/matteo/ros2_ws_git/install/computing_point_cloud:/home/matteo/ros2_ws_git/install/optitrack_interface:/opt/ros/humble LD_LIBRARY_PATH=/home/matteo/ros2_ws_git/src/install/realsense2_camera_msgs/lib:${LD_LIBRARY_PATH} PYTHONPATH=/home/matteo/ros2_ws_git/src/install/realsense2_camera_msgs/local/lib/python3.10/dist-packages:${PYTHONPATH} /usr/bin/cmake --build /home/matteo/ros2_ws_git/src/build/realsense2_camera -- -j12 -l12
[2.995s] DEBUG:colcon.colcon_core.event_handler.log_command:Invoking command in '/home/matteo/ros2_ws_git/src/build/realsense2_description': AMENT_PREFIX_PATH=/home/matteo/ros2_ws_git/src/install/realsense2_camera_msgs:${AMENT_PREFIX_PATH} CMAKE_PREFIX_PATH=/home/matteo/ros2_ws_git/src/install/realsense2_camera_msgs:/home/matteo/ros2_ws_git/install/realsense2_description:/home/matteo/ros2_ws_git/install/realsense2_camera:/home/matteo/ros2_ws_git/install/realsense2_camera_msgs:/home/matteo/ros2_ws_git/install/optitrack2rviz:/home/matteo/ros2_ws_git/install/display_with_rviz2:/home/matteo/ros2_ws_git/install/computing_point_cloud:/home/matteo/ros2_ws_git/install/optitrack_interface:/opt/ros/humble LD_LIBRARY_PATH=/home/matteo/ros2_ws_git/src/install/realsense2_camera_msgs/lib:${LD_LIBRARY_PATH} PYTHONPATH=/home/matteo/ros2_ws_git/src/install/realsense2_camera_msgs/local/lib/python3.10/dist-packages:${PYTHONPATH} /usr/bin/cmake --build /home/matteo/ros2_ws_git/src/build/realsense2_description -- -j12 -l12
[3.054s] DEBUG:colcon.colcon_core.event_handler.log_command:Invoked command in '/home/matteo/ros2_ws_git/src/build/realsense2_description' returned '0': AMENT_PREFIX_PATH=/home/matteo/ros2_ws_git/src/install/realsense2_camera_msgs:${AMENT_PREFIX_PATH} CMAKE_PREFIX_PATH=/home/matteo/ros2_ws_git/src/install/realsense2_camera_msgs:/home/matteo/ros2_ws_git/install/realsense2_description:/home/matteo/ros2_ws_git/install/realsense2_camera:/home/matteo/ros2_ws_git/install/realsense2_camera_msgs:/home/matteo/ros2_ws_git/install/optitrack2rviz:/home/matteo/ros2_ws_git/install/display_with_rviz2:/home/matteo/ros2_ws_git/install/computing_point_cloud:/home/matteo/ros2_ws_git/install/optitrack_interface:/opt/ros/humble LD_LIBRARY_PATH=/home/matteo/ros2_ws_git/src/install/realsense2_camera_msgs/lib:${LD_LIBRARY_PATH} PYTHONPATH=/home/matteo/ros2_ws_git/src/install/realsense2_camera_msgs/local/lib/python3.10/dist-packages:${PYTHONPATH} /usr/bin/cmake --build /home/matteo/ros2_ws_git/src/build/realsense2_description -- -j12 -l12
[3.084s] DEBUG:colcon.colcon_core.event_handler.log_command:Invoking command in '/home/matteo/ros2_ws_git/src/build/realsense2_description': AMENT_PREFIX_PATH=/home/matteo/ros2_ws_git/src/install/realsense2_camera_msgs:${AMENT_PREFIX_PATH} CMAKE_PREFIX_PATH=/home/matteo/ros2_ws_git/src/install/realsense2_camera_msgs:/home/matteo/ros2_ws_git/install/realsense2_description:/home/matteo/ros2_ws_git/install/realsense2_camera:/home/matteo/ros2_ws_git/install/realsense2_camera_msgs:/home/matteo/ros2_ws_git/install/optitrack2rviz:/home/matteo/ros2_ws_git/install/display_with_rviz2:/home/matteo/ros2_ws_git/install/computing_point_cloud:/home/matteo/ros2_ws_git/install/optitrack_interface:/opt/ros/humble LD_LIBRARY_PATH=/home/matteo/ros2_ws_git/src/install/realsense2_camera_msgs/lib:${LD_LIBRARY_PATH} PYTHONPATH=/home/matteo/ros2_ws_git/src/install/realsense2_camera_msgs/local/lib/python3.10/dist-packages:${PYTHONPATH} /usr/bin/cmake --install /home/matteo/ros2_ws_git/src/build/realsense2_description
[3.097s] Level 1:colcon.colcon_core.environment:create_environment_scripts_only(realsense2_description)
[3.104s] DEBUG:colcon.colcon_core.event_handler.log_command:Invoked command in '/home/matteo/ros2_ws_git/src/build/realsense2_description' returned '0': AMENT_PREFIX_PATH=/home/matteo/ros2_ws_git/src/install/realsense2_camera_msgs:${AMENT_PREFIX_PATH} CMAKE_PREFIX_PATH=/home/matteo/ros2_ws_git/src/install/realsense2_camera_msgs:/home/matteo/ros2_ws_git/install/realsense2_description:/home/matteo/ros2_ws_git/install/realsense2_camera:/home/matteo/ros2_ws_git/install/realsense2_camera_msgs:/home/matteo/ros2_ws_git/install/optitrack2rviz:/home/matteo/ros2_ws_git/install/display_with_rviz2:/home/matteo/ros2_ws_git/install/computing_point_cloud:/home/matteo/ros2_ws_git/install/optitrack_interface:/opt/ros/humble LD_LIBRARY_PATH=/home/matteo/ros2_ws_git/src/install/realsense2_camera_msgs/lib:${LD_LIBRARY_PATH} PYTHONPATH=/home/matteo/ros2_ws_git/src/install/realsense2_camera_msgs/local/lib/python3.10/dist-packages:${PYTHONPATH} /usr/bin/cmake --install /home/matteo/ros2_ws_git/src/build/realsense2_description
[3.132s] Level 1:colcon.colcon_core.environment:checking '/home/matteo/ros2_ws_git/src/install/realsense2_description' for CMake module files
[3.132s] Level 1:colcon.colcon_core.environment:checking '/home/matteo/ros2_ws_git/src/install/realsense2_description' for CMake config files
[3.133s] Level 1:colcon.colcon_core.shell:create_environment_hook('realsense2_description', 'cmake_prefix_path')
[3.162s] INFO:colcon.colcon_core.shell:Creating environment hook '/home/matteo/ros2_ws_git/src/install/realsense2_description/share/realsense2_description/hook/cmake_prefix_path.ps1'
[3.163s] INFO:colcon.colcon_core.shell:Creating environment descriptor '/home/matteo/ros2_ws_git/src/install/realsense2_description/share/realsense2_description/hook/cmake_prefix_path.dsv'
[3.163s] INFO:colcon.colcon_core.shell:Creating environment hook '/home/matteo/ros2_ws_git/src/install/realsense2_description/share/realsense2_description/hook/cmake_prefix_path.sh'
[3.164s] Level 1:colcon.colcon_core.environment:checking '/home/matteo/ros2_ws_git/src/install/realsense2_description/bin'
[3.164s] Level 1:colcon.colcon_core.environment:checking '/home/matteo/ros2_ws_git/src/install/realsense2_description/lib/pkgconfig/realsense2_description.pc'
[3.164s] Level 1:colcon.colcon_core.environment:checking '/home/matteo/ros2_ws_git/src/install/realsense2_description/lib/python3.10/site-packages'
[3.165s] Level 1:colcon.colcon_core.environment:checking '/home/matteo/ros2_ws_git/src/install/realsense2_description/bin'
[3.194s] INFO:colcon.colcon_core.shell:Creating package script '/home/matteo/ros2_ws_git/src/install/realsense2_description/share/realsense2_description/package.ps1'
[3.195s] INFO:colcon.colcon_core.shell:Creating package descriptor '/home/matteo/ros2_ws_git/src/install/realsense2_description/share/realsense2_description/package.dsv'
[3.195s] INFO:colcon.colcon_core.shell:Creating package script '/home/matteo/ros2_ws_git/src/install/realsense2_description/share/realsense2_description/package.sh'
[3.196s] INFO:colcon.colcon_core.shell:Creating package script '/home/matteo/ros2_ws_git/src/install/realsense2_description/share/realsense2_description/package.bash'
[3.196s] INFO:colcon.colcon_core.shell:Creating package script '/home/matteo/ros2_ws_git/src/install/realsense2_description/share/realsense2_description/package.zsh'
[3.197s] Level 1:colcon.colcon_core.environment:create_file_with_runtime_dependencies(/home/matteo/ros2_ws_git/src/install/realsense2_description/share/colcon-core/packages/realsense2_description)
[3.200s] DEBUG:colcon.colcon_core.event_handler.log_command:Invoked command in '/home/matteo/ros2_ws_git/src/build/realsense2_camera' returned '0': AMENT_PREFIX_PATH=/home/matteo/ros2_ws_git/src/install/realsense2_camera_msgs:${AMENT_PREFIX_PATH} CMAKE_PREFIX_PATH=/home/matteo/ros2_ws_git/src/install/realsense2_camera_msgs:/home/matteo/ros2_ws_git/install/realsense2_description:/home/matteo/ros2_ws_git/install/realsense2_camera:/home/matteo/ros2_ws_git/install/realsense2_camera_msgs:/home/matteo/ros2_ws_git/install/optitrack2rviz:/home/matteo/ros2_ws_git/install/display_with_rviz2:/home/matteo/ros2_ws_git/install/computing_point_cloud:/home/matteo/ros2_ws_git/install/optitrack_interface:/opt/ros/humble LD_LIBRARY_PATH=/home/matteo/ros2_ws_git/src/install/realsense2_camera_msgs/lib:${LD_LIBRARY_PATH} PYTHONPATH=/home/matteo/ros2_ws_git/src/install/realsense2_camera_msgs/local/lib/python3.10/dist-packages:${PYTHONPATH} /usr/bin/cmake --build /home/matteo/ros2_ws_git/src/build/realsense2_camera -- -j12 -l12
[3.267s] Level 1:colcon.colcon_core.environment:create_environment_scripts_only(realsense2_description)
[3.297s] Level 1:colcon.colcon_core.environment:checking '/home/matteo/ros2_ws_git/src/install/realsense2_description' for CMake module files
[3.298s] Level 1:colcon.colcon_core.environment:checking '/home/matteo/ros2_ws_git/src/install/realsense2_description' for CMake config files
[3.298s] Level 1:colcon.colcon_core.shell:create_environment_hook('realsense2_description', 'cmake_prefix_path')
[3.321s] INFO:colcon.colcon_core.shell:Creating environment hook '/home/matteo/ros2_ws_git/src/install/realsense2_description/share/realsense2_description/hook/cmake_prefix_path.ps1'
[3.322s] INFO:colcon.colcon_core.shell:Creating environment descriptor '/home/matteo/ros2_ws_git/src/install/realsense2_description/share/realsense2_description/hook/cmake_prefix_path.dsv'
[3.322s] INFO:colcon.colcon_core.shell:Creating environment hook '/home/matteo/ros2_ws_git/src/install/realsense2_description/share/realsense2_description/hook/cmake_prefix_path.sh'
[3.323s] Level 1:colcon.colcon_core.environment:checking '/home/matteo/ros2_ws_git/src/install/realsense2_description/bin'
[3.323s] Level 1:colcon.colcon_core.environment:checking '/home/matteo/ros2_ws_git/src/install/realsense2_description/lib/pkgconfig/realsense2_description.pc'
[3.323s] Level 1:colcon.colcon_core.environment:checking '/home/matteo/ros2_ws_git/src/install/realsense2_description/lib/python3.10/site-packages'
[3.323s] Level 1:colcon.colcon_core.environment:checking '/home/matteo/ros2_ws_git/src/install/realsense2_description/bin'
[3.332s] INFO:colcon.colcon_core.shell:Creating package script '/home/matteo/ros2_ws_git/src/install/realsense2_description/share/realsense2_description/package.ps1'
[3.333s] INFO:colcon.colcon_core.shell:Creating package descriptor '/home/matteo/ros2_ws_git/src/install/realsense2_description/share/realsense2_description/package.dsv'
[3.333s] INFO:colcon.colcon_core.shell:Creating package script '/home/matteo/ros2_ws_git/src/install/realsense2_description/share/realsense2_description/package.sh'
[3.334s] INFO:colcon.colcon_core.shell:Creating package script '/home/matteo/ros2_ws_git/src/install/realsense2_description/share/realsense2_description/package.bash'
[3.334s] INFO:colcon.colcon_core.shell:Creating package script '/home/matteo/ros2_ws_git/src/install/realsense2_description/share/realsense2_description/package.zsh'
[3.335s] Level 1:colcon.colcon_core.environment:create_file_with_runtime_dependencies(/home/matteo/ros2_ws_git/src/install/realsense2_description/share/colcon-core/packages/realsense2_description)
[3.339s] DEBUG:colcon.colcon_core.event_handler.log_command:Invoking command in '/home/matteo/ros2_ws_git/src/build/realsense2_camera': AMENT_PREFIX_PATH=/home/matteo/ros2_ws_git/src/install/realsense2_camera_msgs:${AMENT_PREFIX_PATH} CMAKE_PREFIX_PATH=/home/matteo/ros2_ws_git/src/install/realsense2_camera_msgs:/home/matteo/ros2_ws_git/install/realsense2_description:/home/matteo/ros2_ws_git/install/realsense2_camera:/home/matteo/ros2_ws_git/install/realsense2_camera_msgs:/home/matteo/ros2_ws_git/install/optitrack2rviz:/home/matteo/ros2_ws_git/install/display_with_rviz2:/home/matteo/ros2_ws_git/install/computing_point_cloud:/home/matteo/ros2_ws_git/install/optitrack_interface:/opt/ros/humble LD_LIBRARY_PATH=/home/matteo/ros2_ws_git/src/install/realsense2_camera_msgs/lib:${LD_LIBRARY_PATH} PYTHONPATH=/home/matteo/ros2_ws_git/src/install/realsense2_camera_msgs/local/lib/python3.10/dist-packages:${PYTHONPATH} /usr/bin/cmake --install /home/matteo/ros2_ws_git/src/build/realsense2_camera
[3.339s] DEBUG:colcon.colcon_core.event_handler.log_command:Invoked command in '/home/matteo/ros2_ws_git/src/optitrack_interface' returned '0': PYTHONPATH=/home/matteo/ros2_ws_git/src/build/optitrack_interface/prefix_override:/home/matteo/ros2_ws_git/src/install/optitrack_interface/lib/python3.10/site-packages:${PYTHONPATH} /usr/bin/python3 setup.py egg_info --egg-base ../build/optitrack_interface build --build-base /home/matteo/ros2_ws_git/src/build/optitrack_interface/build install --record /home/matteo/ros2_ws_git/src/build/optitrack_interface/install.log --single-version-externally-managed
[3.364s] Level 1:colcon.colcon_core.environment:checking '/home/matteo/ros2_ws_git/src/install/optitrack_interface' for CMake module files
[3.368s] Level 1:colcon.colcon_core.environment:checking '/home/matteo/ros2_ws_git/src/install/optitrack_interface' for CMake config files
[3.370s] Level 1:colcon.colcon_core.environment:checking '/home/matteo/ros2_ws_git/src/install/optitrack_interface/lib'
[3.370s] Level 1:colcon.colcon_core.environment:checking '/home/matteo/ros2_ws_git/src/install/optitrack_interface/bin'
[3.370s] Level 1:colcon.colcon_core.environment:checking '/home/matteo/ros2_ws_git/src/install/optitrack_interface/lib/pkgconfig/optitrack_interface.pc'
[3.371s] Level 1:colcon.colcon_core.environment:checking '/home/matteo/ros2_ws_git/src/install/optitrack_interface/lib/python3.10/site-packages'
[3.371s] Level 1:colcon.colcon_core.shell:create_environment_hook('optitrack_interface', 'pythonpath')
[3.394s] INFO:colcon.colcon_core.shell:Creating environment hook '/home/matteo/ros2_ws_git/src/install/optitrack_interface/share/optitrack_interface/hook/pythonpath.ps1'
[3.395s] INFO:colcon.colcon_core.shell:Creating environment descriptor '/home/matteo/ros2_ws_git/src/install/optitrack_interface/share/optitrack_interface/hook/pythonpath.dsv'
[3.395s] INFO:colcon.colcon_core.shell:Creating environment hook '/home/matteo/ros2_ws_git/src/install/optitrack_interface/share/optitrack_interface/hook/pythonpath.sh'
[3.396s] Level 1:colcon.colcon_core.environment:checking '/home/matteo/ros2_ws_git/src/install/optitrack_interface/bin'
[3.396s] Level 1:colcon.colcon_core.environment:create_environment_scripts_only(optitrack_interface)
[3.417s] INFO:colcon.colcon_core.shell:Creating package script '/home/matteo/ros2_ws_git/src/install/optitrack_interface/share/optitrack_interface/package.ps1'
[3.418s] INFO:colcon.colcon_core.shell:Creating package descriptor '/home/matteo/ros2_ws_git/src/install/optitrack_interface/share/optitrack_interface/package.dsv'
[3.419s] INFO:colcon.colcon_core.shell:Creating package script '/home/matteo/ros2_ws_git/src/install/optitrack_interface/share/optitrack_interface/package.sh'
[3.419s] INFO:colcon.colcon_core.shell:Creating package script '/home/matteo/ros2_ws_git/src/install/optitrack_interface/share/optitrack_interface/package.bash'
[3.419s] INFO:colcon.colcon_core.shell:Creating package script '/home/matteo/ros2_ws_git/src/install/optitrack_interface/share/optitrack_interface/package.zsh'
[3.420s] Level 1:colcon.colcon_core.environment:create_file_with_runtime_dependencies(/home/matteo/ros2_ws_git/src/install/optitrack_interface/share/colcon-core/packages/optitrack_interface)
[3.422s] Level 1:colcon.colcon_core.environment:create_environment_scripts_only(realsense2_camera)
[3.422s] DEBUG:colcon.colcon_core.event_handler.log_command:Invoked command in '/home/matteo/ros2_ws_git/src/build/realsense2_camera' returned '0': AMENT_PREFIX_PATH=/home/matteo/ros2_ws_git/src/install/realsense2_camera_msgs:${AMENT_PREFIX_PATH} CMAKE_PREFIX_PATH=/home/matteo/ros2_ws_git/src/install/realsense2_camera_msgs:/home/matteo/ros2_ws_git/install/realsense2_description:/home/matteo/ros2_ws_git/install/realsense2_camera:/home/matteo/ros2_ws_git/install/realsense2_camera_msgs:/home/matteo/ros2_ws_git/install/optitrack2rviz:/home/matteo/ros2_ws_git/install/display_with_rviz2:/home/matteo/ros2_ws_git/install/computing_point_cloud:/home/matteo/ros2_ws_git/install/optitrack_interface:/opt/ros/humble LD_LIBRARY_PATH=/home/matteo/ros2_ws_git/src/install/realsense2_camera_msgs/lib:${LD_LIBRARY_PATH} PYTHONPATH=/home/matteo/ros2_ws_git/src/install/realsense2_camera_msgs/local/lib/python3.10/dist-packages:${PYTHONPATH} /usr/bin/cmake --install /home/matteo/ros2_ws_git/src/build/realsense2_camera
[3.444s] Level 1:colcon.colcon_core.environment:checking '/home/matteo/ros2_ws_git/src/install/realsense2_camera' for CMake module files
[3.445s] Level 1:colcon.colcon_core.environment:checking '/home/matteo/ros2_ws_git/src/install/realsense2_camera' for CMake config files
[3.445s] Level 1:colcon.colcon_core.shell:create_environment_hook('realsense2_camera', 'cmake_prefix_path')
[3.468s] INFO:colcon.colcon_core.shell:Creating environment hook '/home/matteo/ros2_ws_git/src/install/realsense2_camera/share/realsense2_camera/hook/cmake_prefix_path.ps1'
[3.469s] INFO:colcon.colcon_core.shell:Creating environment descriptor '/home/matteo/ros2_ws_git/src/install/realsense2_camera/share/realsense2_camera/hook/cmake_prefix_path.dsv'
[3.469s] INFO:colcon.colcon_core.shell:Creating environment hook '/home/matteo/ros2_ws_git/src/install/realsense2_camera/share/realsense2_camera/hook/cmake_prefix_path.sh'
[3.470s] Level 1:colcon.colcon_core.environment:checking '/home/matteo/ros2_ws_git/src/install/realsense2_camera/lib'
[3.470s] Level 1:colcon.colcon_core.shell:create_environment_hook('realsense2_camera', 'ld_library_path_lib')
[3.495s] INFO:colcon.colcon_core.shell:Creating environment hook '/home/matteo/ros2_ws_git/src/install/realsense2_camera/share/realsense2_camera/hook/ld_library_path_lib.ps1'
[3.496s] INFO:colcon.colcon_core.shell:Creating environment descriptor '/home/matteo/ros2_ws_git/src/install/realsense2_camera/share/realsense2_camera/hook/ld_library_path_lib.dsv'
[3.496s] INFO:colcon.colcon_core.shell:Creating environment hook '/home/matteo/ros2_ws_git/src/install/realsense2_camera/share/realsense2_camera/hook/ld_library_path_lib.sh'
[3.496s] Level 1:colcon.colcon_core.environment:checking '/home/matteo/ros2_ws_git/src/install/realsense2_camera/bin'
[3.497s] Level 1:colcon.colcon_core.environment:checking '/home/matteo/ros2_ws_git/src/install/realsense2_camera/lib/pkgconfig/realsense2_camera.pc'
[3.497s] Level 1:colcon.colcon_core.environment:checking '/home/matteo/ros2_ws_git/src/install/realsense2_camera/lib/python3.10/site-packages'
[3.497s] Level 1:colcon.colcon_core.environment:checking '/home/matteo/ros2_ws_git/src/install/realsense2_camera/bin'
[3.523s] INFO:colcon.colcon_core.shell:Creating package script '/home/matteo/ros2_ws_git/src/install/realsense2_camera/share/realsense2_camera/package.ps1'
[3.524s] INFO:colcon.colcon_core.shell:Creating package descriptor '/home/matteo/ros2_ws_git/src/install/realsense2_camera/share/realsense2_camera/package.dsv'
[3.524s] INFO:colcon.colcon_core.shell:Creating package script '/home/matteo/ros2_ws_git/src/install/realsense2_camera/share/realsense2_camera/package.sh'
[3.525s] INFO:colcon.colcon_core.shell:Creating package script '/home/matteo/ros2_ws_git/src/install/realsense2_camera/share/realsense2_camera/package.bash'
[3.525s] INFO:colcon.colcon_core.shell:Creating package script '/home/matteo/ros2_ws_git/src/install/realsense2_camera/share/realsense2_camera/package.zsh'
[3.525s] Level 1:colcon.colcon_core.environment:create_file_with_runtime_dependencies(/home/matteo/ros2_ws_git/src/install/realsense2_camera/share/colcon-core/packages/realsense2_camera)
[3.634s] Level 1:colcon.colcon_core.environment:create_environment_scripts_only(realsense2_camera)
[3.659s] Level 1:colcon.colcon_core.environment:checking '/home/matteo/ros2_ws_git/src/install/realsense2_camera' for CMake module files
[3.660s] Level 1:colcon.colcon_core.environment:checking '/home/matteo/ros2_ws_git/src/install/realsense2_camera' for CMake config files
[3.660s] Level 1:colcon.colcon_core.shell:create_environment_hook('realsense2_camera', 'cmake_prefix_path')
[3.681s] INFO:colcon.colcon_core.shell:Creating environment hook '/home/matteo/ros2_ws_git/src/install/realsense2_camera/share/realsense2_camera/hook/cmake_prefix_path.ps1'
[3.681s] INFO:colcon.colcon_core.shell:Creating environment descriptor '/home/matteo/ros2_ws_git/src/install/realsense2_camera/share/realsense2_camera/hook/cmake_prefix_path.dsv'
[3.681s] INFO:colcon.colcon_core.shell:Creating environment hook '/home/matteo/ros2_ws_git/src/install/realsense2_camera/share/realsense2_camera/hook/cmake_prefix_path.sh'
[3.682s] Level 1:colcon.colcon_core.environment:checking '/home/matteo/ros2_ws_git/src/install/realsense2_camera/lib'
[3.682s] Level 1:colcon.colcon_core.shell:create_environment_hook('realsense2_camera', 'ld_library_path_lib')
[3.695s] INFO:colcon.colcon_core.shell:Creating environment hook '/home/matteo/ros2_ws_git/src/install/realsense2_camera/share/realsense2_camera/hook/ld_library_path_lib.ps1'
[3.695s] INFO:colcon.colcon_core.shell:Creating environment descriptor '/home/matteo/ros2_ws_git/src/install/realsense2_camera/share/realsense2_camera/hook/ld_library_path_lib.dsv'
[3.695s] INFO:colcon.colcon_core.shell:Creating environment hook '/home/matteo/ros2_ws_git/src/install/realsense2_camera/share/realsense2_camera/hook/ld_library_path_lib.sh'
[3.696s] Level 1:colcon.colcon_core.environment:checking '/home/matteo/ros2_ws_git/src/install/realsense2_camera/bin'
[3.696s] Level 1:colcon.colcon_core.environment:checking '/home/matteo/ros2_ws_git/src/install/realsense2_camera/lib/pkgconfig/realsense2_camera.pc'
[3.696s] Level 1:colcon.colcon_core.environment:checking '/home/matteo/ros2_ws_git/src/install/realsense2_camera/lib/python3.10/site-packages'
[3.696s] Level 1:colcon.colcon_core.environment:checking '/home/matteo/ros2_ws_git/src/install/realsense2_camera/bin'
[3.709s] INFO:colcon.colcon_core.shell:Creating package script '/home/matteo/ros2_ws_git/src/install/realsense2_camera/share/realsense2_camera/package.ps1'
[3.709s] INFO:colcon.colcon_core.shell:Creating package descriptor '/home/matteo/ros2_ws_git/src/install/realsense2_camera/share/realsense2_camera/package.dsv'
[3.709s] INFO:colcon.colcon_core.shell:Creating package script '/home/matteo/ros2_ws_git/src/install/realsense2_camera/share/realsense2_camera/package.sh'
[3.710s] INFO:colcon.colcon_core.shell:Creating package script '/home/matteo/ros2_ws_git/src/install/realsense2_camera/share/realsense2_camera/package.bash'
[3.710s] INFO:colcon.colcon_core.shell:Creating package script '/home/matteo/ros2_ws_git/src/install/realsense2_camera/share/realsense2_camera/package.zsh'
[3.710s] Level 1:colcon.colcon_core.environment:create_file_with_runtime_dependencies(/home/matteo/ros2_ws_git/src/install/realsense2_camera/share/colcon-core/packages/realsense2_camera)
[14.469s] DEBUG:colcon.colcon_core.event_handler.log_command:Invoked command in '/home/matteo/ros2_ws_git/src/build/computing_point_cloud' returned '0': CMAKE_PREFIX_PATH=${CMAKE_PREFIX_PATH}:/home/matteo/ros2_ws_git/install/optitrack_interface:/opt/ros/humble /usr/bin/cmake --build /home/matteo/ros2_ws_git/src/build/computing_point_cloud -- -j12 -l12
[14.494s] DEBUG:colcon.colcon_core.event_handler.log_command:Invoking command in '/home/matteo/ros2_ws_git/src/build/computing_point_cloud': CMAKE_PREFIX_PATH=${CMAKE_PREFIX_PATH}:/home/matteo/ros2_ws_git/install/optitrack_interface:/opt/ros/humble /usr/bin/cmake --install /home/matteo/ros2_ws_git/src/build/computing_point_cloud
[14.513s] Level 1:colcon.colcon_core.environment:create_environment_scripts_only(computing_point_cloud)
[14.513s] DEBUG:colcon.colcon_core.event_handler.log_command:Invoked command in '/home/matteo/ros2_ws_git/src/build/computing_point_cloud' returned '0': CMAKE_PREFIX_PATH=${CMAKE_PREFIX_PATH}:/home/matteo/ros2_ws_git/install/optitrack_interface:/opt/ros/humble /usr/bin/cmake --install /home/matteo/ros2_ws_git/src/build/computing_point_cloud
[14.524s] Level 1:colcon.colcon_core.environment:checking '/home/matteo/ros2_ws_git/src/install/computing_point_cloud' for CMake module files
[14.524s] Level 1:colcon.colcon_core.environment:checking '/home/matteo/ros2_ws_git/src/install/computing_point_cloud' for CMake config files
[14.524s] Level 1:colcon.colcon_core.shell:create_environment_hook('computing_point_cloud', 'cmake_prefix_path')
[14.532s] INFO:colcon.colcon_core.shell:Creating environment hook '/home/matteo/ros2_ws_git/src/install/computing_point_cloud/share/computing_point_cloud/hook/cmake_prefix_path.ps1'
[14.532s] INFO:colcon.colcon_core.shell:Creating environment descriptor '/home/matteo/ros2_ws_git/src/install/computing_point_cloud/share/computing_point_cloud/hook/cmake_prefix_path.dsv'
[14.532s] INFO:colcon.colcon_core.shell:Creating environment hook '/home/matteo/ros2_ws_git/src/install/computing_point_cloud/share/computing_point_cloud/hook/cmake_prefix_path.sh'
[14.532s] Level 1:colcon.colcon_core.environment:checking '/home/matteo/ros2_ws_git/src/install/computing_point_cloud/lib'
[14.532s] Level 1:colcon.colcon_core.environment:checking '/home/matteo/ros2_ws_git/src/install/computing_point_cloud/bin'
[14.532s] Level 1:colcon.colcon_core.environment:checking '/home/matteo/ros2_ws_git/src/install/computing_point_cloud/lib/pkgconfig/computing_point_cloud.pc'
[14.533s] Level 1:colcon.colcon_core.environment:checking '/home/matteo/ros2_ws_git/src/install/computing_point_cloud/lib/python3.10/site-packages'
[14.533s] Level 1:colcon.colcon_core.environment:checking '/home/matteo/ros2_ws_git/src/install/computing_point_cloud/bin'
[14.544s] INFO:colcon.colcon_core.shell:Creating package script '/home/matteo/ros2_ws_git/src/install/computing_point_cloud/share/computing_point_cloud/package.ps1'
[14.545s] INFO:colcon.colcon_core.shell:Creating package descriptor '/home/matteo/ros2_ws_git/src/install/computing_point_cloud/share/computing_point_cloud/package.dsv'
[14.545s] INFO:colcon.colcon_core.shell:Creating package script '/home/matteo/ros2_ws_git/src/install/computing_point_cloud/share/computing_point_cloud/package.sh'
[14.546s] INFO:colcon.colcon_core.shell:Creating package script '/home/matteo/ros2_ws_git/src/install/computing_point_cloud/share/computing_point_cloud/package.bash'
[14.546s] INFO:colcon.colcon_core.shell:Creating package script '/home/matteo/ros2_ws_git/src/install/computing_point_cloud/share/computing_point_cloud/package.zsh'
[14.546s] Level 1:colcon.colcon_core.environment:create_file_with_runtime_dependencies(/home/matteo/ros2_ws_git/src/install/computing_point_cloud/share/colcon-core/packages/computing_point_cloud)
[14.582s] Level 1:colcon.colcon_core.environment:create_environment_scripts_only(computing_point_cloud)
[14.594s] Level 1:colcon.colcon_core.environment:checking '/home/matteo/ros2_ws_git/src/install/computing_point_cloud' for CMake module files
[14.594s] Level 1:colcon.colcon_core.environment:checking '/home/matteo/ros2_ws_git/src/install/computing_point_cloud' for CMake config files
[14.595s] Level 1:colcon.colcon_core.shell:create_environment_hook('computing_point_cloud', 'cmake_prefix_path')
[14.603s] INFO:colcon.colcon_core.shell:Creating environment hook '/home/matteo/ros2_ws_git/src/install/computing_point_cloud/share/computing_point_cloud/hook/cmake_prefix_path.ps1'
[14.603s] INFO:colcon.colcon_core.shell:Creating environment descriptor '/home/matteo/ros2_ws_git/src/install/computing_point_cloud/share/computing_point_cloud/hook/cmake_prefix_path.dsv'
[14.604s] INFO:colcon.colcon_core.shell:Creating environment hook '/home/matteo/ros2_ws_git/src/install/computing_point_cloud/share/computing_point_cloud/hook/cmake_prefix_path.sh'
[14.604s] Level 1:colcon.colcon_core.environment:checking '/home/matteo/ros2_ws_git/src/install/computing_point_cloud/lib'
[14.604s] Level 1:colcon.colcon_core.environment:checking '/home/matteo/ros2_ws_git/src/install/computing_point_cloud/bin'
[14.604s] Level 1:colcon.colcon_core.environment:checking '/home/matteo/ros2_ws_git/src/install/computing_point_cloud/lib/pkgconfig/computing_point_cloud.pc'
[14.604s] Level 1:colcon.colcon_core.environment:checking '/home/matteo/ros2_ws_git/src/install/computing_point_cloud/lib/python3.10/site-packages'
[14.605s] Level 1:colcon.colcon_core.environment:checking '/home/matteo/ros2_ws_git/src/install/computing_point_cloud/bin'
[14.615s] INFO:colcon.colcon_core.shell:Creating package script '/home/matteo/ros2_ws_git/src/install/computing_point_cloud/share/computing_point_cloud/package.ps1'
[14.615s] INFO:colcon.colcon_core.shell:Creating package descriptor '/home/matteo/ros2_ws_git/src/install/computing_point_cloud/share/computing_point_cloud/package.dsv'
[14.616s] INFO:colcon.colcon_core.shell:Creating package script '/home/matteo/ros2_ws_git/src/install/computing_point_cloud/share/computing_point_cloud/package.sh'
[14.616s] INFO:colcon.colcon_core.shell:Creating package script '/home/matteo/ros2_ws_git/src/install/computing_point_cloud/share/computing_point_cloud/package.bash'
[14.616s] INFO:colcon.colcon_core.shell:Creating package script '/home/matteo/ros2_ws_git/src/install/computing_point_cloud/share/computing_point_cloud/package.zsh'
[14.617s] Level 1:colcon.colcon_core.environment:create_file_with_runtime_dependencies(/home/matteo/ros2_ws_git/src/install/computing_point_cloud/share/colcon-core/packages/computing_point_cloud)
[14.617s] DEBUG:colcon.colcon_parallel_executor.executor.parallel:closing loop
[14.617s] DEBUG:colcon.colcon_parallel_executor.executor.parallel:loop closed
[14.617s] DEBUG:colcon.colcon_parallel_executor.executor.parallel:run_until_complete finished with '0'
[14.617s] DEBUG:colcon.colcon_core.event_reactor:joining thread
[14.635s] INFO:colcon.colcon_core.plugin_system:Skipping extension 'colcon_notification.desktop_notification.terminal_notifier': Not used on non-Darwin systems
[14.635s] INFO:colcon.colcon_core.plugin_system:Skipping extension 'colcon_notification.desktop_notification.win32': Not used on non-Windows systems
[14.635s] INFO:colcon.colcon_notification.desktop_notification:Sending desktop notification using 'notify2'
[14.648s] DEBUG:colcon.colcon_core.event_reactor:joined thread
[14.664s] INFO:colcon.colcon_core.shell:Creating prefix script '/home/matteo/ros2_ws_git/src/install/local_setup.ps1'
[14.665s] INFO:colcon.colcon_core.shell:Creating prefix util module '/home/matteo/ros2_ws_git/src/install/_local_setup_util_ps1.py'
[14.666s] INFO:colcon.colcon_core.shell:Creating prefix chain script '/home/matteo/ros2_ws_git/src/install/setup.ps1'
[14.675s] INFO:colcon.colcon_core.shell:Creating prefix script '/home/matteo/ros2_ws_git/src/install/local_setup.sh'
[14.675s] INFO:colcon.colcon_core.shell:Creating prefix util module '/home/matteo/ros2_ws_git/src/install/_local_setup_util_sh.py'
[14.676s] INFO:colcon.colcon_core.shell:Creating prefix chain script '/home/matteo/ros2_ws_git/src/install/setup.sh'
[14.689s] INFO:colcon.colcon_core.shell:Creating prefix script '/home/matteo/ros2_ws_git/src/install/local_setup.bash'
[14.689s] INFO:colcon.colcon_core.shell:Creating prefix chain script '/home/matteo/ros2_ws_git/src/install/setup.bash'
[14.703s] INFO:colcon.colcon_core.shell:Creating prefix script '/home/matteo/ros2_ws_git/src/install/local_setup.zsh'
[14.703s] INFO:colcon.colcon_core.shell:Creating prefix chain script '/home/matteo/ros2_ws_git/src/install/setup.zsh'
