[0.255s] Invoking command in '/home/matteo/ros2_ws_git/src/build/realsense2_camera_msgs': CMAKE_PREFIX_PATH=${CMAKE_PREFIX_PATH}:/home/matteo/ros2_ws_git/install/optitrack_interface:/opt/ros/humble /usr/bin/cmake --build /home/matteo/ros2_ws_git/src/build/realsense2_camera_msgs -- -j12 -l12
[0.383s] [  1%] Built target realsense2_camera_msgs__cpp
[0.383s] [35m[1mConsolidate compiler generated dependencies of target realsense2_camera_msgs__rosidl_generator_c[0m
[0.403s] [35m[1mConsolidate compiler generated dependencies of target realsense2_camera_msgs__rosidl_typesupport_cpp[0m
[0.404s] [  1%] Built target ament_cmake_python_copy_realsense2_camera_msgs
[0.404s] [35m[1mConsolidate compiler generated dependencies of target realsense2_camera_msgs__rosidl_typesupport_fastrtps_cpp[0m
[0.406s] [ 12%] Built target realsense2_camera_msgs__rosidl_generator_c
[0.410s] [35m[1mConsolidate compiler generated dependencies of target realsense2_camera_msgs__rosidl_typesupport_introspection_cpp[0m
[0.428s] [35m[1mConsolidate compiler generated dependencies of target realsense2_camera_msgs__rosidl_typesupport_introspection_c[0m
[0.430s] [ 23%] Built target realsense2_camera_msgs__rosidl_typesupport_cpp
[0.430s] [35m[1mConsolidate compiler generated dependencies of target realsense2_camera_msgs__rosidl_typesupport_c[0m
[0.435s] [35m[1mConsolidate compiler generated dependencies of target realsense2_camera_msgs__rosidl_typesupport_fastrtps_c[0m
[0.440s] [ 34%] Built target realsense2_camera_msgs__rosidl_typesupport_introspection_cpp
[0.445s] [ 46%] Built target realsense2_camera_msgs__rosidl_typesupport_fastrtps_cpp
[0.453s] [ 57%] Built target realsense2_camera_msgs__rosidl_typesupport_c
[0.455s] [ 68%] Built target realsense2_camera_msgs__rosidl_typesupport_introspection_c
[0.462s] [ 79%] Built target realsense2_camera_msgs__rosidl_typesupport_fastrtps_c
[0.493s] [ 79%] Built target realsense2_camera_msgs
[0.525s] [ 80%] Built target realsense2_camera_msgs__py
[0.547s] [35m[1mConsolidate compiler generated dependencies of target realsense2_camera_msgs__rosidl_generator_py[0m
[0.572s] [ 90%] Built target realsense2_camera_msgs__rosidl_generator_py
[0.590s] [35m[1mConsolidate compiler generated dependencies of target realsense2_camera_msgs__rosidl_typesupport_introspection_c__pyext[0m
[0.590s] [35m[1mConsolidate compiler generated dependencies of target realsense2_camera_msgs__rosidl_typesupport_fastrtps_c__pyext[0m
[0.590s] [35m[1mConsolidate compiler generated dependencies of target realsense2_camera_msgs__rosidl_typesupport_c__pyext[0m
[0.611s] [100%] Built target realsense2_camera_msgs__rosidl_typesupport_introspection_c__pyext
[0.611s] [100%] Built target realsense2_camera_msgs__rosidl_typesupport_c__pyext
[0.612s] [100%] Built target realsense2_camera_msgs__rosidl_typesupport_fastrtps_c__pyext
[0.705s] running egg_info
[0.707s] writing realsense2_camera_msgs.egg-info/PKG-INFO
[0.707s] writing dependency_links to realsense2_camera_msgs.egg-info/dependency_links.txt
[0.707s] writing top-level names to realsense2_camera_msgs.egg-info/top_level.txt
[0.712s] reading manifest file 'realsense2_camera_msgs.egg-info/SOURCES.txt'
[0.714s] writing manifest file 'realsense2_camera_msgs.egg-info/SOURCES.txt'
[0.761s] [100%] Built target ament_cmake_python_build_realsense2_camera_msgs_egg
[0.864s] Invoked command in '/home/matteo/ros2_ws_git/src/build/realsense2_camera_msgs' returned '0': CMAKE_PREFIX_PATH=${CMAKE_PREFIX_PATH}:/home/matteo/ros2_ws_git/install/optitrack_interface:/opt/ros/humble /usr/bin/cmake --build /home/matteo/ros2_ws_git/src/build/realsense2_camera_msgs -- -j12 -l12
[1.037s] Invoking command in '/home/matteo/ros2_ws_git/src/build/realsense2_camera_msgs': CMAKE_PREFIX_PATH=${CMAKE_PREFIX_PATH}:/home/matteo/ros2_ws_git/install/optitrack_interface:/opt/ros/humble /usr/bin/cmake --install /home/matteo/ros2_ws_git/src/build/realsense2_camera_msgs
[1.105s] -- Install configuration: ""
[1.105s] -- Up-to-date: /home/matteo/ros2_ws_git/src/install/realsense2_camera_msgs/share/ament_index/resource_index/rosidl_interfaces/realsense2_camera_msgs
[1.105s] -- Up-to-date: /home/matteo/ros2_ws_git/src/install/realsense2_camera_msgs/include/realsense2_camera_msgs/realsense2_camera_msgs
[1.106s] -- Up-to-date: /home/matteo/ros2_ws_git/src/install/realsense2_camera_msgs/include/realsense2_camera_msgs/realsense2_camera_msgs/srv
[1.106s] -- Up-to-date: /home/matteo/ros2_ws_git/src/install/realsense2_camera_msgs/include/realsense2_camera_msgs/realsense2_camera_msgs/srv/detail
[1.106s] -- Up-to-date: /home/matteo/ros2_ws_git/src/install/realsense2_camera_msgs/include/realsense2_camera_msgs/realsense2_camera_msgs/srv/detail/device_info__functions.c
[1.106s] -- Up-to-date: /home/matteo/ros2_ws_git/src/install/realsense2_camera_msgs/include/realsense2_camera_msgs/realsense2_camera_msgs/srv/detail/device_info__type_support.h
[1.106s] -- Up-to-date: /home/matteo/ros2_ws_git/src/install/realsense2_camera_msgs/include/realsense2_camera_msgs/realsense2_camera_msgs/srv/detail/device_info__struct.h
[1.107s] -- Up-to-date: /home/matteo/ros2_ws_git/src/install/realsense2_camera_msgs/include/realsense2_camera_msgs/realsense2_camera_msgs/srv/detail/device_info__functions.h
[1.107s] -- Up-to-date: /home/matteo/ros2_ws_git/src/install/realsense2_camera_msgs/include/realsense2_camera_msgs/realsense2_camera_msgs/srv/device_info.h
[1.107s] -- Up-to-date: /home/matteo/ros2_ws_git/src/install/realsense2_camera_msgs/include/realsense2_camera_msgs/realsense2_camera_msgs/msg
[1.107s] -- Up-to-date: /home/matteo/ros2_ws_git/src/install/realsense2_camera_msgs/include/realsense2_camera_msgs/realsense2_camera_msgs/msg/detail
[1.107s] -- Up-to-date: /home/matteo/ros2_ws_git/src/install/realsense2_camera_msgs/include/realsense2_camera_msgs/realsense2_camera_msgs/msg/detail/metadata__functions.h
[1.107s] -- Up-to-date: /home/matteo/ros2_ws_git/src/install/realsense2_camera_msgs/include/realsense2_camera_msgs/realsense2_camera_msgs/msg/detail/extrinsics__struct.h
[1.108s] -- Up-to-date: /home/matteo/ros2_ws_git/src/install/realsense2_camera_msgs/include/realsense2_camera_msgs/realsense2_camera_msgs/msg/detail/rgbd__functions.c
[1.108s] -- Up-to-date: /home/matteo/ros2_ws_git/src/install/realsense2_camera_msgs/include/realsense2_camera_msgs/realsense2_camera_msgs/msg/detail/extrinsics__type_support.h
[1.108s] -- Up-to-date: /home/matteo/ros2_ws_git/src/install/realsense2_camera_msgs/include/realsense2_camera_msgs/realsense2_camera_msgs/msg/detail/imu_info__struct.h
[1.108s] -- Up-to-date: /home/matteo/ros2_ws_git/src/install/realsense2_camera_msgs/include/realsense2_camera_msgs/realsense2_camera_msgs/msg/detail/rgbd__type_support.h
[1.108s] -- Up-to-date: /home/matteo/ros2_ws_git/src/install/realsense2_camera_msgs/include/realsense2_camera_msgs/realsense2_camera_msgs/msg/detail/imu_info__functions.c
[1.108s] -- Up-to-date: /home/matteo/ros2_ws_git/src/install/realsense2_camera_msgs/include/realsense2_camera_msgs/realsense2_camera_msgs/msg/detail/rgbd__functions.h
[1.108s] -- Up-to-date: /home/matteo/ros2_ws_git/src/install/realsense2_camera_msgs/include/realsense2_camera_msgs/realsense2_camera_msgs/msg/detail/extrinsics__functions.c
[1.108s] -- Up-to-date: /home/matteo/ros2_ws_git/src/install/realsense2_camera_msgs/include/realsense2_camera_msgs/realsense2_camera_msgs/msg/detail/metadata__struct.h
[1.108s] -- Up-to-date: /home/matteo/ros2_ws_git/src/install/realsense2_camera_msgs/include/realsense2_camera_msgs/realsense2_camera_msgs/msg/detail/extrinsics__functions.h
[1.109s] -- Up-to-date: /home/matteo/ros2_ws_git/src/install/realsense2_camera_msgs/include/realsense2_camera_msgs/realsense2_camera_msgs/msg/detail/metadata__functions.c
[1.109s] -- Up-to-date: /home/matteo/ros2_ws_git/src/install/realsense2_camera_msgs/include/realsense2_camera_msgs/realsense2_camera_msgs/msg/detail/rgbd__struct.h
[1.109s] -- Up-to-date: /home/matteo/ros2_ws_git/src/install/realsense2_camera_msgs/include/realsense2_camera_msgs/realsense2_camera_msgs/msg/detail/metadata__type_support.h
[1.109s] -- Up-to-date: /home/matteo/ros2_ws_git/src/install/realsense2_camera_msgs/include/realsense2_camera_msgs/realsense2_camera_msgs/msg/detail/imu_info__type_support.h
[1.109s] -- Up-to-date: /home/matteo/ros2_ws_git/src/install/realsense2_camera_msgs/include/realsense2_camera_msgs/realsense2_camera_msgs/msg/detail/imu_info__functions.h
[1.109s] -- Up-to-date: /home/matteo/ros2_ws_git/src/install/realsense2_camera_msgs/include/realsense2_camera_msgs/realsense2_camera_msgs/msg/imu_info.h
[1.109s] -- Up-to-date: /home/matteo/ros2_ws_git/src/install/realsense2_camera_msgs/include/realsense2_camera_msgs/realsense2_camera_msgs/msg/metadata.h
[1.109s] -- Up-to-date: /home/matteo/ros2_ws_git/src/install/realsense2_camera_msgs/include/realsense2_camera_msgs/realsense2_camera_msgs/msg/rosidl_generator_c__visibility_control.h
[1.109s] -- Up-to-date: /home/matteo/ros2_ws_git/src/install/realsense2_camera_msgs/include/realsense2_camera_msgs/realsense2_camera_msgs/msg/rgbd.h
[1.109s] -- Up-to-date: /home/matteo/ros2_ws_git/src/install/realsense2_camera_msgs/include/realsense2_camera_msgs/realsense2_camera_msgs/msg/extrinsics.h
[1.110s] -- Up-to-date: /home/matteo/ros2_ws_git/src/install/realsense2_camera_msgs/share/realsense2_camera_msgs/environment/library_path.sh
[1.110s] -- Up-to-date: /home/matteo/ros2_ws_git/src/install/realsense2_camera_msgs/share/realsense2_camera_msgs/environment/library_path.dsv
[1.110s] -- Up-to-date: /home/matteo/ros2_ws_git/src/install/realsense2_camera_msgs/lib/librealsense2_camera_msgs__rosidl_generator_c.so
[1.110s] -- Up-to-date: /home/matteo/ros2_ws_git/src/install/realsense2_camera_msgs/include/realsense2_camera_msgs/realsense2_camera_msgs
[1.110s] -- Up-to-date: /home/matteo/ros2_ws_git/src/install/realsense2_camera_msgs/include/realsense2_camera_msgs/realsense2_camera_msgs/srv
[1.110s] -- Up-to-date: /home/matteo/ros2_ws_git/src/install/realsense2_camera_msgs/include/realsense2_camera_msgs/realsense2_camera_msgs/srv/detail
[1.110s] -- Up-to-date: /home/matteo/ros2_ws_git/src/install/realsense2_camera_msgs/include/realsense2_camera_msgs/realsense2_camera_msgs/srv/detail/device_info__rosidl_typesupport_fastrtps_c.h
[1.110s] -- Up-to-date: /home/matteo/ros2_ws_git/src/install/realsense2_camera_msgs/include/realsense2_camera_msgs/realsense2_camera_msgs/msg
[1.110s] -- Up-to-date: /home/matteo/ros2_ws_git/src/install/realsense2_camera_msgs/include/realsense2_camera_msgs/realsense2_camera_msgs/msg/detail
[1.111s] -- Up-to-date: /home/matteo/ros2_ws_git/src/install/realsense2_camera_msgs/include/realsense2_camera_msgs/realsense2_camera_msgs/msg/detail/extrinsics__rosidl_typesupport_fastrtps_c.h
[1.111s] -- Up-to-date: /home/matteo/ros2_ws_git/src/install/realsense2_camera_msgs/include/realsense2_camera_msgs/realsense2_camera_msgs/msg/detail/imu_info__rosidl_typesupport_fastrtps_c.h
[1.111s] -- Up-to-date: /home/matteo/ros2_ws_git/src/install/realsense2_camera_msgs/include/realsense2_camera_msgs/realsense2_camera_msgs/msg/detail/metadata__rosidl_typesupport_fastrtps_c.h
[1.111s] -- Up-to-date: /home/matteo/ros2_ws_git/src/install/realsense2_camera_msgs/include/realsense2_camera_msgs/realsense2_camera_msgs/msg/detail/rgbd__rosidl_typesupport_fastrtps_c.h
[1.111s] -- Up-to-date: /home/matteo/ros2_ws_git/src/install/realsense2_camera_msgs/include/realsense2_camera_msgs/realsense2_camera_msgs/msg/rosidl_typesupport_fastrtps_c__visibility_control.h
[1.111s] -- Up-to-date: /home/matteo/ros2_ws_git/src/install/realsense2_camera_msgs/lib/librealsense2_camera_msgs__rosidl_typesupport_fastrtps_c.so
[1.111s] -- Up-to-date: /home/matteo/ros2_ws_git/src/install/realsense2_camera_msgs/include/realsense2_camera_msgs/realsense2_camera_msgs
[1.111s] -- Up-to-date: /home/matteo/ros2_ws_git/src/install/realsense2_camera_msgs/include/realsense2_camera_msgs/realsense2_camera_msgs/srv
[1.111s] -- Up-to-date: /home/matteo/ros2_ws_git/src/install/realsense2_camera_msgs/include/realsense2_camera_msgs/realsense2_camera_msgs/srv/detail
[1.111s] -- Up-to-date: /home/matteo/ros2_ws_git/src/install/realsense2_camera_msgs/include/realsense2_camera_msgs/realsense2_camera_msgs/srv/detail/device_info__type_support.c
[1.112s] -- Up-to-date: /home/matteo/ros2_ws_git/src/install/realsense2_camera_msgs/include/realsense2_camera_msgs/realsense2_camera_msgs/srv/detail/device_info__rosidl_typesupport_introspection_c.h
[1.112s] -- Up-to-date: /home/matteo/ros2_ws_git/src/install/realsense2_camera_msgs/include/realsense2_camera_msgs/realsense2_camera_msgs/msg
[1.112s] -- Up-to-date: /home/matteo/ros2_ws_git/src/install/realsense2_camera_msgs/include/realsense2_camera_msgs/realsense2_camera_msgs/msg/detail
[1.112s] -- Up-to-date: /home/matteo/ros2_ws_git/src/install/realsense2_camera_msgs/include/realsense2_camera_msgs/realsense2_camera_msgs/msg/detail/metadata__type_support.c
[1.112s] -- Up-to-date: /home/matteo/ros2_ws_git/src/install/realsense2_camera_msgs/include/realsense2_camera_msgs/realsense2_camera_msgs/msg/detail/extrinsics__rosidl_typesupport_introspection_c.h
[1.112s] -- Up-to-date: /home/matteo/ros2_ws_git/src/install/realsense2_camera_msgs/include/realsense2_camera_msgs/realsense2_camera_msgs/msg/detail/rgbd__type_support.c
[1.112s] -- Up-to-date: /home/matteo/ros2_ws_git/src/install/realsense2_camera_msgs/include/realsense2_camera_msgs/realsense2_camera_msgs/msg/detail/extrinsics__type_support.c
[1.112s] -- Up-to-date: /home/matteo/ros2_ws_git/src/install/realsense2_camera_msgs/include/realsense2_camera_msgs/realsense2_camera_msgs/msg/detail/imu_info__rosidl_typesupport_introspection_c.h
[1.112s] -- Up-to-date: /home/matteo/ros2_ws_git/src/install/realsense2_camera_msgs/include/realsense2_camera_msgs/realsense2_camera_msgs/msg/detail/imu_info__type_support.c
[1.112s] -- Up-to-date: /home/matteo/ros2_ws_git/src/install/realsense2_camera_msgs/include/realsense2_camera_msgs/realsense2_camera_msgs/msg/detail/rgbd__rosidl_typesupport_introspection_c.h
[1.112s] -- Up-to-date: /home/matteo/ros2_ws_git/src/install/realsense2_camera_msgs/include/realsense2_camera_msgs/realsense2_camera_msgs/msg/detail/metadata__rosidl_typesupport_introspection_c.h
[1.113s] -- Up-to-date: /home/matteo/ros2_ws_git/src/install/realsense2_camera_msgs/include/realsense2_camera_msgs/realsense2_camera_msgs/msg/rosidl_typesupport_introspection_c__visibility_control.h
[1.113s] -- Up-to-date: /home/matteo/ros2_ws_git/src/install/realsense2_camera_msgs/lib/librealsense2_camera_msgs__rosidl_typesupport_introspection_c.so
[1.113s] -- Up-to-date: /home/matteo/ros2_ws_git/src/install/realsense2_camera_msgs/lib/librealsense2_camera_msgs__rosidl_typesupport_c.so
[1.113s] -- Up-to-date: /home/matteo/ros2_ws_git/src/install/realsense2_camera_msgs/include/realsense2_camera_msgs/realsense2_camera_msgs
[1.113s] -- Up-to-date: /home/matteo/ros2_ws_git/src/install/realsense2_camera_msgs/include/realsense2_camera_msgs/realsense2_camera_msgs/srv
[1.113s] -- Up-to-date: /home/matteo/ros2_ws_git/src/install/realsense2_camera_msgs/include/realsense2_camera_msgs/realsense2_camera_msgs/srv/detail
[1.113s] -- Up-to-date: /home/matteo/ros2_ws_git/src/install/realsense2_camera_msgs/include/realsense2_camera_msgs/realsense2_camera_msgs/srv/detail/device_info__struct.hpp
[1.113s] -- Up-to-date: /home/matteo/ros2_ws_git/src/install/realsense2_camera_msgs/include/realsense2_camera_msgs/realsense2_camera_msgs/srv/detail/device_info__traits.hpp
[1.113s] -- Up-to-date: /home/matteo/ros2_ws_git/src/install/realsense2_camera_msgs/include/realsense2_camera_msgs/realsense2_camera_msgs/srv/detail/device_info__builder.hpp
[1.114s] -- Up-to-date: /home/matteo/ros2_ws_git/src/install/realsense2_camera_msgs/include/realsense2_camera_msgs/realsense2_camera_msgs/srv/device_info.hpp
[1.114s] -- Up-to-date: /home/matteo/ros2_ws_git/src/install/realsense2_camera_msgs/include/realsense2_camera_msgs/realsense2_camera_msgs/msg
[1.114s] -- Up-to-date: /home/matteo/ros2_ws_git/src/install/realsense2_camera_msgs/include/realsense2_camera_msgs/realsense2_camera_msgs/msg/extrinsics.hpp
[1.114s] -- Up-to-date: /home/matteo/ros2_ws_git/src/install/realsense2_camera_msgs/include/realsense2_camera_msgs/realsense2_camera_msgs/msg/detail
[1.114s] -- Up-to-date: /home/matteo/ros2_ws_git/src/install/realsense2_camera_msgs/include/realsense2_camera_msgs/realsense2_camera_msgs/msg/detail/extrinsics__traits.hpp
[1.114s] -- Up-to-date: /home/matteo/ros2_ws_git/src/install/realsense2_camera_msgs/include/realsense2_camera_msgs/realsense2_camera_msgs/msg/detail/metadata__traits.hpp
[1.114s] -- Up-to-date: /home/matteo/ros2_ws_git/src/install/realsense2_camera_msgs/include/realsense2_camera_msgs/realsense2_camera_msgs/msg/detail/imu_info__struct.hpp
[1.114s] -- Up-to-date: /home/matteo/ros2_ws_git/src/install/realsense2_camera_msgs/include/realsense2_camera_msgs/realsense2_camera_msgs/msg/detail/rgbd__struct.hpp
[1.114s] -- Up-to-date: /home/matteo/ros2_ws_git/src/install/realsense2_camera_msgs/include/realsense2_camera_msgs/realsense2_camera_msgs/msg/detail/rgbd__traits.hpp
[1.115s] -- Up-to-date: /home/matteo/ros2_ws_git/src/install/realsense2_camera_msgs/include/realsense2_camera_msgs/realsense2_camera_msgs/msg/detail/imu_info__builder.hpp
[1.115s] -- Up-to-date: /home/matteo/ros2_ws_git/src/install/realsense2_camera_msgs/include/realsense2_camera_msgs/realsense2_camera_msgs/msg/detail/metadata__struct.hpp
[1.115s] -- Up-to-date: /home/matteo/ros2_ws_git/src/install/realsense2_camera_msgs/include/realsense2_camera_msgs/realsense2_camera_msgs/msg/detail/rgbd__builder.hpp
[1.115s] -- Up-to-date: /home/matteo/ros2_ws_git/src/install/realsense2_camera_msgs/include/realsense2_camera_msgs/realsense2_camera_msgs/msg/detail/imu_info__traits.hpp
[1.115s] -- Up-to-date: /home/matteo/ros2_ws_git/src/install/realsense2_camera_msgs/include/realsense2_camera_msgs/realsense2_camera_msgs/msg/detail/extrinsics__struct.hpp
[1.115s] -- Up-to-date: /home/matteo/ros2_ws_git/src/install/realsense2_camera_msgs/include/realsense2_camera_msgs/realsense2_camera_msgs/msg/detail/extrinsics__builder.hpp
[1.115s] -- Up-to-date: /home/matteo/ros2_ws_git/src/install/realsense2_camera_msgs/include/realsense2_camera_msgs/realsense2_camera_msgs/msg/detail/metadata__builder.hpp
[1.115s] -- Up-to-date: /home/matteo/ros2_ws_git/src/install/realsense2_camera_msgs/include/realsense2_camera_msgs/realsense2_camera_msgs/msg/imu_info.hpp
[1.116s] -- Up-to-date: /home/matteo/ros2_ws_git/src/install/realsense2_camera_msgs/include/realsense2_camera_msgs/realsense2_camera_msgs/msg/metadata.hpp
[1.116s] -- Up-to-date: /home/matteo/ros2_ws_git/src/install/realsense2_camera_msgs/include/realsense2_camera_msgs/realsense2_camera_msgs/msg/rgbd.hpp
[1.116s] -- Up-to-date: /home/matteo/ros2_ws_git/src/install/realsense2_camera_msgs/include/realsense2_camera_msgs/realsense2_camera_msgs
[1.116s] -- Up-to-date: /home/matteo/ros2_ws_git/src/install/realsense2_camera_msgs/include/realsense2_camera_msgs/realsense2_camera_msgs/srv
[1.116s] -- Up-to-date: /home/matteo/ros2_ws_git/src/install/realsense2_camera_msgs/include/realsense2_camera_msgs/realsense2_camera_msgs/srv/detail
[1.116s] -- Up-to-date: /home/matteo/ros2_ws_git/src/install/realsense2_camera_msgs/include/realsense2_camera_msgs/realsense2_camera_msgs/srv/detail/device_info__rosidl_typesupport_fastrtps_cpp.hpp
[1.116s] -- Up-to-date: /home/matteo/ros2_ws_git/src/install/realsense2_camera_msgs/include/realsense2_camera_msgs/realsense2_camera_msgs/srv/detail/dds_fastrtps
[1.116s] -- Up-to-date: /home/matteo/ros2_ws_git/src/install/realsense2_camera_msgs/include/realsense2_camera_msgs/realsense2_camera_msgs/msg
[1.116s] -- Up-to-date: /home/matteo/ros2_ws_git/src/install/realsense2_camera_msgs/include/realsense2_camera_msgs/realsense2_camera_msgs/msg/detail
[1.116s] -- Up-to-date: /home/matteo/ros2_ws_git/src/install/realsense2_camera_msgs/include/realsense2_camera_msgs/realsense2_camera_msgs/msg/detail/metadata__rosidl_typesupport_fastrtps_cpp.hpp
[1.117s] -- Up-to-date: /home/matteo/ros2_ws_git/src/install/realsense2_camera_msgs/include/realsense2_camera_msgs/realsense2_camera_msgs/msg/detail/extrinsics__rosidl_typesupport_fastrtps_cpp.hpp
[1.117s] -- Up-to-date: /home/matteo/ros2_ws_git/src/install/realsense2_camera_msgs/include/realsense2_camera_msgs/realsense2_camera_msgs/msg/detail/dds_fastrtps
[1.117s] -- Up-to-date: /home/matteo/ros2_ws_git/src/install/realsense2_camera_msgs/include/realsense2_camera_msgs/realsense2_camera_msgs/msg/detail/rgbd__rosidl_typesupport_fastrtps_cpp.hpp
[1.117s] -- Up-to-date: /home/matteo/ros2_ws_git/src/install/realsense2_camera_msgs/include/realsense2_camera_msgs/realsense2_camera_msgs/msg/detail/imu_info__rosidl_typesupport_fastrtps_cpp.hpp
[1.117s] -- Up-to-date: /home/matteo/ros2_ws_git/src/install/realsense2_camera_msgs/include/realsense2_camera_msgs/realsense2_camera_msgs/msg/rosidl_typesupport_fastrtps_cpp__visibility_control.h
[1.117s] -- Up-to-date: /home/matteo/ros2_ws_git/src/install/realsense2_camera_msgs/lib/librealsense2_camera_msgs__rosidl_typesupport_fastrtps_cpp.so
[1.117s] -- Up-to-date: /home/matteo/ros2_ws_git/src/install/realsense2_camera_msgs/include/realsense2_camera_msgs/realsense2_camera_msgs
[1.117s] -- Up-to-date: /home/matteo/ros2_ws_git/src/install/realsense2_camera_msgs/include/realsense2_camera_msgs/realsense2_camera_msgs/srv
[1.118s] -- Up-to-date: /home/matteo/ros2_ws_git/src/install/realsense2_camera_msgs/include/realsense2_camera_msgs/realsense2_camera_msgs/srv/detail
[1.118s] -- Up-to-date: /home/matteo/ros2_ws_git/src/install/realsense2_camera_msgs/include/realsense2_camera_msgs/realsense2_camera_msgs/srv/detail/device_info__type_support.cpp
[1.118s] -- Up-to-date: /home/matteo/ros2_ws_git/src/install/realsense2_camera_msgs/include/realsense2_camera_msgs/realsense2_camera_msgs/srv/detail/device_info__rosidl_typesupport_introspection_cpp.hpp
[1.118s] -- Up-to-date: /home/matteo/ros2_ws_git/src/install/realsense2_camera_msgs/include/realsense2_camera_msgs/realsense2_camera_msgs/msg
[1.118s] -- Up-to-date: /home/matteo/ros2_ws_git/src/install/realsense2_camera_msgs/include/realsense2_camera_msgs/realsense2_camera_msgs/msg/detail
[1.118s] -- Up-to-date: /home/matteo/ros2_ws_git/src/install/realsense2_camera_msgs/include/realsense2_camera_msgs/realsense2_camera_msgs/msg/detail/extrinsics__type_support.cpp
[1.118s] -- Up-to-date: /home/matteo/ros2_ws_git/src/install/realsense2_camera_msgs/include/realsense2_camera_msgs/realsense2_camera_msgs/msg/detail/imu_info__type_support.cpp
[1.119s] -- Up-to-date: /home/matteo/ros2_ws_git/src/install/realsense2_camera_msgs/include/realsense2_camera_msgs/realsense2_camera_msgs/msg/detail/metadata__rosidl_typesupport_introspection_cpp.hpp
[1.119s] -- Up-to-date: /home/matteo/ros2_ws_git/src/install/realsense2_camera_msgs/include/realsense2_camera_msgs/realsense2_camera_msgs/msg/detail/imu_info__rosidl_typesupport_introspection_cpp.hpp
[1.119s] -- Up-to-date: /home/matteo/ros2_ws_git/src/install/realsense2_camera_msgs/include/realsense2_camera_msgs/realsense2_camera_msgs/msg/detail/rgbd__rosidl_typesupport_introspection_cpp.hpp
[1.119s] -- Up-to-date: /home/matteo/ros2_ws_git/src/install/realsense2_camera_msgs/include/realsense2_camera_msgs/realsense2_camera_msgs/msg/detail/rgbd__type_support.cpp
[1.119s] -- Up-to-date: /home/matteo/ros2_ws_git/src/install/realsense2_camera_msgs/include/realsense2_camera_msgs/realsense2_camera_msgs/msg/detail/metadata__type_support.cpp
[1.119s] -- Up-to-date: /home/matteo/ros2_ws_git/src/install/realsense2_camera_msgs/include/realsense2_camera_msgs/realsense2_camera_msgs/msg/detail/extrinsics__rosidl_typesupport_introspection_cpp.hpp
[1.120s] -- Up-to-date: /home/matteo/ros2_ws_git/src/install/realsense2_camera_msgs/lib/librealsense2_camera_msgs__rosidl_typesupport_introspection_cpp.so
[1.120s] -- Up-to-date: /home/matteo/ros2_ws_git/src/install/realsense2_camera_msgs/lib/librealsense2_camera_msgs__rosidl_typesupport_cpp.so
[1.120s] -- Up-to-date: /home/matteo/ros2_ws_git/src/install/realsense2_camera_msgs/share/realsense2_camera_msgs/environment/pythonpath.sh
[1.120s] -- Up-to-date: /home/matteo/ros2_ws_git/src/install/realsense2_camera_msgs/share/realsense2_camera_msgs/environment/pythonpath.dsv
[1.121s] -- Up-to-date: /home/matteo/ros2_ws_git/src/install/realsense2_camera_msgs/local/lib/python3.10/dist-packages/realsense2_camera_msgs-4.54.1-py3.10.egg-info
[1.121s] -- Installing: /home/matteo/ros2_ws_git/src/install/realsense2_camera_msgs/local/lib/python3.10/dist-packages/realsense2_camera_msgs-4.54.1-py3.10.egg-info/top_level.txt
[1.121s] -- Installing: /home/matteo/ros2_ws_git/src/install/realsense2_camera_msgs/local/lib/python3.10/dist-packages/realsense2_camera_msgs-4.54.1-py3.10.egg-info/PKG-INFO
[1.121s] -- Installing: /home/matteo/ros2_ws_git/src/install/realsense2_camera_msgs/local/lib/python3.10/dist-packages/realsense2_camera_msgs-4.54.1-py3.10.egg-info/SOURCES.txt
[1.121s] -- Installing: /home/matteo/ros2_ws_git/src/install/realsense2_camera_msgs/local/lib/python3.10/dist-packages/realsense2_camera_msgs-4.54.1-py3.10.egg-info/dependency_links.txt
[1.122s] -- Up-to-date: /home/matteo/ros2_ws_git/src/install/realsense2_camera_msgs/local/lib/python3.10/dist-packages/realsense2_camera_msgs
[1.122s] -- Up-to-date: /home/matteo/ros2_ws_git/src/install/realsense2_camera_msgs/local/lib/python3.10/dist-packages/realsense2_camera_msgs/realsense2_camera_msgs_s__rosidl_typesupport_fastrtps_c.cpython-310-x86_64-linux-gnu.so
[1.122s] -- Up-to-date: /home/matteo/ros2_ws_git/src/install/realsense2_camera_msgs/local/lib/python3.10/dist-packages/realsense2_camera_msgs/_realsense2_camera_msgs_s.ep.rosidl_typesupport_introspection_c.c
[1.122s] -- Up-to-date: /home/matteo/ros2_ws_git/src/install/realsense2_camera_msgs/local/lib/python3.10/dist-packages/realsense2_camera_msgs/__init__.py
[1.122s] -- Up-to-date: /home/matteo/ros2_ws_git/src/install/realsense2_camera_msgs/local/lib/python3.10/dist-packages/realsense2_camera_msgs/srv
[1.122s] -- Up-to-date: /home/matteo/ros2_ws_git/src/install/realsense2_camera_msgs/local/lib/python3.10/dist-packages/realsense2_camera_msgs/srv/_device_info_s.c
[1.123s] -- Up-to-date: /home/matteo/ros2_ws_git/src/install/realsense2_camera_msgs/local/lib/python3.10/dist-packages/realsense2_camera_msgs/srv/__init__.py
[1.123s] -- Up-to-date: /home/matteo/ros2_ws_git/src/install/realsense2_camera_msgs/local/lib/python3.10/dist-packages/realsense2_camera_msgs/srv/_device_info.py
[1.123s] -- Up-to-date: /home/matteo/ros2_ws_git/src/install/realsense2_camera_msgs/local/lib/python3.10/dist-packages/realsense2_camera_msgs/_realsense2_camera_msgs_s.ep.rosidl_typesupport_c.c
[1.123s] -- Up-to-date: /home/matteo/ros2_ws_git/src/install/realsense2_camera_msgs/local/lib/python3.10/dist-packages/realsense2_camera_msgs/realsense2_camera_msgs_s__rosidl_typesupport_introspection_c.cpython-310-x86_64-linux-gnu.so
[1.123s] -- Up-to-date: /home/matteo/ros2_ws_git/src/install/realsense2_camera_msgs/local/lib/python3.10/dist-packages/realsense2_camera_msgs/realsense2_camera_msgs_s__rosidl_typesupport_c.cpython-310-x86_64-linux-gnu.so
[1.123s] -- Up-to-date: /home/matteo/ros2_ws_git/src/install/realsense2_camera_msgs/local/lib/python3.10/dist-packages/realsense2_camera_msgs/msg
[1.124s] -- Up-to-date: /home/matteo/ros2_ws_git/src/install/realsense2_camera_msgs/local/lib/python3.10/dist-packages/realsense2_camera_msgs/msg/_imu_info.py
[1.124s] -- Up-to-date: /home/matteo/ros2_ws_git/src/install/realsense2_camera_msgs/local/lib/python3.10/dist-packages/realsense2_camera_msgs/msg/__init__.py
[1.124s] -- Up-to-date: /home/matteo/ros2_ws_git/src/install/realsense2_camera_msgs/local/lib/python3.10/dist-packages/realsense2_camera_msgs/msg/_rgbd.py
[1.124s] -- Up-to-date: /home/matteo/ros2_ws_git/src/install/realsense2_camera_msgs/local/lib/python3.10/dist-packages/realsense2_camera_msgs/msg/_imu_info_s.c
[1.124s] -- Up-to-date: /home/matteo/ros2_ws_git/src/install/realsense2_camera_msgs/local/lib/python3.10/dist-packages/realsense2_camera_msgs/msg/_extrinsics_s.c
[1.124s] -- Up-to-date: /home/matteo/ros2_ws_git/src/install/realsense2_camera_msgs/local/lib/python3.10/dist-packages/realsense2_camera_msgs/msg/_rgbd_s.c
[1.124s] -- Up-to-date: /home/matteo/ros2_ws_git/src/install/realsense2_camera_msgs/local/lib/python3.10/dist-packages/realsense2_camera_msgs/msg/_metadata_s.c
[1.124s] -- Up-to-date: /home/matteo/ros2_ws_git/src/install/realsense2_camera_msgs/local/lib/python3.10/dist-packages/realsense2_camera_msgs/msg/_metadata.py
[1.125s] -- Up-to-date: /home/matteo/ros2_ws_git/src/install/realsense2_camera_msgs/local/lib/python3.10/dist-packages/realsense2_camera_msgs/msg/_extrinsics.py
[1.125s] -- Up-to-date: /home/matteo/ros2_ws_git/src/install/realsense2_camera_msgs/local/lib/python3.10/dist-packages/realsense2_camera_msgs/librealsense2_camera_msgs__rosidl_generator_py.so
[1.125s] -- Up-to-date: /home/matteo/ros2_ws_git/src/install/realsense2_camera_msgs/local/lib/python3.10/dist-packages/realsense2_camera_msgs/_realsense2_camera_msgs_s.ep.rosidl_typesupport_fastrtps_c.c
[1.150s] Listing '/home/matteo/ros2_ws_git/src/install/realsense2_camera_msgs/local/lib/python3.10/dist-packages/realsense2_camera_msgs'...
[1.150s] Listing '/home/matteo/ros2_ws_git/src/install/realsense2_camera_msgs/local/lib/python3.10/dist-packages/realsense2_camera_msgs/msg'...
[1.151s] Listing '/home/matteo/ros2_ws_git/src/install/realsense2_camera_msgs/local/lib/python3.10/dist-packages/realsense2_camera_msgs/srv'...
[1.157s] -- Up-to-date: /home/matteo/ros2_ws_git/src/install/realsense2_camera_msgs/local/lib/python3.10/dist-packages/realsense2_camera_msgs/realsense2_camera_msgs_s__rosidl_typesupport_fastrtps_c.cpython-310-x86_64-linux-gnu.so
[1.157s] -- Up-to-date: /home/matteo/ros2_ws_git/src/install/realsense2_camera_msgs/local/lib/python3.10/dist-packages/realsense2_camera_msgs/realsense2_camera_msgs_s__rosidl_typesupport_introspection_c.cpython-310-x86_64-linux-gnu.so
[1.158s] -- Up-to-date: /home/matteo/ros2_ws_git/src/install/realsense2_camera_msgs/local/lib/python3.10/dist-packages/realsense2_camera_msgs/realsense2_camera_msgs_s__rosidl_typesupport_c.cpython-310-x86_64-linux-gnu.so
[1.159s] -- Up-to-date: /home/matteo/ros2_ws_git/src/install/realsense2_camera_msgs/lib/librealsense2_camera_msgs__rosidl_generator_py.so
[1.159s] -- Up-to-date: /home/matteo/ros2_ws_git/src/install/realsense2_camera_msgs/share/realsense2_camera_msgs/msg/IMUInfo.idl
[1.159s] -- Up-to-date: /home/matteo/ros2_ws_git/src/install/realsense2_camera_msgs/share/realsense2_camera_msgs/msg/Extrinsics.idl
[1.159s] -- Up-to-date: /home/matteo/ros2_ws_git/src/install/realsense2_camera_msgs/share/realsense2_camera_msgs/msg/Metadata.idl
[1.159s] -- Up-to-date: /home/matteo/ros2_ws_git/src/install/realsense2_camera_msgs/share/realsense2_camera_msgs/msg/RGBD.idl
[1.160s] -- Up-to-date: /home/matteo/ros2_ws_git/src/install/realsense2_camera_msgs/share/realsense2_camera_msgs/srv/DeviceInfo.idl
[1.160s] -- Up-to-date: /home/matteo/ros2_ws_git/src/install/realsense2_camera_msgs/share/realsense2_camera_msgs/msg/IMUInfo.msg
[1.160s] -- Up-to-date: /home/matteo/ros2_ws_git/src/install/realsense2_camera_msgs/share/realsense2_camera_msgs/msg/Extrinsics.msg
[1.160s] -- Up-to-date: /home/matteo/ros2_ws_git/src/install/realsense2_camera_msgs/share/realsense2_camera_msgs/msg/Metadata.msg
[1.160s] -- Up-to-date: /home/matteo/ros2_ws_git/src/install/realsense2_camera_msgs/share/realsense2_camera_msgs/msg/RGBD.msg
[1.160s] -- Up-to-date: /home/matteo/ros2_ws_git/src/install/realsense2_camera_msgs/share/realsense2_camera_msgs/srv/DeviceInfo.srv
[1.160s] -- Up-to-date: /home/matteo/ros2_ws_git/src/install/realsense2_camera_msgs/share/realsense2_camera_msgs/srv/DeviceInfo_Request.msg
[1.160s] -- Up-to-date: /home/matteo/ros2_ws_git/src/install/realsense2_camera_msgs/share/realsense2_camera_msgs/srv/DeviceInfo_Response.msg
[1.161s] -- Up-to-date: /home/matteo/ros2_ws_git/src/install/realsense2_camera_msgs/share/ament_index/resource_index/package_run_dependencies/realsense2_camera_msgs
[1.161s] -- Up-to-date: /home/matteo/ros2_ws_git/src/install/realsense2_camera_msgs/share/ament_index/resource_index/parent_prefix_path/realsense2_camera_msgs
[1.161s] -- Up-to-date: /home/matteo/ros2_ws_git/src/install/realsense2_camera_msgs/share/realsense2_camera_msgs/environment/ament_prefix_path.sh
[1.161s] -- Up-to-date: /home/matteo/ros2_ws_git/src/install/realsense2_camera_msgs/share/realsense2_camera_msgs/environment/ament_prefix_path.dsv
[1.161s] -- Up-to-date: /home/matteo/ros2_ws_git/src/install/realsense2_camera_msgs/share/realsense2_camera_msgs/environment/path.sh
[1.161s] -- Up-to-date: /home/matteo/ros2_ws_git/src/install/realsense2_camera_msgs/share/realsense2_camera_msgs/environment/path.dsv
[1.161s] -- Up-to-date: /home/matteo/ros2_ws_git/src/install/realsense2_camera_msgs/share/realsense2_camera_msgs/local_setup.bash
[1.161s] -- Up-to-date: /home/matteo/ros2_ws_git/src/install/realsense2_camera_msgs/share/realsense2_camera_msgs/local_setup.sh
[1.162s] -- Up-to-date: /home/matteo/ros2_ws_git/src/install/realsense2_camera_msgs/share/realsense2_camera_msgs/local_setup.zsh
[1.162s] -- Up-to-date: /home/matteo/ros2_ws_git/src/install/realsense2_camera_msgs/share/realsense2_camera_msgs/local_setup.dsv
[1.162s] -- Installing: /home/matteo/ros2_ws_git/src/install/realsense2_camera_msgs/share/realsense2_camera_msgs/package.dsv
[1.162s] -- Up-to-date: /home/matteo/ros2_ws_git/src/install/realsense2_camera_msgs/share/ament_index/resource_index/packages/realsense2_camera_msgs
[1.162s] -- Up-to-date: /home/matteo/ros2_ws_git/src/install/realsense2_camera_msgs/share/realsense2_camera_msgs/cmake/export_realsense2_camera_msgs__rosidl_generator_cExport.cmake
[1.162s] -- Up-to-date: /home/matteo/ros2_ws_git/src/install/realsense2_camera_msgs/share/realsense2_camera_msgs/cmake/export_realsense2_camera_msgs__rosidl_generator_cExport-noconfig.cmake
[1.162s] -- Up-to-date: /home/matteo/ros2_ws_git/src/install/realsense2_camera_msgs/share/realsense2_camera_msgs/cmake/export_realsense2_camera_msgs__rosidl_typesupport_fastrtps_cExport.cmake
[1.162s] -- Up-to-date: /home/matteo/ros2_ws_git/src/install/realsense2_camera_msgs/share/realsense2_camera_msgs/cmake/export_realsense2_camera_msgs__rosidl_typesupport_fastrtps_cExport-noconfig.cmake
[1.162s] -- Up-to-date: /home/matteo/ros2_ws_git/src/install/realsense2_camera_msgs/share/realsense2_camera_msgs/cmake/realsense2_camera_msgs__rosidl_typesupport_introspection_cExport.cmake
[1.163s] -- Up-to-date: /home/matteo/ros2_ws_git/src/install/realsense2_camera_msgs/share/realsense2_camera_msgs/cmake/realsense2_camera_msgs__rosidl_typesupport_introspection_cExport-noconfig.cmake
[1.163s] -- Up-to-date: /home/matteo/ros2_ws_git/src/install/realsense2_camera_msgs/share/realsense2_camera_msgs/cmake/realsense2_camera_msgs__rosidl_typesupport_cExport.cmake
[1.163s] -- Up-to-date: /home/matteo/ros2_ws_git/src/install/realsense2_camera_msgs/share/realsense2_camera_msgs/cmake/realsense2_camera_msgs__rosidl_typesupport_cExport-noconfig.cmake
[1.163s] -- Up-to-date: /home/matteo/ros2_ws_git/src/install/realsense2_camera_msgs/share/realsense2_camera_msgs/cmake/export_realsense2_camera_msgs__rosidl_generator_cppExport.cmake
[1.163s] -- Up-to-date: /home/matteo/ros2_ws_git/src/install/realsense2_camera_msgs/share/realsense2_camera_msgs/cmake/export_realsense2_camera_msgs__rosidl_typesupport_fastrtps_cppExport.cmake
[1.163s] -- Up-to-date: /home/matteo/ros2_ws_git/src/install/realsense2_camera_msgs/share/realsense2_camera_msgs/cmake/export_realsense2_camera_msgs__rosidl_typesupport_fastrtps_cppExport-noconfig.cmake
[1.163s] -- Up-to-date: /home/matteo/ros2_ws_git/src/install/realsense2_camera_msgs/share/realsense2_camera_msgs/cmake/realsense2_camera_msgs__rosidl_typesupport_introspection_cppExport.cmake
[1.163s] -- Up-to-date: /home/matteo/ros2_ws_git/src/install/realsense2_camera_msgs/share/realsense2_camera_msgs/cmake/realsense2_camera_msgs__rosidl_typesupport_introspection_cppExport-noconfig.cmake
[1.164s] -- Up-to-date: /home/matteo/ros2_ws_git/src/install/realsense2_camera_msgs/share/realsense2_camera_msgs/cmake/realsense2_camera_msgs__rosidl_typesupport_cppExport.cmake
[1.164s] -- Up-to-date: /home/matteo/ros2_ws_git/src/install/realsense2_camera_msgs/share/realsense2_camera_msgs/cmake/realsense2_camera_msgs__rosidl_typesupport_cppExport-noconfig.cmake
[1.164s] -- Up-to-date: /home/matteo/ros2_ws_git/src/install/realsense2_camera_msgs/share/realsense2_camera_msgs/cmake/export_realsense2_camera_msgs__rosidl_generator_pyExport.cmake
[1.164s] -- Up-to-date: /home/matteo/ros2_ws_git/src/install/realsense2_camera_msgs/share/realsense2_camera_msgs/cmake/export_realsense2_camera_msgs__rosidl_generator_pyExport-noconfig.cmake
[1.164s] -- Up-to-date: /home/matteo/ros2_ws_git/src/install/realsense2_camera_msgs/share/realsense2_camera_msgs/cmake/rosidl_cmake-extras.cmake
[1.164s] -- Up-to-date: /home/matteo/ros2_ws_git/src/install/realsense2_camera_msgs/share/realsense2_camera_msgs/cmake/ament_cmake_export_dependencies-extras.cmake
[1.164s] -- Up-to-date: /home/matteo/ros2_ws_git/src/install/realsense2_camera_msgs/share/realsense2_camera_msgs/cmake/ament_cmake_export_include_directories-extras.cmake
[1.164s] -- Up-to-date: /home/matteo/ros2_ws_git/src/install/realsense2_camera_msgs/share/realsense2_camera_msgs/cmake/ament_cmake_export_libraries-extras.cmake
[1.164s] -- Up-to-date: /home/matteo/ros2_ws_git/src/install/realsense2_camera_msgs/share/realsense2_camera_msgs/cmake/ament_cmake_export_targets-extras.cmake
[1.165s] -- Up-to-date: /home/matteo/ros2_ws_git/src/install/realsense2_camera_msgs/share/realsense2_camera_msgs/cmake/rosidl_cmake_export_typesupport_targets-extras.cmake
[1.165s] -- Up-to-date: /home/matteo/ros2_ws_git/src/install/realsense2_camera_msgs/share/realsense2_camera_msgs/cmake/rosidl_cmake_export_typesupport_libraries-extras.cmake
[1.165s] -- Up-to-date: /home/matteo/ros2_ws_git/src/install/realsense2_camera_msgs/share/realsense2_camera_msgs/cmake/realsense2_camera_msgsConfig.cmake
[1.165s] -- Up-to-date: /home/matteo/ros2_ws_git/src/install/realsense2_camera_msgs/share/realsense2_camera_msgs/cmake/realsense2_camera_msgsConfig-version.cmake
[1.166s] -- Up-to-date: /home/matteo/ros2_ws_git/src/install/realsense2_camera_msgs/share/realsense2_camera_msgs/package.xml
[1.167s] Invoked command in '/home/matteo/ros2_ws_git/src/build/realsense2_camera_msgs' returned '0': CMAKE_PREFIX_PATH=${CMAKE_PREFIX_PATH}:/home/matteo/ros2_ws_git/install/optitrack_interface:/opt/ros/humble /usr/bin/cmake --install /home/matteo/ros2_ws_git/src/build/realsense2_camera_msgs
