running egg_info
writing ../build/optitrack_interface/optitrack_interface.egg-info/PKG-INFO
writing dependency_links to ../build/optitrack_interface/optitrack_interface.egg-info/dependency_links.txt
writing entry points to ../build/optitrack_interface/optitrack_interface.egg-info/entry_points.txt
writing requirements to ../build/optitrack_interface/optitrack_interface.egg-info/requires.txt
writing top-level names to ../build/optitrack_interface/optitrack_interface.egg-info/top_level.txt
reading manifest file '../build/optitrack_interface/optitrack_interface.egg-info/SOURCES.txt'
writing manifest file '../build/optitrack_interface/optitrack_interface.egg-info/SOURCES.txt'
running build
running build_py
running install
/usr/lib/python3/dist-packages/setuptools/command/install.py:34: SetuptoolsDeprecationWarning: setup.py install is deprecated. Use build and pip and other standards-based tools.
  warnings.warn(
running install_lib
running install_data
running install_egg_info
removing '/home/matteo/ros2_ws_git/src/install/optitrack_interface/lib/python3.10/site-packages/optitrack_interface-0.0.0-py3.10.egg-info' (and everything under it)
Copying ../build/optitrack_interface/optitrack_interface.egg-info to /home/matteo/ros2_ws_git/src/install/optitrack_interface/lib/python3.10/site-packages/optitrack_interface-0.0.0-py3.10.egg-info
running install_scripts
Installing optitrack script to /home/matteo/ros2_ws_git/src/install/optitrack_interface/lib/optitrack_interface
writing list of installed files to '/home/matteo/ros2_ws_git/src/build/optitrack_interface/install.log'
