-- Install configuration: ""
-- Up-to-date: /home/matteo/ros2_ws_git/src/install/display_with_rviz2/share/display_with_rviz2/launch
-- Up-to-date: /home/matteo/ros2_ws_git/src/install/display_with_rviz2/share/display_with_rviz2/launch/launch_with_rosbag.py
-- Up-to-date: /home/matteo/ros2_ws_git/src/install/display_with_rviz2/share/display_with_rviz2/launch/launch_average_q.py
-- Up-to-date: /home/matteo/ros2_ws_git/src/install/display_with_rviz2/share/display_with_rviz2/launch/launch.py
-- Up-to-date: /home/matteo/ros2_ws_git/src/install/display_with_rviz2/share/display_with_rviz2/launch/launch_without_kalman.py
-- Up-to-date: /home/matteo/ros2_ws_git/src/install/display_with_rviz2/share/ament_index/resource_index/package_run_dependencies/display_with_rviz2
-- Up-to-date: /home/matteo/ros2_ws_git/src/install/display_with_rviz2/share/ament_index/resource_index/parent_prefix_path/display_with_rviz2
-- Up-to-date: /home/matteo/ros2_ws_git/src/install/display_with_rviz2/share/display_with_rviz2/environment/ament_prefix_path.sh
-- Up-to-date: /home/matteo/ros2_ws_git/src/install/display_with_rviz2/share/display_with_rviz2/environment/ament_prefix_path.dsv
-- Up-to-date: /home/matteo/ros2_ws_git/src/install/display_with_rviz2/share/display_with_rviz2/environment/path.sh
-- Up-to-date: /home/matteo/ros2_ws_git/src/install/display_with_rviz2/share/display_with_rviz2/environment/path.dsv
-- Up-to-date: /home/matteo/ros2_ws_git/src/install/display_with_rviz2/share/display_with_rviz2/local_setup.bash
-- Up-to-date: /home/matteo/ros2_ws_git/src/install/display_with_rviz2/share/display_with_rviz2/local_setup.sh
-- Up-to-date: /home/matteo/ros2_ws_git/src/install/display_with_rviz2/share/display_with_rviz2/local_setup.zsh
-- Up-to-date: /home/matteo/ros2_ws_git/src/install/display_with_rviz2/share/display_with_rviz2/local_setup.dsv
-- Up-to-date: /home/matteo/ros2_ws_git/src/install/display_with_rviz2/share/display_with_rviz2/package.dsv
-- Up-to-date: /home/matteo/ros2_ws_git/src/install/display_with_rviz2/share/ament_index/resource_index/packages/display_with_rviz2
-- Up-to-date: /home/matteo/ros2_ws_git/src/install/display_with_rviz2/share/display_with_rviz2/cmake/display_with_rviz2Config.cmake
-- Up-to-date: /home/matteo/ros2_ws_git/src/install/display_with_rviz2/share/display_with_rviz2/cmake/display_with_rviz2Config-version.cmake
-- Up-to-date: /home/matteo/ros2_ws_git/src/install/display_with_rviz2/share/display_with_rviz2/package.xml
