[0.784s] DEBUG:colcon:Command line arguments: ['/usr/bin/colcon', 'build']
[0.784s] DEBUG:colcon:Parsed command line arguments: Namespace(log_base=None, log_level=None, verb_name='build', build_base='build', install_base='install', merge_install=False, symlink_install=False, test_result_base=None, continue_on_error=False, executor='parallel', parallel_workers=12, event_handlers=None, ignore_user_meta=False, metas=['./colcon.meta'], base_paths=['.'], packages_ignore=None, packages_ignore_regex=None, paths=None, packages_up_to=None, packages_up_to_regex=None, packages_above=None, packages_above_and_dependencies=None, packages_above_depth=None, packages_select_by_dep=None, packages_skip_by_dep=None, packages_skip_up_to=None, packages_select_build_failed=False, packages_skip_build_finished=False, packages_select_test_failures=False, packages_skip_test_passed=False, packages_select=None, packages_skip=None, packages_select_regex=None, packages_skip_regex=None, packages_start=None, packages_end=None, allow_overriding=[], cmake_args=None, cmake_target=None, cmake_target_skip_unavailable=False, cmake_clean_cache=False, cmake_clean_first=False, cmake_force_configure=False, ament_cmake_args=None, catkin_cmake_args=None, catkin_skip_building_tests=False, verb_parser=<colcon_defaults.argument_parser.defaults.DefaultArgumentsDecorator object at 0x7f429acb6290>, verb_extension=<colcon_core.verb.build.BuildVerb object at 0x7f429acb6a40>, main=<bound method BuildVerb.main of <colcon_core.verb.build.BuildVerb object at 0x7f429acb6a40>>)
[0.846s] Level 1:colcon.colcon_core.package_discovery:discover_packages(colcon_meta) check parameters
[0.846s] Level 1:colcon.colcon_core.package_discovery:discover_packages(recursive) check parameters
[0.846s] Level 1:colcon.colcon_core.package_discovery:discover_packages(ignore) check parameters
[0.846s] Level 1:colcon.colcon_core.package_discovery:discover_packages(path) check parameters
[0.846s] Level 1:colcon.colcon_core.package_discovery:discover_packages(colcon_meta) discover
[0.846s] Level 1:colcon.colcon_core.package_discovery:discover_packages(recursive) discover
[0.846s] INFO:colcon.colcon_core.package_discovery:Crawling recursively for packages in '/home/matteo/ros2_ws_git/src'
[0.846s] Level 1:colcon.colcon_core.package_identification:_identify(.) by extensions ['ignore', 'ignore_ament_install']
[0.846s] Level 1:colcon.colcon_core.package_identification:_identify(.) by extension 'ignore'
[0.846s] Level 1:colcon.colcon_core.package_identification:_identify(.) by extension 'ignore_ament_install'
[0.846s] Level 1:colcon.colcon_core.package_identification:_identify(.) by extensions ['colcon_pkg']
[0.846s] Level 1:colcon.colcon_core.package_identification:_identify(.) by extension 'colcon_pkg'
[0.846s] Level 1:colcon.colcon_core.package_identification:_identify(.) by extensions ['colcon_meta']
[0.846s] Level 1:colcon.colcon_core.package_identification:_identify(.) by extension 'colcon_meta'
[0.846s] Level 1:colcon.colcon_core.package_identification:_identify(.) by extensions ['ros']
[0.846s] Level 1:colcon.colcon_core.package_identification:_identify(.) by extension 'ros'
[0.860s] Level 1:colcon.colcon_core.package_identification:_identify(.) by extensions ['cmake', 'python']
[0.860s] Level 1:colcon.colcon_core.package_identification:_identify(.) by extension 'cmake'
[0.860s] Level 1:colcon.colcon_core.package_identification:_identify(.) by extension 'python'
[0.860s] Level 1:colcon.colcon_core.package_identification:_identify(.) by extensions ['python_setup_py']
[0.860s] Level 1:colcon.colcon_core.package_identification:_identify(.) by extension 'python_setup_py'
[0.860s] Level 1:colcon.colcon_core.package_identification:_identify(build) by extensions ['ignore', 'ignore_ament_install']
[0.860s] Level 1:colcon.colcon_core.package_identification:_identify(build) by extension 'ignore'
[0.860s] Level 1:colcon.colcon_core.package_identification:_identify(build) ignored
[0.860s] Level 1:colcon.colcon_core.package_identification:_identify(computing_point_cloud) by extensions ['ignore', 'ignore_ament_install']
[0.861s] Level 1:colcon.colcon_core.package_identification:_identify(computing_point_cloud) by extension 'ignore'
[0.861s] Level 1:colcon.colcon_core.package_identification:_identify(computing_point_cloud) by extension 'ignore_ament_install'
[0.861s] Level 1:colcon.colcon_core.package_identification:_identify(computing_point_cloud) by extensions ['colcon_pkg']
[0.861s] Level 1:colcon.colcon_core.package_identification:_identify(computing_point_cloud) by extension 'colcon_pkg'
[0.861s] Level 1:colcon.colcon_core.package_identification:_identify(computing_point_cloud) by extensions ['colcon_meta']
[0.861s] Level 1:colcon.colcon_core.package_identification:_identify(computing_point_cloud) by extension 'colcon_meta'
[0.861s] Level 1:colcon.colcon_core.package_identification:_identify(computing_point_cloud) by extensions ['ros']
[0.861s] Level 1:colcon.colcon_core.package_identification:_identify(computing_point_cloud) by extension 'ros'
[0.865s] DEBUG:colcon.colcon_core.package_identification:Package 'computing_point_cloud' with type 'ros.ament_cmake' and name 'computing_point_cloud'
[0.865s] Level 1:colcon.colcon_core.package_identification:_identify(display_with_rviz2) by extensions ['ignore', 'ignore_ament_install']
[0.865s] Level 1:colcon.colcon_core.package_identification:_identify(display_with_rviz2) by extension 'ignore'
[0.865s] Level 1:colcon.colcon_core.package_identification:_identify(display_with_rviz2) by extension 'ignore_ament_install'
[0.865s] Level 1:colcon.colcon_core.package_identification:_identify(display_with_rviz2) by extensions ['colcon_pkg']
[0.865s] Level 1:colcon.colcon_core.package_identification:_identify(display_with_rviz2) by extension 'colcon_pkg'
[0.865s] Level 1:colcon.colcon_core.package_identification:_identify(display_with_rviz2) by extensions ['colcon_meta']
[0.865s] Level 1:colcon.colcon_core.package_identification:_identify(display_with_rviz2) by extension 'colcon_meta'
[0.865s] Level 1:colcon.colcon_core.package_identification:_identify(display_with_rviz2) by extensions ['ros']
[0.865s] Level 1:colcon.colcon_core.package_identification:_identify(display_with_rviz2) by extension 'ros'
[0.866s] DEBUG:colcon.colcon_core.package_identification:Package 'display_with_rviz2' with type 'ros.ament_cmake' and name 'display_with_rviz2'
[0.866s] Level 1:colcon.colcon_core.package_identification:_identify(install) by extensions ['ignore', 'ignore_ament_install']
[0.866s] Level 1:colcon.colcon_core.package_identification:_identify(install) by extension 'ignore'
[0.866s] Level 1:colcon.colcon_core.package_identification:_identify(install) ignored
[0.866s] Level 1:colcon.colcon_core.package_identification:_identify(log) by extensions ['ignore', 'ignore_ament_install']
[0.866s] Level 1:colcon.colcon_core.package_identification:_identify(log) by extension 'ignore'
[0.866s] Level 1:colcon.colcon_core.package_identification:_identify(log) ignored
[0.866s] Level 1:colcon.colcon_core.package_identification:_identify(optitrack2rviz) by extensions ['ignore', 'ignore_ament_install']
[0.866s] Level 1:colcon.colcon_core.package_identification:_identify(optitrack2rviz) by extension 'ignore'
[0.867s] Level 1:colcon.colcon_core.package_identification:_identify(optitrack2rviz) by extension 'ignore_ament_install'
[0.867s] Level 1:colcon.colcon_core.package_identification:_identify(optitrack2rviz) by extensions ['colcon_pkg']
[0.867s] Level 1:colcon.colcon_core.package_identification:_identify(optitrack2rviz) by extension 'colcon_pkg'
[0.867s] Level 1:colcon.colcon_core.package_identification:_identify(optitrack2rviz) by extensions ['colcon_meta']
[0.867s] Level 1:colcon.colcon_core.package_identification:_identify(optitrack2rviz) by extension 'colcon_meta'
[0.867s] Level 1:colcon.colcon_core.package_identification:_identify(optitrack2rviz) by extensions ['ros']
[0.867s] Level 1:colcon.colcon_core.package_identification:_identify(optitrack2rviz) by extension 'ros'
[0.867s] DEBUG:colcon.colcon_core.package_identification:Package 'optitrack2rviz' with type 'ros.ament_cmake' and name 'optitrack2rviz'
[0.868s] Level 1:colcon.colcon_core.package_identification:_identify(optitrack_interface) by extensions ['ignore', 'ignore_ament_install']
[0.868s] Level 1:colcon.colcon_core.package_identification:_identify(optitrack_interface) by extension 'ignore'
[0.868s] Level 1:colcon.colcon_core.package_identification:_identify(optitrack_interface) by extension 'ignore_ament_install'
[0.868s] Level 1:colcon.colcon_core.package_identification:_identify(optitrack_interface) by extensions ['colcon_pkg']
[0.868s] Level 1:colcon.colcon_core.package_identification:_identify(optitrack_interface) by extension 'colcon_pkg'
[0.868s] Level 1:colcon.colcon_core.package_identification:_identify(optitrack_interface) by extensions ['colcon_meta']
[0.868s] Level 1:colcon.colcon_core.package_identification:_identify(optitrack_interface) by extension 'colcon_meta'
[0.868s] Level 1:colcon.colcon_core.package_identification:_identify(optitrack_interface) by extensions ['ros']
[0.868s] Level 1:colcon.colcon_core.package_identification:_identify(optitrack_interface) by extension 'ros'
[0.868s] DEBUG:colcon.colcon_core.package_identification:Package 'optitrack_interface' with type 'ros.ament_python' and name 'optitrack_interface'
[0.868s] Level 1:colcon.colcon_core.package_identification:_identify(realsense-ros) by extensions ['ignore', 'ignore_ament_install']
[0.868s] Level 1:colcon.colcon_core.package_identification:_identify(realsense-ros) by extension 'ignore'
[0.868s] Level 1:colcon.colcon_core.package_identification:_identify(realsense-ros) by extension 'ignore_ament_install'
[0.868s] Level 1:colcon.colcon_core.package_identification:_identify(realsense-ros) by extensions ['colcon_pkg']
[0.868s] Level 1:colcon.colcon_core.package_identification:_identify(realsense-ros) by extension 'colcon_pkg'
[0.868s] Level 1:colcon.colcon_core.package_identification:_identify(realsense-ros) by extensions ['colcon_meta']
[0.868s] Level 1:colcon.colcon_core.package_identification:_identify(realsense-ros) by extension 'colcon_meta'
[0.868s] Level 1:colcon.colcon_core.package_identification:_identify(realsense-ros) by extensions ['ros']
[0.868s] Level 1:colcon.colcon_core.package_identification:_identify(realsense-ros) by extension 'ros'
[0.869s] Level 1:colcon.colcon_core.package_identification:_identify(realsense-ros) by extensions ['cmake', 'python']
[0.869s] Level 1:colcon.colcon_core.package_identification:_identify(realsense-ros) by extension 'cmake'
[0.869s] Level 1:colcon.colcon_core.package_identification:_identify(realsense-ros) by extension 'python'
[0.869s] Level 1:colcon.colcon_core.package_identification:_identify(realsense-ros) by extensions ['python_setup_py']
[0.869s] Level 1:colcon.colcon_core.package_identification:_identify(realsense-ros) by extension 'python_setup_py'
[0.869s] Level 1:colcon.colcon_core.package_identification:_identify(realsense-ros/realsense2_camera) by extensions ['ignore', 'ignore_ament_install']
[0.869s] Level 1:colcon.colcon_core.package_identification:_identify(realsense-ros/realsense2_camera) by extension 'ignore'
[0.869s] Level 1:colcon.colcon_core.package_identification:_identify(realsense-ros/realsense2_camera) by extension 'ignore_ament_install'
[0.869s] Level 1:colcon.colcon_core.package_identification:_identify(realsense-ros/realsense2_camera) by extensions ['colcon_pkg']
[0.869s] Level 1:colcon.colcon_core.package_identification:_identify(realsense-ros/realsense2_camera) by extension 'colcon_pkg'
[0.869s] Level 1:colcon.colcon_core.package_identification:_identify(realsense-ros/realsense2_camera) by extensions ['colcon_meta']
[0.869s] Level 1:colcon.colcon_core.package_identification:_identify(realsense-ros/realsense2_camera) by extension 'colcon_meta'
[0.869s] Level 1:colcon.colcon_core.package_identification:_identify(realsense-ros/realsense2_camera) by extensions ['ros']
[0.869s] Level 1:colcon.colcon_core.package_identification:_identify(realsense-ros/realsense2_camera) by extension 'ros'
[0.870s] DEBUG:colcon.colcon_core.package_identification:Package 'realsense-ros/realsense2_camera' with type 'ros.ament_cmake' and name 'realsense2_camera'
[0.870s] Level 1:colcon.colcon_core.package_identification:_identify(realsense-ros/realsense2_camera_msgs) by extensions ['ignore', 'ignore_ament_install']
[0.871s] Level 1:colcon.colcon_core.package_identification:_identify(realsense-ros/realsense2_camera_msgs) by extension 'ignore'
[0.871s] Level 1:colcon.colcon_core.package_identification:_identify(realsense-ros/realsense2_camera_msgs) by extension 'ignore_ament_install'
[0.871s] Level 1:colcon.colcon_core.package_identification:_identify(realsense-ros/realsense2_camera_msgs) by extensions ['colcon_pkg']
[0.871s] Level 1:colcon.colcon_core.package_identification:_identify(realsense-ros/realsense2_camera_msgs) by extension 'colcon_pkg'
[0.871s] Level 1:colcon.colcon_core.package_identification:_identify(realsense-ros/realsense2_camera_msgs) by extensions ['colcon_meta']
[0.871s] Level 1:colcon.colcon_core.package_identification:_identify(realsense-ros/realsense2_camera_msgs) by extension 'colcon_meta'
[0.871s] Level 1:colcon.colcon_core.package_identification:_identify(realsense-ros/realsense2_camera_msgs) by extensions ['ros']
[0.871s] Level 1:colcon.colcon_core.package_identification:_identify(realsense-ros/realsense2_camera_msgs) by extension 'ros'
[0.871s] DEBUG:colcon.colcon_core.package_identification:Package 'realsense-ros/realsense2_camera_msgs' with type 'ros.ament_cmake' and name 'realsense2_camera_msgs'
[0.871s] Level 1:colcon.colcon_core.package_identification:_identify(realsense-ros/realsense2_description) by extensions ['ignore', 'ignore_ament_install']
[0.871s] Level 1:colcon.colcon_core.package_identification:_identify(realsense-ros/realsense2_description) by extension 'ignore'
[0.871s] Level 1:colcon.colcon_core.package_identification:_identify(realsense-ros/realsense2_description) by extension 'ignore_ament_install'
[0.871s] Level 1:colcon.colcon_core.package_identification:_identify(realsense-ros/realsense2_description) by extensions ['colcon_pkg']
[0.871s] Level 1:colcon.colcon_core.package_identification:_identify(realsense-ros/realsense2_description) by extension 'colcon_pkg'
[0.871s] Level 1:colcon.colcon_core.package_identification:_identify(realsense-ros/realsense2_description) by extensions ['colcon_meta']
[0.872s] Level 1:colcon.colcon_core.package_identification:_identify(realsense-ros/realsense2_description) by extension 'colcon_meta'
[0.872s] Level 1:colcon.colcon_core.package_identification:_identify(realsense-ros/realsense2_description) by extensions ['ros']
[0.872s] Level 1:colcon.colcon_core.package_identification:_identify(realsense-ros/realsense2_description) by extension 'ros'
[0.873s] DEBUG:colcon.colcon_core.package_identification:Package 'realsense-ros/realsense2_description' with type 'ros.ament_cmake' and name 'realsense2_description'
[0.873s] Level 1:colcon.colcon_core.package_identification:_identify(realsense-ros/scripts) by extensions ['ignore', 'ignore_ament_install']
[0.873s] Level 1:colcon.colcon_core.package_identification:_identify(realsense-ros/scripts) by extension 'ignore'
[0.873s] Level 1:colcon.colcon_core.package_identification:_identify(realsense-ros/scripts) by extension 'ignore_ament_install'
[0.873s] Level 1:colcon.colcon_core.package_identification:_identify(realsense-ros/scripts) by extensions ['colcon_pkg']
[0.873s] Level 1:colcon.colcon_core.package_identification:_identify(realsense-ros/scripts) by extension 'colcon_pkg'
[0.873s] Level 1:colcon.colcon_core.package_identification:_identify(realsense-ros/scripts) by extensions ['colcon_meta']
[0.873s] Level 1:colcon.colcon_core.package_identification:_identify(realsense-ros/scripts) by extension 'colcon_meta'
[0.873s] Level 1:colcon.colcon_core.package_identification:_identify(realsense-ros/scripts) by extensions ['ros']
[0.873s] Level 1:colcon.colcon_core.package_identification:_identify(realsense-ros/scripts) by extension 'ros'
[0.873s] Level 1:colcon.colcon_core.package_identification:_identify(realsense-ros/scripts) by extensions ['cmake', 'python']
[0.873s] Level 1:colcon.colcon_core.package_identification:_identify(realsense-ros/scripts) by extension 'cmake'
[0.873s] Level 1:colcon.colcon_core.package_identification:_identify(realsense-ros/scripts) by extension 'python'
[0.873s] Level 1:colcon.colcon_core.package_identification:_identify(realsense-ros/scripts) by extensions ['python_setup_py']
[0.873s] Level 1:colcon.colcon_core.package_identification:_identify(realsense-ros/scripts) by extension 'python_setup_py'
[0.873s] Level 1:colcon.colcon_core.package_identification:_identify(zed-ros2-wrapper) by extensions ['ignore', 'ignore_ament_install']
[0.873s] Level 1:colcon.colcon_core.package_identification:_identify(zed-ros2-wrapper) by extension 'ignore'
[0.873s] Level 1:colcon.colcon_core.package_identification:_identify(zed-ros2-wrapper) by extension 'ignore_ament_install'
[0.873s] Level 1:colcon.colcon_core.package_identification:_identify(zed-ros2-wrapper) by extensions ['colcon_pkg']
[0.873s] Level 1:colcon.colcon_core.package_identification:_identify(zed-ros2-wrapper) by extension 'colcon_pkg'
[0.873s] Level 1:colcon.colcon_core.package_identification:_identify(zed-ros2-wrapper) by extensions ['colcon_meta']
[0.873s] Level 1:colcon.colcon_core.package_identification:_identify(zed-ros2-wrapper) by extension 'colcon_meta'
[0.873s] Level 1:colcon.colcon_core.package_identification:_identify(zed-ros2-wrapper) by extensions ['ros']
[0.873s] Level 1:colcon.colcon_core.package_identification:_identify(zed-ros2-wrapper) by extension 'ros'
[0.873s] Level 1:colcon.colcon_core.package_identification:_identify(zed-ros2-wrapper) by extensions ['cmake', 'python']
[0.874s] Level 1:colcon.colcon_core.package_identification:_identify(zed-ros2-wrapper) by extension 'cmake'
[0.874s] Level 1:colcon.colcon_core.package_identification:_identify(zed-ros2-wrapper) by extension 'python'
[0.874s] Level 1:colcon.colcon_core.package_identification:_identify(zed-ros2-wrapper) by extensions ['python_setup_py']
[0.874s] Level 1:colcon.colcon_core.package_identification:_identify(zed-ros2-wrapper) by extension 'python_setup_py'
[0.874s] Level 1:colcon.colcon_core.package_discovery:discover_packages(recursive) using defaults
[0.874s] Level 1:colcon.colcon_core.package_discovery:discover_packages(ignore) discover
[0.874s] Level 1:colcon.colcon_core.package_discovery:discover_packages(ignore) using defaults
[0.874s] Level 1:colcon.colcon_core.package_discovery:discover_packages(path) discover
[0.874s] Level 1:colcon.colcon_core.package_discovery:discover_packages(path) using defaults
[0.943s] Level 1:colcon.colcon_core.package_discovery:discover_packages(prefix_path) check parameters
[0.943s] Level 1:colcon.colcon_core.package_discovery:discover_packages(prefix_path) discover
[0.966s] DEBUG:colcon.colcon_installed_package_information.package_discovery:Found 7 installed packages in /home/matteo/ros2_ws_git/install
[0.973s] DEBUG:colcon.colcon_installed_package_information.package_discovery:Found 335 installed packages in /opt/ros/humble
[0.974s] Level 1:colcon.colcon_core.package_discovery:discover_packages(prefix_path) using defaults
[1.038s] Level 5:colcon.colcon_core.verb:set package 'computing_point_cloud' build argument 'cmake_args' from command line to 'None'
[1.038s] Level 5:colcon.colcon_core.verb:set package 'computing_point_cloud' build argument 'cmake_target' from command line to 'None'
[1.038s] Level 5:colcon.colcon_core.verb:set package 'computing_point_cloud' build argument 'cmake_target_skip_unavailable' from command line to 'False'
[1.038s] Level 5:colcon.colcon_core.verb:set package 'computing_point_cloud' build argument 'cmake_clean_cache' from command line to 'False'
[1.038s] Level 5:colcon.colcon_core.verb:set package 'computing_point_cloud' build argument 'cmake_clean_first' from command line to 'False'
[1.038s] Level 5:colcon.colcon_core.verb:set package 'computing_point_cloud' build argument 'cmake_force_configure' from command line to 'False'
[1.038s] Level 5:colcon.colcon_core.verb:set package 'computing_point_cloud' build argument 'ament_cmake_args' from command line to 'None'
[1.038s] Level 5:colcon.colcon_core.verb:set package 'computing_point_cloud' build argument 'catkin_cmake_args' from command line to 'None'
[1.038s] Level 5:colcon.colcon_core.verb:set package 'computing_point_cloud' build argument 'catkin_skip_building_tests' from command line to 'False'
[1.038s] DEBUG:colcon.colcon_core.verb:Building package 'computing_point_cloud' with the following arguments: {'ament_cmake_args': None, 'build_base': '/home/matteo/ros2_ws_git/src/build/computing_point_cloud', 'catkin_cmake_args': None, 'catkin_skip_building_tests': False, 'cmake_args': None, 'cmake_clean_cache': False, 'cmake_clean_first': False, 'cmake_force_configure': False, 'cmake_target': None, 'cmake_target_skip_unavailable': False, 'install_base': '/home/matteo/ros2_ws_git/src/install/computing_point_cloud', 'merge_install': False, 'path': '/home/matteo/ros2_ws_git/src/computing_point_cloud', 'symlink_install': False, 'test_result_base': None}
[1.047s] Level 5:colcon.colcon_core.verb:set package 'display_with_rviz2' build argument 'cmake_args' from command line to 'None'
[1.047s] Level 5:colcon.colcon_core.verb:set package 'display_with_rviz2' build argument 'cmake_target' from command line to 'None'
[1.047s] Level 5:colcon.colcon_core.verb:set package 'display_with_rviz2' build argument 'cmake_target_skip_unavailable' from command line to 'False'
[1.047s] Level 5:colcon.colcon_core.verb:set package 'display_with_rviz2' build argument 'cmake_clean_cache' from command line to 'False'
[1.047s] Level 5:colcon.colcon_core.verb:set package 'display_with_rviz2' build argument 'cmake_clean_first' from command line to 'False'
[1.047s] Level 5:colcon.colcon_core.verb:set package 'display_with_rviz2' build argument 'cmake_force_configure' from command line to 'False'
[1.047s] Level 5:colcon.colcon_core.verb:set package 'display_with_rviz2' build argument 'ament_cmake_args' from command line to 'None'
[1.047s] Level 5:colcon.colcon_core.verb:set package 'display_with_rviz2' build argument 'catkin_cmake_args' from command line to 'None'
[1.047s] Level 5:colcon.colcon_core.verb:set package 'display_with_rviz2' build argument 'catkin_skip_building_tests' from command line to 'False'
[1.047s] DEBUG:colcon.colcon_core.verb:Building package 'display_with_rviz2' with the following arguments: {'ament_cmake_args': None, 'build_base': '/home/matteo/ros2_ws_git/src/build/display_with_rviz2', 'catkin_cmake_args': None, 'catkin_skip_building_tests': False, 'cmake_args': None, 'cmake_clean_cache': False, 'cmake_clean_first': False, 'cmake_force_configure': False, 'cmake_target': None, 'cmake_target_skip_unavailable': False, 'install_base': '/home/matteo/ros2_ws_git/src/install/display_with_rviz2', 'merge_install': False, 'path': '/home/matteo/ros2_ws_git/src/display_with_rviz2', 'symlink_install': False, 'test_result_base': None}
[1.053s] Level 5:colcon.colcon_core.verb:set package 'optitrack2rviz' build argument 'cmake_args' from command line to 'None'
[1.053s] Level 5:colcon.colcon_core.verb:set package 'optitrack2rviz' build argument 'cmake_target' from command line to 'None'
[1.053s] Level 5:colcon.colcon_core.verb:set package 'optitrack2rviz' build argument 'cmake_target_skip_unavailable' from command line to 'False'
[1.053s] Level 5:colcon.colcon_core.verb:set package 'optitrack2rviz' build argument 'cmake_clean_cache' from command line to 'False'
[1.053s] Level 5:colcon.colcon_core.verb:set package 'optitrack2rviz' build argument 'cmake_clean_first' from command line to 'False'
[1.053s] Level 5:colcon.colcon_core.verb:set package 'optitrack2rviz' build argument 'cmake_force_configure' from command line to 'False'
[1.054s] Level 5:colcon.colcon_core.verb:set package 'optitrack2rviz' build argument 'ament_cmake_args' from command line to 'None'
[1.054s] Level 5:colcon.colcon_core.verb:set package 'optitrack2rviz' build argument 'catkin_cmake_args' from command line to 'None'
[1.054s] Level 5:colcon.colcon_core.verb:set package 'optitrack2rviz' build argument 'catkin_skip_building_tests' from command line to 'False'
[1.054s] DEBUG:colcon.colcon_core.verb:Building package 'optitrack2rviz' with the following arguments: {'ament_cmake_args': None, 'build_base': '/home/matteo/ros2_ws_git/src/build/optitrack2rviz', 'catkin_cmake_args': None, 'catkin_skip_building_tests': False, 'cmake_args': None, 'cmake_clean_cache': False, 'cmake_clean_first': False, 'cmake_force_configure': False, 'cmake_target': None, 'cmake_target_skip_unavailable': False, 'install_base': '/home/matteo/ros2_ws_git/src/install/optitrack2rviz', 'merge_install': False, 'path': '/home/matteo/ros2_ws_git/src/optitrack2rviz', 'symlink_install': False, 'test_result_base': None}
[1.061s] Level 5:colcon.colcon_core.verb:set package 'optitrack_interface' build argument 'cmake_args' from command line to 'None'
[1.061s] Level 5:colcon.colcon_core.verb:set package 'optitrack_interface' build argument 'cmake_target' from command line to 'None'
[1.061s] Level 5:colcon.colcon_core.verb:set package 'optitrack_interface' build argument 'cmake_target_skip_unavailable' from command line to 'False'
[1.061s] Level 5:colcon.colcon_core.verb:set package 'optitrack_interface' build argument 'cmake_clean_cache' from command line to 'False'
[1.061s] Level 5:colcon.colcon_core.verb:set package 'optitrack_interface' build argument 'cmake_clean_first' from command line to 'False'
[1.061s] Level 5:colcon.colcon_core.verb:set package 'optitrack_interface' build argument 'cmake_force_configure' from command line to 'False'
[1.061s] Level 5:colcon.colcon_core.verb:set package 'optitrack_interface' build argument 'ament_cmake_args' from command line to 'None'
[1.061s] Level 5:colcon.colcon_core.verb:set package 'optitrack_interface' build argument 'catkin_cmake_args' from command line to 'None'
[1.061s] Level 5:colcon.colcon_core.verb:set package 'optitrack_interface' build argument 'catkin_skip_building_tests' from command line to 'False'
[1.061s] DEBUG:colcon.colcon_core.verb:Building package 'optitrack_interface' with the following arguments: {'ament_cmake_args': None, 'build_base': '/home/matteo/ros2_ws_git/src/build/optitrack_interface', 'catkin_cmake_args': None, 'catkin_skip_building_tests': False, 'cmake_args': None, 'cmake_clean_cache': False, 'cmake_clean_first': False, 'cmake_force_configure': False, 'cmake_target': None, 'cmake_target_skip_unavailable': False, 'install_base': '/home/matteo/ros2_ws_git/src/install/optitrack_interface', 'merge_install': False, 'path': '/home/matteo/ros2_ws_git/src/optitrack_interface', 'symlink_install': False, 'test_result_base': None}
[1.067s] Level 5:colcon.colcon_core.verb:set package 'realsense2_camera_msgs' build argument 'cmake_args' from command line to 'None'
[1.068s] Level 5:colcon.colcon_core.verb:set package 'realsense2_camera_msgs' build argument 'cmake_target' from command line to 'None'
[1.068s] Level 5:colcon.colcon_core.verb:set package 'realsense2_camera_msgs' build argument 'cmake_target_skip_unavailable' from command line to 'False'
[1.068s] Level 5:colcon.colcon_core.verb:set package 'realsense2_camera_msgs' build argument 'cmake_clean_cache' from command line to 'False'
[1.068s] Level 5:colcon.colcon_core.verb:set package 'realsense2_camera_msgs' build argument 'cmake_clean_first' from command line to 'False'
[1.068s] Level 5:colcon.colcon_core.verb:set package 'realsense2_camera_msgs' build argument 'cmake_force_configure' from command line to 'False'
[1.068s] Level 5:colcon.colcon_core.verb:set package 'realsense2_camera_msgs' build argument 'ament_cmake_args' from command line to 'None'
[1.068s] Level 5:colcon.colcon_core.verb:set package 'realsense2_camera_msgs' build argument 'catkin_cmake_args' from command line to 'None'
[1.068s] Level 5:colcon.colcon_core.verb:set package 'realsense2_camera_msgs' build argument 'catkin_skip_building_tests' from command line to 'False'
[1.068s] DEBUG:colcon.colcon_core.verb:Building package 'realsense2_camera_msgs' with the following arguments: {'ament_cmake_args': None, 'build_base': '/home/matteo/ros2_ws_git/src/build/realsense2_camera_msgs', 'catkin_cmake_args': None, 'catkin_skip_building_tests': False, 'cmake_args': None, 'cmake_clean_cache': False, 'cmake_clean_first': False, 'cmake_force_configure': False, 'cmake_target': None, 'cmake_target_skip_unavailable': False, 'install_base': '/home/matteo/ros2_ws_git/src/install/realsense2_camera_msgs', 'merge_install': False, 'path': '/home/matteo/ros2_ws_git/src/realsense-ros/realsense2_camera_msgs', 'symlink_install': False, 'test_result_base': None}
[1.076s] Level 5:colcon.colcon_core.verb:set package 'realsense2_camera' build argument 'cmake_args' from command line to 'None'
[1.076s] Level 5:colcon.colcon_core.verb:set package 'realsense2_camera' build argument 'cmake_target' from command line to 'None'
[1.076s] Level 5:colcon.colcon_core.verb:set package 'realsense2_camera' build argument 'cmake_target_skip_unavailable' from command line to 'False'
[1.076s] Level 5:colcon.colcon_core.verb:set package 'realsense2_camera' build argument 'cmake_clean_cache' from command line to 'False'
[1.076s] Level 5:colcon.colcon_core.verb:set package 'realsense2_camera' build argument 'cmake_clean_first' from command line to 'False'
[1.076s] Level 5:colcon.colcon_core.verb:set package 'realsense2_camera' build argument 'cmake_force_configure' from command line to 'False'
[1.076s] Level 5:colcon.colcon_core.verb:set package 'realsense2_camera' build argument 'ament_cmake_args' from command line to 'None'
[1.076s] Level 5:colcon.colcon_core.verb:set package 'realsense2_camera' build argument 'catkin_cmake_args' from command line to 'None'
[1.076s] Level 5:colcon.colcon_core.verb:set package 'realsense2_camera' build argument 'catkin_skip_building_tests' from command line to 'False'
[1.076s] DEBUG:colcon.colcon_core.verb:Building package 'realsense2_camera' with the following arguments: {'ament_cmake_args': None, 'build_base': '/home/matteo/ros2_ws_git/src/build/realsense2_camera', 'catkin_cmake_args': None, 'catkin_skip_building_tests': False, 'cmake_args': None, 'cmake_clean_cache': False, 'cmake_clean_first': False, 'cmake_force_configure': False, 'cmake_target': None, 'cmake_target_skip_unavailable': False, 'install_base': '/home/matteo/ros2_ws_git/src/install/realsense2_camera', 'merge_install': False, 'path': '/home/matteo/ros2_ws_git/src/realsense-ros/realsense2_camera', 'symlink_install': False, 'test_result_base': None}
[1.082s] Level 5:colcon.colcon_core.verb:set package 'realsense2_description' build argument 'cmake_args' from command line to 'None'
[1.082s] Level 5:colcon.colcon_core.verb:set package 'realsense2_description' build argument 'cmake_target' from command line to 'None'
[1.082s] Level 5:colcon.colcon_core.verb:set package 'realsense2_description' build argument 'cmake_target_skip_unavailable' from command line to 'False'
[1.082s] Level 5:colcon.colcon_core.verb:set package 'realsense2_description' build argument 'cmake_clean_cache' from command line to 'False'
[1.082s] Level 5:colcon.colcon_core.verb:set package 'realsense2_description' build argument 'cmake_clean_first' from command line to 'False'
[1.082s] Level 5:colcon.colcon_core.verb:set package 'realsense2_description' build argument 'cmake_force_configure' from command line to 'False'
[1.082s] Level 5:colcon.colcon_core.verb:set package 'realsense2_description' build argument 'ament_cmake_args' from command line to 'None'
[1.082s] Level 5:colcon.colcon_core.verb:set package 'realsense2_description' build argument 'catkin_cmake_args' from command line to 'None'
[1.082s] Level 5:colcon.colcon_core.verb:set package 'realsense2_description' build argument 'catkin_skip_building_tests' from command line to 'False'
[1.083s] DEBUG:colcon.colcon_core.verb:Building package 'realsense2_description' with the following arguments: {'ament_cmake_args': None, 'build_base': '/home/matteo/ros2_ws_git/src/build/realsense2_description', 'catkin_cmake_args': None, 'catkin_skip_building_tests': False, 'cmake_args': None, 'cmake_clean_cache': False, 'cmake_clean_first': False, 'cmake_force_configure': False, 'cmake_target': None, 'cmake_target_skip_unavailable': False, 'install_base': '/home/matteo/ros2_ws_git/src/install/realsense2_description', 'merge_install': False, 'path': '/home/matteo/ros2_ws_git/src/realsense-ros/realsense2_description', 'symlink_install': False, 'test_result_base': None}
[1.089s] INFO:colcon.colcon_core.executor:Executing jobs using 'parallel' executor
[1.096s] DEBUG:colcon.colcon_parallel_executor.executor.parallel:run_until_complete
[1.096s] INFO:colcon.colcon_ros.task.ament_cmake.build:Building ROS package in '/home/matteo/ros2_ws_git/src/realsense-ros/realsense2_camera_msgs' with build type 'ament_cmake'
[1.096s] INFO:colcon.colcon_cmake.task.cmake.build:Building CMake package in '/home/matteo/ros2_ws_git/src/realsense-ros/realsense2_camera_msgs'
[1.111s] INFO:colcon.colcon_core.plugin_system:Skipping extension 'colcon_core.shell.bat': Not used on non-Windows systems
[1.111s] INFO:colcon.colcon_core.shell:Skip shell extension 'powershell' for command environment: Not usable outside of PowerShell
[1.111s] DEBUG:colcon.colcon_core.shell:Skip shell extension 'dsv' for command environment
[1.140s] INFO:colcon.colcon_ros.task.ament_cmake.build:Building ROS package in '/home/matteo/ros2_ws_git/src/computing_point_cloud' with build type 'ament_cmake'
[1.141s] INFO:colcon.colcon_cmake.task.cmake.build:Building CMake package in '/home/matteo/ros2_ws_git/src/computing_point_cloud'
[1.149s] INFO:colcon.colcon_core.shell:Skip shell extension 'powershell' for command environment: Not usable outside of PowerShell
[1.149s] DEBUG:colcon.colcon_core.shell:Skip shell extension 'dsv' for command environment
[1.178s] INFO:colcon.colcon_ros.task.ament_cmake.build:Building ROS package in '/home/matteo/ros2_ws_git/src/display_with_rviz2' with build type 'ament_cmake'
[1.178s] INFO:colcon.colcon_cmake.task.cmake.build:Building CMake package in '/home/matteo/ros2_ws_git/src/display_with_rviz2'
[1.186s] INFO:colcon.colcon_core.shell:Skip shell extension 'powershell' for command environment: Not usable outside of PowerShell
[1.186s] DEBUG:colcon.colcon_core.shell:Skip shell extension 'dsv' for command environment
[1.215s] INFO:colcon.colcon_ros.task.ament_cmake.build:Building ROS package in '/home/matteo/ros2_ws_git/src/optitrack2rviz' with build type 'ament_cmake'
[1.215s] INFO:colcon.colcon_cmake.task.cmake.build:Building CMake package in '/home/matteo/ros2_ws_git/src/optitrack2rviz'
[1.225s] INFO:colcon.colcon_core.shell:Skip shell extension 'powershell' for command environment: Not usable outside of PowerShell
[1.225s] DEBUG:colcon.colcon_core.shell:Skip shell extension 'dsv' for command environment
[1.251s] INFO:colcon.colcon_ros.task.ament_python.build:Building ROS package in '/home/matteo/ros2_ws_git/src/optitrack_interface' with build type 'ament_python'
[1.251s] Level 1:colcon.colcon_core.shell:create_environment_hook('optitrack_interface', 'ament_prefix_path')
[1.258s] INFO:colcon.colcon_core.shell:Creating environment hook '/home/matteo/ros2_ws_git/src/install/optitrack_interface/share/optitrack_interface/hook/ament_prefix_path.ps1'
[1.260s] INFO:colcon.colcon_core.shell:Creating environment descriptor '/home/matteo/ros2_ws_git/src/install/optitrack_interface/share/optitrack_interface/hook/ament_prefix_path.dsv'
[1.260s] INFO:colcon.colcon_core.shell:Creating environment hook '/home/matteo/ros2_ws_git/src/install/optitrack_interface/share/optitrack_interface/hook/ament_prefix_path.sh'
[1.272s] INFO:colcon.colcon_core.shell:Skip shell extension 'powershell' for command environment: Not usable outside of PowerShell
[1.272s] DEBUG:colcon.colcon_core.shell:Skip shell extension 'dsv' for command environment
[1.305s] DEBUG:colcon.colcon_core.event_handler.log_command:Invoking command in '/home/matteo/ros2_ws_git/src/build/realsense2_camera_msgs': CMAKE_PREFIX_PATH=${CMAKE_PREFIX_PATH}:/home/matteo/ros2_ws_git/install/optitrack_interface:/opt/ros/humble /usr/bin/cmake /home/matteo/ros2_ws_git/src/realsense-ros/realsense2_camera_msgs -DCMAKE_INSTALL_PREFIX=/home/matteo/ros2_ws_git/src/install/realsense2_camera_msgs
[1.306s] DEBUG:colcon.colcon_core.event_handler.log_command:Invoking command in '/home/matteo/ros2_ws_git/src/build/computing_point_cloud': CMAKE_PREFIX_PATH=${CMAKE_PREFIX_PATH}:/home/matteo/ros2_ws_git/install/optitrack_interface:/opt/ros/humble /usr/bin/cmake /home/matteo/ros2_ws_git/src/computing_point_cloud -DCMAKE_INSTALL_PREFIX=/home/matteo/ros2_ws_git/src/install/computing_point_cloud
[1.308s] DEBUG:colcon.colcon_core.event_handler.log_command:Invoking command in '/home/matteo/ros2_ws_git/src/build/display_with_rviz2': CMAKE_PREFIX_PATH=${CMAKE_PREFIX_PATH}:/home/matteo/ros2_ws_git/install/optitrack_interface:/opt/ros/humble /usr/bin/cmake /home/matteo/ros2_ws_git/src/display_with_rviz2 -DCMAKE_INSTALL_PREFIX=/home/matteo/ros2_ws_git/src/install/display_with_rviz2
[1.312s] DEBUG:colcon.colcon_core.event_handler.log_command:Invoking command in '/home/matteo/ros2_ws_git/src/build/optitrack2rviz': CMAKE_PREFIX_PATH=${CMAKE_PREFIX_PATH}:/home/matteo/ros2_ws_git/install/optitrack_interface:/opt/ros/humble /usr/bin/cmake /home/matteo/ros2_ws_git/src/optitrack2rviz -DCMAKE_INSTALL_PREFIX=/home/matteo/ros2_ws_git/src/install/optitrack2rviz
[1.597s] INFO:colcon.colcon_core.task.python.build:Building Python package in '/home/matteo/ros2_ws_git/src/optitrack_interface'
[1.615s] INFO:colcon.colcon_core.shell:Skip shell extension 'powershell' for command environment: Not usable outside of PowerShell
[1.615s] DEBUG:colcon.colcon_core.shell:Skip shell extension 'dsv' for command environment
[2.461s] DEBUG:colcon.colcon_core.event_handler.log_command:Invoking command in '/home/matteo/ros2_ws_git/src/optitrack_interface': PYTHONPATH=/home/matteo/ros2_ws_git/src/build/optitrack_interface/prefix_override:/home/matteo/ros2_ws_git/src/install/optitrack_interface/lib/python3.10/site-packages:${PYTHONPATH} /usr/bin/python3 setup.py egg_info --egg-base ../build/optitrack_interface build --build-base /home/matteo/ros2_ws_git/src/build/optitrack_interface/build install --record /home/matteo/ros2_ws_git/src/build/optitrack_interface/install.log --single-version-externally-managed
[2.873s] DEBUG:colcon.colcon_core.event_handler.log_command:Invoked command in '/home/matteo/ros2_ws_git/src/optitrack_interface' returned '0': PYTHONPATH=/home/matteo/ros2_ws_git/src/build/optitrack_interface/prefix_override:/home/matteo/ros2_ws_git/src/install/optitrack_interface/lib/python3.10/site-packages:${PYTHONPATH} /usr/bin/python3 setup.py egg_info --egg-base ../build/optitrack_interface build --build-base /home/matteo/ros2_ws_git/src/build/optitrack_interface/build install --record /home/matteo/ros2_ws_git/src/build/optitrack_interface/install.log --single-version-externally-managed
[2.906s] Level 1:colcon.colcon_core.environment:checking '/home/matteo/ros2_ws_git/src/install/optitrack_interface' for CMake module files
[2.907s] Level 1:colcon.colcon_core.environment:checking '/home/matteo/ros2_ws_git/src/install/optitrack_interface' for CMake config files
[2.908s] Level 1:colcon.colcon_core.environment:checking '/home/matteo/ros2_ws_git/src/install/optitrack_interface/lib'
[2.908s] Level 1:colcon.colcon_core.environment:checking '/home/matteo/ros2_ws_git/src/install/optitrack_interface/bin'
[2.908s] Level 1:colcon.colcon_core.environment:checking '/home/matteo/ros2_ws_git/src/install/optitrack_interface/lib/pkgconfig/optitrack_interface.pc'
[2.909s] Level 1:colcon.colcon_core.environment:checking '/home/matteo/ros2_ws_git/src/install/optitrack_interface/lib/python3.10/site-packages'
[2.909s] Level 1:colcon.colcon_core.shell:create_environment_hook('optitrack_interface', 'pythonpath')
[2.924s] INFO:colcon.colcon_core.shell:Creating environment hook '/home/matteo/ros2_ws_git/src/install/optitrack_interface/share/optitrack_interface/hook/pythonpath.ps1'
[2.925s] INFO:colcon.colcon_core.shell:Creating environment descriptor '/home/matteo/ros2_ws_git/src/install/optitrack_interface/share/optitrack_interface/hook/pythonpath.dsv'
[2.925s] INFO:colcon.colcon_core.shell:Creating environment hook '/home/matteo/ros2_ws_git/src/install/optitrack_interface/share/optitrack_interface/hook/pythonpath.sh'
[2.926s] Level 1:colcon.colcon_core.environment:checking '/home/matteo/ros2_ws_git/src/install/optitrack_interface/bin'
[2.926s] Level 1:colcon.colcon_core.environment:create_environment_scripts_only(optitrack_interface)
[2.943s] INFO:colcon.colcon_core.shell:Creating package script '/home/matteo/ros2_ws_git/src/install/optitrack_interface/share/optitrack_interface/package.ps1'
[2.944s] INFO:colcon.colcon_core.shell:Creating package descriptor '/home/matteo/ros2_ws_git/src/install/optitrack_interface/share/optitrack_interface/package.dsv'
[2.945s] INFO:colcon.colcon_core.shell:Creating package script '/home/matteo/ros2_ws_git/src/install/optitrack_interface/share/optitrack_interface/package.sh'
[2.946s] INFO:colcon.colcon_core.shell:Creating package script '/home/matteo/ros2_ws_git/src/install/optitrack_interface/share/optitrack_interface/package.bash'
[2.948s] INFO:colcon.colcon_core.shell:Creating package script '/home/matteo/ros2_ws_git/src/install/optitrack_interface/share/optitrack_interface/package.zsh'
[2.949s] Level 1:colcon.colcon_core.environment:create_file_with_runtime_dependencies(/home/matteo/ros2_ws_git/src/install/optitrack_interface/share/colcon-core/packages/optitrack_interface)
[3.452s] DEBUG:colcon.colcon_core.event_handler.log_command:Invoked command in '/home/matteo/ros2_ws_git/src/build/display_with_rviz2' returned '0': CMAKE_PREFIX_PATH=${CMAKE_PREFIX_PATH}:/home/matteo/ros2_ws_git/install/optitrack_interface:/opt/ros/humble /usr/bin/cmake /home/matteo/ros2_ws_git/src/display_with_rviz2 -DCMAKE_INSTALL_PREFIX=/home/matteo/ros2_ws_git/src/install/display_with_rviz2
[3.453s] DEBUG:colcon.colcon_core.event_handler.log_command:Invoking command in '/home/matteo/ros2_ws_git/src/build/display_with_rviz2': CMAKE_PREFIX_PATH=${CMAKE_PREFIX_PATH}:/home/matteo/ros2_ws_git/install/optitrack_interface:/opt/ros/humble /usr/bin/cmake --build /home/matteo/ros2_ws_git/src/build/display_with_rviz2 -- -j12 -l12
[3.506s] DEBUG:colcon.colcon_core.event_handler.log_command:Invoked command in '/home/matteo/ros2_ws_git/src/build/display_with_rviz2' returned '0': CMAKE_PREFIX_PATH=${CMAKE_PREFIX_PATH}:/home/matteo/ros2_ws_git/install/optitrack_interface:/opt/ros/humble /usr/bin/cmake --build /home/matteo/ros2_ws_git/src/build/display_with_rviz2 -- -j12 -l12
[3.535s] DEBUG:colcon.colcon_core.event_handler.log_command:Invoking command in '/home/matteo/ros2_ws_git/src/build/display_with_rviz2': CMAKE_PREFIX_PATH=${CMAKE_PREFIX_PATH}:/home/matteo/ros2_ws_git/install/optitrack_interface:/opt/ros/humble /usr/bin/cmake --install /home/matteo/ros2_ws_git/src/build/display_with_rviz2
[3.547s] Level 1:colcon.colcon_core.environment:create_environment_scripts_only(display_with_rviz2)
[3.548s] DEBUG:colcon.colcon_core.event_handler.log_command:Invoked command in '/home/matteo/ros2_ws_git/src/build/display_with_rviz2' returned '0': CMAKE_PREFIX_PATH=${CMAKE_PREFIX_PATH}:/home/matteo/ros2_ws_git/install/optitrack_interface:/opt/ros/humble /usr/bin/cmake --install /home/matteo/ros2_ws_git/src/build/display_with_rviz2
[3.564s] Level 1:colcon.colcon_core.environment:checking '/home/matteo/ros2_ws_git/src/install/display_with_rviz2' for CMake module files
[3.564s] Level 1:colcon.colcon_core.environment:checking '/home/matteo/ros2_ws_git/src/install/display_with_rviz2' for CMake config files
[3.564s] Level 1:colcon.colcon_core.shell:create_environment_hook('display_with_rviz2', 'cmake_prefix_path')
[3.578s] INFO:colcon.colcon_core.shell:Creating environment hook '/home/matteo/ros2_ws_git/src/install/display_with_rviz2/share/display_with_rviz2/hook/cmake_prefix_path.ps1'
[3.579s] INFO:colcon.colcon_core.shell:Creating environment descriptor '/home/matteo/ros2_ws_git/src/install/display_with_rviz2/share/display_with_rviz2/hook/cmake_prefix_path.dsv'
[3.579s] INFO:colcon.colcon_core.shell:Creating environment hook '/home/matteo/ros2_ws_git/src/install/display_with_rviz2/share/display_with_rviz2/hook/cmake_prefix_path.sh'
[3.579s] Level 1:colcon.colcon_core.environment:checking '/home/matteo/ros2_ws_git/src/install/display_with_rviz2/bin'
[3.579s] Level 1:colcon.colcon_core.environment:checking '/home/matteo/ros2_ws_git/src/install/display_with_rviz2/lib/pkgconfig/display_with_rviz2.pc'
[3.579s] Level 1:colcon.colcon_core.environment:checking '/home/matteo/ros2_ws_git/src/install/display_with_rviz2/lib/python3.10/site-packages'
[3.579s] Level 1:colcon.colcon_core.environment:checking '/home/matteo/ros2_ws_git/src/install/display_with_rviz2/bin'
[3.591s] INFO:colcon.colcon_core.shell:Creating package script '/home/matteo/ros2_ws_git/src/install/display_with_rviz2/share/display_with_rviz2/package.ps1'
[3.592s] INFO:colcon.colcon_core.shell:Creating package descriptor '/home/matteo/ros2_ws_git/src/install/display_with_rviz2/share/display_with_rviz2/package.dsv'
[3.592s] INFO:colcon.colcon_core.shell:Creating package script '/home/matteo/ros2_ws_git/src/install/display_with_rviz2/share/display_with_rviz2/package.sh'
[3.592s] INFO:colcon.colcon_core.shell:Creating package script '/home/matteo/ros2_ws_git/src/install/display_with_rviz2/share/display_with_rviz2/package.bash'
[3.592s] INFO:colcon.colcon_core.shell:Creating package script '/home/matteo/ros2_ws_git/src/install/display_with_rviz2/share/display_with_rviz2/package.zsh'
[3.592s] Level 1:colcon.colcon_core.environment:create_file_with_runtime_dependencies(/home/matteo/ros2_ws_git/src/install/display_with_rviz2/share/colcon-core/packages/display_with_rviz2)
[3.627s] Level 1:colcon.colcon_core.environment:create_environment_scripts_only(display_with_rviz2)
[3.642s] Level 1:colcon.colcon_core.environment:checking '/home/matteo/ros2_ws_git/src/install/display_with_rviz2' for CMake module files
[3.643s] Level 1:colcon.colcon_core.environment:checking '/home/matteo/ros2_ws_git/src/install/display_with_rviz2' for CMake config files
[3.643s] Level 1:colcon.colcon_core.shell:create_environment_hook('display_with_rviz2', 'cmake_prefix_path')
[3.655s] INFO:colcon.colcon_core.shell:Creating environment hook '/home/matteo/ros2_ws_git/src/install/display_with_rviz2/share/display_with_rviz2/hook/cmake_prefix_path.ps1'
[3.656s] INFO:colcon.colcon_core.shell:Creating environment descriptor '/home/matteo/ros2_ws_git/src/install/display_with_rviz2/share/display_with_rviz2/hook/cmake_prefix_path.dsv'
[3.656s] INFO:colcon.colcon_core.shell:Creating environment hook '/home/matteo/ros2_ws_git/src/install/display_with_rviz2/share/display_with_rviz2/hook/cmake_prefix_path.sh'
[3.656s] Level 1:colcon.colcon_core.environment:checking '/home/matteo/ros2_ws_git/src/install/display_with_rviz2/bin'
[3.656s] Level 1:colcon.colcon_core.environment:checking '/home/matteo/ros2_ws_git/src/install/display_with_rviz2/lib/pkgconfig/display_with_rviz2.pc'
[3.657s] Level 1:colcon.colcon_core.environment:checking '/home/matteo/ros2_ws_git/src/install/display_with_rviz2/lib/python3.10/site-packages'
[3.657s] Level 1:colcon.colcon_core.environment:checking '/home/matteo/ros2_ws_git/src/install/display_with_rviz2/bin'
[3.671s] INFO:colcon.colcon_core.shell:Creating package script '/home/matteo/ros2_ws_git/src/install/display_with_rviz2/share/display_with_rviz2/package.ps1'
[3.671s] INFO:colcon.colcon_core.shell:Creating package descriptor '/home/matteo/ros2_ws_git/src/install/display_with_rviz2/share/display_with_rviz2/package.dsv'
[3.672s] INFO:colcon.colcon_core.shell:Creating package script '/home/matteo/ros2_ws_git/src/install/display_with_rviz2/share/display_with_rviz2/package.sh'
[3.672s] INFO:colcon.colcon_core.shell:Creating package script '/home/matteo/ros2_ws_git/src/install/display_with_rviz2/share/display_with_rviz2/package.bash'
[3.672s] INFO:colcon.colcon_core.shell:Creating package script '/home/matteo/ros2_ws_git/src/install/display_with_rviz2/share/display_with_rviz2/package.zsh'
[3.673s] Level 1:colcon.colcon_core.environment:create_file_with_runtime_dependencies(/home/matteo/ros2_ws_git/src/install/display_with_rviz2/share/colcon-core/packages/display_with_rviz2)
[4.097s] DEBUG:colcon.colcon_core.event_handler.log_command:Invoked command in '/home/matteo/ros2_ws_git/src/build/optitrack2rviz' returned '0': CMAKE_PREFIX_PATH=${CMAKE_PREFIX_PATH}:/home/matteo/ros2_ws_git/install/optitrack_interface:/opt/ros/humble /usr/bin/cmake /home/matteo/ros2_ws_git/src/optitrack2rviz -DCMAKE_INSTALL_PREFIX=/home/matteo/ros2_ws_git/src/install/optitrack2rviz
[4.098s] DEBUG:colcon.colcon_core.event_handler.log_command:Invoking command in '/home/matteo/ros2_ws_git/src/build/optitrack2rviz': CMAKE_PREFIX_PATH=${CMAKE_PREFIX_PATH}:/home/matteo/ros2_ws_git/install/optitrack_interface:/opt/ros/humble /usr/bin/cmake --build /home/matteo/ros2_ws_git/src/build/optitrack2rviz -- -j12 -l12
[4.435s] DEBUG:colcon.colcon_core.event_handler.log_command:Invoked command in '/home/matteo/ros2_ws_git/src/build/realsense2_camera_msgs' returned '0': CMAKE_PREFIX_PATH=${CMAKE_PREFIX_PATH}:/home/matteo/ros2_ws_git/install/optitrack_interface:/opt/ros/humble /usr/bin/cmake /home/matteo/ros2_ws_git/src/realsense-ros/realsense2_camera_msgs -DCMAKE_INSTALL_PREFIX=/home/matteo/ros2_ws_git/src/install/realsense2_camera_msgs
[4.437s] DEBUG:colcon.colcon_core.event_handler.log_command:Invoking command in '/home/matteo/ros2_ws_git/src/build/realsense2_camera_msgs': CMAKE_PREFIX_PATH=${CMAKE_PREFIX_PATH}:/home/matteo/ros2_ws_git/install/optitrack_interface:/opt/ros/humble /usr/bin/cmake --build /home/matteo/ros2_ws_git/src/build/realsense2_camera_msgs -- -j12 -l12
[9.182s] DEBUG:colcon.colcon_core.event_handler.log_command:Invoked command in '/home/matteo/ros2_ws_git/src/build/computing_point_cloud' returned '0': CMAKE_PREFIX_PATH=${CMAKE_PREFIX_PATH}:/home/matteo/ros2_ws_git/install/optitrack_interface:/opt/ros/humble /usr/bin/cmake /home/matteo/ros2_ws_git/src/computing_point_cloud -DCMAKE_INSTALL_PREFIX=/home/matteo/ros2_ws_git/src/install/computing_point_cloud
[9.185s] DEBUG:colcon.colcon_core.event_handler.log_command:Invoking command in '/home/matteo/ros2_ws_git/src/build/computing_point_cloud': CMAKE_PREFIX_PATH=${CMAKE_PREFIX_PATH}:/home/matteo/ros2_ws_git/install/optitrack_interface:/opt/ros/humble /usr/bin/cmake --build /home/matteo/ros2_ws_git/src/build/computing_point_cloud -- -j12 -l12
[11.937s] DEBUG:colcon.colcon_core.event_handler.log_command:Invoked command in '/home/matteo/ros2_ws_git/src/build/realsense2_camera_msgs' returned '0': CMAKE_PREFIX_PATH=${CMAKE_PREFIX_PATH}:/home/matteo/ros2_ws_git/install/optitrack_interface:/opt/ros/humble /usr/bin/cmake --build /home/matteo/ros2_ws_git/src/build/realsense2_camera_msgs -- -j12 -l12
[12.197s] DEBUG:colcon.colcon_core.event_handler.log_command:Invoking command in '/home/matteo/ros2_ws_git/src/build/realsense2_camera_msgs': CMAKE_PREFIX_PATH=${CMAKE_PREFIX_PATH}:/home/matteo/ros2_ws_git/install/optitrack_interface:/opt/ros/humble /usr/bin/cmake --install /home/matteo/ros2_ws_git/src/build/realsense2_camera_msgs
[12.355s] Level 1:colcon.colcon_core.environment:create_environment_scripts_only(realsense2_camera_msgs)
[12.356s] DEBUG:colcon.colcon_core.event_handler.log_command:Invoked command in '/home/matteo/ros2_ws_git/src/build/realsense2_camera_msgs' returned '0': CMAKE_PREFIX_PATH=${CMAKE_PREFIX_PATH}:/home/matteo/ros2_ws_git/install/optitrack_interface:/opt/ros/humble /usr/bin/cmake --install /home/matteo/ros2_ws_git/src/build/realsense2_camera_msgs
[12.395s] Level 1:colcon.colcon_core.environment:checking '/home/matteo/ros2_ws_git/src/install/realsense2_camera_msgs' for CMake module files
[12.396s] Level 1:colcon.colcon_core.environment:checking '/home/matteo/ros2_ws_git/src/install/realsense2_camera_msgs' for CMake config files
[12.397s] Level 1:colcon.colcon_core.shell:create_environment_hook('realsense2_camera_msgs', 'cmake_prefix_path')
[12.432s] INFO:colcon.colcon_core.shell:Creating environment hook '/home/matteo/ros2_ws_git/src/install/realsense2_camera_msgs/share/realsense2_camera_msgs/hook/cmake_prefix_path.ps1'
[12.433s] INFO:colcon.colcon_core.shell:Creating environment descriptor '/home/matteo/ros2_ws_git/src/install/realsense2_camera_msgs/share/realsense2_camera_msgs/hook/cmake_prefix_path.dsv'
[12.434s] INFO:colcon.colcon_core.shell:Creating environment hook '/home/matteo/ros2_ws_git/src/install/realsense2_camera_msgs/share/realsense2_camera_msgs/hook/cmake_prefix_path.sh'
[12.436s] Level 1:colcon.colcon_core.environment:checking '/home/matteo/ros2_ws_git/src/install/realsense2_camera_msgs/lib'
[12.436s] Level 1:colcon.colcon_core.shell:create_environment_hook('realsense2_camera_msgs', 'ld_library_path_lib')
[12.471s] INFO:colcon.colcon_core.shell:Creating environment hook '/home/matteo/ros2_ws_git/src/install/realsense2_camera_msgs/share/realsense2_camera_msgs/hook/ld_library_path_lib.ps1'
[12.472s] INFO:colcon.colcon_core.shell:Creating environment descriptor '/home/matteo/ros2_ws_git/src/install/realsense2_camera_msgs/share/realsense2_camera_msgs/hook/ld_library_path_lib.dsv'
[12.472s] INFO:colcon.colcon_core.shell:Creating environment hook '/home/matteo/ros2_ws_git/src/install/realsense2_camera_msgs/share/realsense2_camera_msgs/hook/ld_library_path_lib.sh'
[12.473s] Level 1:colcon.colcon_core.environment:checking '/home/matteo/ros2_ws_git/src/install/realsense2_camera_msgs/bin'
[12.474s] Level 1:colcon.colcon_core.environment:checking '/home/matteo/ros2_ws_git/src/install/realsense2_camera_msgs/lib/pkgconfig/realsense2_camera_msgs.pc'
[12.474s] Level 1:colcon.colcon_core.environment:checking '/home/matteo/ros2_ws_git/src/install/realsense2_camera_msgs/lib/python3.10/site-packages'
[12.475s] Level 1:colcon.colcon_core.environment:checking '/home/matteo/ros2_ws_git/src/install/realsense2_camera_msgs/bin'
[12.511s] INFO:colcon.colcon_core.shell:Creating package script '/home/matteo/ros2_ws_git/src/install/realsense2_camera_msgs/share/realsense2_camera_msgs/package.ps1'
[12.512s] INFO:colcon.colcon_core.shell:Creating package descriptor '/home/matteo/ros2_ws_git/src/install/realsense2_camera_msgs/share/realsense2_camera_msgs/package.dsv'
[12.513s] INFO:colcon.colcon_core.shell:Creating package script '/home/matteo/ros2_ws_git/src/install/realsense2_camera_msgs/share/realsense2_camera_msgs/package.sh'
[12.514s] INFO:colcon.colcon_core.shell:Creating package script '/home/matteo/ros2_ws_git/src/install/realsense2_camera_msgs/share/realsense2_camera_msgs/package.bash'
[12.515s] INFO:colcon.colcon_core.shell:Creating package script '/home/matteo/ros2_ws_git/src/install/realsense2_camera_msgs/share/realsense2_camera_msgs/package.zsh'
[12.515s] Level 1:colcon.colcon_core.environment:create_file_with_runtime_dependencies(/home/matteo/ros2_ws_git/src/install/realsense2_camera_msgs/share/colcon-core/packages/realsense2_camera_msgs)
[12.798s] Level 1:colcon.colcon_core.environment:create_environment_scripts_only(realsense2_camera_msgs)
[12.831s] Level 1:colcon.colcon_core.environment:checking '/home/matteo/ros2_ws_git/src/install/realsense2_camera_msgs' for CMake module files
[12.832s] Level 1:colcon.colcon_core.environment:checking '/home/matteo/ros2_ws_git/src/install/realsense2_camera_msgs' for CMake config files
[12.833s] Level 1:colcon.colcon_core.shell:create_environment_hook('realsense2_camera_msgs', 'cmake_prefix_path')
[12.865s] INFO:colcon.colcon_core.shell:Creating environment hook '/home/matteo/ros2_ws_git/src/install/realsense2_camera_msgs/share/realsense2_camera_msgs/hook/cmake_prefix_path.ps1'
[12.866s] INFO:colcon.colcon_core.shell:Creating environment descriptor '/home/matteo/ros2_ws_git/src/install/realsense2_camera_msgs/share/realsense2_camera_msgs/hook/cmake_prefix_path.dsv'
[12.867s] INFO:colcon.colcon_core.shell:Creating environment hook '/home/matteo/ros2_ws_git/src/install/realsense2_camera_msgs/share/realsense2_camera_msgs/hook/cmake_prefix_path.sh'
[12.868s] Level 1:colcon.colcon_core.environment:checking '/home/matteo/ros2_ws_git/src/install/realsense2_camera_msgs/lib'
[12.869s] Level 1:colcon.colcon_core.shell:create_environment_hook('realsense2_camera_msgs', 'ld_library_path_lib')
[12.942s] INFO:colcon.colcon_core.shell:Creating environment hook '/home/matteo/ros2_ws_git/src/install/realsense2_camera_msgs/share/realsense2_camera_msgs/hook/ld_library_path_lib.ps1'
[12.943s] INFO:colcon.colcon_core.shell:Creating environment descriptor '/home/matteo/ros2_ws_git/src/install/realsense2_camera_msgs/share/realsense2_camera_msgs/hook/ld_library_path_lib.dsv'
[12.944s] INFO:colcon.colcon_core.shell:Creating environment hook '/home/matteo/ros2_ws_git/src/install/realsense2_camera_msgs/share/realsense2_camera_msgs/hook/ld_library_path_lib.sh'
[12.945s] Level 1:colcon.colcon_core.environment:checking '/home/matteo/ros2_ws_git/src/install/realsense2_camera_msgs/bin'
[12.945s] Level 1:colcon.colcon_core.environment:checking '/home/matteo/ros2_ws_git/src/install/realsense2_camera_msgs/lib/pkgconfig/realsense2_camera_msgs.pc'
[12.945s] Level 1:colcon.colcon_core.environment:checking '/home/matteo/ros2_ws_git/src/install/realsense2_camera_msgs/lib/python3.10/site-packages'
[12.946s] Level 1:colcon.colcon_core.environment:checking '/home/matteo/ros2_ws_git/src/install/realsense2_camera_msgs/bin'
[12.984s] INFO:colcon.colcon_core.shell:Creating package script '/home/matteo/ros2_ws_git/src/install/realsense2_camera_msgs/share/realsense2_camera_msgs/package.ps1'
[12.985s] INFO:colcon.colcon_core.shell:Creating package descriptor '/home/matteo/ros2_ws_git/src/install/realsense2_camera_msgs/share/realsense2_camera_msgs/package.dsv'
[12.986s] INFO:colcon.colcon_core.shell:Creating package script '/home/matteo/ros2_ws_git/src/install/realsense2_camera_msgs/share/realsense2_camera_msgs/package.sh'
[12.992s] INFO:colcon.colcon_core.shell:Creating package script '/home/matteo/ros2_ws_git/src/install/realsense2_camera_msgs/share/realsense2_camera_msgs/package.bash'
[12.993s] INFO:colcon.colcon_core.shell:Creating package script '/home/matteo/ros2_ws_git/src/install/realsense2_camera_msgs/share/realsense2_camera_msgs/package.zsh'
[12.994s] Level 1:colcon.colcon_core.environment:create_file_with_runtime_dependencies(/home/matteo/ros2_ws_git/src/install/realsense2_camera_msgs/share/colcon-core/packages/realsense2_camera_msgs)
[12.995s] INFO:colcon.colcon_ros.task.ament_cmake.build:Building ROS package in '/home/matteo/ros2_ws_git/src/realsense-ros/realsense2_camera' with build type 'ament_cmake'
[12.996s] INFO:colcon.colcon_cmake.task.cmake.build:Building CMake package in '/home/matteo/ros2_ws_git/src/realsense-ros/realsense2_camera'
[13.034s] INFO:colcon.colcon_core.shell:Skip shell extension 'powershell' for command environment: Not usable outside of PowerShell
[13.034s] DEBUG:colcon.colcon_core.shell:Skip shell extension 'dsv' for command environment
[13.164s] INFO:colcon.colcon_ros.task.ament_cmake.build:Building ROS package in '/home/matteo/ros2_ws_git/src/realsense-ros/realsense2_description' with build type 'ament_cmake'
[13.165s] INFO:colcon.colcon_cmake.task.cmake.build:Building CMake package in '/home/matteo/ros2_ws_git/src/realsense-ros/realsense2_description'
[13.203s] INFO:colcon.colcon_core.shell:Skip shell extension 'powershell' for command environment: Not usable outside of PowerShell
[13.204s] DEBUG:colcon.colcon_core.shell:Skip shell extension 'dsv' for command environment
[13.330s] DEBUG:colcon.colcon_core.event_handler.log_command:Invoking command in '/home/matteo/ros2_ws_git/src/build/realsense2_camera': AMENT_PREFIX_PATH=/home/matteo/ros2_ws_git/src/install/realsense2_camera_msgs:${AMENT_PREFIX_PATH} CMAKE_PREFIX_PATH=/home/matteo/ros2_ws_git/src/install/realsense2_camera_msgs:/home/matteo/ros2_ws_git/install/realsense2_description:/home/matteo/ros2_ws_git/install/realsense2_camera:/home/matteo/ros2_ws_git/install/realsense2_camera_msgs:/home/matteo/ros2_ws_git/install/optitrack2rviz:/home/matteo/ros2_ws_git/install/display_with_rviz2:/home/matteo/ros2_ws_git/install/computing_point_cloud:/home/matteo/ros2_ws_git/install/optitrack_interface:/opt/ros/humble LD_LIBRARY_PATH=/home/matteo/ros2_ws_git/src/install/realsense2_camera_msgs/lib:${LD_LIBRARY_PATH} PYTHONPATH=/home/matteo/ros2_ws_git/src/install/realsense2_camera_msgs/local/lib/python3.10/dist-packages:${PYTHONPATH} /usr/bin/cmake /home/matteo/ros2_ws_git/src/realsense-ros/realsense2_camera -DCMAKE_INSTALL_PREFIX=/home/matteo/ros2_ws_git/src/install/realsense2_camera
[13.333s] DEBUG:colcon.colcon_core.event_handler.log_command:Invoking command in '/home/matteo/ros2_ws_git/src/build/realsense2_description': AMENT_PREFIX_PATH=/home/matteo/ros2_ws_git/src/install/realsense2_camera_msgs:${AMENT_PREFIX_PATH} CMAKE_PREFIX_PATH=/home/matteo/ros2_ws_git/src/install/realsense2_camera_msgs:/home/matteo/ros2_ws_git/install/realsense2_description:/home/matteo/ros2_ws_git/install/realsense2_camera:/home/matteo/ros2_ws_git/install/realsense2_camera_msgs:/home/matteo/ros2_ws_git/install/optitrack2rviz:/home/matteo/ros2_ws_git/install/display_with_rviz2:/home/matteo/ros2_ws_git/install/computing_point_cloud:/home/matteo/ros2_ws_git/install/optitrack_interface:/opt/ros/humble LD_LIBRARY_PATH=/home/matteo/ros2_ws_git/src/install/realsense2_camera_msgs/lib:${LD_LIBRARY_PATH} PYTHONPATH=/home/matteo/ros2_ws_git/src/install/realsense2_camera_msgs/local/lib/python3.10/dist-packages:${PYTHONPATH} /usr/bin/cmake /home/matteo/ros2_ws_git/src/realsense-ros/realsense2_description -DCMAKE_INSTALL_PREFIX=/home/matteo/ros2_ws_git/src/install/realsense2_description
[14.934s] DEBUG:colcon.colcon_core.event_handler.log_command:Invoked command in '/home/matteo/ros2_ws_git/src/build/realsense2_description' returned '0': AMENT_PREFIX_PATH=/home/matteo/ros2_ws_git/src/install/realsense2_camera_msgs:${AMENT_PREFIX_PATH} CMAKE_PREFIX_PATH=/home/matteo/ros2_ws_git/src/install/realsense2_camera_msgs:/home/matteo/ros2_ws_git/install/realsense2_description:/home/matteo/ros2_ws_git/install/realsense2_camera:/home/matteo/ros2_ws_git/install/realsense2_camera_msgs:/home/matteo/ros2_ws_git/install/optitrack2rviz:/home/matteo/ros2_ws_git/install/display_with_rviz2:/home/matteo/ros2_ws_git/install/computing_point_cloud:/home/matteo/ros2_ws_git/install/optitrack_interface:/opt/ros/humble LD_LIBRARY_PATH=/home/matteo/ros2_ws_git/src/install/realsense2_camera_msgs/lib:${LD_LIBRARY_PATH} PYTHONPATH=/home/matteo/ros2_ws_git/src/install/realsense2_camera_msgs/local/lib/python3.10/dist-packages:${PYTHONPATH} /usr/bin/cmake /home/matteo/ros2_ws_git/src/realsense-ros/realsense2_description -DCMAKE_INSTALL_PREFIX=/home/matteo/ros2_ws_git/src/install/realsense2_description
[14.935s] DEBUG:colcon.colcon_core.event_handler.log_command:Invoking command in '/home/matteo/ros2_ws_git/src/build/realsense2_description': AMENT_PREFIX_PATH=/home/matteo/ros2_ws_git/src/install/realsense2_camera_msgs:${AMENT_PREFIX_PATH} CMAKE_PREFIX_PATH=/home/matteo/ros2_ws_git/src/install/realsense2_camera_msgs:/home/matteo/ros2_ws_git/install/realsense2_description:/home/matteo/ros2_ws_git/install/realsense2_camera:/home/matteo/ros2_ws_git/install/realsense2_camera_msgs:/home/matteo/ros2_ws_git/install/optitrack2rviz:/home/matteo/ros2_ws_git/install/display_with_rviz2:/home/matteo/ros2_ws_git/install/computing_point_cloud:/home/matteo/ros2_ws_git/install/optitrack_interface:/opt/ros/humble LD_LIBRARY_PATH=/home/matteo/ros2_ws_git/src/install/realsense2_camera_msgs/lib:${LD_LIBRARY_PATH} PYTHONPATH=/home/matteo/ros2_ws_git/src/install/realsense2_camera_msgs/local/lib/python3.10/dist-packages:${PYTHONPATH} /usr/bin/cmake --build /home/matteo/ros2_ws_git/src/build/realsense2_description -- -j12 -l12
[15.016s] DEBUG:colcon.colcon_core.event_handler.log_command:Invoked command in '/home/matteo/ros2_ws_git/src/build/realsense2_description' returned '0': AMENT_PREFIX_PATH=/home/matteo/ros2_ws_git/src/install/realsense2_camera_msgs:${AMENT_PREFIX_PATH} CMAKE_PREFIX_PATH=/home/matteo/ros2_ws_git/src/install/realsense2_camera_msgs:/home/matteo/ros2_ws_git/install/realsense2_description:/home/matteo/ros2_ws_git/install/realsense2_camera:/home/matteo/ros2_ws_git/install/realsense2_camera_msgs:/home/matteo/ros2_ws_git/install/optitrack2rviz:/home/matteo/ros2_ws_git/install/display_with_rviz2:/home/matteo/ros2_ws_git/install/computing_point_cloud:/home/matteo/ros2_ws_git/install/optitrack_interface:/opt/ros/humble LD_LIBRARY_PATH=/home/matteo/ros2_ws_git/src/install/realsense2_camera_msgs/lib:${LD_LIBRARY_PATH} PYTHONPATH=/home/matteo/ros2_ws_git/src/install/realsense2_camera_msgs/local/lib/python3.10/dist-packages:${PYTHONPATH} /usr/bin/cmake --build /home/matteo/ros2_ws_git/src/build/realsense2_description -- -j12 -l12
[15.065s] DEBUG:colcon.colcon_core.event_handler.log_command:Invoking command in '/home/matteo/ros2_ws_git/src/build/realsense2_description': AMENT_PREFIX_PATH=/home/matteo/ros2_ws_git/src/install/realsense2_camera_msgs:${AMENT_PREFIX_PATH} CMAKE_PREFIX_PATH=/home/matteo/ros2_ws_git/src/install/realsense2_camera_msgs:/home/matteo/ros2_ws_git/install/realsense2_description:/home/matteo/ros2_ws_git/install/realsense2_camera:/home/matteo/ros2_ws_git/install/realsense2_camera_msgs:/home/matteo/ros2_ws_git/install/optitrack2rviz:/home/matteo/ros2_ws_git/install/display_with_rviz2:/home/matteo/ros2_ws_git/install/computing_point_cloud:/home/matteo/ros2_ws_git/install/optitrack_interface:/opt/ros/humble LD_LIBRARY_PATH=/home/matteo/ros2_ws_git/src/install/realsense2_camera_msgs/lib:${LD_LIBRARY_PATH} PYTHONPATH=/home/matteo/ros2_ws_git/src/install/realsense2_camera_msgs/local/lib/python3.10/dist-packages:${PYTHONPATH} /usr/bin/cmake --install /home/matteo/ros2_ws_git/src/build/realsense2_description
[15.291s] Level 1:colcon.colcon_core.environment:create_environment_scripts_only(realsense2_description)
[15.298s] DEBUG:colcon.colcon_core.event_handler.log_command:Invoked command in '/home/matteo/ros2_ws_git/src/build/realsense2_description' returned '0': AMENT_PREFIX_PATH=/home/matteo/ros2_ws_git/src/install/realsense2_camera_msgs:${AMENT_PREFIX_PATH} CMAKE_PREFIX_PATH=/home/matteo/ros2_ws_git/src/install/realsense2_camera_msgs:/home/matteo/ros2_ws_git/install/realsense2_description:/home/matteo/ros2_ws_git/install/realsense2_camera:/home/matteo/ros2_ws_git/install/realsense2_camera_msgs:/home/matteo/ros2_ws_git/install/optitrack2rviz:/home/matteo/ros2_ws_git/install/display_with_rviz2:/home/matteo/ros2_ws_git/install/computing_point_cloud:/home/matteo/ros2_ws_git/install/optitrack_interface:/opt/ros/humble LD_LIBRARY_PATH=/home/matteo/ros2_ws_git/src/install/realsense2_camera_msgs/lib:${LD_LIBRARY_PATH} PYTHONPATH=/home/matteo/ros2_ws_git/src/install/realsense2_camera_msgs/local/lib/python3.10/dist-packages:${PYTHONPATH} /usr/bin/cmake --install /home/matteo/ros2_ws_git/src/build/realsense2_description
[15.340s] Level 1:colcon.colcon_core.environment:checking '/home/matteo/ros2_ws_git/src/install/realsense2_description' for CMake module files
[15.341s] Level 1:colcon.colcon_core.environment:checking '/home/matteo/ros2_ws_git/src/install/realsense2_description' for CMake config files
[15.342s] Level 1:colcon.colcon_core.shell:create_environment_hook('realsense2_description', 'cmake_prefix_path')
[15.383s] INFO:colcon.colcon_core.shell:Creating environment hook '/home/matteo/ros2_ws_git/src/install/realsense2_description/share/realsense2_description/hook/cmake_prefix_path.ps1'
[15.385s] INFO:colcon.colcon_core.shell:Creating environment descriptor '/home/matteo/ros2_ws_git/src/install/realsense2_description/share/realsense2_description/hook/cmake_prefix_path.dsv'
[15.385s] INFO:colcon.colcon_core.shell:Creating environment hook '/home/matteo/ros2_ws_git/src/install/realsense2_description/share/realsense2_description/hook/cmake_prefix_path.sh'
[15.387s] Level 1:colcon.colcon_core.environment:checking '/home/matteo/ros2_ws_git/src/install/realsense2_description/bin'
[15.387s] Level 1:colcon.colcon_core.environment:checking '/home/matteo/ros2_ws_git/src/install/realsense2_description/lib/pkgconfig/realsense2_description.pc'
[15.387s] Level 1:colcon.colcon_core.environment:checking '/home/matteo/ros2_ws_git/src/install/realsense2_description/lib/python3.10/site-packages'
[15.388s] Level 1:colcon.colcon_core.environment:checking '/home/matteo/ros2_ws_git/src/install/realsense2_description/bin'
[15.501s] INFO:colcon.colcon_core.shell:Creating package script '/home/matteo/ros2_ws_git/src/install/realsense2_description/share/realsense2_description/package.ps1'
[15.502s] INFO:colcon.colcon_core.shell:Creating package descriptor '/home/matteo/ros2_ws_git/src/install/realsense2_description/share/realsense2_description/package.dsv'
[15.503s] INFO:colcon.colcon_core.shell:Creating package script '/home/matteo/ros2_ws_git/src/install/realsense2_description/share/realsense2_description/package.sh'
[15.505s] INFO:colcon.colcon_core.shell:Creating package script '/home/matteo/ros2_ws_git/src/install/realsense2_description/share/realsense2_description/package.bash'
[15.506s] INFO:colcon.colcon_core.shell:Creating package script '/home/matteo/ros2_ws_git/src/install/realsense2_description/share/realsense2_description/package.zsh'
[15.507s] Level 1:colcon.colcon_core.environment:create_file_with_runtime_dependencies(/home/matteo/ros2_ws_git/src/install/realsense2_description/share/colcon-core/packages/realsense2_description)
[15.646s] Level 1:colcon.colcon_core.environment:create_environment_scripts_only(realsense2_description)
[15.687s] Level 1:colcon.colcon_core.environment:checking '/home/matteo/ros2_ws_git/src/install/realsense2_description' for CMake module files
[15.689s] Level 1:colcon.colcon_core.environment:checking '/home/matteo/ros2_ws_git/src/install/realsense2_description' for CMake config files
[15.689s] Level 1:colcon.colcon_core.shell:create_environment_hook('realsense2_description', 'cmake_prefix_path')
[15.725s] INFO:colcon.colcon_core.shell:Creating environment hook '/home/matteo/ros2_ws_git/src/install/realsense2_description/share/realsense2_description/hook/cmake_prefix_path.ps1'
[15.726s] INFO:colcon.colcon_core.shell:Creating environment descriptor '/home/matteo/ros2_ws_git/src/install/realsense2_description/share/realsense2_description/hook/cmake_prefix_path.dsv'
[15.727s] INFO:colcon.colcon_core.shell:Creating environment hook '/home/matteo/ros2_ws_git/src/install/realsense2_description/share/realsense2_description/hook/cmake_prefix_path.sh'
[15.729s] Level 1:colcon.colcon_core.environment:checking '/home/matteo/ros2_ws_git/src/install/realsense2_description/bin'
[15.729s] Level 1:colcon.colcon_core.environment:checking '/home/matteo/ros2_ws_git/src/install/realsense2_description/lib/pkgconfig/realsense2_description.pc'
[15.729s] Level 1:colcon.colcon_core.environment:checking '/home/matteo/ros2_ws_git/src/install/realsense2_description/lib/python3.10/site-packages'
[15.730s] Level 1:colcon.colcon_core.environment:checking '/home/matteo/ros2_ws_git/src/install/realsense2_description/bin'
[15.765s] INFO:colcon.colcon_core.shell:Creating package script '/home/matteo/ros2_ws_git/src/install/realsense2_description/share/realsense2_description/package.ps1'
[15.769s] INFO:colcon.colcon_core.shell:Creating package descriptor '/home/matteo/ros2_ws_git/src/install/realsense2_description/share/realsense2_description/package.dsv'
[15.770s] INFO:colcon.colcon_core.shell:Creating package script '/home/matteo/ros2_ws_git/src/install/realsense2_description/share/realsense2_description/package.sh'
[15.771s] INFO:colcon.colcon_core.shell:Creating package script '/home/matteo/ros2_ws_git/src/install/realsense2_description/share/realsense2_description/package.bash'
[15.772s] INFO:colcon.colcon_core.shell:Creating package script '/home/matteo/ros2_ws_git/src/install/realsense2_description/share/realsense2_description/package.zsh'
[15.773s] Level 1:colcon.colcon_core.environment:create_file_with_runtime_dependencies(/home/matteo/ros2_ws_git/src/install/realsense2_description/share/colcon-core/packages/realsense2_description)
[24.304s] DEBUG:colcon.colcon_core.event_handler.log_command:Invoked command in '/home/matteo/ros2_ws_git/src/build/realsense2_camera' returned '0': AMENT_PREFIX_PATH=/home/matteo/ros2_ws_git/src/install/realsense2_camera_msgs:${AMENT_PREFIX_PATH} CMAKE_PREFIX_PATH=/home/matteo/ros2_ws_git/src/install/realsense2_camera_msgs:/home/matteo/ros2_ws_git/install/realsense2_description:/home/matteo/ros2_ws_git/install/realsense2_camera:/home/matteo/ros2_ws_git/install/realsense2_camera_msgs:/home/matteo/ros2_ws_git/install/optitrack2rviz:/home/matteo/ros2_ws_git/install/display_with_rviz2:/home/matteo/ros2_ws_git/install/computing_point_cloud:/home/matteo/ros2_ws_git/install/optitrack_interface:/opt/ros/humble LD_LIBRARY_PATH=/home/matteo/ros2_ws_git/src/install/realsense2_camera_msgs/lib:${LD_LIBRARY_PATH} PYTHONPATH=/home/matteo/ros2_ws_git/src/install/realsense2_camera_msgs/local/lib/python3.10/dist-packages:${PYTHONPATH} /usr/bin/cmake /home/matteo/ros2_ws_git/src/realsense-ros/realsense2_camera -DCMAKE_INSTALL_PREFIX=/home/matteo/ros2_ws_git/src/install/realsense2_camera
[24.309s] DEBUG:colcon.colcon_core.event_handler.log_command:Invoking command in '/home/matteo/ros2_ws_git/src/build/realsense2_camera': AMENT_PREFIX_PATH=/home/matteo/ros2_ws_git/src/install/realsense2_camera_msgs:${AMENT_PREFIX_PATH} CMAKE_PREFIX_PATH=/home/matteo/ros2_ws_git/src/install/realsense2_camera_msgs:/home/matteo/ros2_ws_git/install/realsense2_description:/home/matteo/ros2_ws_git/install/realsense2_camera:/home/matteo/ros2_ws_git/install/realsense2_camera_msgs:/home/matteo/ros2_ws_git/install/optitrack2rviz:/home/matteo/ros2_ws_git/install/display_with_rviz2:/home/matteo/ros2_ws_git/install/computing_point_cloud:/home/matteo/ros2_ws_git/install/optitrack_interface:/opt/ros/humble LD_LIBRARY_PATH=/home/matteo/ros2_ws_git/src/install/realsense2_camera_msgs/lib:${LD_LIBRARY_PATH} PYTHONPATH=/home/matteo/ros2_ws_git/src/install/realsense2_camera_msgs/local/lib/python3.10/dist-packages:${PYTHONPATH} /usr/bin/cmake --build /home/matteo/ros2_ws_git/src/build/realsense2_camera -- -j12 -l12
[42.507s] DEBUG:colcon.colcon_core.event_handler.log_command:Invoked command in '/home/matteo/ros2_ws_git/src/build/optitrack2rviz' returned '0': CMAKE_PREFIX_PATH=${CMAKE_PREFIX_PATH}:/home/matteo/ros2_ws_git/install/optitrack_interface:/opt/ros/humble /usr/bin/cmake --build /home/matteo/ros2_ws_git/src/build/optitrack2rviz -- -j12 -l12
[42.956s] DEBUG:colcon.colcon_core.event_handler.log_command:Invoking command in '/home/matteo/ros2_ws_git/src/build/optitrack2rviz': CMAKE_PREFIX_PATH=${CMAKE_PREFIX_PATH}:/home/matteo/ros2_ws_git/install/optitrack_interface:/opt/ros/humble /usr/bin/cmake --install /home/matteo/ros2_ws_git/src/build/optitrack2rviz
[43.102s] Level 1:colcon.colcon_core.environment:create_environment_scripts_only(optitrack2rviz)
[43.103s] DEBUG:colcon.colcon_core.event_handler.log_command:Invoked command in '/home/matteo/ros2_ws_git/src/build/optitrack2rviz' returned '0': CMAKE_PREFIX_PATH=${CMAKE_PREFIX_PATH}:/home/matteo/ros2_ws_git/install/optitrack_interface:/opt/ros/humble /usr/bin/cmake --install /home/matteo/ros2_ws_git/src/build/optitrack2rviz
[43.230s] Level 1:colcon.colcon_core.environment:checking '/home/matteo/ros2_ws_git/src/install/optitrack2rviz' for CMake module files
[43.231s] Level 1:colcon.colcon_core.environment:checking '/home/matteo/ros2_ws_git/src/install/optitrack2rviz' for CMake config files
[43.231s] Level 1:colcon.colcon_core.shell:create_environment_hook('optitrack2rviz', 'cmake_prefix_path')
[43.269s] INFO:colcon.colcon_core.shell:Creating environment hook '/home/matteo/ros2_ws_git/src/install/optitrack2rviz/share/optitrack2rviz/hook/cmake_prefix_path.ps1'
[43.272s] INFO:colcon.colcon_core.shell:Creating environment descriptor '/home/matteo/ros2_ws_git/src/install/optitrack2rviz/share/optitrack2rviz/hook/cmake_prefix_path.dsv'
[43.274s] INFO:colcon.colcon_core.shell:Creating environment hook '/home/matteo/ros2_ws_git/src/install/optitrack2rviz/share/optitrack2rviz/hook/cmake_prefix_path.sh'
[43.276s] Level 1:colcon.colcon_core.environment:checking '/home/matteo/ros2_ws_git/src/install/optitrack2rviz/lib'
[43.277s] Level 1:colcon.colcon_core.environment:checking '/home/matteo/ros2_ws_git/src/install/optitrack2rviz/bin'
[43.278s] Level 1:colcon.colcon_core.environment:checking '/home/matteo/ros2_ws_git/src/install/optitrack2rviz/lib/pkgconfig/optitrack2rviz.pc'
[43.279s] Level 1:colcon.colcon_core.environment:checking '/home/matteo/ros2_ws_git/src/install/optitrack2rviz/lib/python3.10/site-packages'
[43.279s] Level 1:colcon.colcon_core.environment:checking '/home/matteo/ros2_ws_git/src/install/optitrack2rviz/bin'
[43.303s] INFO:colcon.colcon_core.shell:Creating package script '/home/matteo/ros2_ws_git/src/install/optitrack2rviz/share/optitrack2rviz/package.ps1'
[43.322s] INFO:colcon.colcon_core.shell:Creating package descriptor '/home/matteo/ros2_ws_git/src/install/optitrack2rviz/share/optitrack2rviz/package.dsv'
[43.334s] INFO:colcon.colcon_core.shell:Creating package script '/home/matteo/ros2_ws_git/src/install/optitrack2rviz/share/optitrack2rviz/package.sh'
[43.346s] INFO:colcon.colcon_core.shell:Creating package script '/home/matteo/ros2_ws_git/src/install/optitrack2rviz/share/optitrack2rviz/package.bash'
[43.363s] INFO:colcon.colcon_core.shell:Creating package script '/home/matteo/ros2_ws_git/src/install/optitrack2rviz/share/optitrack2rviz/package.zsh'
[43.365s] Level 1:colcon.colcon_core.environment:create_file_with_runtime_dependencies(/home/matteo/ros2_ws_git/src/install/optitrack2rviz/share/colcon-core/packages/optitrack2rviz)
[43.817s] Level 1:colcon.colcon_core.environment:create_environment_scripts_only(optitrack2rviz)
[43.846s] Level 1:colcon.colcon_core.environment:checking '/home/matteo/ros2_ws_git/src/install/optitrack2rviz' for CMake module files
[43.847s] Level 1:colcon.colcon_core.environment:checking '/home/matteo/ros2_ws_git/src/install/optitrack2rviz' for CMake config files
[43.847s] Level 1:colcon.colcon_core.shell:create_environment_hook('optitrack2rviz', 'cmake_prefix_path')
[43.874s] INFO:colcon.colcon_core.shell:Creating environment hook '/home/matteo/ros2_ws_git/src/install/optitrack2rviz/share/optitrack2rviz/hook/cmake_prefix_path.ps1'
[43.875s] INFO:colcon.colcon_core.shell:Creating environment descriptor '/home/matteo/ros2_ws_git/src/install/optitrack2rviz/share/optitrack2rviz/hook/cmake_prefix_path.dsv'
[43.876s] INFO:colcon.colcon_core.shell:Creating environment hook '/home/matteo/ros2_ws_git/src/install/optitrack2rviz/share/optitrack2rviz/hook/cmake_prefix_path.sh'
[43.879s] Level 1:colcon.colcon_core.environment:checking '/home/matteo/ros2_ws_git/src/install/optitrack2rviz/lib'
[43.880s] Level 1:colcon.colcon_core.environment:checking '/home/matteo/ros2_ws_git/src/install/optitrack2rviz/bin'
[43.880s] Level 1:colcon.colcon_core.environment:checking '/home/matteo/ros2_ws_git/src/install/optitrack2rviz/lib/pkgconfig/optitrack2rviz.pc'
[43.880s] Level 1:colcon.colcon_core.environment:checking '/home/matteo/ros2_ws_git/src/install/optitrack2rviz/lib/python3.10/site-packages'
[43.881s] Level 1:colcon.colcon_core.environment:checking '/home/matteo/ros2_ws_git/src/install/optitrack2rviz/bin'
[43.912s] INFO:colcon.colcon_core.shell:Creating package script '/home/matteo/ros2_ws_git/src/install/optitrack2rviz/share/optitrack2rviz/package.ps1'
[43.914s] INFO:colcon.colcon_core.shell:Creating package descriptor '/home/matteo/ros2_ws_git/src/install/optitrack2rviz/share/optitrack2rviz/package.dsv'
[43.915s] INFO:colcon.colcon_core.shell:Creating package script '/home/matteo/ros2_ws_git/src/install/optitrack2rviz/share/optitrack2rviz/package.sh'
[43.916s] INFO:colcon.colcon_core.shell:Creating package script '/home/matteo/ros2_ws_git/src/install/optitrack2rviz/share/optitrack2rviz/package.bash'
[43.917s] INFO:colcon.colcon_core.shell:Creating package script '/home/matteo/ros2_ws_git/src/install/optitrack2rviz/share/optitrack2rviz/package.zsh'
[43.917s] Level 1:colcon.colcon_core.environment:create_file_with_runtime_dependencies(/home/matteo/ros2_ws_git/src/install/optitrack2rviz/share/colcon-core/packages/optitrack2rviz)
[51.410s] DEBUG:colcon.colcon_core.event_handler.log_command:Invoked command in '/home/matteo/ros2_ws_git/src/build/computing_point_cloud' returned '2': CMAKE_PREFIX_PATH=${CMAKE_PREFIX_PATH}:/home/matteo/ros2_ws_git/install/optitrack_interface:/opt/ros/humble /usr/bin/cmake --build /home/matteo/ros2_ws_git/src/build/computing_point_cloud -- -j12 -l12
[51.490s] Level 1:colcon.colcon_core.environment:create_environment_scripts_only(computing_point_cloud)
[51.520s] Level 1:colcon.colcon_core.environment:checking '/home/matteo/ros2_ws_git/src/install/computing_point_cloud' for CMake module files
[51.521s] Level 1:colcon.colcon_core.environment:checking '/home/matteo/ros2_ws_git/src/install/computing_point_cloud' for CMake config files
[51.522s] Level 1:colcon.colcon_core.environment:checking '/home/matteo/ros2_ws_git/src/install/computing_point_cloud/bin'
[51.522s] Level 1:colcon.colcon_core.environment:checking '/home/matteo/ros2_ws_git/src/install/computing_point_cloud/lib/pkgconfig/computing_point_cloud.pc'
[51.523s] Level 1:colcon.colcon_core.environment:checking '/home/matteo/ros2_ws_git/src/install/computing_point_cloud/lib/python3.10/site-packages'
[51.523s] Level 1:colcon.colcon_core.environment:checking '/home/matteo/ros2_ws_git/src/install/computing_point_cloud/bin'
[51.553s] INFO:colcon.colcon_core.shell:Creating package script '/home/matteo/ros2_ws_git/src/install/computing_point_cloud/share/computing_point_cloud/package.ps1'
[51.554s] INFO:colcon.colcon_core.shell:Creating package descriptor '/home/matteo/ros2_ws_git/src/install/computing_point_cloud/share/computing_point_cloud/package.dsv'
[51.554s] INFO:colcon.colcon_core.shell:Creating package script '/home/matteo/ros2_ws_git/src/install/computing_point_cloud/share/computing_point_cloud/package.sh'
[51.555s] INFO:colcon.colcon_core.shell:Creating package script '/home/matteo/ros2_ws_git/src/install/computing_point_cloud/share/computing_point_cloud/package.bash'
[51.556s] INFO:colcon.colcon_core.shell:Creating package script '/home/matteo/ros2_ws_git/src/install/computing_point_cloud/share/computing_point_cloud/package.zsh'
[51.557s] Level 1:colcon.colcon_core.environment:create_file_with_runtime_dependencies(/home/matteo/ros2_ws_git/src/install/computing_point_cloud/share/colcon-core/packages/computing_point_cloud)
[55.620s] DEBUG:colcon.colcon_parallel_executor.executor.parallel:closing loop
[55.621s] DEBUG:colcon.colcon_parallel_executor.executor.parallel:loop closed
[55.621s] DEBUG:colcon.colcon_parallel_executor.executor.parallel:run_until_complete finished with '2'
[55.621s] DEBUG:colcon.colcon_core.event_reactor:joining thread
[55.678s] INFO:colcon.colcon_core.plugin_system:Skipping extension 'colcon_notification.desktop_notification.terminal_notifier': Not used on non-Darwin systems
[55.678s] INFO:colcon.colcon_core.plugin_system:Skipping extension 'colcon_notification.desktop_notification.win32': Not used on non-Windows systems
[55.678s] INFO:colcon.colcon_notification.desktop_notification:Sending desktop notification using 'notify2'
[55.782s] DEBUG:colcon.colcon_core.event_reactor:joined thread
[55.800s] INFO:colcon.colcon_core.shell:Creating prefix script '/home/matteo/ros2_ws_git/src/install/local_setup.ps1'
[55.803s] INFO:colcon.colcon_core.shell:Creating prefix util module '/home/matteo/ros2_ws_git/src/install/_local_setup_util_ps1.py'
[55.805s] INFO:colcon.colcon_core.shell:Creating prefix chain script '/home/matteo/ros2_ws_git/src/install/setup.ps1'
[55.823s] INFO:colcon.colcon_core.shell:Creating prefix script '/home/matteo/ros2_ws_git/src/install/local_setup.sh'
[55.823s] INFO:colcon.colcon_core.shell:Creating prefix util module '/home/matteo/ros2_ws_git/src/install/_local_setup_util_sh.py'
[55.824s] INFO:colcon.colcon_core.shell:Creating prefix chain script '/home/matteo/ros2_ws_git/src/install/setup.sh'
[55.837s] INFO:colcon.colcon_core.shell:Creating prefix script '/home/matteo/ros2_ws_git/src/install/local_setup.bash'
[55.837s] INFO:colcon.colcon_core.shell:Creating prefix chain script '/home/matteo/ros2_ws_git/src/install/setup.bash'
[55.849s] INFO:colcon.colcon_core.shell:Creating prefix script '/home/matteo/ros2_ws_git/src/install/local_setup.zsh'
[55.850s] INFO:colcon.colcon_core.shell:Creating prefix chain script '/home/matteo/ros2_ws_git/src/install/setup.zsh'
