[0.168s] Invoking command in '/home/matteo/ros2_ws_git/src/build/realsense2_description': AMENT_PREFIX_PATH=/home/matteo/ros2_ws_git/src/install/realsense2_camera_msgs:${AMENT_PREFIX_PATH} CMAKE_PREFIX_PATH=/home/matteo/ros2_ws_git/src/install/realsense2_camera_msgs:/home/matteo/ros2_ws_git/install/realsense2_description:/home/matteo/ros2_ws_git/install/realsense2_camera:/home/matteo/ros2_ws_git/install/realsense2_camera_msgs:/home/matteo/ros2_ws_git/install/optitrack2rviz:/home/matteo/ros2_ws_git/install/display_with_rviz2:/home/matteo/ros2_ws_git/install/computing_point_cloud:/home/matteo/ros2_ws_git/install/optitrack_interface:/opt/ros/humble LD_LIBRARY_PATH=/home/matteo/ros2_ws_git/src/install/realsense2_camera_msgs/lib:${LD_LIBRARY_PATH} PYTHONPATH=/home/matteo/ros2_ws_git/src/install/realsense2_camera_msgs/local/lib/python3.10/dist-packages:${PYTHONPATH} /usr/bin/cmake /home/matteo/ros2_ws_git/src/realsense-ros/realsense2_description -DCMAKE_INSTALL_PREFIX=/home/matteo/ros2_ws_git/src/install/realsense2_description
[0.295s] -- The C compiler identification is GNU 11.4.0
[0.444s] -- The CXX compiler identification is GNU 11.4.0
[0.463s] -- Detecting C compiler ABI info
[0.663s] -- Detecting C compiler ABI info - done
[0.691s] -- Check for working C compiler: /usr/bin/cc - skipped
[0.691s] -- Detecting C compile features
[0.692s] -- Detecting C compile features - done
[0.699s] -- Detecting CXX compiler ABI info
[0.981s] -- Detecting CXX compiler ABI info - done
[0.992s] -- Check for working CXX compiler: /usr/bin/c++ - skipped
[0.993s] -- Detecting CXX compile features
[0.994s] -- Detecting CXX compile features - done
[1.002s] -- Found ament_cmake: 1.3.6 (/opt/ros/humble/share/ament_cmake/cmake)
[1.413s] -- Found Python3: /usr/bin/python3.10 (found version "3.10.12") found components: Interpreter 
[1.752s] -- Configuring done
[1.757s] -- Generating done
[1.759s] -- Build files have been written to: /home/matteo/ros2_ws_git/src/build/realsense2_description
[1.768s] Invoked command in '/home/matteo/ros2_ws_git/src/build/realsense2_description' returned '0': AMENT_PREFIX_PATH=/home/matteo/ros2_ws_git/src/install/realsense2_camera_msgs:${AMENT_PREFIX_PATH} CMAKE_PREFIX_PATH=/home/matteo/ros2_ws_git/src/install/realsense2_camera_msgs:/home/matteo/ros2_ws_git/install/realsense2_description:/home/matteo/ros2_ws_git/install/realsense2_camera:/home/matteo/ros2_ws_git/install/realsense2_camera_msgs:/home/matteo/ros2_ws_git/install/optitrack2rviz:/home/matteo/ros2_ws_git/install/display_with_rviz2:/home/matteo/ros2_ws_git/install/computing_point_cloud:/home/matteo/ros2_ws_git/install/optitrack_interface:/opt/ros/humble LD_LIBRARY_PATH=/home/matteo/ros2_ws_git/src/install/realsense2_camera_msgs/lib:${LD_LIBRARY_PATH} PYTHONPATH=/home/matteo/ros2_ws_git/src/install/realsense2_camera_msgs/local/lib/python3.10/dist-packages:${PYTHONPATH} /usr/bin/cmake /home/matteo/ros2_ws_git/src/realsense-ros/realsense2_description -DCMAKE_INSTALL_PREFIX=/home/matteo/ros2_ws_git/src/install/realsense2_description
[1.770s] Invoking command in '/home/matteo/ros2_ws_git/src/build/realsense2_description': AMENT_PREFIX_PATH=/home/matteo/ros2_ws_git/src/install/realsense2_camera_msgs:${AMENT_PREFIX_PATH} CMAKE_PREFIX_PATH=/home/matteo/ros2_ws_git/src/install/realsense2_camera_msgs:/home/matteo/ros2_ws_git/install/realsense2_description:/home/matteo/ros2_ws_git/install/realsense2_camera:/home/matteo/ros2_ws_git/install/realsense2_camera_msgs:/home/matteo/ros2_ws_git/install/optitrack2rviz:/home/matteo/ros2_ws_git/install/display_with_rviz2:/home/matteo/ros2_ws_git/install/computing_point_cloud:/home/matteo/ros2_ws_git/install/optitrack_interface:/opt/ros/humble LD_LIBRARY_PATH=/home/matteo/ros2_ws_git/src/install/realsense2_camera_msgs/lib:${LD_LIBRARY_PATH} PYTHONPATH=/home/matteo/ros2_ws_git/src/install/realsense2_camera_msgs/local/lib/python3.10/dist-packages:${PYTHONPATH} /usr/bin/cmake --build /home/matteo/ros2_ws_git/src/build/realsense2_description -- -j12 -l12
[1.851s] Invoked command in '/home/matteo/ros2_ws_git/src/build/realsense2_description' returned '0': AMENT_PREFIX_PATH=/home/matteo/ros2_ws_git/src/install/realsense2_camera_msgs:${AMENT_PREFIX_PATH} CMAKE_PREFIX_PATH=/home/matteo/ros2_ws_git/src/install/realsense2_camera_msgs:/home/matteo/ros2_ws_git/install/realsense2_description:/home/matteo/ros2_ws_git/install/realsense2_camera:/home/matteo/ros2_ws_git/install/realsense2_camera_msgs:/home/matteo/ros2_ws_git/install/optitrack2rviz:/home/matteo/ros2_ws_git/install/display_with_rviz2:/home/matteo/ros2_ws_git/install/computing_point_cloud:/home/matteo/ros2_ws_git/install/optitrack_interface:/opt/ros/humble LD_LIBRARY_PATH=/home/matteo/ros2_ws_git/src/install/realsense2_camera_msgs/lib:${LD_LIBRARY_PATH} PYTHONPATH=/home/matteo/ros2_ws_git/src/install/realsense2_camera_msgs/local/lib/python3.10/dist-packages:${PYTHONPATH} /usr/bin/cmake --build /home/matteo/ros2_ws_git/src/build/realsense2_description -- -j12 -l12
[1.901s] Invoking command in '/home/matteo/ros2_ws_git/src/build/realsense2_description': AMENT_PREFIX_PATH=/home/matteo/ros2_ws_git/src/install/realsense2_camera_msgs:${AMENT_PREFIX_PATH} CMAKE_PREFIX_PATH=/home/matteo/ros2_ws_git/src/install/realsense2_camera_msgs:/home/matteo/ros2_ws_git/install/realsense2_description:/home/matteo/ros2_ws_git/install/realsense2_camera:/home/matteo/ros2_ws_git/install/realsense2_camera_msgs:/home/matteo/ros2_ws_git/install/optitrack2rviz:/home/matteo/ros2_ws_git/install/display_with_rviz2:/home/matteo/ros2_ws_git/install/computing_point_cloud:/home/matteo/ros2_ws_git/install/optitrack_interface:/opt/ros/humble LD_LIBRARY_PATH=/home/matteo/ros2_ws_git/src/install/realsense2_camera_msgs/lib:${LD_LIBRARY_PATH} PYTHONPATH=/home/matteo/ros2_ws_git/src/install/realsense2_camera_msgs/local/lib/python3.10/dist-packages:${PYTHONPATH} /usr/bin/cmake --install /home/matteo/ros2_ws_git/src/build/realsense2_description
[1.914s] -- Install configuration: ""
[1.914s] -- Installing: /home/matteo/ros2_ws_git/src/install/realsense2_description/share/realsense2_description/launch
[1.915s] -- Installing: /home/matteo/ros2_ws_git/src/install/realsense2_description/share/realsense2_description/launch/launch_utils.py
[1.915s] -- Installing: /home/matteo/ros2_ws_git/src/install/realsense2_description/share/realsense2_description/launch/view_model.launch.py
[1.916s] -- Installing: /home/matteo/ros2_ws_git/src/install/realsense2_description/share/realsense2_description/meshes
[1.916s] -- Installing: /home/matteo/ros2_ws_git/src/install/realsense2_description/share/realsense2_description/meshes/plug.stl
[1.918s] -- Installing: /home/matteo/ros2_ws_git/src/install/realsense2_description/share/realsense2_description/meshes/d415.stl
[1.971s] -- Installing: /home/matteo/ros2_ws_git/src/install/realsense2_description/share/realsense2_description/meshes/d455.stl
[1.980s] -- Installing: /home/matteo/ros2_ws_git/src/install/realsense2_description/share/realsense2_description/meshes/l515.dae
[2.060s] -- Installing: /home/matteo/ros2_ws_git/src/install/realsense2_description/share/realsense2_description/meshes/d435.dae
[2.107s] -- Installing: /home/matteo/ros2_ws_git/src/install/realsense2_description/share/realsense2_description/meshes/plug_collision.stl
[2.108s] -- Installing: /home/matteo/ros2_ws_git/src/install/realsense2_description/share/realsense2_description/rviz
[2.108s] -- Installing: /home/matteo/ros2_ws_git/src/install/realsense2_description/share/realsense2_description/rviz/urdf.rviz
[2.109s] -- Installing: /home/matteo/ros2_ws_git/src/install/realsense2_description/share/realsense2_description/urdf
[2.109s] -- Installing: /home/matteo/ros2_ws_git/src/install/realsense2_description/share/realsense2_description/urdf/_materials.urdf.xacro
[2.110s] -- Installing: /home/matteo/ros2_ws_git/src/install/realsense2_description/share/realsense2_description/urdf/_d435i_imu_modules.urdf.xacro
[2.110s] -- Installing: /home/matteo/ros2_ws_git/src/install/realsense2_description/share/realsense2_description/urdf/test_d435i_camera.urdf.xacro
[2.111s] -- Installing: /home/matteo/ros2_ws_git/src/install/realsense2_description/share/realsense2_description/urdf/test_d415_camera.urdf.xacro
[2.112s] -- Installing: /home/matteo/ros2_ws_git/src/install/realsense2_description/share/realsense2_description/urdf/_d415.urdf.xacro
[2.113s] -- Installing: /home/matteo/ros2_ws_git/src/install/realsense2_description/share/realsense2_description/urdf/_usb_plug.urdf.xacro
[2.114s] -- Installing: /home/matteo/ros2_ws_git/src/install/realsense2_description/share/realsense2_description/urdf/test_r430_camera.urdf.xacro
[2.115s] -- Installing: /home/matteo/ros2_ws_git/src/install/realsense2_description/share/realsense2_description/urdf/test_d435_multiple_cameras.urdf.xacro
[2.115s] -- Installing: /home/matteo/ros2_ws_git/src/install/realsense2_description/share/realsense2_description/urdf/_d455.urdf.xacro
[2.115s] -- Installing: /home/matteo/ros2_ws_git/src/install/realsense2_description/share/realsense2_description/urdf/_r410.urdf.xacro
[2.116s] -- Installing: /home/matteo/ros2_ws_git/src/install/realsense2_description/share/realsense2_description/urdf/test_d435_camera.urdf.xacro
[2.116s] -- Installing: /home/matteo/ros2_ws_git/src/install/realsense2_description/share/realsense2_description/urdf/_r430.urdf.xacro
[2.117s] -- Installing: /home/matteo/ros2_ws_git/src/install/realsense2_description/share/realsense2_description/urdf/test_d455_camera.urdf.xacro
[2.117s] -- Installing: /home/matteo/ros2_ws_git/src/install/realsense2_description/share/realsense2_description/urdf/_d435.urdf.xacro
[2.118s] -- Installing: /home/matteo/ros2_ws_git/src/install/realsense2_description/share/realsense2_description/urdf/test_r410_camera.urdf.xacro
[2.118s] -- Installing: /home/matteo/ros2_ws_git/src/install/realsense2_description/share/realsense2_description/urdf/_d435i.urdf.xacro
[2.119s] -- Installing: /home/matteo/ros2_ws_git/src/install/realsense2_description/share/ament_index/resource_index/package_run_dependencies/realsense2_description
[2.120s] -- Installing: /home/matteo/ros2_ws_git/src/install/realsense2_description/share/ament_index/resource_index/parent_prefix_path/realsense2_description
[2.121s] -- Installing: /home/matteo/ros2_ws_git/src/install/realsense2_description/share/realsense2_description/environment/ament_prefix_path.sh
[2.121s] -- Installing: /home/matteo/ros2_ws_git/src/install/realsense2_description/share/realsense2_description/environment/ament_prefix_path.dsv
[2.121s] -- Installing: /home/matteo/ros2_ws_git/src/install/realsense2_description/share/realsense2_description/environment/path.sh
[2.122s] -- Installing: /home/matteo/ros2_ws_git/src/install/realsense2_description/share/realsense2_description/environment/path.dsv
[2.122s] -- Installing: /home/matteo/ros2_ws_git/src/install/realsense2_description/share/realsense2_description/local_setup.bash
[2.122s] -- Installing: /home/matteo/ros2_ws_git/src/install/realsense2_description/share/realsense2_description/local_setup.sh
[2.122s] -- Installing: /home/matteo/ros2_ws_git/src/install/realsense2_description/share/realsense2_description/local_setup.zsh
[2.122s] -- Installing: /home/matteo/ros2_ws_git/src/install/realsense2_description/share/realsense2_description/local_setup.dsv
[2.123s] -- Installing: /home/matteo/ros2_ws_git/src/install/realsense2_description/share/realsense2_description/package.dsv
[2.124s] -- Installing: /home/matteo/ros2_ws_git/src/install/realsense2_description/share/ament_index/resource_index/packages/realsense2_description
[2.124s] -- Installing: /home/matteo/ros2_ws_git/src/install/realsense2_description/share/realsense2_description/cmake/realsense2_descriptionConfig.cmake
[2.124s] -- Installing: /home/matteo/ros2_ws_git/src/install/realsense2_description/share/realsense2_description/cmake/realsense2_descriptionConfig-version.cmake
[2.125s] -- Installing: /home/matteo/ros2_ws_git/src/install/realsense2_description/share/realsense2_description/package.xml
[2.133s] Invoked command in '/home/matteo/ros2_ws_git/src/build/realsense2_description' returned '0': AMENT_PREFIX_PATH=/home/matteo/ros2_ws_git/src/install/realsense2_camera_msgs:${AMENT_PREFIX_PATH} CMAKE_PREFIX_PATH=/home/matteo/ros2_ws_git/src/install/realsense2_camera_msgs:/home/matteo/ros2_ws_git/install/realsense2_description:/home/matteo/ros2_ws_git/install/realsense2_camera:/home/matteo/ros2_ws_git/install/realsense2_camera_msgs:/home/matteo/ros2_ws_git/install/optitrack2rviz:/home/matteo/ros2_ws_git/install/display_with_rviz2:/home/matteo/ros2_ws_git/install/computing_point_cloud:/home/matteo/ros2_ws_git/install/optitrack_interface:/opt/ros/humble LD_LIBRARY_PATH=/home/matteo/ros2_ws_git/src/install/realsense2_camera_msgs/lib:${LD_LIBRARY_PATH} PYTHONPATH=/home/matteo/ros2_ws_git/src/install/realsense2_camera_msgs/local/lib/python3.10/dist-packages:${PYTHONPATH} /usr/bin/cmake --install /home/matteo/ros2_ws_git/src/build/realsense2_description
