[0.333s] Invoking command in '/home/matteo/ros2_ws_git/src/build/realsense2_camera': AMENT_PREFIX_PATH=/home/matteo/ros2_ws_git/src/install/realsense2_camera_msgs:${AMENT_PREFIX_PATH} CMAKE_PREFIX_PATH=/home/matteo/ros2_ws_git/src/install/realsense2_camera_msgs:/home/matteo/ros2_ws_git/install/realsense2_description:/home/matteo/ros2_ws_git/install/realsense2_camera:/home/matteo/ros2_ws_git/install/realsense2_camera_msgs:/home/matteo/ros2_ws_git/install/optitrack2rviz:/home/matteo/ros2_ws_git/install/display_with_rviz2:/home/matteo/ros2_ws_git/install/computing_point_cloud:/home/matteo/ros2_ws_git/install/optitrack_interface:/opt/ros/humble LD_LIBRARY_PATH=/home/matteo/ros2_ws_git/src/install/realsense2_camera_msgs/lib:${LD_LIBRARY_PATH} PYTHONPATH=/home/matteo/ros2_ws_git/src/install/realsense2_camera_msgs/local/lib/python3.10/dist-packages:${PYTHONPATH} /usr/bin/cmake /home/matteo/ros2_ws_git/src/realsense-ros/realsense2_camera -DCMAKE_INSTALL_PREFIX=/home/matteo/ros2_ws_git/src/install/realsense2_camera
[0.459s] -- The C compiler identification is GNU 11.4.0
[0.613s] -- The CXX compiler identification is GNU 11.4.0
[0.625s] -- Detecting C compiler ABI info
[0.824s] -- Detecting C compiler ABI info - done
[0.847s] -- Check for working C compiler: /usr/bin/cc - skipped
[0.849s] -- Detecting C compile features
[0.850s] -- Detecting C compile features - done
[0.862s] -- Detecting CXX compiler ABI info
[1.022s] -- Detecting CXX compiler ABI info - done
[1.042s] -- Check for working CXX compiler: /usr/bin/c++ - skipped
[1.042s] -- Detecting CXX compile features
[1.044s] -- Detecting CXX compile features - done
[1.046s] -- Create Release Build.
[1.049s] -- Found ament_cmake: 1.3.6 (/opt/ros/humble/share/ament_cmake/cmake)
[1.497s] -- Found Python3: /usr/bin/python3.10 (found version "3.10.12") found components: Interpreter 
[1.701s] -- Found builtin_interfaces: 1.2.1 (/opt/ros/humble/share/builtin_interfaces/cmake)
[1.790s] -- Found rosidl_generator_c: 3.1.5 (/opt/ros/humble/share/rosidl_generator_c/cmake)
[1.802s] -- Found rosidl_adapter: 3.1.5 (/opt/ros/humble/share/rosidl_adapter/cmake)
[1.822s] -- Found rosidl_generator_cpp: 3.1.5 (/opt/ros/humble/share/rosidl_generator_cpp/cmake)
[1.857s] -- Using all available rosidl_typesupport_c: rosidl_typesupport_fastrtps_c;rosidl_typesupport_introspection_c
[1.905s] -- Using all available rosidl_typesupport_cpp: rosidl_typesupport_fastrtps_cpp;rosidl_typesupport_introspection_cpp
[1.950s] -- Found cv_bridge: 3.2.1 (/opt/ros/humble/share/cv_bridge/cmake)
[2.387s] -- Found image_transport: 3.1.7 (/opt/ros/humble/share/image_transport/cmake)
[2.557s] -- Found rmw_implementation_cmake: 6.1.1 (/opt/ros/humble/share/rmw_implementation_cmake/cmake)
[2.564s] -- Found rmw_fastrtps_cpp: 6.2.5 (/opt/ros/humble/share/rmw_fastrtps_cpp/cmake)
[2.801s] -- Found OpenSSL: /usr/lib/x86_64-linux-gnu/libcrypto.so (found version "3.0.2")  
[2.860s] -- Found FastRTPS: /opt/ros/humble/include  
[2.953s] -- Using RMW implementation 'rmw_fastrtps_cpp' as default
[2.983s] -- Looking for pthread.h
[3.133s] -- Looking for pthread.h - found
[3.134s] -- Performing Test CMAKE_HAVE_LIBC_PTHREAD
[3.293s] -- Performing Test CMAKE_HAVE_LIBC_PTHREAD - Success
[3.295s] -- Found Threads: TRUE  
[3.766s] -- Found rclcpp_components: 16.0.7 (/opt/ros/humble/share/rclcpp_components/cmake)
[3.908s] -- Found realsense2_camera_msgs: 4.54.1 (/home/matteo/ros2_ws_git/src/install/realsense2_camera_msgs/share/realsense2_camera_msgs/cmake)
[4.155s] -- Found nav_msgs: 4.2.3 (/opt/ros/humble/share/nav_msgs/cmake)
[4.372s] -- Found tf2_ros: 0.25.5 (/opt/ros/humble/share/tf2_ros/cmake)
[5.087s] -- Found diagnostic_updater: 3.1.2 (/opt/ros/humble/share/diagnostic_updater/cmake)
[5.274s] -- Build for ROS2 Humble
[5.330s] -- Found ament_cmake_gtest: 1.3.6 (/opt/ros/humble/share/ament_cmake_gtest/cmake)
[5.341s] -- Found gtest sources under '/opt/ros/humble/src/gtest_vendor': C++ tests using 'Google Test' will be built
[5.371s] -- Found ament_cmake_pytest: 1.3.6 (/opt/ros/humble/share/ament_cmake_pytest/cmake)
[11.066s] -- rs_device_info:
[11.066s] -- No device detected. Is it plugged in?
[11.066s] 
[11.229s] -- Configuring done
[11.282s] -- Generating done
[11.286s] -- Build files have been written to: /home/matteo/ros2_ws_git/src/build/realsense2_camera
[11.308s] Invoked command in '/home/matteo/ros2_ws_git/src/build/realsense2_camera' returned '0': AMENT_PREFIX_PATH=/home/matteo/ros2_ws_git/src/install/realsense2_camera_msgs:${AMENT_PREFIX_PATH} CMAKE_PREFIX_PATH=/home/matteo/ros2_ws_git/src/install/realsense2_camera_msgs:/home/matteo/ros2_ws_git/install/realsense2_description:/home/matteo/ros2_ws_git/install/realsense2_camera:/home/matteo/ros2_ws_git/install/realsense2_camera_msgs:/home/matteo/ros2_ws_git/install/optitrack2rviz:/home/matteo/ros2_ws_git/install/display_with_rviz2:/home/matteo/ros2_ws_git/install/computing_point_cloud:/home/matteo/ros2_ws_git/install/optitrack_interface:/opt/ros/humble LD_LIBRARY_PATH=/home/matteo/ros2_ws_git/src/install/realsense2_camera_msgs/lib:${LD_LIBRARY_PATH} PYTHONPATH=/home/matteo/ros2_ws_git/src/install/realsense2_camera_msgs/local/lib/python3.10/dist-packages:${PYTHONPATH} /usr/bin/cmake /home/matteo/ros2_ws_git/src/realsense-ros/realsense2_camera -DCMAKE_INSTALL_PREFIX=/home/matteo/ros2_ws_git/src/install/realsense2_camera
[11.312s] Invoking command in '/home/matteo/ros2_ws_git/src/build/realsense2_camera': AMENT_PREFIX_PATH=/home/matteo/ros2_ws_git/src/install/realsense2_camera_msgs:${AMENT_PREFIX_PATH} CMAKE_PREFIX_PATH=/home/matteo/ros2_ws_git/src/install/realsense2_camera_msgs:/home/matteo/ros2_ws_git/install/realsense2_description:/home/matteo/ros2_ws_git/install/realsense2_camera:/home/matteo/ros2_ws_git/install/realsense2_camera_msgs:/home/matteo/ros2_ws_git/install/optitrack2rviz:/home/matteo/ros2_ws_git/install/display_with_rviz2:/home/matteo/ros2_ws_git/install/computing_point_cloud:/home/matteo/ros2_ws_git/install/optitrack_interface:/opt/ros/humble LD_LIBRARY_PATH=/home/matteo/ros2_ws_git/src/install/realsense2_camera_msgs/lib:${LD_LIBRARY_PATH} PYTHONPATH=/home/matteo/ros2_ws_git/src/install/realsense2_camera_msgs/local/lib/python3.10/dist-packages:${PYTHONPATH} /usr/bin/cmake --build /home/matteo/ros2_ws_git/src/build/realsense2_camera -- -j12 -l12
[11.410s] [  9%] [32mBuilding CXX object gtest/CMakeFiles/gtest.dir/src/gtest-all.cc.o[0m
[11.411s] [ 13%] [32mBuilding CXX object CMakeFiles/realsense2_camera.dir/src/realsense_node_factory.cpp.o[0m
[11.411s] [ 13%] [32mBuilding CXX object gtest/CMakeFiles/gtest_main.dir/src/gtest_main.cc.o[0m
[11.411s] [ 18%] [32mBuilding CXX object CMakeFiles/realsense2_camera_node.dir/rclcpp_components/node_main_realsense2_camera_node.cpp.o[0m
[11.422s] [ 22%] [32mBuilding CXX object CMakeFiles/realsense2_camera.dir/src/parameters.cpp.o[0m
[11.424s] [ 27%] [32mBuilding CXX object CMakeFiles/realsense2_camera.dir/src/rs_node_setup.cpp.o[0m
[11.429s] [ 31%] [32mBuilding CXX object CMakeFiles/realsense2_camera.dir/src/base_realsense_node.cpp.o[0m
[11.453s] [ 40%] [32mBuilding CXX object CMakeFiles/realsense2_camera.dir/src/ros_utils.cpp.o[0m
[11.455s] [ 40%] [32mBuilding CXX object CMakeFiles/realsense2_camera.dir/src/ros_sensor.cpp.o[0m
[11.463s] [ 45%] [32mBuilding CXX object CMakeFiles/realsense2_camera.dir/src/dynamic_params.cpp.o[0m
[11.480s] [ 50%] [32mBuilding CXX object CMakeFiles/realsense2_camera.dir/src/named_filter.cpp.o[0m
[11.490s] [ 54%] [32mBuilding CXX object CMakeFiles/realsense2_camera.dir/src/sensor_params.cpp.o[0m
[14.426s] [ 59%] [32m[1mLinking CXX static library libgtest_main.a[0m
[14.623s] [ 59%] Built target gtest_main
[14.688s] [ 63%] [32mBuilding CXX object CMakeFiles/realsense2_camera.dir/src/profile_manager.cpp.o[0m
[19.999s] [ 68%] [32mBuilding CXX object CMakeFiles/realsense2_camera.dir/src/image_publisher.cpp.o[0m
[23.137s] [ 72%] [32m[1mLinking CXX executable realsense2_camera_node[0m
[23.810s] [ 72%] Built target realsense2_camera_node
[23.870s] [ 77%] [32mBuilding CXX object CMakeFiles/realsense2_camera.dir/src/tfs.cpp.o[0m
[27.175s] [ 81%] [32mBuilding CXX object CMakeFiles/realsense2_camera.dir/src/ros_param_backend.cpp.o[0m
[34.563s] [ 86%] [32m[1mLinking CXX static library libgtest.a[0m
[34.675s] [ 86%] Built target gtest
[34.722s] [ 90%] [32mBuilding CXX object CMakeFiles/gtest_template.dir/test/gtest_template.cpp.o[0m
[36.468s] [ 95%] [32m[1mLinking CXX executable gtest_template[0m
[36.700s] [ 95%] Built target gtest_template
[42.139s] [100%] [32m[1mLinking CXX shared library librealsense2_camera.so[0m
[42.604s] [100%] Built target realsense2_camera
