[35m[1mConsolidate compiler generated dependencies of target kalman_filter[0m
[35m[1mConsolidate compiler generated dependencies of target pose_to_tf_STL[0m
[35m[1mConsolidate compiler generated dependencies of target average_quaternions[0m
[35m[1mConsolidate compiler generated dependencies of target pose_to_tf_camera[0m
[ 25%] Built target pose_to_tf_STL
[ 50%] Built target kalman_filter
[ 75%] Built target average_quaternions
[100%] Built target pose_to_tf_camera
-- Install configuration: ""
-- Up-to-date: /home/matteo/ros2_ws_git/src/install/optitrack2rviz/lib/optitrack2rviz/pose_to_tf_STL
-- Up-to-date: /home/matteo/ros2_ws_git/src/install/optitrack2rviz/lib/optitrack2rviz/pose_to_tf_camera
-- Up-to-date: /home/matteo/ros2_ws_git/src/install/optitrack2rviz/lib/optitrack2rviz/kalman_filter
-- Up-to-date: /home/matteo/ros2_ws_git/src/install/optitrack2rviz/lib/optitrack2rviz/average_quaternions
-- Up-to-date: /home/matteo/ros2_ws_git/src/install/optitrack2rviz/share/ament_index/resource_index/package_run_dependencies/optitrack2rviz
-- Up-to-date: /home/matteo/ros2_ws_git/src/install/optitrack2rviz/share/ament_index/resource_index/parent_prefix_path/optitrack2rviz
-- Up-to-date: /home/matteo/ros2_ws_git/src/install/optitrack2rviz/share/optitrack2rviz/environment/ament_prefix_path.sh
-- Up-to-date: /home/matteo/ros2_ws_git/src/install/optitrack2rviz/share/optitrack2rviz/environment/ament_prefix_path.dsv
-- Up-to-date: /home/matteo/ros2_ws_git/src/install/optitrack2rviz/share/optitrack2rviz/environment/path.sh
-- Up-to-date: /home/matteo/ros2_ws_git/src/install/optitrack2rviz/share/optitrack2rviz/environment/path.dsv
-- Up-to-date: /home/matteo/ros2_ws_git/src/install/optitrack2rviz/share/optitrack2rviz/local_setup.bash
-- Up-to-date: /home/matteo/ros2_ws_git/src/install/optitrack2rviz/share/optitrack2rviz/local_setup.sh
-- Up-to-date: /home/matteo/ros2_ws_git/src/install/optitrack2rviz/share/optitrack2rviz/local_setup.zsh
-- Up-to-date: /home/matteo/ros2_ws_git/src/install/optitrack2rviz/share/optitrack2rviz/local_setup.dsv
-- Installing: /home/matteo/ros2_ws_git/src/install/optitrack2rviz/share/optitrack2rviz/package.dsv
-- Up-to-date: /home/matteo/ros2_ws_git/src/install/optitrack2rviz/share/ament_index/resource_index/packages/optitrack2rviz
-- Up-to-date: /home/matteo/ros2_ws_git/src/install/optitrack2rviz/share/optitrack2rviz/cmake/optitrack2rvizConfig.cmake
-- Up-to-date: /home/matteo/ros2_ws_git/src/install/optitrack2rviz/share/optitrack2rviz/cmake/optitrack2rvizConfig-version.cmake
-- Up-to-date: /home/matteo/ros2_ws_git/src/install/optitrack2rviz/share/optitrack2rviz/package.xml
