-- The C compiler identification is GNU 11.4.0
-- The CXX compiler identification is GNU 11.4.0
-- Detecting C compiler ABI info
-- Detecting C compiler ABI info - done
-- Check for working C compiler: /usr/bin/cc - skipped
-- Detecting C compile features
-- Detecting C compile features - done
-- Detecting CXX compiler ABI info
-- Detecting CXX compiler ABI info - done
-- Check for working CXX compiler: /usr/bin/c++ - skipped
-- Detecting CXX compile features
-- Detecting CXX compile features - done
-- Found ament_cmake: 1.3.6 (/opt/ros/humble/share/ament_cmake/cmake)
-- Found Python3: /usr/bin/python3.10 (found version "3.10.12") found components: Interpreter 
-- Found rclcpp: 16.0.7 (/opt/ros/humble/share/rclcpp/cmake)
-- Found rosidl_generator_c: 3.1.5 (/opt/ros/humble/share/rosidl_generator_c/cmake)
-- Found rosidl_adapter: 3.1.5 (/opt/ros/humble/share/rosidl_adapter/cmake)
-- Found rosidl_generator_cpp: 3.1.5 (/opt/ros/humble/share/rosidl_generator_cpp/cmake)
-- Using all available rosidl_typesupport_c: rosidl_typesupport_fastrtps_c;rosidl_typesupport_introspection_c
-- Using all available rosidl_typesupport_cpp: rosidl_typesupport_fastrtps_cpp;rosidl_typesupport_introspection_cpp
-- Found rmw_implementation_cmake: 6.1.1 (/opt/ros/humble/share/rmw_implementation_cmake/cmake)
-- Found rmw_fastrtps_cpp: 6.2.5 (/opt/ros/humble/share/rmw_fastrtps_cpp/cmake)
-- Found OpenSSL: /usr/lib/x86_64-linux-gnu/libcrypto.so (found version "3.0.2")  
-- Found FastRTPS: /opt/ros/humble/include  
-- Using RMW implementation 'rmw_fastrtps_cpp' as default
-- Looking for pthread.h
-- Looking for pthread.h - found
-- Performing Test CMAKE_HAVE_LIBC_PTHREAD
-- Performing Test CMAKE_HAVE_LIBC_PTHREAD - Success
-- Found Threads: TRUE  
-- Found geometry_msgs: 4.2.3 (/opt/ros/humble/share/geometry_msgs/cmake)
-- Found tf2_ros: 0.25.5 (/opt/ros/humble/share/tf2_ros/cmake)
-- Found ament_lint_auto: 0.12.9 (/opt/ros/humble/share/ament_lint_auto/cmake)
-- Added test 'cppcheck' to perform static code analysis on C / C++ code
-- Configured cppcheck include dirs: 
-- Configured cppcheck exclude dirs and/or files: 
-- Added test 'lint_cmake' to check CMake code style
-- Added test 'uncrustify' to check C / C++ code style
-- Configured uncrustify additional arguments: 
-- Added test 'xmllint' to check XML markup files
-- Configuring done
-- Generating done
-- Build files have been written to: /home/matteo/ros2_ws_git/src/build/optitrack2rviz
[ 12%] [32mBuilding CXX object CMakeFiles/pose_to_tf_STL.dir/src/pose_to_tf_STL.cpp.o[0m
[ 37%] [32mBuilding CXX object CMakeFiles/pose_to_tf_camera.dir/src/pose_to_tf_camera.cpp.o[0m
[ 37%] [32mBuilding CXX object CMakeFiles/kalman_filter.dir/src/kalman_filter.cpp.o[0m
[ 50%] [32mBuilding CXX object CMakeFiles/average_quaternions.dir/src/average_quaternions.cpp.o[0m
[01m[K/home/matteo/ros2_ws_git/src/optitrack2rviz/src/average_quaternions.cpp:[m[K In member function ‘[01m[Kvoid Average_quaternions::poseCallback(geometry_msgs::msg::PoseStamped_<std::allocator<void> >::SharedPtr)[m[K’:
[01m[K/home/matteo/ros2_ws_git/src/optitrack2rviz/src/average_quaternions.cpp:49:12:[m[K [01;35m[Kwarning: [m[Kunused variable ‘[01m[KmaxValue[m[K’ [[01;35m[K]8;;https://gcc.gnu.org/onlinedocs/gcc/Warning-Options.html#index-Wunused-variable-Wunused-variable]8;;[m[K]
   49 |     double [01;35m[KmaxValue[m[K = eigenvalues.maxCoeff(&maxIndex);
      |            [01;35m[K^~~~~~~~[m[K
[ 62%] [32m[1mLinking CXX executable pose_to_tf_STL[0m
[ 75%] [32m[1mLinking CXX executable pose_to_tf_camera[0m
[ 75%] Built target pose_to_tf_STL
[ 75%] Built target pose_to_tf_camera
[ 87%] [32m[1mLinking CXX executable kalman_filter[0m
[ 87%] Built target kalman_filter
[100%] [32m[1mLinking CXX executable average_quaternions[0m
[100%] Built target average_quaternions
-- Install configuration: ""
-- Installing: /home/matteo/ros2_ws_git/src/install/optitrack2rviz/lib/optitrack2rviz/pose_to_tf_STL
-- Set runtime path of "/home/matteo/ros2_ws_git/src/install/optitrack2rviz/lib/optitrack2rviz/pose_to_tf_STL" to ""
-- Installing: /home/matteo/ros2_ws_git/src/install/optitrack2rviz/lib/optitrack2rviz/pose_to_tf_camera
-- Set runtime path of "/home/matteo/ros2_ws_git/src/install/optitrack2rviz/lib/optitrack2rviz/pose_to_tf_camera" to ""
-- Installing: /home/matteo/ros2_ws_git/src/install/optitrack2rviz/lib/optitrack2rviz/kalman_filter
-- Set runtime path of "/home/matteo/ros2_ws_git/src/install/optitrack2rviz/lib/optitrack2rviz/kalman_filter" to ""
-- Installing: /home/matteo/ros2_ws_git/src/install/optitrack2rviz/lib/optitrack2rviz/average_quaternions
-- Set runtime path of "/home/matteo/ros2_ws_git/src/install/optitrack2rviz/lib/optitrack2rviz/average_quaternions" to ""
-- Installing: /home/matteo/ros2_ws_git/src/install/optitrack2rviz/share/ament_index/resource_index/package_run_dependencies/optitrack2rviz
-- Installing: /home/matteo/ros2_ws_git/src/install/optitrack2rviz/share/ament_index/resource_index/parent_prefix_path/optitrack2rviz
-- Installing: /home/matteo/ros2_ws_git/src/install/optitrack2rviz/share/optitrack2rviz/environment/ament_prefix_path.sh
-- Installing: /home/matteo/ros2_ws_git/src/install/optitrack2rviz/share/optitrack2rviz/environment/ament_prefix_path.dsv
-- Installing: /home/matteo/ros2_ws_git/src/install/optitrack2rviz/share/optitrack2rviz/environment/path.sh
-- Installing: /home/matteo/ros2_ws_git/src/install/optitrack2rviz/share/optitrack2rviz/environment/path.dsv
-- Installing: /home/matteo/ros2_ws_git/src/install/optitrack2rviz/share/optitrack2rviz/local_setup.bash
-- Installing: /home/matteo/ros2_ws_git/src/install/optitrack2rviz/share/optitrack2rviz/local_setup.sh
-- Installing: /home/matteo/ros2_ws_git/src/install/optitrack2rviz/share/optitrack2rviz/local_setup.zsh
-- Installing: /home/matteo/ros2_ws_git/src/install/optitrack2rviz/share/optitrack2rviz/local_setup.dsv
-- Installing: /home/matteo/ros2_ws_git/src/install/optitrack2rviz/share/optitrack2rviz/package.dsv
-- Installing: /home/matteo/ros2_ws_git/src/install/optitrack2rviz/share/ament_index/resource_index/packages/optitrack2rviz
-- Installing: /home/matteo/ros2_ws_git/src/install/optitrack2rviz/share/optitrack2rviz/cmake/optitrack2rvizConfig.cmake
-- Installing: /home/matteo/ros2_ws_git/src/install/optitrack2rviz/share/optitrack2rviz/cmake/optitrack2rvizConfig-version.cmake
-- Installing: /home/matteo/ros2_ws_git/src/install/optitrack2rviz/share/optitrack2rviz/package.xml
