[0.097s] Invoking command in '/home/matteo/ros2_ws_git/src/build/optitrack2rviz': CMAKE_PREFIX_PATH=${CMAKE_PREFIX_PATH}:/home/matteo/ros2_ws_git/install/optitrack_interface:/opt/ros/humble /usr/bin/cmake /home/matteo/ros2_ws_git/src/optitrack2rviz -DCMAKE_INSTALL_PREFIX=/home/matteo/ros2_ws_git/src/install/optitrack2rviz
[0.273s] -- The C compiler identification is GNU 11.4.0
[0.392s] -- The CXX compiler identification is GNU 11.4.0
[0.411s] -- Detecting C compiler ABI info
[0.511s] -- Detecting C compiler ABI info - done
[0.520s] -- Check for working C compiler: /usr/bin/cc - skipped
[0.520s] -- Detecting C compile features
[0.520s] -- Detecting C compile features - done
[0.524s] -- Detecting CXX compiler ABI info
[0.605s] -- Detecting CXX compiler ABI info - done
[0.621s] -- Check for working CXX compiler: /usr/bin/c++ - skipped
[0.621s] -- Detecting CXX compile features
[0.622s] -- Detecting CXX compile features - done
[0.646s] -- Found ament_cmake: 1.3.6 (/opt/ros/humble/share/ament_cmake/cmake)
[0.933s] -- Found Python3: /usr/bin/python3.10 (found version "3.10.12") found components: Interpreter 
[1.086s] -- Found rclcpp: 16.0.7 (/opt/ros/humble/share/rclcpp/cmake)
[1.169s] -- Found rosidl_generator_c: 3.1.5 (/opt/ros/humble/share/rosidl_generator_c/cmake)
[1.180s] -- Found rosidl_adapter: 3.1.5 (/opt/ros/humble/share/rosidl_adapter/cmake)
[1.195s] -- Found rosidl_generator_cpp: 3.1.5 (/opt/ros/humble/share/rosidl_generator_cpp/cmake)
[1.224s] -- Using all available rosidl_typesupport_c: rosidl_typesupport_fastrtps_c;rosidl_typesupport_introspection_c
[1.264s] -- Using all available rosidl_typesupport_cpp: rosidl_typesupport_fastrtps_cpp;rosidl_typesupport_introspection_cpp
[1.386s] -- Found rmw_implementation_cmake: 6.1.1 (/opt/ros/humble/share/rmw_implementation_cmake/cmake)
[1.395s] -- Found rmw_fastrtps_cpp: 6.2.5 (/opt/ros/humble/share/rmw_fastrtps_cpp/cmake)
[1.585s] -- Found OpenSSL: /usr/lib/x86_64-linux-gnu/libcrypto.so (found version "3.0.2")  
[1.630s] -- Found FastRTPS: /opt/ros/humble/include  
[1.698s] -- Using RMW implementation 'rmw_fastrtps_cpp' as default
[1.709s] -- Looking for pthread.h
[1.783s] -- Looking for pthread.h - found
[1.783s] -- Performing Test CMAKE_HAVE_LIBC_PTHREAD
[1.879s] -- Performing Test CMAKE_HAVE_LIBC_PTHREAD - Success
[1.881s] -- Found Threads: TRUE  
[2.093s] -- Found geometry_msgs: 4.2.3 (/opt/ros/humble/share/geometry_msgs/cmake)
[2.175s] -- Found tf2_ros: 0.25.5 (/opt/ros/humble/share/tf2_ros/cmake)
[2.771s] -- Found ament_lint_auto: 0.12.9 (/opt/ros/humble/share/ament_lint_auto/cmake)
[2.846s] -- Added test 'cppcheck' to perform static code analysis on C / C++ code
[2.846s] -- Configured cppcheck include dirs: 
[2.846s] -- Configured cppcheck exclude dirs and/or files: 
[2.846s] -- Added test 'lint_cmake' to check CMake code style
[2.847s] -- Added test 'uncrustify' to check C / C++ code style
[2.847s] -- Configured uncrustify additional arguments: 
[2.848s] -- Added test 'xmllint' to check XML markup files
[2.849s] -- Configuring done
[2.868s] -- Generating done
[2.871s] -- Build files have been written to: /home/matteo/ros2_ws_git/src/build/optitrack2rviz
[2.882s] Invoked command in '/home/matteo/ros2_ws_git/src/build/optitrack2rviz' returned '0': CMAKE_PREFIX_PATH=${CMAKE_PREFIX_PATH}:/home/matteo/ros2_ws_git/install/optitrack_interface:/opt/ros/humble /usr/bin/cmake /home/matteo/ros2_ws_git/src/optitrack2rviz -DCMAKE_INSTALL_PREFIX=/home/matteo/ros2_ws_git/src/install/optitrack2rviz
[2.883s] Invoking command in '/home/matteo/ros2_ws_git/src/build/optitrack2rviz': CMAKE_PREFIX_PATH=${CMAKE_PREFIX_PATH}:/home/matteo/ros2_ws_git/install/optitrack_interface:/opt/ros/humble /usr/bin/cmake --build /home/matteo/ros2_ws_git/src/build/optitrack2rviz -- -j12 -l12
[2.940s] [ 12%] [32mBuilding CXX object CMakeFiles/pose_to_tf_STL.dir/src/pose_to_tf_STL.cpp.o[0m
[2.948s] [ 37%] [32mBuilding CXX object CMakeFiles/pose_to_tf_camera.dir/src/pose_to_tf_camera.cpp.o[0m
[2.948s] [ 37%] [32mBuilding CXX object CMakeFiles/kalman_filter.dir/src/kalman_filter.cpp.o[0m
[2.948s] [ 50%] [32mBuilding CXX object CMakeFiles/average_quaternions.dir/src/average_quaternions.cpp.o[0m
[9.705s] [01m[K/home/matteo/ros2_ws_git/src/optitrack2rviz/src/average_quaternions.cpp:[m[K In member function ‘[01m[Kvoid Average_quaternions::poseCallback(geometry_msgs::msg::PoseStamped_<std::allocator<void> >::SharedPtr)[m[K’:
[9.705s] [01m[K/home/matteo/ros2_ws_git/src/optitrack2rviz/src/average_quaternions.cpp:49:12:[m[K [01;35m[Kwarning: [m[Kunused variable ‘[01m[KmaxValue[m[K’ [[01;35m[K]8;;https://gcc.gnu.org/onlinedocs/gcc/Warning-Options.html#index-Wunused-variable-Wunused-variable]8;;[m[K]
[9.705s]    49 |     double [01;35m[KmaxValue[m[K = eigenvalues.maxCoeff(&maxIndex);
[9.705s]       |            [01;35m[K^~~~~~~~[m[K
[24.733s] [ 62%] [32m[1mLinking CXX executable pose_to_tf_STL[0m
[26.161s] [ 75%] [32m[1mLinking CXX executable pose_to_tf_camera[0m
[26.606s] [ 75%] Built target pose_to_tf_STL
[29.011s] [ 75%] Built target pose_to_tf_camera
[33.155s] [ 87%] [32m[1mLinking CXX executable kalman_filter[0m
[35.844s] [ 87%] Built target kalman_filter
[39.058s] [100%] [32m[1mLinking CXX executable average_quaternions[0m
[41.159s] [100%] Built target average_quaternions
[41.291s] Invoked command in '/home/matteo/ros2_ws_git/src/build/optitrack2rviz' returned '0': CMAKE_PREFIX_PATH=${CMAKE_PREFIX_PATH}:/home/matteo/ros2_ws_git/install/optitrack_interface:/opt/ros/humble /usr/bin/cmake --build /home/matteo/ros2_ws_git/src/build/optitrack2rviz -- -j12 -l12
[41.740s] Invoking command in '/home/matteo/ros2_ws_git/src/build/optitrack2rviz': CMAKE_PREFIX_PATH=${CMAKE_PREFIX_PATH}:/home/matteo/ros2_ws_git/install/optitrack_interface:/opt/ros/humble /usr/bin/cmake --install /home/matteo/ros2_ws_git/src/build/optitrack2rviz
[41.757s] -- Install configuration: ""
[41.757s] -- Installing: /home/matteo/ros2_ws_git/src/install/optitrack2rviz/lib/optitrack2rviz/pose_to_tf_STL
[41.781s] -- Set runtime path of "/home/matteo/ros2_ws_git/src/install/optitrack2rviz/lib/optitrack2rviz/pose_to_tf_STL" to ""
[41.781s] -- Installing: /home/matteo/ros2_ws_git/src/install/optitrack2rviz/lib/optitrack2rviz/pose_to_tf_camera
[41.793s] -- Set runtime path of "/home/matteo/ros2_ws_git/src/install/optitrack2rviz/lib/optitrack2rviz/pose_to_tf_camera" to ""
[41.793s] -- Installing: /home/matteo/ros2_ws_git/src/install/optitrack2rviz/lib/optitrack2rviz/kalman_filter
[41.816s] -- Set runtime path of "/home/matteo/ros2_ws_git/src/install/optitrack2rviz/lib/optitrack2rviz/kalman_filter" to ""
[41.817s] -- Installing: /home/matteo/ros2_ws_git/src/install/optitrack2rviz/lib/optitrack2rviz/average_quaternions
[41.826s] -- Set runtime path of "/home/matteo/ros2_ws_git/src/install/optitrack2rviz/lib/optitrack2rviz/average_quaternions" to ""
[41.827s] -- Installing: /home/matteo/ros2_ws_git/src/install/optitrack2rviz/share/ament_index/resource_index/package_run_dependencies/optitrack2rviz
[41.828s] -- Installing: /home/matteo/ros2_ws_git/src/install/optitrack2rviz/share/ament_index/resource_index/parent_prefix_path/optitrack2rviz
[41.847s] -- Installing: /home/matteo/ros2_ws_git/src/install/optitrack2rviz/share/optitrack2rviz/environment/ament_prefix_path.sh
[41.851s] -- Installing: /home/matteo/ros2_ws_git/src/install/optitrack2rviz/share/optitrack2rviz/environment/ament_prefix_path.dsv
[41.853s] -- Installing: /home/matteo/ros2_ws_git/src/install/optitrack2rviz/share/optitrack2rviz/environment/path.sh
[41.855s] -- Installing: /home/matteo/ros2_ws_git/src/install/optitrack2rviz/share/optitrack2rviz/environment/path.dsv
[41.858s] -- Installing: /home/matteo/ros2_ws_git/src/install/optitrack2rviz/share/optitrack2rviz/local_setup.bash
[41.860s] -- Installing: /home/matteo/ros2_ws_git/src/install/optitrack2rviz/share/optitrack2rviz/local_setup.sh
[41.862s] -- Installing: /home/matteo/ros2_ws_git/src/install/optitrack2rviz/share/optitrack2rviz/local_setup.zsh
[41.865s] -- Installing: /home/matteo/ros2_ws_git/src/install/optitrack2rviz/share/optitrack2rviz/local_setup.dsv
[41.868s] -- Installing: /home/matteo/ros2_ws_git/src/install/optitrack2rviz/share/optitrack2rviz/package.dsv
[41.868s] -- Installing: /home/matteo/ros2_ws_git/src/install/optitrack2rviz/share/ament_index/resource_index/packages/optitrack2rviz
[41.868s] -- Installing: /home/matteo/ros2_ws_git/src/install/optitrack2rviz/share/optitrack2rviz/cmake/optitrack2rvizConfig.cmake
[41.870s] -- Installing: /home/matteo/ros2_ws_git/src/install/optitrack2rviz/share/optitrack2rviz/cmake/optitrack2rvizConfig-version.cmake
[41.882s] -- Installing: /home/matteo/ros2_ws_git/src/install/optitrack2rviz/share/optitrack2rviz/package.xml
[41.888s] Invoked command in '/home/matteo/ros2_ws_git/src/build/optitrack2rviz' returned '0': CMAKE_PREFIX_PATH=${CMAKE_PREFIX_PATH}:/home/matteo/ros2_ws_git/install/optitrack_interface:/opt/ros/humble /usr/bin/cmake --install /home/matteo/ros2_ws_git/src/build/optitrack2rviz
